[0.571s] DEBUG:colcon:Command line arguments: ['/usr/bin/colcon', 'build']
[0.571s] DEBUG:colcon:Parsed command line arguments: Namespace(log_base=None, log_level=None, verb_name='build', build_base='build', install_base='install', merge_install=False, symlink_install=False, test_result_base=None, continue_on_error=False, executor='parallel', parallel_workers=8, event_handlers=None, ignore_user_meta=False, metas=['./colcon.meta'], base_paths=['.'], packages_ignore=None, packages_ignore_regex=None, paths=None, packages_up_to=None, packages_up_to_regex=None, packages_above=None, packages_above_and_dependencies=None, packages_above_depth=None, packages_select_by_dep=None, packages_skip_by_dep=None, packages_skip_up_to=None, packages_select_build_failed=False, packages_skip_build_finished=False, packages_select_test_failures=False, packages_skip_test_passed=False, packages_select=None, packages_skip=None, packages_select_regex=None, packages_skip_regex=None, packages_start=None, packages_end=None, allow_overriding=[], cmake_args=None, cmake_target=None, cmake_target_skip_unavailable=False, cmake_clean_cache=False, cmake_clean_first=False, cmake_force_configure=False, ament_cmake_args=None, catkin_cmake_args=None, catkin_skip_building_tests=False, verb_parser=<colcon_defaults.argument_parser.defaults.DefaultArgumentsDecorator object at 0x7fc5e68596c0>, verb_extension=<colcon_core.verb.build.BuildVerb object at 0x7fc5e6b21390>, main=<bound method BuildVerb.main of <colcon_core.verb.build.BuildVerb object at 0x7fc5e6b21390>>)
[0.597s] Level 1:colcon.colcon_core.package_discovery:discover_packages(colcon_meta) check parameters
[0.597s] Level 1:colcon.colcon_core.package_discovery:discover_packages(recursive) check parameters
[0.597s] Level 1:colcon.colcon_core.package_discovery:discover_packages(ignore) check parameters
[0.597s] Level 1:colcon.colcon_core.package_discovery:discover_packages(path) check parameters
[0.597s] Level 1:colcon.colcon_core.package_discovery:discover_packages(colcon_meta) discover
[0.597s] Level 1:colcon.colcon_core.package_discovery:discover_packages(recursive) discover
[0.597s] INFO:colcon.colcon_core.package_discovery:Crawling recursively for packages in '/home/sambhav/ros2_ws'
[0.597s] Level 1:colcon.colcon_core.package_identification:_identify(.) by extensions ['ignore', 'ignore_ament_install']
[0.597s] Level 1:colcon.colcon_core.package_identification:_identify(.) by extension 'ignore'
[0.598s] Level 1:colcon.colcon_core.package_identification:_identify(.) by extension 'ignore_ament_install'
[0.598s] Level 1:colcon.colcon_core.package_identification:_identify(.) by extensions ['colcon_pkg']
[0.598s] Level 1:colcon.colcon_core.package_identification:_identify(.) by extension 'colcon_pkg'
[0.598s] Level 1:colcon.colcon_core.package_identification:_identify(.) by extensions ['colcon_meta']
[0.598s] Level 1:colcon.colcon_core.package_identification:_identify(.) by extension 'colcon_meta'
[0.598s] Level 1:colcon.colcon_core.package_identification:_identify(.) by extensions ['ros']
[0.598s] Level 1:colcon.colcon_core.package_identification:_identify(.) by extension 'ros'
[0.605s] Level 1:colcon.colcon_core.package_identification:_identify(.) by extensions ['cmake', 'python']
[0.605s] Level 1:colcon.colcon_core.package_identification:_identify(.) by extension 'cmake'
[0.605s] Level 1:colcon.colcon_core.package_identification:_identify(.) by extension 'python'
[0.605s] Level 1:colcon.colcon_core.package_identification:_identify(.) by extensions ['python_setup_py']
[0.605s] Level 1:colcon.colcon_core.package_identification:_identify(.) by extension 'python_setup_py'
[0.605s] Level 1:colcon.colcon_core.package_identification:_identify(build) by extensions ['ignore', 'ignore_ament_install']
[0.605s] Level 1:colcon.colcon_core.package_identification:_identify(build) by extension 'ignore'
[0.605s] Level 1:colcon.colcon_core.package_identification:_identify(build) ignored
[0.605s] Level 1:colcon.colcon_core.package_identification:_identify(install) by extensions ['ignore', 'ignore_ament_install']
[0.605s] Level 1:colcon.colcon_core.package_identification:_identify(install) by extension 'ignore'
[0.605s] Level 1:colcon.colcon_core.package_identification:_identify(install) ignored
[0.605s] Level 1:colcon.colcon_core.package_identification:_identify(log) by extensions ['ignore', 'ignore_ament_install']
[0.605s] Level 1:colcon.colcon_core.package_identification:_identify(log) by extension 'ignore'
[0.605s] Level 1:colcon.colcon_core.package_identification:_identify(log) ignored
[0.605s] Level 1:colcon.colcon_core.package_identification:_identify(src) by extensions ['ignore', 'ignore_ament_install']
[0.605s] Level 1:colcon.colcon_core.package_identification:_identify(src) by extension 'ignore'
[0.606s] Level 1:colcon.colcon_core.package_identification:_identify(src) by extension 'ignore_ament_install'
[0.606s] Level 1:colcon.colcon_core.package_identification:_identify(src) by extensions ['colcon_pkg']
[0.606s] Level 1:colcon.colcon_core.package_identification:_identify(src) by extension 'colcon_pkg'
[0.606s] Level 1:colcon.colcon_core.package_identification:_identify(src) by extensions ['colcon_meta']
[0.606s] Level 1:colcon.colcon_core.package_identification:_identify(src) by extension 'colcon_meta'
[0.606s] Level 1:colcon.colcon_core.package_identification:_identify(src) by extensions ['ros']
[0.606s] Level 1:colcon.colcon_core.package_identification:_identify(src) by extension 'ros'
[0.606s] Level 1:colcon.colcon_core.package_identification:_identify(src) by extensions ['cmake', 'python']
[0.606s] Level 1:colcon.colcon_core.package_identification:_identify(src) by extension 'cmake'
[0.606s] Level 1:colcon.colcon_core.package_identification:_identify(src) by extension 'python'
[0.606s] Level 1:colcon.colcon_core.package_identification:_identify(src) by extensions ['python_setup_py']
[0.606s] Level 1:colcon.colcon_core.package_identification:_identify(src) by extension 'python_setup_py'
[0.606s] Level 1:colcon.colcon_core.package_identification:_identify(src/build) by extensions ['ignore', 'ignore_ament_install']
[0.606s] Level 1:colcon.colcon_core.package_identification:_identify(src/build) by extension 'ignore'
[0.606s] Level 1:colcon.colcon_core.package_identification:_identify(src/build) ignored
[0.606s] Level 1:colcon.colcon_core.package_identification:_identify(src/install) by extensions ['ignore', 'ignore_ament_install']
[0.606s] Level 1:colcon.colcon_core.package_identification:_identify(src/install) by extension 'ignore'
[0.606s] Level 1:colcon.colcon_core.package_identification:_identify(src/install) ignored
[0.606s] Level 1:colcon.colcon_core.package_identification:_identify(src/log) by extensions ['ignore', 'ignore_ament_install']
[0.606s] Level 1:colcon.colcon_core.package_identification:_identify(src/log) by extension 'ignore'
[0.606s] Level 1:colcon.colcon_core.package_identification:_identify(src/log) ignored
[0.606s] Level 1:colcon.colcon_core.package_identification:_identify(src/my_py_pkg) by extensions ['ignore', 'ignore_ament_install']
[0.606s] Level 1:colcon.colcon_core.package_identification:_identify(src/my_py_pkg) by extension 'ignore'
[0.606s] Level 1:colcon.colcon_core.package_identification:_identify(src/my_py_pkg) by extension 'ignore_ament_install'
[0.606s] Level 1:colcon.colcon_core.package_identification:_identify(src/my_py_pkg) by extensions ['colcon_pkg']
[0.606s] Level 1:colcon.colcon_core.package_identification:_identify(src/my_py_pkg) by extension 'colcon_pkg'
[0.606s] Level 1:colcon.colcon_core.package_identification:_identify(src/my_py_pkg) by extensions ['colcon_meta']
[0.606s] Level 1:colcon.colcon_core.package_identification:_identify(src/my_py_pkg) by extension 'colcon_meta'
[0.606s] Level 1:colcon.colcon_core.package_identification:_identify(src/my_py_pkg) by extensions ['ros']
[0.606s] Level 1:colcon.colcon_core.package_identification:_identify(src/my_py_pkg) by extension 'ros'
[0.608s] DEBUG:colcon.colcon_core.package_identification:Package 'src/my_py_pkg' with type 'ros.ament_python' and name 'my_py_pkg'
[0.608s] Level 1:colcon.colcon_core.package_identification:_identify(src/my_robot_bringup) by extensions ['ignore', 'ignore_ament_install']
[0.608s] Level 1:colcon.colcon_core.package_identification:_identify(src/my_robot_bringup) by extension 'ignore'
[0.608s] Level 1:colcon.colcon_core.package_identification:_identify(src/my_robot_bringup) by extension 'ignore_ament_install'
[0.608s] Level 1:colcon.colcon_core.package_identification:_identify(src/my_robot_bringup) by extensions ['colcon_pkg']
[0.608s] Level 1:colcon.colcon_core.package_identification:_identify(src/my_robot_bringup) by extension 'colcon_pkg'
[0.608s] Level 1:colcon.colcon_core.package_identification:_identify(src/my_robot_bringup) by extensions ['colcon_meta']
[0.608s] Level 1:colcon.colcon_core.package_identification:_identify(src/my_robot_bringup) by extension 'colcon_meta'
[0.608s] Level 1:colcon.colcon_core.package_identification:_identify(src/my_robot_bringup) by extensions ['ros']
[0.608s] Level 1:colcon.colcon_core.package_identification:_identify(src/my_robot_bringup) by extension 'ros'
[0.609s] DEBUG:colcon.colcon_core.package_identification:Package 'src/my_robot_bringup' with type 'ros.ament_cmake' and name 'my_robot_bringup'
[0.609s] Level 1:colcon.colcon_core.package_identification:_identify(src/my_robot_interfaces) by extensions ['ignore', 'ignore_ament_install']
[0.609s] Level 1:colcon.colcon_core.package_identification:_identify(src/my_robot_interfaces) by extension 'ignore'
[0.609s] Level 1:colcon.colcon_core.package_identification:_identify(src/my_robot_interfaces) by extension 'ignore_ament_install'
[0.609s] Level 1:colcon.colcon_core.package_identification:_identify(src/my_robot_interfaces) by extensions ['colcon_pkg']
[0.609s] Level 1:colcon.colcon_core.package_identification:_identify(src/my_robot_interfaces) by extension 'colcon_pkg'
[0.609s] Level 1:colcon.colcon_core.package_identification:_identify(src/my_robot_interfaces) by extensions ['colcon_meta']
[0.609s] Level 1:colcon.colcon_core.package_identification:_identify(src/my_robot_interfaces) by extension 'colcon_meta'
[0.609s] Level 1:colcon.colcon_core.package_identification:_identify(src/my_robot_interfaces) by extensions ['ros']
[0.609s] Level 1:colcon.colcon_core.package_identification:_identify(src/my_robot_interfaces) by extension 'ros'
[0.609s] DEBUG:colcon.colcon_core.package_identification:Package 'src/my_robot_interfaces' with type 'ros.ament_cmake' and name 'my_robot_interfaces'
[0.609s] Level 1:colcon.colcon_core.package_discovery:discover_packages(recursive) using defaults
[0.609s] Level 1:colcon.colcon_core.package_discovery:discover_packages(ignore) discover
[0.609s] Level 1:colcon.colcon_core.package_discovery:discover_packages(ignore) using defaults
[0.609s] Level 1:colcon.colcon_core.package_discovery:discover_packages(path) discover
[0.609s] Level 1:colcon.colcon_core.package_discovery:discover_packages(path) using defaults
[0.662s] Level 1:colcon.colcon_core.package_discovery:discover_packages(prefix_path) check parameters
[0.662s] Level 1:colcon.colcon_core.package_discovery:discover_packages(prefix_path) discover
[0.679s] DEBUG:colcon.colcon_installed_package_information.package_discovery:Found 3 installed packages in /home/sambhav/ros2_ws/install
[0.687s] DEBUG:colcon.colcon_installed_package_information.package_discovery:Found 270 installed packages in /opt/ros/humble
[0.688s] Level 1:colcon.colcon_core.package_discovery:discover_packages(prefix_path) using defaults
[0.749s] Level 5:colcon.colcon_core.verb:set package 'my_robot_interfaces' build argument 'cmake_args' from command line to 'None'
[0.749s] Level 5:colcon.colcon_core.verb:set package 'my_robot_interfaces' build argument 'cmake_target' from command line to 'None'
[0.749s] Level 5:colcon.colcon_core.verb:set package 'my_robot_interfaces' build argument 'cmake_target_skip_unavailable' from command line to 'False'
[0.749s] Level 5:colcon.colcon_core.verb:set package 'my_robot_interfaces' build argument 'cmake_clean_cache' from command line to 'False'
[0.749s] Level 5:colcon.colcon_core.verb:set package 'my_robot_interfaces' build argument 'cmake_clean_first' from command line to 'False'
[0.749s] Level 5:colcon.colcon_core.verb:set package 'my_robot_interfaces' build argument 'cmake_force_configure' from command line to 'False'
[0.749s] Level 5:colcon.colcon_core.verb:set package 'my_robot_interfaces' build argument 'ament_cmake_args' from command line to 'None'
[0.749s] Level 5:colcon.colcon_core.verb:set package 'my_robot_interfaces' build argument 'catkin_cmake_args' from command line to 'None'
[0.749s] Level 5:colcon.colcon_core.verb:set package 'my_robot_interfaces' build argument 'catkin_skip_building_tests' from command line to 'False'
[0.749s] DEBUG:colcon.colcon_core.verb:Building package 'my_robot_interfaces' with the following arguments: {'ament_cmake_args': None, 'build_base': '/home/sambhav/ros2_ws/build/my_robot_interfaces', 'catkin_cmake_args': None, 'catkin_skip_building_tests': False, 'cmake_args': None, 'cmake_clean_cache': False, 'cmake_clean_first': False, 'cmake_force_configure': False, 'cmake_target': None, 'cmake_target_skip_unavailable': False, 'install_base': '/home/sambhav/ros2_ws/install/my_robot_interfaces', 'merge_install': False, 'path': '/home/sambhav/ros2_ws/src/my_robot_interfaces', 'symlink_install': False, 'test_result_base': None}
[0.758s] Level 5:colcon.colcon_core.verb:set package 'my_py_pkg' build argument 'cmake_args' from command line to 'None'
[0.758s] Level 5:colcon.colcon_core.verb:set package 'my_py_pkg' build argument 'cmake_target' from command line to 'None'
[0.758s] Level 5:colcon.colcon_core.verb:set package 'my_py_pkg' build argument 'cmake_target_skip_unavailable' from command line to 'False'
[0.758s] Level 5:colcon.colcon_core.verb:set package 'my_py_pkg' build argument 'cmake_clean_cache' from command line to 'False'
[0.758s] Level 5:colcon.colcon_core.verb:set package 'my_py_pkg' build argument 'cmake_clean_first' from command line to 'False'
[0.758s] Level 5:colcon.colcon_core.verb:set package 'my_py_pkg' build argument 'cmake_force_configure' from command line to 'False'
[0.758s] Level 5:colcon.colcon_core.verb:set package 'my_py_pkg' build argument 'ament_cmake_args' from command line to 'None'
[0.758s] Level 5:colcon.colcon_core.verb:set package 'my_py_pkg' build argument 'catkin_cmake_args' from command line to 'None'
[0.758s] Level 5:colcon.colcon_core.verb:set package 'my_py_pkg' build argument 'catkin_skip_building_tests' from command line to 'False'
[0.758s] DEBUG:colcon.colcon_core.verb:Building package 'my_py_pkg' with the following arguments: {'ament_cmake_args': None, 'build_base': '/home/sambhav/ros2_ws/build/my_py_pkg', 'catkin_cmake_args': None, 'catkin_skip_building_tests': False, 'cmake_args': None, 'cmake_clean_cache': False, 'cmake_clean_first': False, 'cmake_force_configure': False, 'cmake_target': None, 'cmake_target_skip_unavailable': False, 'install_base': '/home/sambhav/ros2_ws/install/my_py_pkg', 'merge_install': False, 'path': '/home/sambhav/ros2_ws/src/my_py_pkg', 'symlink_install': False, 'test_result_base': None}
[0.766s] Level 5:colcon.colcon_core.verb:set package 'my_robot_bringup' build argument 'cmake_args' from command line to 'None'
[0.766s] Level 5:colcon.colcon_core.verb:set package 'my_robot_bringup' build argument 'cmake_target' from command line to 'None'
[0.766s] Level 5:colcon.colcon_core.verb:set package 'my_robot_bringup' build argument 'cmake_target_skip_unavailable' from command line to 'False'
[0.766s] Level 5:colcon.colcon_core.verb:set package 'my_robot_bringup' build argument 'cmake_clean_cache' from command line to 'False'
[0.766s] Level 5:colcon.colcon_core.verb:set package 'my_robot_bringup' build argument 'cmake_clean_first' from command line to 'False'
[0.766s] Level 5:colcon.colcon_core.verb:set package 'my_robot_bringup' build argument 'cmake_force_configure' from command line to 'False'
[0.766s] Level 5:colcon.colcon_core.verb:set package 'my_robot_bringup' build argument 'ament_cmake_args' from command line to 'None'
[0.766s] Level 5:colcon.colcon_core.verb:set package 'my_robot_bringup' build argument 'catkin_cmake_args' from command line to 'None'
[0.766s] Level 5:colcon.colcon_core.verb:set package 'my_robot_bringup' build argument 'catkin_skip_building_tests' from command line to 'False'
[0.766s] DEBUG:colcon.colcon_core.verb:Building package 'my_robot_bringup' with the following arguments: {'ament_cmake_args': None, 'build_base': '/home/sambhav/ros2_ws/build/my_robot_bringup', 'catkin_cmake_args': None, 'catkin_skip_building_tests': False, 'cmake_args': None, 'cmake_clean_cache': False, 'cmake_clean_first': False, 'cmake_force_configure': False, 'cmake_target': None, 'cmake_target_skip_unavailable': False, 'install_base': '/home/sambhav/ros2_ws/install/my_robot_bringup', 'merge_install': False, 'path': '/home/sambhav/ros2_ws/src/my_robot_bringup', 'symlink_install': False, 'test_result_base': None}
[0.774s] INFO:colcon.colcon_core.executor:Executing jobs using 'parallel' executor
[0.783s] DEBUG:colcon.colcon_parallel_executor.executor.parallel:run_until_complete
[0.783s] INFO:colcon.colcon_ros.task.ament_cmake.build:Building ROS package in '/home/sambhav/ros2_ws/src/my_robot_interfaces' with build type 'ament_cmake'
[0.783s] INFO:colcon.colcon_cmake.task.cmake.build:Building CMake package in '/home/sambhav/ros2_ws/src/my_robot_interfaces'
[0.792s] INFO:colcon.colcon_core.plugin_system:Skipping extension 'colcon_core.shell.bat': Not used on non-Windows systems
[0.792s] INFO:colcon.colcon_core.shell:Skip shell extension 'powershell' for command environment: Not usable outside of PowerShell
[0.792s] DEBUG:colcon.colcon_core.shell:Skip shell extension 'dsv' for command environment
[0.823s] DEBUG:colcon.colcon_core.event_handler.log_command:Invoking command in '/home/sambhav/ros2_ws/build/my_robot_interfaces': CMAKE_PREFIX_PATH=${CMAKE_PREFIX_PATH}:/home/sambhav/ros2_ws/install/my_py_pkg:/opt/ros/humble /usr/bin/cmake --build /home/sambhav/ros2_ws/build/my_robot_interfaces -- -j8 -l8
[1.057s] DEBUG:colcon.colcon_core.event_handler.log_command:Invoked command in '/home/sambhav/ros2_ws/build/my_robot_interfaces' returned '0': CMAKE_PREFIX_PATH=${CMAKE_PREFIX_PATH}:/home/sambhav/ros2_ws/install/my_py_pkg:/opt/ros/humble /usr/bin/cmake --build /home/sambhav/ros2_ws/build/my_robot_interfaces -- -j8 -l8
[1.133s] DEBUG:colcon.colcon_core.event_handler.log_command:Invoking command in '/home/sambhav/ros2_ws/build/my_robot_interfaces': CMAKE_PREFIX_PATH=${CMAKE_PREFIX_PATH}:/home/sambhav/ros2_ws/install/my_py_pkg:/opt/ros/humble /usr/bin/cmake --install /home/sambhav/ros2_ws/build/my_robot_interfaces
[1.166s] Level 1:colcon.colcon_core.environment:create_environment_scripts_only(my_robot_interfaces)
[1.166s] DEBUG:colcon.colcon_core.event_handler.log_command:Invoked command in '/home/sambhav/ros2_ws/build/my_robot_interfaces' returned '0': CMAKE_PREFIX_PATH=${CMAKE_PREFIX_PATH}:/home/sambhav/ros2_ws/install/my_py_pkg:/opt/ros/humble /usr/bin/cmake --install /home/sambhav/ros2_ws/build/my_robot_interfaces
[1.176s] Level 1:colcon.colcon_core.environment:checking '/home/sambhav/ros2_ws/install/my_robot_interfaces' for CMake module files
[1.176s] Level 1:colcon.colcon_core.environment:checking '/home/sambhav/ros2_ws/install/my_robot_interfaces' for CMake config files
[1.177s] Level 1:colcon.colcon_core.shell:create_environment_hook('my_robot_interfaces', 'cmake_prefix_path')
[1.185s] INFO:colcon.colcon_core.shell:Creating environment hook '/home/sambhav/ros2_ws/install/my_robot_interfaces/share/my_robot_interfaces/hook/cmake_prefix_path.ps1'
[1.185s] INFO:colcon.colcon_core.shell:Creating environment descriptor '/home/sambhav/ros2_ws/install/my_robot_interfaces/share/my_robot_interfaces/hook/cmake_prefix_path.dsv'
[1.186s] INFO:colcon.colcon_core.shell:Creating environment hook '/home/sambhav/ros2_ws/install/my_robot_interfaces/share/my_robot_interfaces/hook/cmake_prefix_path.sh'
[1.186s] Level 1:colcon.colcon_core.environment:checking '/home/sambhav/ros2_ws/install/my_robot_interfaces/lib'
[1.186s] Level 1:colcon.colcon_core.shell:create_environment_hook('my_robot_interfaces', 'ld_library_path_lib')
[1.194s] INFO:colcon.colcon_core.shell:Creating environment hook '/home/sambhav/ros2_ws/install/my_robot_interfaces/share/my_robot_interfaces/hook/ld_library_path_lib.ps1'
[1.195s] INFO:colcon.colcon_core.shell:Creating environment descriptor '/home/sambhav/ros2_ws/install/my_robot_interfaces/share/my_robot_interfaces/hook/ld_library_path_lib.dsv'
[1.195s] INFO:colcon.colcon_core.shell:Creating environment hook '/home/sambhav/ros2_ws/install/my_robot_interfaces/share/my_robot_interfaces/hook/ld_library_path_lib.sh'
[1.195s] Level 1:colcon.colcon_core.environment:checking '/home/sambhav/ros2_ws/install/my_robot_interfaces/bin'
[1.195s] Level 1:colcon.colcon_core.environment:checking '/home/sambhav/ros2_ws/install/my_robot_interfaces/lib/pkgconfig/my_robot_interfaces.pc'
[1.195s] Level 1:colcon.colcon_core.environment:checking '/home/sambhav/ros2_ws/install/my_robot_interfaces/lib/python3.10/site-packages'
[1.195s] Level 1:colcon.colcon_core.environment:checking '/home/sambhav/ros2_ws/install/my_robot_interfaces/bin'
[1.203s] INFO:colcon.colcon_core.shell:Creating package script '/home/sambhav/ros2_ws/install/my_robot_interfaces/share/my_robot_interfaces/package.ps1'
[1.204s] INFO:colcon.colcon_core.shell:Creating package descriptor '/home/sambhav/ros2_ws/install/my_robot_interfaces/share/my_robot_interfaces/package.dsv'
[1.204s] INFO:colcon.colcon_core.shell:Creating package script '/home/sambhav/ros2_ws/install/my_robot_interfaces/share/my_robot_interfaces/package.sh'
[1.204s] INFO:colcon.colcon_core.shell:Creating package script '/home/sambhav/ros2_ws/install/my_robot_interfaces/share/my_robot_interfaces/package.bash'
[1.205s] INFO:colcon.colcon_core.shell:Creating package script '/home/sambhav/ros2_ws/install/my_robot_interfaces/share/my_robot_interfaces/package.zsh'
[1.205s] Level 1:colcon.colcon_core.environment:create_file_with_runtime_dependencies(/home/sambhav/ros2_ws/install/my_robot_interfaces/share/colcon-core/packages/my_robot_interfaces)
[1.283s] Level 1:colcon.colcon_core.environment:create_environment_scripts_only(my_robot_interfaces)
[1.291s] Level 1:colcon.colcon_core.environment:checking '/home/sambhav/ros2_ws/install/my_robot_interfaces' for CMake module files
[1.292s] Level 1:colcon.colcon_core.environment:checking '/home/sambhav/ros2_ws/install/my_robot_interfaces' for CMake config files
[1.292s] Level 1:colcon.colcon_core.shell:create_environment_hook('my_robot_interfaces', 'cmake_prefix_path')
[1.300s] INFO:colcon.colcon_core.shell:Creating environment hook '/home/sambhav/ros2_ws/install/my_robot_interfaces/share/my_robot_interfaces/hook/cmake_prefix_path.ps1'
[1.300s] INFO:colcon.colcon_core.shell:Creating environment descriptor '/home/sambhav/ros2_ws/install/my_robot_interfaces/share/my_robot_interfaces/hook/cmake_prefix_path.dsv'
[1.300s] INFO:colcon.colcon_core.shell:Creating environment hook '/home/sambhav/ros2_ws/install/my_robot_interfaces/share/my_robot_interfaces/hook/cmake_prefix_path.sh'
[1.301s] Level 1:colcon.colcon_core.environment:checking '/home/sambhav/ros2_ws/install/my_robot_interfaces/lib'
[1.301s] Level 1:colcon.colcon_core.shell:create_environment_hook('my_robot_interfaces', 'ld_library_path_lib')
[1.309s] INFO:colcon.colcon_core.shell:Creating environment hook '/home/sambhav/ros2_ws/install/my_robot_interfaces/share/my_robot_interfaces/hook/ld_library_path_lib.ps1'
[1.309s] INFO:colcon.colcon_core.shell:Creating environment descriptor '/home/sambhav/ros2_ws/install/my_robot_interfaces/share/my_robot_interfaces/hook/ld_library_path_lib.dsv'
[1.309s] INFO:colcon.colcon_core.shell:Creating environment hook '/home/sambhav/ros2_ws/install/my_robot_interfaces/share/my_robot_interfaces/hook/ld_library_path_lib.sh'
[1.310s] Level 1:colcon.colcon_core.environment:checking '/home/sambhav/ros2_ws/install/my_robot_interfaces/bin'
[1.310s] Level 1:colcon.colcon_core.environment:checking '/home/sambhav/ros2_ws/install/my_robot_interfaces/lib/pkgconfig/my_robot_interfaces.pc'
[1.310s] Level 1:colcon.colcon_core.environment:checking '/home/sambhav/ros2_ws/install/my_robot_interfaces/lib/python3.10/site-packages'
[1.310s] Level 1:colcon.colcon_core.environment:checking '/home/sambhav/ros2_ws/install/my_robot_interfaces/bin'
[1.318s] INFO:colcon.colcon_core.shell:Creating package script '/home/sambhav/ros2_ws/install/my_robot_interfaces/share/my_robot_interfaces/package.ps1'
[1.318s] INFO:colcon.colcon_core.shell:Creating package descriptor '/home/sambhav/ros2_ws/install/my_robot_interfaces/share/my_robot_interfaces/package.dsv'
[1.319s] INFO:colcon.colcon_core.shell:Creating package script '/home/sambhav/ros2_ws/install/my_robot_interfaces/share/my_robot_interfaces/package.sh'
[1.319s] INFO:colcon.colcon_core.shell:Creating package script '/home/sambhav/ros2_ws/install/my_robot_interfaces/share/my_robot_interfaces/package.bash'
[1.319s] INFO:colcon.colcon_core.shell:Creating package script '/home/sambhav/ros2_ws/install/my_robot_interfaces/share/my_robot_interfaces/package.zsh'
[1.319s] Level 1:colcon.colcon_core.environment:create_file_with_runtime_dependencies(/home/sambhav/ros2_ws/install/my_robot_interfaces/share/colcon-core/packages/my_robot_interfaces)
[1.320s] INFO:colcon.colcon_ros.task.ament_python.build:Building ROS package in '/home/sambhav/ros2_ws/src/my_py_pkg' with build type 'ament_python'
[1.320s] Level 1:colcon.colcon_core.shell:create_environment_hook('my_py_pkg', 'ament_prefix_path')
[1.328s] INFO:colcon.colcon_core.shell:Creating environment hook '/home/sambhav/ros2_ws/install/my_py_pkg/share/my_py_pkg/hook/ament_prefix_path.ps1'
[1.328s] INFO:colcon.colcon_core.shell:Creating environment descriptor '/home/sambhav/ros2_ws/install/my_py_pkg/share/my_py_pkg/hook/ament_prefix_path.dsv'
[1.329s] INFO:colcon.colcon_core.shell:Creating environment hook '/home/sambhav/ros2_ws/install/my_py_pkg/share/my_py_pkg/hook/ament_prefix_path.sh'
[1.337s] INFO:colcon.colcon_core.shell:Skip shell extension 'powershell' for command environment: Not usable outside of PowerShell
[1.337s] DEBUG:colcon.colcon_core.shell:Skip shell extension 'dsv' for command environment
[1.532s] INFO:colcon.colcon_core.task.python.build:Building Python package in '/home/sambhav/ros2_ws/src/my_py_pkg'
[1.540s] INFO:colcon.colcon_core.shell:Skip shell extension 'powershell' for command environment: Not usable outside of PowerShell
[1.540s] DEBUG:colcon.colcon_core.shell:Skip shell extension 'dsv' for command environment
[1.778s] DEBUG:colcon.colcon_core.event_handler.log_command:Invoking command in '/home/sambhav/ros2_ws/src/my_py_pkg': PYTHONPATH=/home/sambhav/ros2_ws/build/my_py_pkg/prefix_override:/home/sambhav/ros2_ws/install/my_py_pkg/lib/python3.10/site-packages:${PYTHONPATH} /usr/bin/python3 setup.py egg_info --egg-base ../../build/my_py_pkg build --build-base /home/sambhav/ros2_ws/build/my_py_pkg/build install --record /home/sambhav/ros2_ws/build/my_py_pkg/install.log --single-version-externally-managed
[1.964s] DEBUG:colcon.colcon_core.event_handler.log_command:Invoked command in '/home/sambhav/ros2_ws/src/my_py_pkg' returned '0': PYTHONPATH=/home/sambhav/ros2_ws/build/my_py_pkg/prefix_override:/home/sambhav/ros2_ws/install/my_py_pkg/lib/python3.10/site-packages:${PYTHONPATH} /usr/bin/python3 setup.py egg_info --egg-base ../../build/my_py_pkg build --build-base /home/sambhav/ros2_ws/build/my_py_pkg/build install --record /home/sambhav/ros2_ws/build/my_py_pkg/install.log --single-version-externally-managed
[1.972s] Level 1:colcon.colcon_core.environment:checking '/home/sambhav/ros2_ws/install/my_py_pkg' for CMake module files
[1.972s] Level 1:colcon.colcon_core.environment:checking '/home/sambhav/ros2_ws/install/my_py_pkg' for CMake config files
[1.973s] Level 1:colcon.colcon_core.environment:checking '/home/sambhav/ros2_ws/install/my_py_pkg/lib'
[1.973s] Level 1:colcon.colcon_core.environment:checking '/home/sambhav/ros2_ws/install/my_py_pkg/bin'
[1.973s] Level 1:colcon.colcon_core.environment:checking '/home/sambhav/ros2_ws/install/my_py_pkg/lib/pkgconfig/my_py_pkg.pc'
[1.973s] Level 1:colcon.colcon_core.environment:checking '/home/sambhav/ros2_ws/install/my_py_pkg/lib/python3.10/site-packages'
[1.973s] Level 1:colcon.colcon_core.shell:create_environment_hook('my_py_pkg', 'pythonpath')
[1.981s] INFO:colcon.colcon_core.shell:Creating environment hook '/home/sambhav/ros2_ws/install/my_py_pkg/share/my_py_pkg/hook/pythonpath.ps1'
[1.981s] INFO:colcon.colcon_core.shell:Creating environment descriptor '/home/sambhav/ros2_ws/install/my_py_pkg/share/my_py_pkg/hook/pythonpath.dsv'
[1.981s] INFO:colcon.colcon_core.shell:Creating environment hook '/home/sambhav/ros2_ws/install/my_py_pkg/share/my_py_pkg/hook/pythonpath.sh'
[1.982s] Level 1:colcon.colcon_core.environment:checking '/home/sambhav/ros2_ws/install/my_py_pkg/bin'
[1.982s] Level 1:colcon.colcon_core.environment:create_environment_scripts_only(my_py_pkg)
[1.990s] INFO:colcon.colcon_core.shell:Creating package script '/home/sambhav/ros2_ws/install/my_py_pkg/share/my_py_pkg/package.ps1'
[1.990s] INFO:colcon.colcon_core.shell:Creating package descriptor '/home/sambhav/ros2_ws/install/my_py_pkg/share/my_py_pkg/package.dsv'
[1.990s] INFO:colcon.colcon_core.shell:Creating package script '/home/sambhav/ros2_ws/install/my_py_pkg/share/my_py_pkg/package.sh'
[1.990s] INFO:colcon.colcon_core.shell:Creating package script '/home/sambhav/ros2_ws/install/my_py_pkg/share/my_py_pkg/package.bash'
[1.991s] INFO:colcon.colcon_core.shell:Creating package script '/home/sambhav/ros2_ws/install/my_py_pkg/share/my_py_pkg/package.zsh'
[1.991s] Level 1:colcon.colcon_core.environment:create_file_with_runtime_dependencies(/home/sambhav/ros2_ws/install/my_py_pkg/share/colcon-core/packages/my_py_pkg)
[1.991s] INFO:colcon.colcon_ros.task.ament_cmake.build:Building ROS package in '/home/sambhav/ros2_ws/src/my_robot_bringup' with build type 'ament_cmake'
[1.991s] INFO:colcon.colcon_cmake.task.cmake.build:Building CMake package in '/home/sambhav/ros2_ws/src/my_robot_bringup'
[2.000s] INFO:colcon.colcon_core.shell:Skip shell extension 'powershell' for command environment: Not usable outside of PowerShell
[2.000s] DEBUG:colcon.colcon_core.shell:Skip shell extension 'dsv' for command environment
[2.032s] DEBUG:colcon.colcon_core.event_handler.log_command:Invoking command in '/home/sambhav/ros2_ws/build/my_robot_bringup': CMAKE_PREFIX_PATH=${CMAKE_PREFIX_PATH}:/home/sambhav/ros2_ws/install/my_py_pkg:/opt/ros/humble /usr/bin/cmake --build /home/sambhav/ros2_ws/build/my_robot_bringup -- -j8 -l8
[2.057s] DEBUG:colcon.colcon_core.event_handler.log_command:Invoked command in '/home/sambhav/ros2_ws/build/my_robot_bringup' returned '0': CMAKE_PREFIX_PATH=${CMAKE_PREFIX_PATH}:/home/sambhav/ros2_ws/install/my_py_pkg:/opt/ros/humble /usr/bin/cmake --build /home/sambhav/ros2_ws/build/my_robot_bringup -- -j8 -l8
[2.072s] DEBUG:colcon.colcon_core.event_handler.log_command:Invoking command in '/home/sambhav/ros2_ws/build/my_robot_bringup': CMAKE_PREFIX_PATH=${CMAKE_PREFIX_PATH}:/home/sambhav/ros2_ws/install/my_py_pkg:/opt/ros/humble /usr/bin/cmake --install /home/sambhav/ros2_ws/build/my_robot_bringup
[2.084s] Level 1:colcon.colcon_core.environment:create_environment_scripts_only(my_robot_bringup)
[2.085s] DEBUG:colcon.colcon_core.event_handler.log_command:Invoked command in '/home/sambhav/ros2_ws/build/my_robot_bringup' returned '0': CMAKE_PREFIX_PATH=${CMAKE_PREFIX_PATH}:/home/sambhav/ros2_ws/install/my_py_pkg:/opt/ros/humble /usr/bin/cmake --install /home/sambhav/ros2_ws/build/my_robot_bringup
[2.094s] Level 1:colcon.colcon_core.environment:checking '/home/sambhav/ros2_ws/install/my_robot_bringup' for CMake module files
[2.094s] Level 1:colcon.colcon_core.environment:checking '/home/sambhav/ros2_ws/install/my_robot_bringup' for CMake config files
[2.094s] Level 1:colcon.colcon_core.shell:create_environment_hook('my_robot_bringup', 'cmake_prefix_path')
[2.103s] INFO:colcon.colcon_core.shell:Creating environment hook '/home/sambhav/ros2_ws/install/my_robot_bringup/share/my_robot_bringup/hook/cmake_prefix_path.ps1'
[2.103s] INFO:colcon.colcon_core.shell:Creating environment descriptor '/home/sambhav/ros2_ws/install/my_robot_bringup/share/my_robot_bringup/hook/cmake_prefix_path.dsv'
[2.104s] INFO:colcon.colcon_core.shell:Creating environment hook '/home/sambhav/ros2_ws/install/my_robot_bringup/share/my_robot_bringup/hook/cmake_prefix_path.sh'
[2.104s] Level 1:colcon.colcon_core.environment:checking '/home/sambhav/ros2_ws/install/my_robot_bringup/bin'
[2.104s] Level 1:colcon.colcon_core.environment:checking '/home/sambhav/ros2_ws/install/my_robot_bringup/lib/pkgconfig/my_robot_bringup.pc'
[2.104s] Level 1:colcon.colcon_core.environment:checking '/home/sambhav/ros2_ws/install/my_robot_bringup/lib/python3.10/site-packages'
[2.104s] Level 1:colcon.colcon_core.environment:checking '/home/sambhav/ros2_ws/install/my_robot_bringup/bin'
[2.113s] INFO:colcon.colcon_core.shell:Creating package script '/home/sambhav/ros2_ws/install/my_robot_bringup/share/my_robot_bringup/package.ps1'
[2.113s] INFO:colcon.colcon_core.shell:Creating package descriptor '/home/sambhav/ros2_ws/install/my_robot_bringup/share/my_robot_bringup/package.dsv'
[2.113s] INFO:colcon.colcon_core.shell:Creating package script '/home/sambhav/ros2_ws/install/my_robot_bringup/share/my_robot_bringup/package.sh'
[2.114s] INFO:colcon.colcon_core.shell:Creating package script '/home/sambhav/ros2_ws/install/my_robot_bringup/share/my_robot_bringup/package.bash'
[2.114s] INFO:colcon.colcon_core.shell:Creating package script '/home/sambhav/ros2_ws/install/my_robot_bringup/share/my_robot_bringup/package.zsh'
[2.114s] Level 1:colcon.colcon_core.environment:create_file_with_runtime_dependencies(/home/sambhav/ros2_ws/install/my_robot_bringup/share/colcon-core/packages/my_robot_bringup)
[2.136s] Level 1:colcon.colcon_core.environment:create_environment_scripts_only(my_robot_bringup)
[2.145s] Level 1:colcon.colcon_core.environment:checking '/home/sambhav/ros2_ws/install/my_robot_bringup' for CMake module files
[2.145s] Level 1:colcon.colcon_core.environment:checking '/home/sambhav/ros2_ws/install/my_robot_bringup' for CMake config files
[2.145s] Level 1:colcon.colcon_core.shell:create_environment_hook('my_robot_bringup', 'cmake_prefix_path')
[2.153s] INFO:colcon.colcon_core.shell:Creating environment hook '/home/sambhav/ros2_ws/install/my_robot_bringup/share/my_robot_bringup/hook/cmake_prefix_path.ps1'
[2.153s] INFO:colcon.colcon_core.shell:Creating environment descriptor '/home/sambhav/ros2_ws/install/my_robot_bringup/share/my_robot_bringup/hook/cmake_prefix_path.dsv'
[2.153s] INFO:colcon.colcon_core.shell:Creating environment hook '/home/sambhav/ros2_ws/install/my_robot_bringup/share/my_robot_bringup/hook/cmake_prefix_path.sh'
[2.153s] Level 1:colcon.colcon_core.environment:checking '/home/sambhav/ros2_ws/install/my_robot_bringup/bin'
[2.154s] Level 1:colcon.colcon_core.environment:checking '/home/sambhav/ros2_ws/install/my_robot_bringup/lib/pkgconfig/my_robot_bringup.pc'
[2.154s] Level 1:colcon.colcon_core.environment:checking '/home/sambhav/ros2_ws/install/my_robot_bringup/lib/python3.10/site-packages'
[2.154s] Level 1:colcon.colcon_core.environment:checking '/home/sambhav/ros2_ws/install/my_robot_bringup/bin'
[2.162s] INFO:colcon.colcon_core.shell:Creating package script '/home/sambhav/ros2_ws/install/my_robot_bringup/share/my_robot_bringup/package.ps1'
[2.162s] INFO:colcon.colcon_core.shell:Creating package descriptor '/home/sambhav/ros2_ws/install/my_robot_bringup/share/my_robot_bringup/package.dsv'
[2.162s] INFO:colcon.colcon_core.shell:Creating package script '/home/sambhav/ros2_ws/install/my_robot_bringup/share/my_robot_bringup/package.sh'
[2.163s] INFO:colcon.colcon_core.shell:Creating package script '/home/sambhav/ros2_ws/install/my_robot_bringup/share/my_robot_bringup/package.bash'
[2.163s] INFO:colcon.colcon_core.shell:Creating package script '/home/sambhav/ros2_ws/install/my_robot_bringup/share/my_robot_bringup/package.zsh'
[2.163s] Level 1:colcon.colcon_core.environment:create_file_with_runtime_dependencies(/home/sambhav/ros2_ws/install/my_robot_bringup/share/colcon-core/packages/my_robot_bringup)
[2.163s] DEBUG:colcon.colcon_parallel_executor.executor.parallel:closing loop
[2.163s] DEBUG:colcon.colcon_parallel_executor.executor.parallel:loop closed
[2.163s] DEBUG:colcon.colcon_parallel_executor.executor.parallel:run_until_complete finished with '0'
[2.163s] DEBUG:colcon.colcon_core.event_reactor:joining thread
[2.175s] INFO:colcon.colcon_core.plugin_system:Skipping extension 'colcon_notification.desktop_notification.terminal_notifier': Not used on non-Darwin systems
[2.175s] INFO:colcon.colcon_core.plugin_system:Skipping extension 'colcon_notification.desktop_notification.win32': Not used on non-Windows systems
[2.175s] INFO:colcon.colcon_notification.desktop_notification:Sending desktop notification using 'notify2'
[2.183s] DEBUG:colcon.colcon_core.event_reactor:joined thread
[2.193s] INFO:colcon.colcon_core.shell:Creating prefix script '/home/sambhav/ros2_ws/install/local_setup.ps1'
[2.194s] INFO:colcon.colcon_core.shell:Creating prefix util module '/home/sambhav/ros2_ws/install/_local_setup_util_ps1.py'
[2.195s] INFO:colcon.colcon_core.shell:Creating prefix chain script '/home/sambhav/ros2_ws/install/setup.ps1'
[2.204s] INFO:colcon.colcon_core.shell:Creating prefix script '/home/sambhav/ros2_ws/install/local_setup.sh'
[2.204s] INFO:colcon.colcon_core.shell:Creating prefix util module '/home/sambhav/ros2_ws/install/_local_setup_util_sh.py'
[2.204s] INFO:colcon.colcon_core.shell:Creating prefix chain script '/home/sambhav/ros2_ws/install/setup.sh'
[2.214s] INFO:colcon.colcon_core.shell:Creating prefix script '/home/sambhav/ros2_ws/install/local_setup.bash'
[2.214s] INFO:colcon.colcon_core.shell:Creating prefix chain script '/home/sambhav/ros2_ws/install/setup.bash'
[2.223s] INFO:colcon.colcon_core.shell:Creating prefix script '/home/sambhav/ros2_ws/install/local_setup.zsh'
[2.223s] INFO:colcon.colcon_core.shell:Creating prefix chain script '/home/sambhav/ros2_ws/install/setup.zsh'
