[0.401s] Invoking command in '/home/sambhav/ros2_ws/my_py_pkg': PYTHONPATH=/home/sambhav/ros2_ws/build/my_py_pkg/prefix_override:/home/sambhav/ros2_ws/install/my_py_pkg/lib/python3.10/site-packages:${PYTHONPATH} /usr/bin/python3 setup.py egg_info --egg-base ../build/my_py_pkg build --build-base /home/sambhav/ros2_ws/build/my_py_pkg/build install --record /home/sambhav/ros2_ws/build/my_py_pkg/install.log --single-version-externally-managed
[0.533s] running egg_info
[0.534s] creating ../build/my_py_pkg/my_py_pkg.egg-info
[0.534s] writing ../build/my_py_pkg/my_py_pkg.egg-info/PKG-INFO
[0.534s] writing dependency_links to ../build/my_py_pkg/my_py_pkg.egg-info/dependency_links.txt
[0.534s] writing entry points to ../build/my_py_pkg/my_py_pkg.egg-info/entry_points.txt
[0.534s] writing requirements to ../build/my_py_pkg/my_py_pkg.egg-info/requires.txt
[0.534s] writing top-level names to ../build/my_py_pkg/my_py_pkg.egg-info/top_level.txt
[0.534s] writing manifest file '../build/my_py_pkg/my_py_pkg.egg-info/SOURCES.txt'
[0.535s] reading manifest file '../build/my_py_pkg/my_py_pkg.egg-info/SOURCES.txt'
[0.536s] writing manifest file '../build/my_py_pkg/my_py_pkg.egg-info/SOURCES.txt'
[0.536s] running build
[0.536s] running build_py
[0.536s] creating /home/sambhav/ros2_ws/build/my_py_pkg/build
[0.536s] creating /home/sambhav/ros2_ws/build/my_py_pkg/build/lib
[0.536s] creating /home/sambhav/ros2_ws/build/my_py_pkg/build/lib/my_py_pkg
[0.536s] copying my_py_pkg/__init__.py -> /home/sambhav/ros2_ws/build/my_py_pkg/build/lib/my_py_pkg
[0.536s] running install
[0.536s] /usr/lib/python3/dist-packages/setuptools/command/install.py:34: SetuptoolsDeprecationWarning: setup.py install is deprecated. Use build and pip and other standards-based tools.
[0.536s]   warnings.warn(
[0.536s] running install_lib
[0.537s] creating /home/sambhav/ros2_ws/install/my_py_pkg/lib/python3.10/site-packages/my_py_pkg
[0.537s] copying /home/sambhav/ros2_ws/build/my_py_pkg/build/lib/my_py_pkg/__init__.py -> /home/sambhav/ros2_ws/install/my_py_pkg/lib/python3.10/site-packages/my_py_pkg
[0.537s] byte-compiling /home/sambhav/ros2_ws/install/my_py_pkg/lib/python3.10/site-packages/my_py_pkg/__init__.py to __init__.cpython-310.pyc
[0.537s] running install_data
[0.537s] creating /home/sambhav/ros2_ws/install/my_py_pkg/share/ament_index
[0.537s] creating /home/sambhav/ros2_ws/install/my_py_pkg/share/ament_index/resource_index
[0.537s] creating /home/sambhav/ros2_ws/install/my_py_pkg/share/ament_index/resource_index/packages
[0.537s] copying resource/my_py_pkg -> /home/sambhav/ros2_ws/install/my_py_pkg/share/ament_index/resource_index/packages
[0.537s] copying package.xml -> /home/sambhav/ros2_ws/install/my_py_pkg/share/my_py_pkg
[0.537s] running install_egg_info
[0.538s] Copying ../build/my_py_pkg/my_py_pkg.egg-info to /home/sambhav/ros2_ws/install/my_py_pkg/lib/python3.10/site-packages/my_py_pkg-0.0.0-py3.10.egg-info
[0.539s] running install_scripts
[0.552s] writing list of installed files to '/home/sambhav/ros2_ws/build/my_py_pkg/install.log'
[0.570s] Invoked command in '/home/sambhav/ros2_ws/my_py_pkg' returned '0': PYTHONPATH=/home/sambhav/ros2_ws/build/my_py_pkg/prefix_override:/home/sambhav/ros2_ws/install/my_py_pkg/lib/python3.10/site-packages:${PYTHONPATH} /usr/bin/python3 setup.py egg_info --egg-base ../build/my_py_pkg build --build-base /home/sambhav/ros2_ws/build/my_py_pkg/build install --record /home/sambhav/ros2_ws/build/my_py_pkg/install.log --single-version-externally-managed
