[0.531s] Invoking command in '/home/sambhav/ros2_ws/src/turtlesim_catch_them_all': CMAKE_PREFIX_PATH=/home/sambhav/ros2_ws/install/my_robot_interfaces:/home/sambhav/ros2_ws/install/my_robot_bringup:/home/sambhav/ros2_ws/install/example_interfaces PYTHONPATH=/home/sambhav/ros2_ws/build/turtlesim_catch_them_all/prefix_override:/home/sambhav/ros2_ws/install/turtlesim_catch_them_all/lib/python3.10/site-packages:${PYTHONPATH} /usr/bin/python3 setup.py egg_info --egg-base ../../build/turtlesim_catch_them_all build --build-base /home/sambhav/ros2_ws/build/turtlesim_catch_them_all/build install --record /home/sambhav/ros2_ws/build/turtlesim_catch_them_all/install.log --single-version-externally-managed
[0.698s] running egg_info
[0.698s] writing ../../build/turtlesim_catch_them_all/turtlesim_catch_them_all.egg-info/PKG-INFO
[0.698s] writing dependency_links to ../../build/turtlesim_catch_them_all/turtlesim_catch_them_all.egg-info/dependency_links.txt
[0.698s] writing entry points to ../../build/turtlesim_catch_them_all/turtlesim_catch_them_all.egg-info/entry_points.txt
[0.698s] writing requirements to ../../build/turtlesim_catch_them_all/turtlesim_catch_them_all.egg-info/requires.txt
[0.698s] writing top-level names to ../../build/turtlesim_catch_them_all/turtlesim_catch_them_all.egg-info/top_level.txt
[0.699s] reading manifest file '../../build/turtlesim_catch_them_all/turtlesim_catch_them_all.egg-info/SOURCES.txt'
[0.700s] writing manifest file '../../build/turtlesim_catch_them_all/turtlesim_catch_them_all.egg-info/SOURCES.txt'
[0.700s] running build
[0.700s] running build_py
[0.700s] copying turtlesim_catch_them_all/turtle_spawner.py -> /home/sambhav/ros2_ws/build/turtlesim_catch_them_all/build/lib/turtlesim_catch_them_all
[0.700s] running install
[0.700s] running install_lib
[0.701s] copying /home/sambhav/ros2_ws/build/turtlesim_catch_them_all/build/lib/turtlesim_catch_them_all/turtle_spawner.py -> /home/sambhav/ros2_ws/install/turtlesim_catch_them_all/lib/python3.10/site-packages/turtlesim_catch_them_all
[0.701s] byte-compiling /home/sambhav/ros2_ws/install/turtlesim_catch_them_all/lib/python3.10/site-packages/turtlesim_catch_them_all/turtle_spawner.py to turtle_spawner.cpython-310.pyc
[0.702s] running install_data
[0.702s] running install_egg_info
[0.703s] removing '/home/sambhav/ros2_ws/install/turtlesim_catch_them_all/lib/python3.10/site-packages/turtlesim_catch_them_all-0.0.0-py3.10.egg-info' (and everything under it)
[0.703s] Copying ../../build/turtlesim_catch_them_all/turtlesim_catch_them_all.egg-info to /home/sambhav/ros2_ws/install/turtlesim_catch_them_all/lib/python3.10/site-packages/turtlesim_catch_them_all-0.0.0-py3.10.egg-info
[0.703s] running install_scripts
[0.717s] Installing turtle_controller script to /home/sambhav/ros2_ws/install/turtlesim_catch_them_all/lib/turtlesim_catch_them_all
[0.717s] Installing turtle_spawner script to /home/sambhav/ros2_ws/install/turtlesim_catch_them_all/lib/turtlesim_catch_them_all
[0.717s] writing list of installed files to '/home/sambhav/ros2_ws/build/turtlesim_catch_them_all/install.log'
[0.736s] Invoked command in '/home/sambhav/ros2_ws/src/turtlesim_catch_them_all' returned '0': CMAKE_PREFIX_PATH=/home/sambhav/ros2_ws/install/my_robot_interfaces:/home/sambhav/ros2_ws/install/my_robot_bringup:/home/sambhav/ros2_ws/install/example_interfaces PYTHONPATH=/home/sambhav/ros2_ws/build/turtlesim_catch_them_all/prefix_override:/home/sambhav/ros2_ws/install/turtlesim_catch_them_all/lib/python3.10/site-packages:${PYTHONPATH} /usr/bin/python3 setup.py egg_info --egg-base ../../build/turtlesim_catch_them_all build --build-base /home/sambhav/ros2_ws/build/turtlesim_catch_them_all/build install --record /home/sambhav/ros2_ws/build/turtlesim_catch_them_all/install.log --single-version-externally-managed
