[0.041s] Invoking command in '/home/sambhav/ros2_ws/build/my_robot_interfaces': CMAKE_PREFIX_PATH=${CMAKE_PREFIX_PATH}:/home/sambhav/ros2_ws/install/my_py_pkg:/opt/ros/humble /usr/bin/cmake --build /home/sambhav/ros2_ws/build/my_robot_interfaces -- -j8 -l8
[0.090s] -- Found ament_cmake: 1.3.7 (/opt/ros/humble/share/ament_cmake/cmake)
[0.186s] -- Override CMake install command with custom implementation using symlinks instead of copying resources
[0.194s] -- Found rosidl_default_generators: 1.2.0 (/opt/ros/humble/share/rosidl_default_generators/cmake)
[0.196s] -- Using all available rosidl_typesupport_c: rosidl_typesupport_fastrtps_c;rosidl_typesupport_introspection_c
[0.198s] -- Found rosidl_adapter: 3.1.5 (/opt/ros/humble/share/rosidl_adapter/cmake)
[0.223s] -- Using all available rosidl_typesupport_cpp: rosidl_typesupport_fastrtps_cpp;rosidl_typesupport_introspection_cpp
[0.245s] -- Found ament_lint_auto: 0.12.10 (/opt/ros/humble/share/ament_lint_auto/cmake)
[0.406s] [31mCMake Error at /opt/ros/humble/share/rosidl_adapter/cmake/rosidl_adapt_interfaces.cmake:59 (message):
[0.406s]   execute_process(/usr/bin/python3.10 -m rosidl_adapter --package-name
[0.406s]   my_robot_interfaces --arguments-file
[0.406s]   /home/sambhav/ros2_ws/build/my_robot_interfaces/rosidl_adapter__arguments__my_robot_interfaces.json
[0.406s]   --output-dir
[0.406s]   /home/sambhav/ros2_ws/build/my_robot_interfaces/rosidl_adapter/my_robot_interfaces
[0.406s]   --output-file
[0.406s]   /home/sambhav/ros2_ws/build/my_robot_interfaces/rosidl_adapter/my_robot_interfaces.idls)
[0.406s]   returned error code 1:
[0.406s] 
[0.407s]   Error processing 'int64 Led_number' of
[0.407s]   'my_robot_interfaces/SetLed_Request': ''Led_number' is an invalid field
[0.407s]   name.  It should have the pattern '^(?!.*__)(?!.*_$)[a-z][a-z0-9_]*$''
[0.407s] 
[0.407s]   Traceback (most recent call last):
[0.407s] 
[0.407s]     File "/usr/lib/python3.10/runpy.py", line 196, in _run_module_as_main
[0.407s]       return _run_code(code, main_globals, None,
[0.407s]     File "/usr/lib/python3.10/runpy.py", line 86, in _run_code
[0.407s]       exec(code, run_globals)
[0.407s]     File "/opt/ros/humble/local/lib/python3.10/dist-packages/rosidl_adapter/__main__.py", line 19, in <module>
[0.407s]       sys.exit(main())
[0.407s]     File "/opt/ros/humble/local/lib/python3.10/dist-packages/rosidl_adapter/main.py", line 53, in main
[0.407s]       abs_idl_file = convert_to_idl(
[0.407s]     File "/opt/ros/humble/local/lib/python3.10/dist-packages/rosidl_adapter/__init__.py", line 24, in convert_to_idl
[0.407s]       return convert_srv_to_idl(
[0.407s]     File "/opt/ros/humble/local/lib/python3.10/dist-packages/rosidl_adapter/srv/__init__.py", line 28, in convert_srv_to_idl
[0.407s]       srv = parse_service_string(package_name, input_file.stem, content)
[0.407s]     File "/opt/ros/humble/local/lib/python3.10/dist-packages/rosidl_adapter/parser.py", line 859, in parse_service_string
[0.407s]       request_message = parse_message_string(
[0.407s]     File "/opt/ros/humble/local/lib/python3.10/dist-packages/rosidl_adapter/parser.py", line 519, in parse_message_string
[0.407s]       fields.append(Field(
[0.408s]     File "/opt/ros/humble/local/lib/python3.10/dist-packages/rosidl_adapter/parser.py", line 354, in __init__
[0.408s]       raise NameError(
[0.408s] 
[0.408s]   NameError: 'Led_number' is an invalid field name.  It should have the
[0.408s]   pattern '^(?!.*__)(?!.*_$)[a-z][a-z0-9_]*$'
[0.408s] 
[0.408s] Call Stack (most recent call first):
[0.408s]   /opt/ros/humble/share/rosidl_cmake/cmake/rosidl_generate_interfaces.cmake:130 (rosidl_adapt_interfaces)
[0.408s]   CMakeLists.txt:26 (rosidl_generate_interfaces)
[0.408s] 
[0.408s] [0m
[0.408s] -- Configuring incomplete, errors occurred!
[0.408s] See also "/home/sambhav/ros2_ws/build/my_robot_interfaces/CMakeFiles/CMakeOutput.log".
[0.411s] gmake: *** [Makefile:1179: cmake_check_build_system] Error 1
[0.412s] Invoked command in '/home/sambhav/ros2_ws/build/my_robot_interfaces' returned '2': CMAKE_PREFIX_PATH=${CMAKE_PREFIX_PATH}:/home/sambhav/ros2_ws/install/my_py_pkg:/opt/ros/humble /usr/bin/cmake --build /home/sambhav/ros2_ws/build/my_robot_interfaces -- -j8 -l8
