[0.129s] Invoking command in '/home/sambhav/ros2_ws/src/build/my_robot_bringup': AMENT_PREFIX_PATH=/home/sambhav/ros2_ws/src/install/my_py_pkg:/home/sambhav/ros2_ws/src/install/my_robot_interfaces:${AMENT_PREFIX_PATH} CMAKE_PREFIX_PATH=/home/sambhav/ros2_ws/src/install/my_robot_interfaces:/home/sambhav/ros2_ws/install/my_robot_bringup:/home/sambhav/ros2_ws/install/my_robot_interfaces:/home/sambhav/ros2_ws/install/my_py_pkg:/opt/ros/humble LD_LIBRARY_PATH=/home/sambhav/ros2_ws/src/install/my_robot_interfaces/lib:${LD_LIBRARY_PATH} PYTHONPATH=/home/sambhav/ros2_ws/src/install/my_py_pkg/lib/python3.10/site-packages:/home/sambhav/ros2_ws/src/install/my_robot_interfaces/local/lib/python3.10/dist-packages:${PYTHONPATH} /usr/bin/cmake /home/sambhav/ros2_ws/src/my_robot_bringup -DCMAKE_INSTALL_PREFIX=/home/sambhav/ros2_ws/src/install/my_robot_bringup
[0.254s] -- The C compiler identification is GNU 11.4.0
[0.358s] -- The CXX compiler identification is GNU 11.4.0
[0.372s] -- Detecting C compiler ABI info
[0.514s] -- Detecting C compiler ABI info - done
[0.535s] -- Check for working C compiler: /usr/bin/cc - skipped
[0.535s] -- Detecting C compile features
[0.536s] -- Detecting C compile features - done
[0.543s] -- Detecting CXX compiler ABI info
[0.731s] -- Detecting CXX compiler ABI info - done
[0.748s] -- Check for working CXX compiler: /usr/bin/c++ - skipped
[0.748s] -- Detecting CXX compile features
[0.749s] -- Detecting CXX compile features - done
[0.758s] -- Found ament_cmake: 1.3.7 (/opt/ros/humble/share/ament_cmake/cmake)
[1.192s] -- Found Python3: /usr/bin/python3.10 (found version "3.10.12") found components: Interpreter 
[1.410s] -- Found ament_lint_auto: 0.12.10 (/opt/ros/humble/share/ament_lint_auto/cmake)
[1.578s] -- Added test 'flake8' to check Python code syntax and style conventions
[1.579s] -- Added test 'lint_cmake' to check CMake code style
[1.580s] -- Added test 'pep257' to check Python code against some of the docstring style conventions in PEP 257
[1.582s] -- Added test 'xmllint' to check XML markup files
[1.585s] -- Configuring done
[1.590s] -- Generating done
[1.593s] -- Build files have been written to: /home/sambhav/ros2_ws/src/build/my_robot_bringup
[1.603s] Invoked command in '/home/sambhav/ros2_ws/src/build/my_robot_bringup' returned '0': AMENT_PREFIX_PATH=/home/sambhav/ros2_ws/src/install/my_py_pkg:/home/sambhav/ros2_ws/src/install/my_robot_interfaces:${AMENT_PREFIX_PATH} CMAKE_PREFIX_PATH=/home/sambhav/ros2_ws/src/install/my_robot_interfaces:/home/sambhav/ros2_ws/install/my_robot_bringup:/home/sambhav/ros2_ws/install/my_robot_interfaces:/home/sambhav/ros2_ws/install/my_py_pkg:/opt/ros/humble LD_LIBRARY_PATH=/home/sambhav/ros2_ws/src/install/my_robot_interfaces/lib:${LD_LIBRARY_PATH} PYTHONPATH=/home/sambhav/ros2_ws/src/install/my_py_pkg/lib/python3.10/site-packages:/home/sambhav/ros2_ws/src/install/my_robot_interfaces/local/lib/python3.10/dist-packages:${PYTHONPATH} /usr/bin/cmake /home/sambhav/ros2_ws/src/my_robot_bringup -DCMAKE_INSTALL_PREFIX=/home/sambhav/ros2_ws/src/install/my_robot_bringup
[1.607s] Invoking command in '/home/sambhav/ros2_ws/src/build/my_robot_bringup': AMENT_PREFIX_PATH=/home/sambhav/ros2_ws/src/install/my_py_pkg:/home/sambhav/ros2_ws/src/install/my_robot_interfaces:${AMENT_PREFIX_PATH} CMAKE_PREFIX_PATH=/home/sambhav/ros2_ws/src/install/my_robot_interfaces:/home/sambhav/ros2_ws/install/my_robot_bringup:/home/sambhav/ros2_ws/install/my_robot_interfaces:/home/sambhav/ros2_ws/install/my_py_pkg:/opt/ros/humble LD_LIBRARY_PATH=/home/sambhav/ros2_ws/src/install/my_robot_interfaces/lib:${LD_LIBRARY_PATH} PYTHONPATH=/home/sambhav/ros2_ws/src/install/my_py_pkg/lib/python3.10/site-packages:/home/sambhav/ros2_ws/src/install/my_robot_interfaces/local/lib/python3.10/dist-packages:${PYTHONPATH} /usr/bin/cmake --build /home/sambhav/ros2_ws/src/build/my_robot_bringup -- -j8 -l8
[1.675s] Invoked command in '/home/sambhav/ros2_ws/src/build/my_robot_bringup' returned '0': AMENT_PREFIX_PATH=/home/sambhav/ros2_ws/src/install/my_py_pkg:/home/sambhav/ros2_ws/src/install/my_robot_interfaces:${AMENT_PREFIX_PATH} CMAKE_PREFIX_PATH=/home/sambhav/ros2_ws/src/install/my_robot_interfaces:/home/sambhav/ros2_ws/install/my_robot_bringup:/home/sambhav/ros2_ws/install/my_robot_interfaces:/home/sambhav/ros2_ws/install/my_py_pkg:/opt/ros/humble LD_LIBRARY_PATH=/home/sambhav/ros2_ws/src/install/my_robot_interfaces/lib:${LD_LIBRARY_PATH} PYTHONPATH=/home/sambhav/ros2_ws/src/install/my_py_pkg/lib/python3.10/site-packages:/home/sambhav/ros2_ws/src/install/my_robot_interfaces/local/lib/python3.10/dist-packages:${PYTHONPATH} /usr/bin/cmake --build /home/sambhav/ros2_ws/src/build/my_robot_bringup -- -j8 -l8
[1.718s] Invoking command in '/home/sambhav/ros2_ws/src/build/my_robot_bringup': AMENT_PREFIX_PATH=/home/sambhav/ros2_ws/src/install/my_py_pkg:/home/sambhav/ros2_ws/src/install/my_robot_interfaces:${AMENT_PREFIX_PATH} CMAKE_PREFIX_PATH=/home/sambhav/ros2_ws/src/install/my_robot_interfaces:/home/sambhav/ros2_ws/install/my_robot_bringup:/home/sambhav/ros2_ws/install/my_robot_interfaces:/home/sambhav/ros2_ws/install/my_py_pkg:/opt/ros/humble LD_LIBRARY_PATH=/home/sambhav/ros2_ws/src/install/my_robot_interfaces/lib:${LD_LIBRARY_PATH} PYTHONPATH=/home/sambhav/ros2_ws/src/install/my_py_pkg/lib/python3.10/site-packages:/home/sambhav/ros2_ws/src/install/my_robot_interfaces/local/lib/python3.10/dist-packages:${PYTHONPATH} /usr/bin/cmake --install /home/sambhav/ros2_ws/src/build/my_robot_bringup
[1.732s] -- Install configuration: ""
[1.732s] -- Installing: /home/sambhav/ros2_ws/src/install/my_robot_bringup/share/my_robot_bringup/launch
[1.733s] -- Installing: /home/sambhav/ros2_ws/src/install/my_robot_bringup/share/my_robot_bringup/launch/number_app.launch.py
[1.733s] -- Installing: /home/sambhav/ros2_ws/src/install/my_robot_bringup/share/ament_index/resource_index/package_run_dependencies/my_robot_bringup
[1.733s] -- Installing: /home/sambhav/ros2_ws/src/install/my_robot_bringup/share/ament_index/resource_index/parent_prefix_path/my_robot_bringup
[1.733s] -- Installing: /home/sambhav/ros2_ws/src/install/my_robot_bringup/share/my_robot_bringup/environment/ament_prefix_path.sh
[1.734s] -- Installing: /home/sambhav/ros2_ws/src/install/my_robot_bringup/share/my_robot_bringup/environment/ament_prefix_path.dsv
[1.734s] -- Installing: /home/sambhav/ros2_ws/src/install/my_robot_bringup/share/my_robot_bringup/environment/path.sh
[1.734s] -- Installing: /home/sambhav/ros2_ws/src/install/my_robot_bringup/share/my_robot_bringup/environment/path.dsv
[1.734s] -- Installing: /home/sambhav/ros2_ws/src/install/my_robot_bringup/share/my_robot_bringup/local_setup.bash
[1.735s] -- Installing: /home/sambhav/ros2_ws/src/install/my_robot_bringup/share/my_robot_bringup/local_setup.sh
[1.735s] -- Installing: /home/sambhav/ros2_ws/src/install/my_robot_bringup/share/my_robot_bringup/local_setup.zsh
[1.735s] -- Installing: /home/sambhav/ros2_ws/src/install/my_robot_bringup/share/my_robot_bringup/local_setup.dsv
[1.735s] -- Installing: /home/sambhav/ros2_ws/src/install/my_robot_bringup/share/my_robot_bringup/package.dsv
[1.736s] -- Installing: /home/sambhav/ros2_ws/src/install/my_robot_bringup/share/ament_index/resource_index/packages/my_robot_bringup
[1.736s] -- Installing: /home/sambhav/ros2_ws/src/install/my_robot_bringup/share/my_robot_bringup/cmake/my_robot_bringupConfig.cmake
[1.736s] -- Installing: /home/sambhav/ros2_ws/src/install/my_robot_bringup/share/my_robot_bringup/cmake/my_robot_bringupConfig-version.cmake
[1.736s] -- Installing: /home/sambhav/ros2_ws/src/install/my_robot_bringup/share/my_robot_bringup/package.xml
[1.740s] Invoked command in '/home/sambhav/ros2_ws/src/build/my_robot_bringup' returned '0': AMENT_PREFIX_PATH=/home/sambhav/ros2_ws/src/install/my_py_pkg:/home/sambhav/ros2_ws/src/install/my_robot_interfaces:${AMENT_PREFIX_PATH} CMAKE_PREFIX_PATH=/home/sambhav/ros2_ws/src/install/my_robot_interfaces:/home/sambhav/ros2_ws/install/my_robot_bringup:/home/sambhav/ros2_ws/install/my_robot_interfaces:/home/sambhav/ros2_ws/install/my_py_pkg:/opt/ros/humble LD_LIBRARY_PATH=/home/sambhav/ros2_ws/src/install/my_robot_interfaces/lib:${LD_LIBRARY_PATH} PYTHONPATH=/home/sambhav/ros2_ws/src/install/my_py_pkg/lib/python3.10/site-packages:/home/sambhav/ros2_ws/src/install/my_robot_interfaces/local/lib/python3.10/dist-packages:${PYTHONPATH} /usr/bin/cmake --install /home/sambhav/ros2_ws/src/build/my_robot_bringup
