gmake: Warning: File 'Makefile' has modification time 16185 s in the future
gmake[1]: Warning: File 'CMakeFiles/Makefile2' has modification time 16185 s in the future
gmake[2]: Warning: File 'CMakeFiles/my_robot_interfaces__cpp.dir/progress.make' has modification time 16185 s in the future
gmake[2]: Warning: File 'CMakeFiles/ament_cmake_python_copy_my_robot_interfaces.dir/progress.make' has modification time 16185 s in the future
gmake[2]: Warning: File 'CMakeFiles/my_robot_interfaces__rosidl_generator_c.dir/progress.make' has modification time 16185 s in the future
gmake[2]: warning:  Clock skew detected.  Your build may be incomplete.
gmake[2]: warning:  Clock skew detected.  Your build may be incomplete.
gmake[2]: warning:  Clock skew detected.  Your build may be incomplete.
gmake[2]: Warning: File 'CMakeFiles/ament_cmake_python_copy_my_robot_interfaces.dir/progress.make' has modification time 16185 s in the future
gmake[2]: Warning: File 'CMakeFiles/my_robot_interfaces__cpp.dir/progress.make' has modification time 16185 s in the future
gmake[2]: warning:  Clock skew detected.  Your build may be incomplete.
gmake[2]: Warning: File 'CMakeFiles/my_robot_interfaces__rosidl_generator_c.dir/progress.make' has modification time 16185 s in the future
gmake[2]: warning:  Clock skew detected.  Your build may be incomplete.
gmake[2]: warning:  Clock skew detected.  Your build may be incomplete.
gmake[2]: Warning: File 'CMakeFiles/my_robot_interfaces__rosidl_typesupport_cpp.dir/progress.make' has modification time 16185 s in the future
gmake[2]: Warning: File 'CMakeFiles/my_robot_interfaces__rosidl_typesupport_introspection_cpp.dir/progress.make' has modification time 16185 s in the future
gmake[2]: Warning: File 'CMakeFiles/my_robot_interfaces__rosidl_typesupport_fastrtps_cpp.dir/progress.make' has modification time 16185 s in the future
gmake[2]: warning:  Clock skew detected.  Your build may be incomplete.
gmake[2]: warning:  Clock skew detected.  Your build may be incomplete.
gmake[2]: warning:  Clock skew detected.  Your build may be incomplete.
gmake[2]: Warning: File 'CMakeFiles/ament_cmake_python_build_my_robot_interfaces_egg.dir/progress.make' has modification time 16185 s in the future
gmake[2]: Warning: File 'CMakeFiles/my_robot_interfaces__rosidl_typesupport_introspection_c.dir/progress.make' has modification time 16185 s in the future
gmake[2]: Warning: File 'CMakeFiles/my_robot_interfaces__rosidl_typesupport_c.dir/progress.make' has modification time 16185 s in the future
gmake[2]: Warning: File 'CMakeFiles/my_robot_interfaces__rosidl_typesupport_fastrtps_c.dir/progress.make' has modification time 16185 s in the future
gmake[2]: Warning: File 'CMakeFiles/my_robot_interfaces__rosidl_typesupport_cpp.dir/progress.make' has modification time 16185 s in the future
gmake[2]: Warning: File 'CMakeFiles/my_robot_interfaces__rosidl_typesupport_introspection_cpp.dir/progress.make' has modification time 16185 s in the future
gmake[2]: warning:  Clock skew detected.  Your build may be incomplete.
gmake[2]: Warning: File 'CMakeFiles/my_robot_interfaces__rosidl_typesupport_fastrtps_cpp.dir/progress.make' has modification time 16185 s in the future
gmake[2]: warning:  Clock skew detected.  Your build may be incomplete.
gmake[2]: warning:  Clock skew detected.  Your build may be incomplete.
gmake[2]: warning:  Clock skew detected.  Your build may be incomplete.
gmake[2]: warning:  Clock skew detected.  Your build may be incomplete.
gmake[2]: warning:  Clock skew detected.  Your build may be incomplete.
gmake[2]: warning:  Clock skew detected.  Your build may be incomplete.
gmake[2]: Warning: File 'CMakeFiles/ament_cmake_python_build_my_robot_interfaces_egg.dir/progress.make' has modification time 16185 s in the future
gmake[2]: Warning: File 'CMakeFiles/my_robot_interfaces__rosidl_typesupport_c.dir/progress.make' has modification time 16185 s in the future
gmake[2]: Warning: File 'CMakeFiles/my_robot_interfaces__rosidl_typesupport_introspection_c.dir/progress.make' has modification time 16185 s in the future
gmake[2]: warning:  Clock skew detected.  Your build may be incomplete.
gmake[2]: warning:  Clock skew detected.  Your build may be incomplete.
gmake[2]: Warning: File 'CMakeFiles/my_robot_interfaces__rosidl_typesupport_fastrtps_c.dir/progress.make' has modification time 16185 s in the future
gmake[2]: warning:  Clock skew detected.  Your build may be incomplete.
gmake[2]: Warning: File 'CMakeFiles/my_robot_interfaces.dir/progress.make' has modification time 16185 s in the future
gmake[2]: warning:  Clock skew detected.  Your build may be incomplete.
gmake[2]: Warning: File 'CMakeFiles/my_robot_interfaces.dir/progress.make' has modification time 16185 s in the future
gmake[2]: warning:  Clock skew detected.  Your build may be incomplete.
gmake[2]: Warning: File 'my_robot_interfaces__py/CMakeFiles/my_robot_interfaces__py.dir/progress.make' has modification time 16185 s in the future
gmake[2]: warning:  Clock skew detected.  Your build may be incomplete.
gmake[2]: Warning: File 'my_robot_interfaces__py/CMakeFiles/my_robot_interfaces__py.dir/progress.make' has modification time 16185 s in the future
gmake[2]: warning:  Clock skew detected.  Your build may be incomplete.
gmake[2]: Warning: File 'CMakeFiles/my_robot_interfaces__rosidl_generator_py.dir/progress.make' has modification time 16185 s in the future
gmake[2]: warning:  Clock skew detected.  Your build may be incomplete.
gmake[2]: Warning: File 'CMakeFiles/my_robot_interfaces__rosidl_generator_py.dir/progress.make' has modification time 16185 s in the future
gmake[2]: warning:  Clock skew detected.  Your build may be incomplete.
gmake[2]: Warning: File 'CMakeFiles/my_robot_interfaces__rosidl_typesupport_fastrtps_c__pyext.dir/progress.make' has modification time 16185 s in the future
gmake[2]: Warning: File 'CMakeFiles/my_robot_interfaces__rosidl_typesupport_c__pyext.dir/progress.make' has modification time 16185 s in the future
gmake[2]: Warning: File 'CMakeFiles/my_robot_interfaces__rosidl_typesupport_introspection_c__pyext.dir/progress.make' has modification time 16185 s in the future
gmake[2]: warning:  Clock skew detected.  Your build may be incomplete.
gmake[2]: warning:  Clock skew detected.  Your build may be incomplete.
gmake[2]: warning:  Clock skew detected.  Your build may be incomplete.
gmake[2]: Warning: File 'CMakeFiles/my_robot_interfaces__rosidl_typesupport_introspection_c__pyext.dir/progress.make' has modification time 16185 s in the future
gmake[2]: Warning: File 'CMakeFiles/my_robot_interfaces__rosidl_typesupport_fastrtps_c__pyext.dir/progress.make' has modification time 16185 s in the future
gmake[2]: Warning: File 'CMakeFiles/my_robot_interfaces__rosidl_typesupport_c__pyext.dir/progress.make' has modification time 16185 s in the future
gmake[2]: warning:  Clock skew detected.  Your build may be incomplete.
gmake[2]: warning:  Clock skew detected.  Your build may be incomplete.
gmake[2]: warning:  Clock skew detected.  Your build may be incomplete.
gmake[2]: warning:  Clock skew detected.  Your build may be incomplete.
gmake[1]: warning:  Clock skew detected.  Your build may be incomplete.
gmake: warning:  Clock skew detected.  Your build may be incomplete.
