[0.042s] Invoking command in '/home/sambhav/ros2_ws/build/my_robot_interfaces': CMAKE_PREFIX_PATH=${CMAKE_PREFIX_PATH}:/home/sambhav/ros2_ws/install/my_py_pkg:/opt/ros/humble /usr/bin/cmake /home/sambhav/ros2_ws/src/my_robot_interfaces -DCMAKE_INSTALL_PREFIX=/home/sambhav/ros2_ws/install/my_robot_interfaces
[0.065s] -- Found ament_cmake: 1.3.7 (/opt/ros/humble/share/ament_cmake/cmake)
[0.163s] -- Override CMake install command with custom implementation using symlinks instead of copying resources
[0.174s] -- Found rosidl_default_generators: 1.2.0 (/opt/ros/humble/share/rosidl_default_generators/cmake)
[0.177s] -- Using all available rosidl_typesupport_c: rosidl_typesupport_fastrtps_c;rosidl_typesupport_introspection_c
[0.180s] -- Found rosidl_adapter: 3.1.5 (/opt/ros/humble/share/rosidl_adapter/cmake)
[0.205s] -- Using all available rosidl_typesupport_cpp: rosidl_typesupport_fastrtps_cpp;rosidl_typesupport_introspection_cpp
[0.227s] -- Found ament_lint_auto: 0.12.10 (/opt/ros/humble/share/ament_lint_auto/cmake)
[0.407s] -- Found ament_cmake_ros: 0.10.0 (/opt/ros/humble/share/ament_cmake_ros/cmake)
[0.534s] -- Using all available rosidl_typesupport_c: rosidl_typesupport_fastrtps_c;rosidl_typesupport_introspection_c
[0.700s] -- Using all available rosidl_typesupport_cpp: rosidl_typesupport_fastrtps_cpp;rosidl_typesupport_introspection_cpp
[0.717s] -- Found python_cmake_module: 0.10.0 (/opt/ros/humble/share/python_cmake_module/cmake)
[0.733s] -- Using PYTHON_EXECUTABLE: /usr/bin/python3
[0.733s] -- Using PYTHON_INCLUDE_DIRS: /usr/include/python3.10
[0.733s] -- Using PYTHON_LIBRARIES: /usr/lib/x86_64-linux-gnu/libpython3.10.so
[0.746s] -- Added test 'lint_cmake' to check CMake code style
[0.747s] -- Added test 'xmllint' to check XML markup files
[0.752s] -- Configuring done
[0.816s] -- Generating done
[0.817s] -- Build files have been written to: /home/sambhav/ros2_ws/build/my_robot_interfaces
[0.822s] Invoked command in '/home/sambhav/ros2_ws/build/my_robot_interfaces' returned '0': CMAKE_PREFIX_PATH=${CMAKE_PREFIX_PATH}:/home/sambhav/ros2_ws/install/my_py_pkg:/opt/ros/humble /usr/bin/cmake /home/sambhav/ros2_ws/src/my_robot_interfaces -DCMAKE_INSTALL_PREFIX=/home/sambhav/ros2_ws/install/my_robot_interfaces
[0.823s] Invoking command in '/home/sambhav/ros2_ws/build/my_robot_interfaces': CMAKE_PREFIX_PATH=${CMAKE_PREFIX_PATH}:/home/sambhav/ros2_ws/install/my_py_pkg:/opt/ros/humble /usr/bin/cmake --build /home/sambhav/ros2_ws/build/my_robot_interfaces -- -j8 -l8
[0.839s] -- Found ament_cmake: 1.3.7 (/opt/ros/humble/share/ament_cmake/cmake)
[0.932s] -- Override CMake install command with custom implementation using symlinks instead of copying resources
[0.935s] -- Found rosidl_default_generators: 1.2.0 (/opt/ros/humble/share/rosidl_default_generators/cmake)
[0.936s] -- Using all available rosidl_typesupport_c: rosidl_typesupport_fastrtps_c;rosidl_typesupport_introspection_c
[0.938s] -- Found rosidl_adapter: 3.1.5 (/opt/ros/humble/share/rosidl_adapter/cmake)
[0.955s] -- Using all available rosidl_typesupport_cpp: rosidl_typesupport_fastrtps_cpp;rosidl_typesupport_introspection_cpp
[0.971s] -- Found ament_lint_auto: 0.12.10 (/opt/ros/humble/share/ament_lint_auto/cmake)
[1.138s] -- Found ament_cmake_ros: 0.10.0 (/opt/ros/humble/share/ament_cmake_ros/cmake)
[1.267s] -- Using all available rosidl_typesupport_c: rosidl_typesupport_fastrtps_c;rosidl_typesupport_introspection_c
[1.426s] -- Using all available rosidl_typesupport_cpp: rosidl_typesupport_fastrtps_cpp;rosidl_typesupport_introspection_cpp
[1.444s] -- Found python_cmake_module: 0.10.0 (/opt/ros/humble/share/python_cmake_module/cmake)
[1.459s] -- Using PYTHON_EXECUTABLE: /usr/bin/python3
[1.459s] -- Using PYTHON_INCLUDE_DIRS: /usr/include/python3.10
[1.459s] -- Using PYTHON_LIBRARIES: /usr/lib/x86_64-linux-gnu/libpython3.10.so
[1.468s] -- Added test 'lint_cmake' to check CMake code style
[1.469s] -- Added test 'xmllint' to check XML markup files
[1.471s] -- Configuring done
[1.487s] -- Generating done
[1.488s] -- Build files have been written to: /home/sambhav/ros2_ws/build/my_robot_interfaces
[1.500s] gmake[2]: Warning: File 'rosidl_adapter/my_robot_interfaces/srv/SetLed.idl' has modification time 18153 s in the future
[1.500s] gmake[2]: Warning: File 'CMakeFiles/ament_cmake_python_symlink_my_robot_interfaces.dir/compiler_depend.make' has modification time 17278 s in the future
[1.505s] [  2%] [34m[1mGenerating C code for ROS interfaces[0m
[1.505s] gmake[2]: warning:  Clock skew detected.  Your build may be incomplete.
[1.506s] gmake[2]: Warning: File 'CMakeFiles/ament_cmake_python_symlink_my_robot_interfaces.dir/compiler_depend.make' has modification time 17278 s in the future
[1.506s] gmake[2]: Warning: File 'rosidl_adapter/my_robot_interfaces/srv/SetLed.idl' has modification time 18153 s in the future
[1.511s] failed to create symbolic link '/home/sambhav/ros2_ws/build/my_robot_interfaces/ament_cmake_python/my_robot_interfaces/my_robot_interfaces' because existing path cannot be removed: Is a directory
[1.511s] [  4%] [34m[1mGenerating C++ code for ROS interfaces[0m
[1.511s] gmake[2]: *** [CMakeFiles/ament_cmake_python_symlink_my_robot_interfaces.dir/build.make:70: CMakeFiles/ament_cmake_python_symlink_my_robot_interfaces] Error 1
[1.511s] gmake[1]: *** [CMakeFiles/Makefile2:421: CMakeFiles/ament_cmake_python_symlink_my_robot_interfaces.dir/all] Error 2
[1.511s] gmake[1]: *** Waiting for unfinished jobs....
[1.771s] gmake[2]: warning:  Clock skew detected.  Your build may be incomplete.
[1.778s] [  4%] Built target my_robot_interfaces__cpp
[1.792s] [35m[1mConsolidate compiler generated dependencies of target my_robot_interfaces__rosidl_generator_c[0m
[1.793s] gmake[2]: warning:  Clock skew detected.  Your build may be incomplete.
[1.794s] gmake[2]: Warning: File 'rosidl_adapter/my_robot_interfaces/srv/SetLed.idl' has modification time 18152 s in the future
[1.799s] [  4%] [34m[1mGenerating C code for ROS interfaces[0m
[2.054s] [  8%] [32mBuilding C object CMakeFiles/my_robot_interfaces__rosidl_generator_c.dir/rosidl_generator_c/my_robot_interfaces/msg/detail/hardware_status__functions.c.o[0m
[2.054s] [  8%] [32mBuilding C object CMakeFiles/my_robot_interfaces__rosidl_generator_c.dir/rosidl_generator_c/my_robot_interfaces/srv/detail/compute_rectangle_area__functions.c.o[0m
[2.059s] [ 10%] [32mBuilding C object CMakeFiles/my_robot_interfaces__rosidl_generator_c.dir/rosidl_generator_c/my_robot_interfaces/srv/detail/set_led__functions.c.o[0m
[2.123s] [ 12%] [32m[1mLinking C shared library libmy_robot_interfaces__rosidl_generator_c.so[0m
[2.147s] gmake[2]: warning:  Clock skew detected.  Your build may be incomplete.
[2.152s] [ 12%] Built target my_robot_interfaces__rosidl_generator_c
[2.153s] gmake: *** [Makefile:146: all] Error 2
[2.154s] Invoked command in '/home/sambhav/ros2_ws/build/my_robot_interfaces' returned '2': CMAKE_PREFIX_PATH=${CMAKE_PREFIX_PATH}:/home/sambhav/ros2_ws/install/my_py_pkg:/opt/ros/humble /usr/bin/cmake --build /home/sambhav/ros2_ws/build/my_robot_interfaces -- -j8 -l8
