[1.326s] Invoking command in '/home/sambhav/ros2_ws/src/turtlesim_catch_them_all': AMENT_PREFIX_PATH=/home/sambhav/ros2_ws/src/install/my_robot_interfaces:${AMENT_PREFIX_PATH} CMAKE_PREFIX_PATH=/home/sambhav/ros2_ws/src/install/my_robot_interfaces:${CMAKE_PREFIX_PATH} LD_LIBRARY_PATH=/home/sambhav/ros2_ws/src/install/my_robot_interfaces/lib:/home/sambhav/ros2_ws/install/my_robot_interfaces/lib:/home/sambhav/ros2_ws/install/example_interfaces/lib:/usr/lib/x86_64-linux-gnu/gazebo-11/plugins:/opt/ros/humble/opt/rviz_ogre_vendor/lib:/opt/ros/humble/lib/x86_64-linux-gnu:/opt/ros/humble/lib:/usr/share/gazebo-11/../../lib/x86_64-linux-gnu/gazebo-11/plugins:/usr/share/gazebo-11/../../lib/x86_64-linux-gnu/gazebo-11/plugins:/usr/share/gazebo-11/../../lib/x86_64-linux-gnu/gazebo-11/plugins PYTHONPATH=/home/sambhav/ros2_ws/src/build/turtlesim_catch_them_all/prefix_override:/home/sambhav/ros2_ws/src/install/turtlesim_catch_them_all/lib/python3.10/site-packages:/home/sambhav/ros2_ws/src/install/my_robot_interfaces/local/lib/python3.10/dist-packages:${PYTHONPATH} /usr/bin/python3 -W ignore:setup.py install is deprecated setup.py egg_info --egg-base ../build/turtlesim_catch_them_all build --build-base /home/sambhav/ros2_ws/src/build/turtlesim_catch_them_all/build install --record /home/sambhav/ros2_ws/src/build/turtlesim_catch_them_all/install.log --single-version-externally-managed install_data
[1.630s] running egg_info
[1.631s] writing ../build/turtlesim_catch_them_all/turtlesim_catch_them_all.egg-info/PKG-INFO
[1.632s] writing dependency_links to ../build/turtlesim_catch_them_all/turtlesim_catch_them_all.egg-info/dependency_links.txt
[1.632s] writing entry points to ../build/turtlesim_catch_them_all/turtlesim_catch_them_all.egg-info/entry_points.txt
[1.632s] writing requirements to ../build/turtlesim_catch_them_all/turtlesim_catch_them_all.egg-info/requires.txt
[1.632s] writing top-level names to ../build/turtlesim_catch_them_all/turtlesim_catch_them_all.egg-info/top_level.txt
[1.634s] reading manifest file '../build/turtlesim_catch_them_all/turtlesim_catch_them_all.egg-info/SOURCES.txt'
[1.638s] writing manifest file '../build/turtlesim_catch_them_all/turtlesim_catch_them_all.egg-info/SOURCES.txt'
[1.639s] running build
[1.639s] running build_py
[1.639s] copying turtlesim_catch_them_all/turtle_spawner.py -> /home/sambhav/ros2_ws/src/build/turtlesim_catch_them_all/build/lib/turtlesim_catch_them_all
[1.640s] copying turtlesim_catch_them_all/turtle_controller.py -> /home/sambhav/ros2_ws/src/build/turtlesim_catch_them_all/build/lib/turtlesim_catch_them_all
[1.640s] running install
[1.641s] running install_lib
[1.642s] copying /home/sambhav/ros2_ws/src/build/turtlesim_catch_them_all/build/lib/turtlesim_catch_them_all/turtle_spawner.py -> /home/sambhav/ros2_ws/src/install/turtlesim_catch_them_all/lib/python3.10/site-packages/turtlesim_catch_them_all
[1.642s] copying /home/sambhav/ros2_ws/src/build/turtlesim_catch_them_all/build/lib/turtlesim_catch_them_all/turtle_controller.py -> /home/sambhav/ros2_ws/src/install/turtlesim_catch_them_all/lib/python3.10/site-packages/turtlesim_catch_them_all
[1.644s] byte-compiling /home/sambhav/ros2_ws/src/install/turtlesim_catch_them_all/lib/python3.10/site-packages/turtlesim_catch_them_all/turtle_spawner.py to turtle_spawner.cpython-310.pyc
[1.645s] byte-compiling /home/sambhav/ros2_ws/src/install/turtlesim_catch_them_all/lib/python3.10/site-packages/turtlesim_catch_them_all/turtle_controller.py to turtle_controller.cpython-310.pyc
[1.647s] running install_data
[1.647s] running install_egg_info
[1.649s] removing '/home/sambhav/ros2_ws/src/install/turtlesim_catch_them_all/lib/python3.10/site-packages/turtlesim_catch_them_all-0.0.0-py3.10.egg-info' (and everything under it)
[1.650s] Copying ../build/turtlesim_catch_them_all/turtlesim_catch_them_all.egg-info to /home/sambhav/ros2_ws/src/install/turtlesim_catch_them_all/lib/python3.10/site-packages/turtlesim_catch_them_all-0.0.0-py3.10.egg-info
[1.651s] running install_scripts
[1.671s] Installing turtle_controller script to /home/sambhav/ros2_ws/src/install/turtlesim_catch_them_all/lib/turtlesim_catch_them_all
[1.671s] Installing turtle_spawner script to /home/sambhav/ros2_ws/src/install/turtlesim_catch_them_all/lib/turtlesim_catch_them_all
[1.671s] writing list of installed files to '/home/sambhav/ros2_ws/src/build/turtlesim_catch_them_all/install.log'
[1.702s] Invoked command in '/home/sambhav/ros2_ws/src/turtlesim_catch_them_all' returned '0': AMENT_PREFIX_PATH=/home/sambhav/ros2_ws/src/install/my_robot_interfaces:${AMENT_PREFIX_PATH} CMAKE_PREFIX_PATH=/home/sambhav/ros2_ws/src/install/my_robot_interfaces:${CMAKE_PREFIX_PATH} LD_LIBRARY_PATH=/home/sambhav/ros2_ws/src/install/my_robot_interfaces/lib:/home/sambhav/ros2_ws/install/my_robot_interfaces/lib:/home/sambhav/ros2_ws/install/example_interfaces/lib:/usr/lib/x86_64-linux-gnu/gazebo-11/plugins:/opt/ros/humble/opt/rviz_ogre_vendor/lib:/opt/ros/humble/lib/x86_64-linux-gnu:/opt/ros/humble/lib:/usr/share/gazebo-11/../../lib/x86_64-linux-gnu/gazebo-11/plugins:/usr/share/gazebo-11/../../lib/x86_64-linux-gnu/gazebo-11/plugins:/usr/share/gazebo-11/../../lib/x86_64-linux-gnu/gazebo-11/plugins PYTHONPATH=/home/sambhav/ros2_ws/src/build/turtlesim_catch_them_all/prefix_override:/home/sambhav/ros2_ws/src/install/turtlesim_catch_them_all/lib/python3.10/site-packages:/home/sambhav/ros2_ws/src/install/my_robot_interfaces/local/lib/python3.10/dist-packages:${PYTHONPATH} /usr/bin/python3 -W ignore:setup.py install is deprecated setup.py egg_info --egg-base ../build/turtlesim_catch_them_all build --build-base /home/sambhav/ros2_ws/src/build/turtlesim_catch_them_all/build install --record /home/sambhav/ros2_ws/src/build/turtlesim_catch_them_all/install.log --single-version-externally-managed install_data
