[0.542s] Invoking command in '/home/sambhav/ros2_ws/src/my_py_pkg': CMAKE_PREFIX_PATH=/home/sambhav/ros2_ws/install/my_robot_interfaces:/home/sambhav/ros2_ws/install/my_robot_bringup LD_LIBRARY_PATH=/home/sambhav/ros2_ws/install/my_robot_interfaces/lib:/usr/lib/x86_64-linux-gnu/gazebo-11/plugins:/opt/ros/humble/opt/rviz_ogre_vendor/lib:/opt/ros/humble/lib/x86_64-linux-gnu:/opt/ros/humble/lib PYTHONPATH=/home/sambhav/ros2_ws/build/my_py_pkg/prefix_override:/home/sambhav/ros2_ws/install/my_py_pkg/lib/python3.10/site-packages:${PYTHONPATH} /usr/bin/python3 setup.py egg_info --egg-base ../../build/my_py_pkg build --build-base /home/sambhav/ros2_ws/build/my_py_pkg/build install --record /home/sambhav/ros2_ws/build/my_py_pkg/install.log --single-version-externally-managed
[0.696s] running egg_info
[0.696s] writing ../../build/my_py_pkg/my_py_pkg.egg-info/PKG-INFO
[0.696s] writing dependency_links to ../../build/my_py_pkg/my_py_pkg.egg-info/dependency_links.txt
[0.696s] writing entry points to ../../build/my_py_pkg/my_py_pkg.egg-info/entry_points.txt
[0.696s] writing requirements to ../../build/my_py_pkg/my_py_pkg.egg-info/requires.txt
[0.696s] writing top-level names to ../../build/my_py_pkg/my_py_pkg.egg-info/top_level.txt
[0.697s] reading manifest file '../../build/my_py_pkg/my_py_pkg.egg-info/SOURCES.txt'
[0.698s] writing manifest file '../../build/my_py_pkg/my_py_pkg.egg-info/SOURCES.txt'
[0.698s] running build
[0.698s] running build_py
[0.698s] copying my_py_pkg/Battery_node.py -> /home/sambhav/ros2_ws/build/my_py_pkg/build/lib/my_py_pkg
[0.698s] running install
[0.699s] running install_lib
[0.699s] copying /home/sambhav/ros2_ws/build/my_py_pkg/build/lib/my_py_pkg/Battery_node.py -> /home/sambhav/ros2_ws/install/my_py_pkg/lib/python3.10/site-packages/my_py_pkg
[0.700s] byte-compiling /home/sambhav/ros2_ws/install/my_py_pkg/lib/python3.10/site-packages/my_py_pkg/Battery_node.py to Battery_node.cpython-310.pyc
[0.700s] running install_data
[0.701s] running install_egg_info
[0.702s] removing '/home/sambhav/ros2_ws/install/my_py_pkg/lib/python3.10/site-packages/my_py_pkg-0.0.0-py3.10.egg-info' (and everything under it)
[0.702s] Copying ../../build/my_py_pkg/my_py_pkg.egg-info to /home/sambhav/ros2_ws/install/my_py_pkg/lib/python3.10/site-packages/my_py_pkg-0.0.0-py3.10.egg-info
[0.702s] running install_scripts
[0.715s] Installing add_two_ints_client script to /home/sambhav/ros2_ws/install/my_py_pkg/lib/my_py_pkg
[0.715s] Installing add_two_ints_client_no_oop script to /home/sambhav/ros2_ws/install/my_py_pkg/lib/my_py_pkg
[0.715s] Installing add_two_ints_server script to /home/sambhav/ros2_ws/install/my_py_pkg/lib/my_py_pkg
[0.715s] Installing battery_node script to /home/sambhav/ros2_ws/install/my_py_pkg/lib/my_py_pkg
[0.715s] Installing hw_status_publisher script to /home/sambhav/ros2_ws/install/my_py_pkg/lib/my_py_pkg
[0.715s] Installing led_panel_node script to /home/sambhav/ros2_ws/install/my_py_pkg/lib/my_py_pkg
[0.716s] Installing number_counter script to /home/sambhav/ros2_ws/install/my_py_pkg/lib/my_py_pkg
[0.716s] Installing number_publisher script to /home/sambhav/ros2_ws/install/my_py_pkg/lib/my_py_pkg
[0.716s] Installing py_node script to /home/sambhav/ros2_ws/install/my_py_pkg/lib/my_py_pkg
[0.716s] Installing robot_news_station script to /home/sambhav/ros2_ws/install/my_py_pkg/lib/my_py_pkg
[0.716s] Installing smartphone script to /home/sambhav/ros2_ws/install/my_py_pkg/lib/my_py_pkg
[0.716s] writing list of installed files to '/home/sambhav/ros2_ws/build/my_py_pkg/install.log'
[0.734s] Invoked command in '/home/sambhav/ros2_ws/src/my_py_pkg' returned '0': CMAKE_PREFIX_PATH=/home/sambhav/ros2_ws/install/my_robot_interfaces:/home/sambhav/ros2_ws/install/my_robot_bringup LD_LIBRARY_PATH=/home/sambhav/ros2_ws/install/my_robot_interfaces/lib:/usr/lib/x86_64-linux-gnu/gazebo-11/plugins:/opt/ros/humble/opt/rviz_ogre_vendor/lib:/opt/ros/humble/lib/x86_64-linux-gnu:/opt/ros/humble/lib PYTHONPATH=/home/sambhav/ros2_ws/build/my_py_pkg/prefix_override:/home/sambhav/ros2_ws/install/my_py_pkg/lib/python3.10/site-packages:${PYTHONPATH} /usr/bin/python3 setup.py egg_info --egg-base ../../build/my_py_pkg build --build-base /home/sambhav/ros2_ws/build/my_py_pkg/build install --record /home/sambhav/ros2_ws/build/my_py_pkg/install.log --single-version-externally-managed
