[0.643s] DEBUG:colcon:Command line arguments: ['/usr/bin/colcon', 'build']
[0.643s] DEBUG:colcon:Parsed command line arguments: Namespace(log_base=None, log_level=None, verb_name='build', build_base='build', install_base='install', merge_install=False, symlink_install=False, test_result_base=None, continue_on_error=False, executor='parallel', parallel_workers=8, event_handlers=None, ignore_user_meta=False, metas=['./colcon.meta'], base_paths=['.'], packages_ignore=None, packages_ignore_regex=None, paths=None, packages_up_to=None, packages_up_to_regex=None, packages_above=None, packages_above_and_dependencies=None, packages_above_depth=None, packages_select_by_dep=None, packages_skip_by_dep=None, packages_skip_up_to=None, packages_select_build_failed=False, packages_skip_build_finished=False, packages_select_test_failures=False, packages_skip_test_passed=False, packages_select=None, packages_skip=None, packages_select_regex=None, packages_skip_regex=None, packages_start=None, packages_end=None, allow_overriding=[], cmake_args=None, cmake_target=None, cmake_target_skip_unavailable=False, cmake_clean_cache=False, cmake_clean_first=False, cmake_force_configure=False, ament_cmake_args=None, catkin_cmake_args=None, catkin_skip_building_tests=False, verb_parser=<colcon_defaults.argument_parser.defaults.DefaultArgumentsDecorator object at 0x7f9b319882e0>, verb_extension=<colcon_core.verb.build.BuildVerb object at 0x7f9b31dd3d60>, main=<bound method BuildVerb.main of <colcon_core.verb.build.BuildVerb object at 0x7f9b31dd3d60>>)
[0.672s] Level 1:colcon.colcon_core.package_discovery:discover_packages(colcon_meta) check parameters
[0.672s] Level 1:colcon.colcon_core.package_discovery:discover_packages(recursive) check parameters
[0.672s] Level 1:colcon.colcon_core.package_discovery:discover_packages(ignore) check parameters
[0.672s] Level 1:colcon.colcon_core.package_discovery:discover_packages(path) check parameters
[0.672s] Level 1:colcon.colcon_core.package_discovery:discover_packages(colcon_meta) discover
[0.672s] Level 1:colcon.colcon_core.package_discovery:discover_packages(recursive) discover
[0.672s] INFO:colcon.colcon_core.package_discovery:Crawling recursively for packages in '/home/sambhav/ros2_ws'
[0.672s] Level 1:colcon.colcon_core.package_identification:_identify(.) by extensions ['ignore', 'ignore_ament_install']
[0.672s] Level 1:colcon.colcon_core.package_identification:_identify(.) by extension 'ignore'
[0.672s] Level 1:colcon.colcon_core.package_identification:_identify(.) by extension 'ignore_ament_install'
[0.672s] Level 1:colcon.colcon_core.package_identification:_identify(.) by extensions ['colcon_pkg']
[0.672s] Level 1:colcon.colcon_core.package_identification:_identify(.) by extension 'colcon_pkg'
[0.672s] Level 1:colcon.colcon_core.package_identification:_identify(.) by extensions ['colcon_meta']
[0.672s] Level 1:colcon.colcon_core.package_identification:_identify(.) by extension 'colcon_meta'
[0.672s] Level 1:colcon.colcon_core.package_identification:_identify(.) by extensions ['ros']
[0.672s] Level 1:colcon.colcon_core.package_identification:_identify(.) by extension 'ros'
[0.680s] Level 1:colcon.colcon_core.package_identification:_identify(.) by extensions ['cmake', 'python']
[0.680s] Level 1:colcon.colcon_core.package_identification:_identify(.) by extension 'cmake'
[0.680s] Level 1:colcon.colcon_core.package_identification:_identify(.) by extension 'python'
[0.680s] Level 1:colcon.colcon_core.package_identification:_identify(.) by extensions ['python_setup_py']
[0.680s] Level 1:colcon.colcon_core.package_identification:_identify(.) by extension 'python_setup_py'
[0.680s] Level 1:colcon.colcon_core.package_identification:_identify(build) by extensions ['ignore', 'ignore_ament_install']
[0.680s] Level 1:colcon.colcon_core.package_identification:_identify(build) by extension 'ignore'
[0.680s] Level 1:colcon.colcon_core.package_identification:_identify(build) ignored
[0.680s] Level 1:colcon.colcon_core.package_identification:_identify(install) by extensions ['ignore', 'ignore_ament_install']
[0.680s] Level 1:colcon.colcon_core.package_identification:_identify(install) by extension 'ignore'
[0.680s] Level 1:colcon.colcon_core.package_identification:_identify(install) ignored
[0.681s] Level 1:colcon.colcon_core.package_identification:_identify(log) by extensions ['ignore', 'ignore_ament_install']
[0.681s] Level 1:colcon.colcon_core.package_identification:_identify(log) by extension 'ignore'
[0.681s] Level 1:colcon.colcon_core.package_identification:_identify(log) ignored
[0.681s] Level 1:colcon.colcon_core.package_identification:_identify(src) by extensions ['ignore', 'ignore_ament_install']
[0.681s] Level 1:colcon.colcon_core.package_identification:_identify(src) by extension 'ignore'
[0.681s] Level 1:colcon.colcon_core.package_identification:_identify(src) by extension 'ignore_ament_install'
[0.681s] Level 1:colcon.colcon_core.package_identification:_identify(src) by extensions ['colcon_pkg']
[0.681s] Level 1:colcon.colcon_core.package_identification:_identify(src) by extension 'colcon_pkg'
[0.681s] Level 1:colcon.colcon_core.package_identification:_identify(src) by extensions ['colcon_meta']
[0.681s] Level 1:colcon.colcon_core.package_identification:_identify(src) by extension 'colcon_meta'
[0.681s] Level 1:colcon.colcon_core.package_identification:_identify(src) by extensions ['ros']
[0.681s] Level 1:colcon.colcon_core.package_identification:_identify(src) by extension 'ros'
[0.681s] Level 1:colcon.colcon_core.package_identification:_identify(src) by extensions ['cmake', 'python']
[0.681s] Level 1:colcon.colcon_core.package_identification:_identify(src) by extension 'cmake'
[0.681s] Level 1:colcon.colcon_core.package_identification:_identify(src) by extension 'python'
[0.681s] Level 1:colcon.colcon_core.package_identification:_identify(src) by extensions ['python_setup_py']
[0.681s] Level 1:colcon.colcon_core.package_identification:_identify(src) by extension 'python_setup_py'
[0.681s] Level 1:colcon.colcon_core.package_identification:_identify(src/build) by extensions ['ignore', 'ignore_ament_install']
[0.681s] Level 1:colcon.colcon_core.package_identification:_identify(src/build) by extension 'ignore'
[0.681s] Level 1:colcon.colcon_core.package_identification:_identify(src/build) ignored
[0.681s] Level 1:colcon.colcon_core.package_identification:_identify(src/install) by extensions ['ignore', 'ignore_ament_install']
[0.681s] Level 1:colcon.colcon_core.package_identification:_identify(src/install) by extension 'ignore'
[0.681s] Level 1:colcon.colcon_core.package_identification:_identify(src/install) ignored
[0.681s] Level 1:colcon.colcon_core.package_identification:_identify(src/log) by extensions ['ignore', 'ignore_ament_install']
[0.681s] Level 1:colcon.colcon_core.package_identification:_identify(src/log) by extension 'ignore'
[0.681s] Level 1:colcon.colcon_core.package_identification:_identify(src/log) ignored
[0.681s] Level 1:colcon.colcon_core.package_identification:_identify(src/my_py_pkg) by extensions ['ignore', 'ignore_ament_install']
[0.682s] Level 1:colcon.colcon_core.package_identification:_identify(src/my_py_pkg) by extension 'ignore'
[0.682s] Level 1:colcon.colcon_core.package_identification:_identify(src/my_py_pkg) by extension 'ignore_ament_install'
[0.682s] Level 1:colcon.colcon_core.package_identification:_identify(src/my_py_pkg) by extensions ['colcon_pkg']
[0.682s] Level 1:colcon.colcon_core.package_identification:_identify(src/my_py_pkg) by extension 'colcon_pkg'
[0.682s] Level 1:colcon.colcon_core.package_identification:_identify(src/my_py_pkg) by extensions ['colcon_meta']
[0.682s] Level 1:colcon.colcon_core.package_identification:_identify(src/my_py_pkg) by extension 'colcon_meta'
[0.682s] Level 1:colcon.colcon_core.package_identification:_identify(src/my_py_pkg) by extensions ['ros']
[0.682s] Level 1:colcon.colcon_core.package_identification:_identify(src/my_py_pkg) by extension 'ros'
[0.684s] DEBUG:colcon.colcon_core.package_identification:Package 'src/my_py_pkg' with type 'ros.ament_python' and name 'my_py_pkg'
[0.684s] Level 1:colcon.colcon_core.package_identification:_identify(src/my_robot_bringup) by extensions ['ignore', 'ignore_ament_install']
[0.684s] Level 1:colcon.colcon_core.package_identification:_identify(src/my_robot_bringup) by extension 'ignore'
[0.684s] Level 1:colcon.colcon_core.package_identification:_identify(src/my_robot_bringup) by extension 'ignore_ament_install'
[0.684s] Level 1:colcon.colcon_core.package_identification:_identify(src/my_robot_bringup) by extensions ['colcon_pkg']
[0.684s] Level 1:colcon.colcon_core.package_identification:_identify(src/my_robot_bringup) by extension 'colcon_pkg'
[0.684s] Level 1:colcon.colcon_core.package_identification:_identify(src/my_robot_bringup) by extensions ['colcon_meta']
[0.684s] Level 1:colcon.colcon_core.package_identification:_identify(src/my_robot_bringup) by extension 'colcon_meta'
[0.684s] Level 1:colcon.colcon_core.package_identification:_identify(src/my_robot_bringup) by extensions ['ros']
[0.684s] Level 1:colcon.colcon_core.package_identification:_identify(src/my_robot_bringup) by extension 'ros'
[0.684s] DEBUG:colcon.colcon_core.package_identification:Package 'src/my_robot_bringup' with type 'ros.ament_cmake' and name 'my_robot_bringup'
[0.684s] Level 1:colcon.colcon_core.package_identification:_identify(src/my_robot_interfaces) by extensions ['ignore', 'ignore_ament_install']
[0.684s] Level 1:colcon.colcon_core.package_identification:_identify(src/my_robot_interfaces) by extension 'ignore'
[0.684s] Level 1:colcon.colcon_core.package_identification:_identify(src/my_robot_interfaces) by extension 'ignore_ament_install'
[0.684s] Level 1:colcon.colcon_core.package_identification:_identify(src/my_robot_interfaces) by extensions ['colcon_pkg']
[0.684s] Level 1:colcon.colcon_core.package_identification:_identify(src/my_robot_interfaces) by extension 'colcon_pkg'
[0.684s] Level 1:colcon.colcon_core.package_identification:_identify(src/my_robot_interfaces) by extensions ['colcon_meta']
[0.684s] Level 1:colcon.colcon_core.package_identification:_identify(src/my_robot_interfaces) by extension 'colcon_meta'
[0.685s] Level 1:colcon.colcon_core.package_identification:_identify(src/my_robot_interfaces) by extensions ['ros']
[0.685s] Level 1:colcon.colcon_core.package_identification:_identify(src/my_robot_interfaces) by extension 'ros'
[0.685s] DEBUG:colcon.colcon_core.package_identification:Package 'src/my_robot_interfaces' with type 'ros.ament_cmake' and name 'my_robot_interfaces'
[0.685s] Level 1:colcon.colcon_core.package_identification:_identify(src/turtlesim_catch_them_all) by extensions ['ignore', 'ignore_ament_install']
[0.685s] Level 1:colcon.colcon_core.package_identification:_identify(src/turtlesim_catch_them_all) by extension 'ignore'
[0.685s] Level 1:colcon.colcon_core.package_identification:_identify(src/turtlesim_catch_them_all) by extension 'ignore_ament_install'
[0.685s] Level 1:colcon.colcon_core.package_identification:_identify(src/turtlesim_catch_them_all) by extensions ['colcon_pkg']
[0.685s] Level 1:colcon.colcon_core.package_identification:_identify(src/turtlesim_catch_them_all) by extension 'colcon_pkg'
[0.685s] Level 1:colcon.colcon_core.package_identification:_identify(src/turtlesim_catch_them_all) by extensions ['colcon_meta']
[0.685s] Level 1:colcon.colcon_core.package_identification:_identify(src/turtlesim_catch_them_all) by extension 'colcon_meta'
[0.685s] Level 1:colcon.colcon_core.package_identification:_identify(src/turtlesim_catch_them_all) by extensions ['ros']
[0.685s] Level 1:colcon.colcon_core.package_identification:_identify(src/turtlesim_catch_them_all) by extension 'ros'
[0.685s] DEBUG:colcon.colcon_core.package_identification:Package 'src/turtlesim_catch_them_all' with type 'ros.ament_python' and name 'turtlesim_catch_them_all'
[0.686s] Level 1:colcon.colcon_core.package_discovery:discover_packages(recursive) using defaults
[0.686s] Level 1:colcon.colcon_core.package_discovery:discover_packages(ignore) discover
[0.686s] Level 1:colcon.colcon_core.package_discovery:discover_packages(ignore) using defaults
[0.686s] Level 1:colcon.colcon_core.package_discovery:discover_packages(path) discover
[0.686s] Level 1:colcon.colcon_core.package_discovery:discover_packages(path) using defaults
[0.744s] Level 1:colcon.colcon_core.package_discovery:discover_packages(prefix_path) check parameters
[0.744s] Level 1:colcon.colcon_core.package_discovery:discover_packages(prefix_path) discover
[0.763s] DEBUG:colcon.colcon_installed_package_information.package_discovery:Found 4 installed packages in /home/sambhav/ros2_ws/install
[0.783s] DEBUG:colcon.colcon_installed_package_information.package_discovery:Found 334 installed packages in /opt/ros/humble
[0.784s] Level 1:colcon.colcon_core.package_discovery:discover_packages(prefix_path) using defaults
[0.845s] Level 5:colcon.colcon_core.verb:set package 'my_robot_interfaces' build argument 'cmake_args' from command line to 'None'
[0.845s] Level 5:colcon.colcon_core.verb:set package 'my_robot_interfaces' build argument 'cmake_target' from command line to 'None'
[0.845s] Level 5:colcon.colcon_core.verb:set package 'my_robot_interfaces' build argument 'cmake_target_skip_unavailable' from command line to 'False'
[0.845s] Level 5:colcon.colcon_core.verb:set package 'my_robot_interfaces' build argument 'cmake_clean_cache' from command line to 'False'
[0.845s] Level 5:colcon.colcon_core.verb:set package 'my_robot_interfaces' build argument 'cmake_clean_first' from command line to 'False'
[0.845s] Level 5:colcon.colcon_core.verb:set package 'my_robot_interfaces' build argument 'cmake_force_configure' from command line to 'False'
[0.845s] Level 5:colcon.colcon_core.verb:set package 'my_robot_interfaces' build argument 'ament_cmake_args' from command line to 'None'
[0.845s] Level 5:colcon.colcon_core.verb:set package 'my_robot_interfaces' build argument 'catkin_cmake_args' from command line to 'None'
[0.845s] Level 5:colcon.colcon_core.verb:set package 'my_robot_interfaces' build argument 'catkin_skip_building_tests' from command line to 'False'
[0.845s] DEBUG:colcon.colcon_core.verb:Building package 'my_robot_interfaces' with the following arguments: {'ament_cmake_args': None, 'build_base': '/home/sambhav/ros2_ws/build/my_robot_interfaces', 'catkin_cmake_args': None, 'catkin_skip_building_tests': False, 'cmake_args': None, 'cmake_clean_cache': False, 'cmake_clean_first': False, 'cmake_force_configure': False, 'cmake_target': None, 'cmake_target_skip_unavailable': False, 'install_base': '/home/sambhav/ros2_ws/install/my_robot_interfaces', 'merge_install': False, 'path': '/home/sambhav/ros2_ws/src/my_robot_interfaces', 'symlink_install': False, 'test_result_base': None}
[0.855s] Level 5:colcon.colcon_core.verb:set package 'turtlesim_catch_them_all' build argument 'cmake_args' from command line to 'None'
[0.855s] Level 5:colcon.colcon_core.verb:set package 'turtlesim_catch_them_all' build argument 'cmake_target' from command line to 'None'
[0.855s] Level 5:colcon.colcon_core.verb:set package 'turtlesim_catch_them_all' build argument 'cmake_target_skip_unavailable' from command line to 'False'
[0.855s] Level 5:colcon.colcon_core.verb:set package 'turtlesim_catch_them_all' build argument 'cmake_clean_cache' from command line to 'False'
[0.855s] Level 5:colcon.colcon_core.verb:set package 'turtlesim_catch_them_all' build argument 'cmake_clean_first' from command line to 'False'
[0.855s] Level 5:colcon.colcon_core.verb:set package 'turtlesim_catch_them_all' build argument 'cmake_force_configure' from command line to 'False'
[0.855s] Level 5:colcon.colcon_core.verb:set package 'turtlesim_catch_them_all' build argument 'ament_cmake_args' from command line to 'None'
[0.855s] Level 5:colcon.colcon_core.verb:set package 'turtlesim_catch_them_all' build argument 'catkin_cmake_args' from command line to 'None'
[0.855s] Level 5:colcon.colcon_core.verb:set package 'turtlesim_catch_them_all' build argument 'catkin_skip_building_tests' from command line to 'False'
[0.855s] DEBUG:colcon.colcon_core.verb:Building package 'turtlesim_catch_them_all' with the following arguments: {'ament_cmake_args': None, 'build_base': '/home/sambhav/ros2_ws/build/turtlesim_catch_them_all', 'catkin_cmake_args': None, 'catkin_skip_building_tests': False, 'cmake_args': None, 'cmake_clean_cache': False, 'cmake_clean_first': False, 'cmake_force_configure': False, 'cmake_target': None, 'cmake_target_skip_unavailable': False, 'install_base': '/home/sambhav/ros2_ws/install/turtlesim_catch_them_all', 'merge_install': False, 'path': '/home/sambhav/ros2_ws/src/turtlesim_catch_them_all', 'symlink_install': False, 'test_result_base': None}
[0.864s] Level 5:colcon.colcon_core.verb:set package 'my_py_pkg' build argument 'cmake_args' from command line to 'None'
[0.864s] Level 5:colcon.colcon_core.verb:set package 'my_py_pkg' build argument 'cmake_target' from command line to 'None'
[0.864s] Level 5:colcon.colcon_core.verb:set package 'my_py_pkg' build argument 'cmake_target_skip_unavailable' from command line to 'False'
[0.864s] Level 5:colcon.colcon_core.verb:set package 'my_py_pkg' build argument 'cmake_clean_cache' from command line to 'False'
[0.864s] Level 5:colcon.colcon_core.verb:set package 'my_py_pkg' build argument 'cmake_clean_first' from command line to 'False'
[0.864s] Level 5:colcon.colcon_core.verb:set package 'my_py_pkg' build argument 'cmake_force_configure' from command line to 'False'
[0.864s] Level 5:colcon.colcon_core.verb:set package 'my_py_pkg' build argument 'ament_cmake_args' from command line to 'None'
[0.864s] Level 5:colcon.colcon_core.verb:set package 'my_py_pkg' build argument 'catkin_cmake_args' from command line to 'None'
[0.864s] Level 5:colcon.colcon_core.verb:set package 'my_py_pkg' build argument 'catkin_skip_building_tests' from command line to 'False'
[0.864s] DEBUG:colcon.colcon_core.verb:Building package 'my_py_pkg' with the following arguments: {'ament_cmake_args': None, 'build_base': '/home/sambhav/ros2_ws/build/my_py_pkg', 'catkin_cmake_args': None, 'catkin_skip_building_tests': False, 'cmake_args': None, 'cmake_clean_cache': False, 'cmake_clean_first': False, 'cmake_force_configure': False, 'cmake_target': None, 'cmake_target_skip_unavailable': False, 'install_base': '/home/sambhav/ros2_ws/install/my_py_pkg', 'merge_install': False, 'path': '/home/sambhav/ros2_ws/src/my_py_pkg', 'symlink_install': False, 'test_result_base': None}
[0.874s] Level 5:colcon.colcon_core.verb:set package 'my_robot_bringup' build argument 'cmake_args' from command line to 'None'
[0.874s] Level 5:colcon.colcon_core.verb:set package 'my_robot_bringup' build argument 'cmake_target' from command line to 'None'
[0.874s] Level 5:colcon.colcon_core.verb:set package 'my_robot_bringup' build argument 'cmake_target_skip_unavailable' from command line to 'False'
[0.874s] Level 5:colcon.colcon_core.verb:set package 'my_robot_bringup' build argument 'cmake_clean_cache' from command line to 'False'
[0.874s] Level 5:colcon.colcon_core.verb:set package 'my_robot_bringup' build argument 'cmake_clean_first' from command line to 'False'
[0.874s] Level 5:colcon.colcon_core.verb:set package 'my_robot_bringup' build argument 'cmake_force_configure' from command line to 'False'
[0.874s] Level 5:colcon.colcon_core.verb:set package 'my_robot_bringup' build argument 'ament_cmake_args' from command line to 'None'
[0.874s] Level 5:colcon.colcon_core.verb:set package 'my_robot_bringup' build argument 'catkin_cmake_args' from command line to 'None'
[0.874s] Level 5:colcon.colcon_core.verb:set package 'my_robot_bringup' build argument 'catkin_skip_building_tests' from command line to 'False'
[0.874s] DEBUG:colcon.colcon_core.verb:Building package 'my_robot_bringup' with the following arguments: {'ament_cmake_args': None, 'build_base': '/home/sambhav/ros2_ws/build/my_robot_bringup', 'catkin_cmake_args': None, 'catkin_skip_building_tests': False, 'cmake_args': None, 'cmake_clean_cache': False, 'cmake_clean_first': False, 'cmake_force_configure': False, 'cmake_target': None, 'cmake_target_skip_unavailable': False, 'install_base': '/home/sambhav/ros2_ws/install/my_robot_bringup', 'merge_install': False, 'path': '/home/sambhav/ros2_ws/src/my_robot_bringup', 'symlink_install': False, 'test_result_base': None}
[0.883s] INFO:colcon.colcon_core.executor:Executing jobs using 'parallel' executor
[0.893s] DEBUG:colcon.colcon_parallel_executor.executor.parallel:run_until_complete
[0.893s] INFO:colcon.colcon_ros.task.ament_cmake.build:Building ROS package in '/home/sambhav/ros2_ws/src/my_robot_interfaces' with build type 'ament_cmake'
[0.893s] INFO:colcon.colcon_cmake.task.cmake.build:Building CMake package in '/home/sambhav/ros2_ws/src/my_robot_interfaces'
[0.904s] INFO:colcon.colcon_core.plugin_system:Skipping extension 'colcon_core.shell.bat': Not used on non-Windows systems
[0.904s] INFO:colcon.colcon_core.shell:Skip shell extension 'powershell' for command environment: Not usable outside of PowerShell
[0.904s] DEBUG:colcon.colcon_core.shell:Skip shell extension 'dsv' for command environment
[0.934s] INFO:colcon.colcon_ros.task.ament_python.build:Building ROS package in '/home/sambhav/ros2_ws/src/turtlesim_catch_them_all' with build type 'ament_python'
[0.934s] Level 1:colcon.colcon_core.shell:create_environment_hook('turtlesim_catch_them_all', 'ament_prefix_path')
[0.944s] INFO:colcon.colcon_core.shell:Creating environment hook '/home/sambhav/ros2_ws/install/turtlesim_catch_them_all/share/turtlesim_catch_them_all/hook/ament_prefix_path.ps1'
[0.944s] INFO:colcon.colcon_core.shell:Creating environment descriptor '/home/sambhav/ros2_ws/install/turtlesim_catch_them_all/share/turtlesim_catch_them_all/hook/ament_prefix_path.dsv'
[0.944s] INFO:colcon.colcon_core.shell:Creating environment hook '/home/sambhav/ros2_ws/install/turtlesim_catch_them_all/share/turtlesim_catch_them_all/hook/ament_prefix_path.sh'
[0.955s] INFO:colcon.colcon_core.shell:Skip shell extension 'powershell' for command environment: Not usable outside of PowerShell
[0.956s] DEBUG:colcon.colcon_core.shell:Skip shell extension 'dsv' for command environment
[0.989s] DEBUG:colcon.colcon_core.event_handler.log_command:Invoking command in '/home/sambhav/ros2_ws/build/my_robot_interfaces': CMAKE_PREFIX_PATH=${CMAKE_PREFIX_PATH}:/home/sambhav/ros2_ws/install/turtlesim_catch_them_all:/home/sambhav/ros2_ws/install/my_py_pkg:/opt/ros/humble /usr/bin/cmake --build /home/sambhav/ros2_ws/build/my_robot_interfaces -- -j8 -l8
[1.195s] INFO:colcon.colcon_core.task.python.build:Building Python package in '/home/sambhav/ros2_ws/src/turtlesim_catch_them_all'
[1.205s] INFO:colcon.colcon_core.shell:Skip shell extension 'powershell' for command environment: Not usable outside of PowerShell
[1.205s] DEBUG:colcon.colcon_core.shell:Skip shell extension 'dsv' for command environment
[1.250s] DEBUG:colcon.colcon_core.event_handler.log_command:Invoked command in '/home/sambhav/ros2_ws/build/my_robot_interfaces' returned '0': CMAKE_PREFIX_PATH=${CMAKE_PREFIX_PATH}:/home/sambhav/ros2_ws/install/turtlesim_catch_them_all:/home/sambhav/ros2_ws/install/my_py_pkg:/opt/ros/humble /usr/bin/cmake --build /home/sambhav/ros2_ws/build/my_robot_interfaces -- -j8 -l8
[1.325s] DEBUG:colcon.colcon_core.event_handler.log_command:Invoking command in '/home/sambhav/ros2_ws/build/my_robot_interfaces': CMAKE_PREFIX_PATH=${CMAKE_PREFIX_PATH}:/home/sambhav/ros2_ws/install/turtlesim_catch_them_all:/home/sambhav/ros2_ws/install/my_py_pkg:/opt/ros/humble /usr/bin/cmake --install /home/sambhav/ros2_ws/build/my_robot_interfaces
[1.360s] Level 1:colcon.colcon_core.environment:create_environment_scripts_only(my_robot_interfaces)
[1.362s] DEBUG:colcon.colcon_core.event_handler.log_command:Invoked command in '/home/sambhav/ros2_ws/build/my_robot_interfaces' returned '0': CMAKE_PREFIX_PATH=${CMAKE_PREFIX_PATH}:/home/sambhav/ros2_ws/install/turtlesim_catch_them_all:/home/sambhav/ros2_ws/install/my_py_pkg:/opt/ros/humble /usr/bin/cmake --install /home/sambhav/ros2_ws/build/my_robot_interfaces
[1.372s] Level 1:colcon.colcon_core.environment:checking '/home/sambhav/ros2_ws/install/my_robot_interfaces' for CMake module files
[1.373s] Level 1:colcon.colcon_core.environment:checking '/home/sambhav/ros2_ws/install/my_robot_interfaces' for CMake config files
[1.373s] Level 1:colcon.colcon_core.shell:create_environment_hook('my_robot_interfaces', 'cmake_prefix_path')
[1.382s] INFO:colcon.colcon_core.shell:Creating environment hook '/home/sambhav/ros2_ws/install/my_robot_interfaces/share/my_robot_interfaces/hook/cmake_prefix_path.ps1'
[1.382s] INFO:colcon.colcon_core.shell:Creating environment descriptor '/home/sambhav/ros2_ws/install/my_robot_interfaces/share/my_robot_interfaces/hook/cmake_prefix_path.dsv'
[1.382s] INFO:colcon.colcon_core.shell:Creating environment hook '/home/sambhav/ros2_ws/install/my_robot_interfaces/share/my_robot_interfaces/hook/cmake_prefix_path.sh'
[1.383s] Level 1:colcon.colcon_core.environment:checking '/home/sambhav/ros2_ws/install/my_robot_interfaces/lib'
[1.383s] Level 1:colcon.colcon_core.shell:create_environment_hook('my_robot_interfaces', 'ld_library_path_lib')
[1.392s] INFO:colcon.colcon_core.shell:Creating environment hook '/home/sambhav/ros2_ws/install/my_robot_interfaces/share/my_robot_interfaces/hook/ld_library_path_lib.ps1'
[1.392s] INFO:colcon.colcon_core.shell:Creating environment descriptor '/home/sambhav/ros2_ws/install/my_robot_interfaces/share/my_robot_interfaces/hook/ld_library_path_lib.dsv'
[1.393s] INFO:colcon.colcon_core.shell:Creating environment hook '/home/sambhav/ros2_ws/install/my_robot_interfaces/share/my_robot_interfaces/hook/ld_library_path_lib.sh'
[1.393s] Level 1:colcon.colcon_core.environment:checking '/home/sambhav/ros2_ws/install/my_robot_interfaces/bin'
[1.393s] Level 1:colcon.colcon_core.environment:checking '/home/sambhav/ros2_ws/install/my_robot_interfaces/lib/pkgconfig/my_robot_interfaces.pc'
[1.393s] Level 1:colcon.colcon_core.environment:checking '/home/sambhav/ros2_ws/install/my_robot_interfaces/lib/python3.10/site-packages'
[1.393s] Level 1:colcon.colcon_core.environment:checking '/home/sambhav/ros2_ws/install/my_robot_interfaces/bin'
[1.403s] INFO:colcon.colcon_core.shell:Creating package script '/home/sambhav/ros2_ws/install/my_robot_interfaces/share/my_robot_interfaces/package.ps1'
[1.404s] INFO:colcon.colcon_core.shell:Creating package descriptor '/home/sambhav/ros2_ws/install/my_robot_interfaces/share/my_robot_interfaces/package.dsv'
[1.404s] INFO:colcon.colcon_core.shell:Creating package script '/home/sambhav/ros2_ws/install/my_robot_interfaces/share/my_robot_interfaces/package.sh'
[1.404s] INFO:colcon.colcon_core.shell:Creating package script '/home/sambhav/ros2_ws/install/my_robot_interfaces/share/my_robot_interfaces/package.bash'
[1.405s] INFO:colcon.colcon_core.shell:Creating package script '/home/sambhav/ros2_ws/install/my_robot_interfaces/share/my_robot_interfaces/package.zsh'
[1.405s] Level 1:colcon.colcon_core.environment:create_file_with_runtime_dependencies(/home/sambhav/ros2_ws/install/my_robot_interfaces/share/colcon-core/packages/my_robot_interfaces)
[1.482s] Level 1:colcon.colcon_core.environment:create_environment_scripts_only(my_robot_interfaces)
[1.491s] Level 1:colcon.colcon_core.environment:checking '/home/sambhav/ros2_ws/install/my_robot_interfaces' for CMake module files
[1.492s] Level 1:colcon.colcon_core.environment:checking '/home/sambhav/ros2_ws/install/my_robot_interfaces' for CMake config files
[1.492s] Level 1:colcon.colcon_core.shell:create_environment_hook('my_robot_interfaces', 'cmake_prefix_path')
[1.502s] INFO:colcon.colcon_core.shell:Creating environment hook '/home/sambhav/ros2_ws/install/my_robot_interfaces/share/my_robot_interfaces/hook/cmake_prefix_path.ps1'
[1.502s] INFO:colcon.colcon_core.shell:Creating environment descriptor '/home/sambhav/ros2_ws/install/my_robot_interfaces/share/my_robot_interfaces/hook/cmake_prefix_path.dsv'
[1.503s] INFO:colcon.colcon_core.shell:Creating environment hook '/home/sambhav/ros2_ws/install/my_robot_interfaces/share/my_robot_interfaces/hook/cmake_prefix_path.sh'
[1.503s] Level 1:colcon.colcon_core.environment:checking '/home/sambhav/ros2_ws/install/my_robot_interfaces/lib'
[1.503s] Level 1:colcon.colcon_core.shell:create_environment_hook('my_robot_interfaces', 'ld_library_path_lib')
[1.512s] INFO:colcon.colcon_core.shell:Creating environment hook '/home/sambhav/ros2_ws/install/my_robot_interfaces/share/my_robot_interfaces/hook/ld_library_path_lib.ps1'
[1.512s] INFO:colcon.colcon_core.shell:Creating environment descriptor '/home/sambhav/ros2_ws/install/my_robot_interfaces/share/my_robot_interfaces/hook/ld_library_path_lib.dsv'
[1.512s] INFO:colcon.colcon_core.shell:Creating environment hook '/home/sambhav/ros2_ws/install/my_robot_interfaces/share/my_robot_interfaces/hook/ld_library_path_lib.sh'
[1.513s] Level 1:colcon.colcon_core.environment:checking '/home/sambhav/ros2_ws/install/my_robot_interfaces/bin'
[1.513s] Level 1:colcon.colcon_core.environment:checking '/home/sambhav/ros2_ws/install/my_robot_interfaces/lib/pkgconfig/my_robot_interfaces.pc'
[1.513s] Level 1:colcon.colcon_core.environment:checking '/home/sambhav/ros2_ws/install/my_robot_interfaces/lib/python3.10/site-packages'
[1.513s] Level 1:colcon.colcon_core.environment:checking '/home/sambhav/ros2_ws/install/my_robot_interfaces/bin'
[1.522s] INFO:colcon.colcon_core.shell:Creating package script '/home/sambhav/ros2_ws/install/my_robot_interfaces/share/my_robot_interfaces/package.ps1'
[1.523s] INFO:colcon.colcon_core.shell:Creating package descriptor '/home/sambhav/ros2_ws/install/my_robot_interfaces/share/my_robot_interfaces/package.dsv'
[1.523s] INFO:colcon.colcon_core.shell:Creating package script '/home/sambhav/ros2_ws/install/my_robot_interfaces/share/my_robot_interfaces/package.sh'
[1.523s] INFO:colcon.colcon_core.shell:Creating package script '/home/sambhav/ros2_ws/install/my_robot_interfaces/share/my_robot_interfaces/package.bash'
[1.523s] INFO:colcon.colcon_core.shell:Creating package script '/home/sambhav/ros2_ws/install/my_robot_interfaces/share/my_robot_interfaces/package.zsh'
[1.524s] Level 1:colcon.colcon_core.environment:create_file_with_runtime_dependencies(/home/sambhav/ros2_ws/install/my_robot_interfaces/share/colcon-core/packages/my_robot_interfaces)
[1.524s] INFO:colcon.colcon_ros.task.ament_python.build:Building ROS package in '/home/sambhav/ros2_ws/src/my_py_pkg' with build type 'ament_python'
[1.524s] Level 1:colcon.colcon_core.shell:create_environment_hook('my_py_pkg', 'ament_prefix_path')
[1.533s] INFO:colcon.colcon_core.shell:Creating environment hook '/home/sambhav/ros2_ws/install/my_py_pkg/share/my_py_pkg/hook/ament_prefix_path.ps1'
[1.534s] INFO:colcon.colcon_core.shell:Creating environment descriptor '/home/sambhav/ros2_ws/install/my_py_pkg/share/my_py_pkg/hook/ament_prefix_path.dsv'
[1.534s] INFO:colcon.colcon_core.shell:Creating environment hook '/home/sambhav/ros2_ws/install/my_py_pkg/share/my_py_pkg/hook/ament_prefix_path.sh'
[1.543s] INFO:colcon.colcon_core.shell:Skip shell extension 'powershell' for command environment: Not usable outside of PowerShell
[1.543s] DEBUG:colcon.colcon_core.shell:Skip shell extension 'dsv' for command environment
[1.574s] DEBUG:colcon.colcon_core.event_handler.log_command:Invoking command in '/home/sambhav/ros2_ws/src/turtlesim_catch_them_all': PYTHONPATH=/home/sambhav/ros2_ws/build/turtlesim_catch_them_all/prefix_override:/home/sambhav/ros2_ws/install/turtlesim_catch_them_all/lib/python3.10/site-packages:${PYTHONPATH} /usr/bin/python3 setup.py egg_info --egg-base ../../build/turtlesim_catch_them_all build --build-base /home/sambhav/ros2_ws/build/turtlesim_catch_them_all/build install --record /home/sambhav/ros2_ws/build/turtlesim_catch_them_all/install.log --single-version-externally-managed
[1.760s] INFO:colcon.colcon_core.task.python.build:Building Python package in '/home/sambhav/ros2_ws/src/my_py_pkg'
[1.771s] INFO:colcon.colcon_core.shell:Skip shell extension 'powershell' for command environment: Not usable outside of PowerShell
[1.771s] DEBUG:colcon.colcon_core.shell:Skip shell extension 'dsv' for command environment
[1.802s] DEBUG:colcon.colcon_core.event_handler.log_command:Invoked command in '/home/sambhav/ros2_ws/src/turtlesim_catch_them_all' returned '0': PYTHONPATH=/home/sambhav/ros2_ws/build/turtlesim_catch_them_all/prefix_override:/home/sambhav/ros2_ws/install/turtlesim_catch_them_all/lib/python3.10/site-packages:${PYTHONPATH} /usr/bin/python3 setup.py egg_info --egg-base ../../build/turtlesim_catch_them_all build --build-base /home/sambhav/ros2_ws/build/turtlesim_catch_them_all/build install --record /home/sambhav/ros2_ws/build/turtlesim_catch_them_all/install.log --single-version-externally-managed
[1.811s] Level 1:colcon.colcon_core.environment:checking '/home/sambhav/ros2_ws/install/turtlesim_catch_them_all' for CMake module files
[1.811s] Level 1:colcon.colcon_core.environment:checking '/home/sambhav/ros2_ws/install/turtlesim_catch_them_all' for CMake config files
[1.812s] Level 1:colcon.colcon_core.environment:checking '/home/sambhav/ros2_ws/install/turtlesim_catch_them_all/lib'
[1.812s] Level 1:colcon.colcon_core.environment:checking '/home/sambhav/ros2_ws/install/turtlesim_catch_them_all/bin'
[1.812s] Level 1:colcon.colcon_core.environment:checking '/home/sambhav/ros2_ws/install/turtlesim_catch_them_all/lib/pkgconfig/turtlesim_catch_them_all.pc'
[1.812s] Level 1:colcon.colcon_core.environment:checking '/home/sambhav/ros2_ws/install/turtlesim_catch_them_all/lib/python3.10/site-packages'
[1.812s] Level 1:colcon.colcon_core.shell:create_environment_hook('turtlesim_catch_them_all', 'pythonpath')
[1.821s] INFO:colcon.colcon_core.shell:Creating environment hook '/home/sambhav/ros2_ws/install/turtlesim_catch_them_all/share/turtlesim_catch_them_all/hook/pythonpath.ps1'
[1.821s] INFO:colcon.colcon_core.shell:Creating environment descriptor '/home/sambhav/ros2_ws/install/turtlesim_catch_them_all/share/turtlesim_catch_them_all/hook/pythonpath.dsv'
[1.821s] INFO:colcon.colcon_core.shell:Creating environment hook '/home/sambhav/ros2_ws/install/turtlesim_catch_them_all/share/turtlesim_catch_them_all/hook/pythonpath.sh'
[1.822s] Level 1:colcon.colcon_core.environment:checking '/home/sambhav/ros2_ws/install/turtlesim_catch_them_all/bin'
[1.822s] Level 1:colcon.colcon_core.environment:create_environment_scripts_only(turtlesim_catch_them_all)
[1.831s] INFO:colcon.colcon_core.shell:Creating package script '/home/sambhav/ros2_ws/install/turtlesim_catch_them_all/share/turtlesim_catch_them_all/package.ps1'
[1.831s] INFO:colcon.colcon_core.shell:Creating package descriptor '/home/sambhav/ros2_ws/install/turtlesim_catch_them_all/share/turtlesim_catch_them_all/package.dsv'
[1.832s] INFO:colcon.colcon_core.shell:Creating package script '/home/sambhav/ros2_ws/install/turtlesim_catch_them_all/share/turtlesim_catch_them_all/package.sh'
[1.832s] INFO:colcon.colcon_core.shell:Creating package script '/home/sambhav/ros2_ws/install/turtlesim_catch_them_all/share/turtlesim_catch_them_all/package.bash'
[1.832s] INFO:colcon.colcon_core.shell:Creating package script '/home/sambhav/ros2_ws/install/turtlesim_catch_them_all/share/turtlesim_catch_them_all/package.zsh'
[1.832s] Level 1:colcon.colcon_core.environment:create_file_with_runtime_dependencies(/home/sambhav/ros2_ws/install/turtlesim_catch_them_all/share/colcon-core/packages/turtlesim_catch_them_all)
[2.073s] DEBUG:colcon.colcon_core.event_handler.log_command:Invoking command in '/home/sambhav/ros2_ws/src/my_py_pkg': CMAKE_PREFIX_PATH=/home/sambhav/ros2_ws/install/my_robot_interfaces:/home/sambhav/ros2_ws/install/my_robot_bringup PYTHONPATH=/home/sambhav/ros2_ws/build/my_py_pkg/prefix_override:/home/sambhav/ros2_ws/install/my_py_pkg/lib/python3.10/site-packages:${PYTHONPATH} /usr/bin/python3 setup.py egg_info --egg-base ../../build/my_py_pkg build --build-base /home/sambhav/ros2_ws/build/my_py_pkg/build install --record /home/sambhav/ros2_ws/build/my_py_pkg/install.log --single-version-externally-managed
[2.272s] DEBUG:colcon.colcon_core.event_handler.log_command:Invoked command in '/home/sambhav/ros2_ws/src/my_py_pkg' returned '0': CMAKE_PREFIX_PATH=/home/sambhav/ros2_ws/install/my_robot_interfaces:/home/sambhav/ros2_ws/install/my_robot_bringup PYTHONPATH=/home/sambhav/ros2_ws/build/my_py_pkg/prefix_override:/home/sambhav/ros2_ws/install/my_py_pkg/lib/python3.10/site-packages:${PYTHONPATH} /usr/bin/python3 setup.py egg_info --egg-base ../../build/my_py_pkg build --build-base /home/sambhav/ros2_ws/build/my_py_pkg/build install --record /home/sambhav/ros2_ws/build/my_py_pkg/install.log --single-version-externally-managed
[2.281s] Level 1:colcon.colcon_core.environment:checking '/home/sambhav/ros2_ws/install/my_py_pkg' for CMake module files
[2.282s] Level 1:colcon.colcon_core.environment:checking '/home/sambhav/ros2_ws/install/my_py_pkg' for CMake config files
[2.282s] Level 1:colcon.colcon_core.environment:checking '/home/sambhav/ros2_ws/install/my_py_pkg/lib'
[2.282s] Level 1:colcon.colcon_core.environment:checking '/home/sambhav/ros2_ws/install/my_py_pkg/bin'
[2.282s] Level 1:colcon.colcon_core.environment:checking '/home/sambhav/ros2_ws/install/my_py_pkg/lib/pkgconfig/my_py_pkg.pc'
[2.282s] Level 1:colcon.colcon_core.environment:checking '/home/sambhav/ros2_ws/install/my_py_pkg/lib/python3.10/site-packages'
[2.282s] Level 1:colcon.colcon_core.shell:create_environment_hook('my_py_pkg', 'pythonpath')
[2.291s] INFO:colcon.colcon_core.shell:Creating environment hook '/home/sambhav/ros2_ws/install/my_py_pkg/share/my_py_pkg/hook/pythonpath.ps1'
[2.291s] INFO:colcon.colcon_core.shell:Creating environment descriptor '/home/sambhav/ros2_ws/install/my_py_pkg/share/my_py_pkg/hook/pythonpath.dsv'
[2.292s] INFO:colcon.colcon_core.shell:Creating environment hook '/home/sambhav/ros2_ws/install/my_py_pkg/share/my_py_pkg/hook/pythonpath.sh'
[2.292s] Level 1:colcon.colcon_core.environment:checking '/home/sambhav/ros2_ws/install/my_py_pkg/bin'
[2.292s] Level 1:colcon.colcon_core.environment:create_environment_scripts_only(my_py_pkg)
[2.301s] INFO:colcon.colcon_core.shell:Creating package script '/home/sambhav/ros2_ws/install/my_py_pkg/share/my_py_pkg/package.ps1'
[2.301s] INFO:colcon.colcon_core.shell:Creating package descriptor '/home/sambhav/ros2_ws/install/my_py_pkg/share/my_py_pkg/package.dsv'
[2.302s] INFO:colcon.colcon_core.shell:Creating package script '/home/sambhav/ros2_ws/install/my_py_pkg/share/my_py_pkg/package.sh'
[2.302s] INFO:colcon.colcon_core.shell:Creating package script '/home/sambhav/ros2_ws/install/my_py_pkg/share/my_py_pkg/package.bash'
[2.302s] INFO:colcon.colcon_core.shell:Creating package script '/home/sambhav/ros2_ws/install/my_py_pkg/share/my_py_pkg/package.zsh'
[2.302s] Level 1:colcon.colcon_core.environment:create_file_with_runtime_dependencies(/home/sambhav/ros2_ws/install/my_py_pkg/share/colcon-core/packages/my_py_pkg)
[2.302s] INFO:colcon.colcon_ros.task.ament_cmake.build:Building ROS package in '/home/sambhav/ros2_ws/src/my_robot_bringup' with build type 'ament_cmake'
[2.302s] INFO:colcon.colcon_cmake.task.cmake.build:Building CMake package in '/home/sambhav/ros2_ws/src/my_robot_bringup'
[2.313s] INFO:colcon.colcon_core.shell:Skip shell extension 'powershell' for command environment: Not usable outside of PowerShell
[2.313s] DEBUG:colcon.colcon_core.shell:Skip shell extension 'dsv' for command environment
[2.347s] DEBUG:colcon.colcon_core.event_handler.log_command:Invoking command in '/home/sambhav/ros2_ws/build/my_robot_bringup': AMENT_PREFIX_PATH=/home/sambhav/ros2_ws/install/my_py_pkg:/home/sambhav/ros2_ws/install/turtlesim_catch_them_all:/home/sambhav/ros2_ws/install/my_robot_bringup:/home/sambhav/ros2_ws/install/my_robot_interfaces:/opt/ros/humble CMAKE_PREFIX_PATH=/home/sambhav/ros2_ws/install/my_robot_interfaces:/home/sambhav/ros2_ws/install/my_robot_bringup:/home/sambhav/ros2_ws/install/turtlesim_catch_them_all:/home/sambhav/ros2_ws/install/my_py_pkg:/opt/ros/humble PYTHONPATH=/home/sambhav/ros2_ws/install/my_py_pkg/lib/python3.10/site-packages:/home/sambhav/ros2_ws/install/turtlesim_catch_them_all/lib/python3.10/site-packages:/home/sambhav/ros2_ws/install/my_robot_interfaces/local/lib/python3.10/dist-packages:/opt/ros/humble/lib/python3.10/site-packages:/opt/ros/humble/local/lib/python3.10/dist-packages /usr/bin/cmake --build /home/sambhav/ros2_ws/build/my_robot_bringup -- -j8 -l8
[2.375s] DEBUG:colcon.colcon_core.event_handler.log_command:Invoked command in '/home/sambhav/ros2_ws/build/my_robot_bringup' returned '0': AMENT_PREFIX_PATH=/home/sambhav/ros2_ws/install/my_py_pkg:/home/sambhav/ros2_ws/install/turtlesim_catch_them_all:/home/sambhav/ros2_ws/install/my_robot_bringup:/home/sambhav/ros2_ws/install/my_robot_interfaces:/opt/ros/humble CMAKE_PREFIX_PATH=/home/sambhav/ros2_ws/install/my_robot_interfaces:/home/sambhav/ros2_ws/install/my_robot_bringup:/home/sambhav/ros2_ws/install/turtlesim_catch_them_all:/home/sambhav/ros2_ws/install/my_py_pkg:/opt/ros/humble PYTHONPATH=/home/sambhav/ros2_ws/install/my_py_pkg/lib/python3.10/site-packages:/home/sambhav/ros2_ws/install/turtlesim_catch_them_all/lib/python3.10/site-packages:/home/sambhav/ros2_ws/install/my_robot_interfaces/local/lib/python3.10/dist-packages:/opt/ros/humble/lib/python3.10/site-packages:/opt/ros/humble/local/lib/python3.10/dist-packages /usr/bin/cmake --build /home/sambhav/ros2_ws/build/my_robot_bringup -- -j8 -l8
[2.391s] DEBUG:colcon.colcon_core.event_handler.log_command:Invoking command in '/home/sambhav/ros2_ws/build/my_robot_bringup': AMENT_PREFIX_PATH=/home/sambhav/ros2_ws/install/my_py_pkg:/home/sambhav/ros2_ws/install/turtlesim_catch_them_all:/home/sambhav/ros2_ws/install/my_robot_bringup:/home/sambhav/ros2_ws/install/my_robot_interfaces:/opt/ros/humble CMAKE_PREFIX_PATH=/home/sambhav/ros2_ws/install/my_robot_interfaces:/home/sambhav/ros2_ws/install/my_robot_bringup:/home/sambhav/ros2_ws/install/turtlesim_catch_them_all:/home/sambhav/ros2_ws/install/my_py_pkg:/opt/ros/humble PYTHONPATH=/home/sambhav/ros2_ws/install/my_py_pkg/lib/python3.10/site-packages:/home/sambhav/ros2_ws/install/turtlesim_catch_them_all/lib/python3.10/site-packages:/home/sambhav/ros2_ws/install/my_robot_interfaces/local/lib/python3.10/dist-packages:/opt/ros/humble/lib/python3.10/site-packages:/opt/ros/humble/local/lib/python3.10/dist-packages /usr/bin/cmake --install /home/sambhav/ros2_ws/build/my_robot_bringup
[2.406s] Level 1:colcon.colcon_core.environment:create_environment_scripts_only(my_robot_bringup)
[2.406s] DEBUG:colcon.colcon_core.event_handler.log_command:Invoked command in '/home/sambhav/ros2_ws/build/my_robot_bringup' returned '0': AMENT_PREFIX_PATH=/home/sambhav/ros2_ws/install/my_py_pkg:/home/sambhav/ros2_ws/install/turtlesim_catch_them_all:/home/sambhav/ros2_ws/install/my_robot_bringup:/home/sambhav/ros2_ws/install/my_robot_interfaces:/opt/ros/humble CMAKE_PREFIX_PATH=/home/sambhav/ros2_ws/install/my_robot_interfaces:/home/sambhav/ros2_ws/install/my_robot_bringup:/home/sambhav/ros2_ws/install/turtlesim_catch_them_all:/home/sambhav/ros2_ws/install/my_py_pkg:/opt/ros/humble PYTHONPATH=/home/sambhav/ros2_ws/install/my_py_pkg/lib/python3.10/site-packages:/home/sambhav/ros2_ws/install/turtlesim_catch_them_all/lib/python3.10/site-packages:/home/sambhav/ros2_ws/install/my_robot_interfaces/local/lib/python3.10/dist-packages:/opt/ros/humble/lib/python3.10/site-packages:/opt/ros/humble/local/lib/python3.10/dist-packages /usr/bin/cmake --install /home/sambhav/ros2_ws/build/my_robot_bringup
[2.419s] Level 1:colcon.colcon_core.environment:checking '/home/sambhav/ros2_ws/install/my_robot_bringup' for CMake module files
[2.419s] Level 1:colcon.colcon_core.environment:checking '/home/sambhav/ros2_ws/install/my_robot_bringup' for CMake config files
[2.419s] Level 1:colcon.colcon_core.shell:create_environment_hook('my_robot_bringup', 'cmake_prefix_path')
[2.428s] INFO:colcon.colcon_core.shell:Creating environment hook '/home/sambhav/ros2_ws/install/my_robot_bringup/share/my_robot_bringup/hook/cmake_prefix_path.ps1'
[2.428s] INFO:colcon.colcon_core.shell:Creating environment descriptor '/home/sambhav/ros2_ws/install/my_robot_bringup/share/my_robot_bringup/hook/cmake_prefix_path.dsv'
[2.429s] INFO:colcon.colcon_core.shell:Creating environment hook '/home/sambhav/ros2_ws/install/my_robot_bringup/share/my_robot_bringup/hook/cmake_prefix_path.sh'
[2.429s] Level 1:colcon.colcon_core.environment:checking '/home/sambhav/ros2_ws/install/my_robot_bringup/bin'
[2.429s] Level 1:colcon.colcon_core.environment:checking '/home/sambhav/ros2_ws/install/my_robot_bringup/lib/pkgconfig/my_robot_bringup.pc'
[2.429s] Level 1:colcon.colcon_core.environment:checking '/home/sambhav/ros2_ws/install/my_robot_bringup/lib/python3.10/site-packages'
[2.429s] Level 1:colcon.colcon_core.environment:checking '/home/sambhav/ros2_ws/install/my_robot_bringup/bin'
[2.448s] INFO:colcon.colcon_core.shell:Creating package script '/home/sambhav/ros2_ws/install/my_robot_bringup/share/my_robot_bringup/package.ps1'
[2.448s] INFO:colcon.colcon_core.shell:Creating package descriptor '/home/sambhav/ros2_ws/install/my_robot_bringup/share/my_robot_bringup/package.dsv'
[2.448s] INFO:colcon.colcon_core.shell:Creating package script '/home/sambhav/ros2_ws/install/my_robot_bringup/share/my_robot_bringup/package.sh'
[2.448s] INFO:colcon.colcon_core.shell:Creating package script '/home/sambhav/ros2_ws/install/my_robot_bringup/share/my_robot_bringup/package.bash'
[2.449s] INFO:colcon.colcon_core.shell:Creating package script '/home/sambhav/ros2_ws/install/my_robot_bringup/share/my_robot_bringup/package.zsh'
[2.449s] Level 1:colcon.colcon_core.environment:create_file_with_runtime_dependencies(/home/sambhav/ros2_ws/install/my_robot_bringup/share/colcon-core/packages/my_robot_bringup)
[2.472s] Level 1:colcon.colcon_core.environment:create_environment_scripts_only(my_robot_bringup)
[2.481s] Level 1:colcon.colcon_core.environment:checking '/home/sambhav/ros2_ws/install/my_robot_bringup' for CMake module files
[2.481s] Level 1:colcon.colcon_core.environment:checking '/home/sambhav/ros2_ws/install/my_robot_bringup' for CMake config files
[2.482s] Level 1:colcon.colcon_core.shell:create_environment_hook('my_robot_bringup', 'cmake_prefix_path')
[2.491s] INFO:colcon.colcon_core.shell:Creating environment hook '/home/sambhav/ros2_ws/install/my_robot_bringup/share/my_robot_bringup/hook/cmake_prefix_path.ps1'
[2.491s] INFO:colcon.colcon_core.shell:Creating environment descriptor '/home/sambhav/ros2_ws/install/my_robot_bringup/share/my_robot_bringup/hook/cmake_prefix_path.dsv'
[2.491s] INFO:colcon.colcon_core.shell:Creating environment hook '/home/sambhav/ros2_ws/install/my_robot_bringup/share/my_robot_bringup/hook/cmake_prefix_path.sh'
[2.491s] Level 1:colcon.colcon_core.environment:checking '/home/sambhav/ros2_ws/install/my_robot_bringup/bin'
[2.491s] Level 1:colcon.colcon_core.environment:checking '/home/sambhav/ros2_ws/install/my_robot_bringup/lib/pkgconfig/my_robot_bringup.pc'
[2.491s] Level 1:colcon.colcon_core.environment:checking '/home/sambhav/ros2_ws/install/my_robot_bringup/lib/python3.10/site-packages'
[2.492s] Level 1:colcon.colcon_core.environment:checking '/home/sambhav/ros2_ws/install/my_robot_bringup/bin'
[2.501s] INFO:colcon.colcon_core.shell:Creating package script '/home/sambhav/ros2_ws/install/my_robot_bringup/share/my_robot_bringup/package.ps1'
[2.501s] INFO:colcon.colcon_core.shell:Creating package descriptor '/home/sambhav/ros2_ws/install/my_robot_bringup/share/my_robot_bringup/package.dsv'
[2.501s] INFO:colcon.colcon_core.shell:Creating package script '/home/sambhav/ros2_ws/install/my_robot_bringup/share/my_robot_bringup/package.sh'
[2.501s] INFO:colcon.colcon_core.shell:Creating package script '/home/sambhav/ros2_ws/install/my_robot_bringup/share/my_robot_bringup/package.bash'
[2.502s] INFO:colcon.colcon_core.shell:Creating package script '/home/sambhav/ros2_ws/install/my_robot_bringup/share/my_robot_bringup/package.zsh'
[2.502s] Level 1:colcon.colcon_core.environment:create_file_with_runtime_dependencies(/home/sambhav/ros2_ws/install/my_robot_bringup/share/colcon-core/packages/my_robot_bringup)
[2.502s] DEBUG:colcon.colcon_parallel_executor.executor.parallel:closing loop
[2.502s] DEBUG:colcon.colcon_parallel_executor.executor.parallel:loop closed
[2.502s] DEBUG:colcon.colcon_parallel_executor.executor.parallel:run_until_complete finished with '0'
[2.502s] DEBUG:colcon.colcon_core.event_reactor:joining thread
[2.516s] INFO:colcon.colcon_core.plugin_system:Skipping extension 'colcon_notification.desktop_notification.terminal_notifier': Not used on non-Darwin systems
[2.516s] INFO:colcon.colcon_core.plugin_system:Skipping extension 'colcon_notification.desktop_notification.win32': Not used on non-Windows systems
[2.516s] INFO:colcon.colcon_notification.desktop_notification:Sending desktop notification using 'notify2'
[2.524s] DEBUG:colcon.colcon_core.event_reactor:joined thread
[2.534s] INFO:colcon.colcon_core.shell:Creating prefix script '/home/sambhav/ros2_ws/install/local_setup.ps1'
[2.535s] INFO:colcon.colcon_core.shell:Creating prefix util module '/home/sambhav/ros2_ws/install/_local_setup_util_ps1.py'
[2.536s] INFO:colcon.colcon_core.shell:Creating prefix chain script '/home/sambhav/ros2_ws/install/setup.ps1'
[2.546s] INFO:colcon.colcon_core.shell:Creating prefix script '/home/sambhav/ros2_ws/install/local_setup.sh'
[2.546s] INFO:colcon.colcon_core.shell:Creating prefix util module '/home/sambhav/ros2_ws/install/_local_setup_util_sh.py'
[2.547s] INFO:colcon.colcon_core.shell:Creating prefix chain script '/home/sambhav/ros2_ws/install/setup.sh'
[2.556s] INFO:colcon.colcon_core.shell:Creating prefix script '/home/sambhav/ros2_ws/install/local_setup.bash'
[2.557s] INFO:colcon.colcon_core.shell:Creating prefix chain script '/home/sambhav/ros2_ws/install/setup.bash'
[2.566s] INFO:colcon.colcon_core.shell:Creating prefix script '/home/sambhav/ros2_ws/install/local_setup.zsh'
[2.566s] INFO:colcon.colcon_core.shell:Creating prefix chain script '/home/sambhav/ros2_ws/install/setup.zsh'
