[0.466s] Invoking command in '/home/sambhav/ros2_ws/src/action_py': CMAKE_PREFIX_PATH=/home/sambhav/ros2_ws/install/my_robot_interfaces:/home/sambhav/ros2_ws/install/my_robot_bringup:/home/sambhav/ros2_ws/install/my_robot_description:/home/sambhav/ros2_ws/install/example_interfaces:/home/sambhav/my_swarm/install/swarm_description LD_LIBRARY_PATH=/home/sambhav/ros2_ws/install/my_robot_interfaces/lib:/home/sambhav/ros2_ws/install/example_interfaces/lib:/usr/lib/x86_64-linux-gnu/gazebo-11/plugins:/opt/ros/humble/opt/rviz_ogre_vendor/lib:/opt/ros/humble/lib/x86_64-linux-gnu:/opt/ros/humble/lib:/usr/share/gazebo-11/../../lib/x86_64-linux-gnu/gazebo-11/plugins:/usr/share/gazebo-11/../../lib/x86_64-linux-gnu/gazebo-11/plugins:/usr/share/gazebo-11/../../lib/x86_64-linux-gnu/gazebo-11/plugins PYTHONPATH=/home/sambhav/ros2_ws/build/action_py/prefix_override:/home/sambhav/ros2_ws/install/action_py/lib/python3.10/site-packages:${PYTHONPATH} /usr/bin/python3 -W ignore:setup.py install is deprecated setup.py egg_info --egg-base ../../build/action_py build --build-base /home/sambhav/ros2_ws/build/action_py/build install --record /home/sambhav/ros2_ws/build/action_py/install.log --single-version-externally-managed install_data
[0.632s] running egg_info
[0.632s] creating ../../build/action_py/action_py.egg-info
[0.632s] writing ../../build/action_py/action_py.egg-info/PKG-INFO
[0.632s] writing dependency_links to ../../build/action_py/action_py.egg-info/dependency_links.txt
[0.633s] writing entry points to ../../build/action_py/action_py.egg-info/entry_points.txt
[0.633s] writing requirements to ../../build/action_py/action_py.egg-info/requires.txt
[0.633s] writing top-level names to ../../build/action_py/action_py.egg-info/top_level.txt
[0.633s] writing manifest file '../../build/action_py/action_py.egg-info/SOURCES.txt'
[0.634s] reading manifest file '../../build/action_py/action_py.egg-info/SOURCES.txt'
[0.634s] writing manifest file '../../build/action_py/action_py.egg-info/SOURCES.txt'
[0.634s] running build
[0.634s] running build_py
[0.634s] creating /home/sambhav/ros2_ws/build/action_py/build
[0.634s] creating /home/sambhav/ros2_ws/build/action_py/build/lib
[0.634s] creating /home/sambhav/ros2_ws/build/action_py/build/lib/action_py
[0.634s] copying action_py/__init__.py -> /home/sambhav/ros2_ws/build/action_py/build/lib/action_py
[0.634s] copying action_py/count_until_server.py -> /home/sambhav/ros2_ws/build/action_py/build/lib/action_py
[0.634s] running install
[0.635s] running install_lib
[0.635s] creating /home/sambhav/ros2_ws/install/action_py/lib/python3.10/site-packages/action_py
[0.635s] copying /home/sambhav/ros2_ws/build/action_py/build/lib/action_py/__init__.py -> /home/sambhav/ros2_ws/install/action_py/lib/python3.10/site-packages/action_py
[0.635s] copying /home/sambhav/ros2_ws/build/action_py/build/lib/action_py/count_until_server.py -> /home/sambhav/ros2_ws/install/action_py/lib/python3.10/site-packages/action_py
[0.636s] byte-compiling /home/sambhav/ros2_ws/install/action_py/lib/python3.10/site-packages/action_py/__init__.py to __init__.cpython-310.pyc
[0.636s] byte-compiling /home/sambhav/ros2_ws/install/action_py/lib/python3.10/site-packages/action_py/count_until_server.py to count_until_server.cpython-310.pyc
[0.636s] running install_data
[0.636s] creating /home/sambhav/ros2_ws/install/action_py/share/ament_index
[0.636s] creating /home/sambhav/ros2_ws/install/action_py/share/ament_index/resource_index
[0.636s] creating /home/sambhav/ros2_ws/install/action_py/share/ament_index/resource_index/packages
[0.636s] copying resource/action_py -> /home/sambhav/ros2_ws/install/action_py/share/ament_index/resource_index/packages
[0.636s] copying package.xml -> /home/sambhav/ros2_ws/install/action_py/share/action_py
[0.636s] running install_egg_info
[0.637s] Copying ../../build/action_py/action_py.egg-info to /home/sambhav/ros2_ws/install/action_py/lib/python3.10/site-packages/action_py-0.0.0-py3.10.egg-info
[0.638s] running install_scripts
[0.651s] Installing count_until_server script to /home/sambhav/ros2_ws/install/action_py/lib/action_py
[0.651s] writing list of installed files to '/home/sambhav/ros2_ws/build/action_py/install.log'
[0.669s] Invoked command in '/home/sambhav/ros2_ws/src/action_py' returned '0': CMAKE_PREFIX_PATH=/home/sambhav/ros2_ws/install/my_robot_interfaces:/home/sambhav/ros2_ws/install/my_robot_bringup:/home/sambhav/ros2_ws/install/my_robot_description:/home/sambhav/ros2_ws/install/example_interfaces:/home/sambhav/my_swarm/install/swarm_description LD_LIBRARY_PATH=/home/sambhav/ros2_ws/install/my_robot_interfaces/lib:/home/sambhav/ros2_ws/install/example_interfaces/lib:/usr/lib/x86_64-linux-gnu/gazebo-11/plugins:/opt/ros/humble/opt/rviz_ogre_vendor/lib:/opt/ros/humble/lib/x86_64-linux-gnu:/opt/ros/humble/lib:/usr/share/gazebo-11/../../lib/x86_64-linux-gnu/gazebo-11/plugins:/usr/share/gazebo-11/../../lib/x86_64-linux-gnu/gazebo-11/plugins:/usr/share/gazebo-11/../../lib/x86_64-linux-gnu/gazebo-11/plugins PYTHONPATH=/home/sambhav/ros2_ws/build/action_py/prefix_override:/home/sambhav/ros2_ws/install/action_py/lib/python3.10/site-packages:${PYTHONPATH} /usr/bin/python3 -W ignore:setup.py install is deprecated setup.py egg_info --egg-base ../../build/action_py build --build-base /home/sambhav/ros2_ws/build/action_py/build install --record /home/sambhav/ros2_ws/build/action_py/install.log --single-version-externally-managed install_data
