[0.070s] DEBUG:colcon:Command line arguments: ['/usr/bin/colcon', 'build', '--packages-select', 'executors_py']
[0.070s] DEBUG:colcon:Parsed command line arguments: Namespace(log_base=None, log_level=None, verb_name='build', build_base='build', install_base='install', merge_install=False, symlink_install=False, test_result_base=None, continue_on_error=False, executor='parallel', parallel_workers=8, event_handlers=None, ignore_user_meta=False, metas=['./colcon.meta'], base_paths=['.'], packages_ignore=None, packages_ignore_regex=None, paths=None, packages_up_to=None, packages_up_to_regex=None, packages_above=None, packages_above_and_dependencies=None, packages_above_depth=None, packages_select_by_dep=None, packages_skip_by_dep=None, packages_skip_up_to=None, packages_select_build_failed=False, packages_skip_build_finished=False, packages_select_test_failures=False, packages_skip_test_passed=False, packages_select=['executors_py'], packages_skip=None, packages_select_regex=None, packages_skip_regex=None, packages_start=None, packages_end=None, allow_overriding=[], cmake_args=None, cmake_target=None, cmake_target_skip_unavailable=False, cmake_clean_cache=False, cmake_clean_first=False, cmake_force_configure=False, ament_cmake_args=None, catkin_cmake_args=None, catkin_skip_building_tests=False, mixin_files=None, mixin=None, verb_parser=<colcon_mixin.mixin.mixin_argument.MixinArgumentDecorator object at 0x74b71dde39d0>, verb_extension=<colcon_core.verb.build.BuildVerb object at 0x74b71df68070>, main=<bound method BuildVerb.main of <colcon_core.verb.build.BuildVerb object at 0x74b71df68070>>, mixin_verb=('build',))
[0.201s] Level 1:colcon.colcon_core.package_discovery:discover_packages(colcon_meta) check parameters
[0.201s] Level 1:colcon.colcon_core.package_discovery:discover_packages(recursive) check parameters
[0.201s] Level 1:colcon.colcon_core.package_discovery:discover_packages(ignore) check parameters
[0.201s] Level 1:colcon.colcon_core.package_discovery:discover_packages(path) check parameters
[0.201s] Level 1:colcon.colcon_core.package_discovery:discover_packages(colcon_meta) discover
[0.201s] Level 1:colcon.colcon_core.package_discovery:discover_packages(recursive) discover
[0.201s] INFO:colcon.colcon_core.package_discovery:Crawling recursively for packages in '/home/sambhav/ros2_ws/src'
[0.201s] Level 1:colcon.colcon_core.package_identification:_identify(.) by extensions ['ignore', 'ignore_ament_install']
[0.201s] Level 1:colcon.colcon_core.package_identification:_identify(.) by extension 'ignore'
[0.201s] Level 1:colcon.colcon_core.package_identification:_identify(.) by extension 'ignore_ament_install'
[0.202s] Level 1:colcon.colcon_core.package_identification:_identify(.) by extensions ['colcon_pkg']
[0.202s] Level 1:colcon.colcon_core.package_identification:_identify(.) by extension 'colcon_pkg'
[0.202s] Level 1:colcon.colcon_core.package_identification:_identify(.) by extensions ['colcon_meta']
[0.202s] Level 1:colcon.colcon_core.package_identification:_identify(.) by extension 'colcon_meta'
[0.202s] Level 1:colcon.colcon_core.package_identification:_identify(.) by extensions ['ros']
[0.202s] Level 1:colcon.colcon_core.package_identification:_identify(.) by extension 'ros'
[0.217s] Level 1:colcon.colcon_core.package_identification:_identify(.) by extensions ['cmake', 'python']
[0.217s] Level 1:colcon.colcon_core.package_identification:_identify(.) by extension 'cmake'
[0.217s] Level 1:colcon.colcon_core.package_identification:_identify(.) by extension 'python'
[0.217s] Level 1:colcon.colcon_core.package_identification:_identify(.) by extensions ['python_setup_py']
[0.217s] Level 1:colcon.colcon_core.package_identification:_identify(.) by extension 'python_setup_py'
[0.217s] Level 1:colcon.colcon_core.package_identification:_identify(actions_py) by extensions ['ignore', 'ignore_ament_install']
[0.217s] Level 1:colcon.colcon_core.package_identification:_identify(actions_py) by extension 'ignore'
[0.217s] Level 1:colcon.colcon_core.package_identification:_identify(actions_py) by extension 'ignore_ament_install'
[0.217s] Level 1:colcon.colcon_core.package_identification:_identify(actions_py) by extensions ['colcon_pkg']
[0.217s] Level 1:colcon.colcon_core.package_identification:_identify(actions_py) by extension 'colcon_pkg'
[0.218s] Level 1:colcon.colcon_core.package_identification:_identify(actions_py) by extensions ['colcon_meta']
[0.218s] Level 1:colcon.colcon_core.package_identification:_identify(actions_py) by extension 'colcon_meta'
[0.218s] Level 1:colcon.colcon_core.package_identification:_identify(actions_py) by extensions ['ros']
[0.218s] Level 1:colcon.colcon_core.package_identification:_identify(actions_py) by extension 'ros'
[0.219s] DEBUG:colcon.colcon_core.package_identification:Package 'actions_py' with type 'ros.ament_python' and name 'actions_py'
[0.219s] Level 1:colcon.colcon_core.package_identification:_identify(build) by extensions ['ignore', 'ignore_ament_install']
[0.220s] Level 1:colcon.colcon_core.package_identification:_identify(build) by extension 'ignore'
[0.220s] Level 1:colcon.colcon_core.package_identification:_identify(build) ignored
[0.220s] Level 1:colcon.colcon_core.package_identification:_identify(executors_py) by extensions ['ignore', 'ignore_ament_install']
[0.220s] Level 1:colcon.colcon_core.package_identification:_identify(executors_py) by extension 'ignore'
[0.220s] Level 1:colcon.colcon_core.package_identification:_identify(executors_py) by extension 'ignore_ament_install'
[0.220s] Level 1:colcon.colcon_core.package_identification:_identify(executors_py) by extensions ['colcon_pkg']
[0.220s] Level 1:colcon.colcon_core.package_identification:_identify(executors_py) by extension 'colcon_pkg'
[0.220s] Level 1:colcon.colcon_core.package_identification:_identify(executors_py) by extensions ['colcon_meta']
[0.220s] Level 1:colcon.colcon_core.package_identification:_identify(executors_py) by extension 'colcon_meta'
[0.220s] Level 1:colcon.colcon_core.package_identification:_identify(executors_py) by extensions ['ros']
[0.220s] Level 1:colcon.colcon_core.package_identification:_identify(executors_py) by extension 'ros'
[0.220s] DEBUG:colcon.colcon_core.package_identification:Package 'executors_py' with type 'ros.ament_python' and name 'executors_py'
[0.220s] Level 1:colcon.colcon_core.package_identification:_identify(install) by extensions ['ignore', 'ignore_ament_install']
[0.220s] Level 1:colcon.colcon_core.package_identification:_identify(install) by extension 'ignore'
[0.220s] Level 1:colcon.colcon_core.package_identification:_identify(install) ignored
[0.220s] Level 1:colcon.colcon_core.package_identification:_identify(lifecycle_py) by extensions ['ignore', 'ignore_ament_install']
[0.220s] Level 1:colcon.colcon_core.package_identification:_identify(lifecycle_py) by extension 'ignore'
[0.220s] Level 1:colcon.colcon_core.package_identification:_identify(lifecycle_py) by extension 'ignore_ament_install'
[0.220s] Level 1:colcon.colcon_core.package_identification:_identify(lifecycle_py) by extensions ['colcon_pkg']
[0.220s] Level 1:colcon.colcon_core.package_identification:_identify(lifecycle_py) by extension 'colcon_pkg'
[0.221s] Level 1:colcon.colcon_core.package_identification:_identify(lifecycle_py) by extensions ['colcon_meta']
[0.221s] Level 1:colcon.colcon_core.package_identification:_identify(lifecycle_py) by extension 'colcon_meta'
[0.221s] Level 1:colcon.colcon_core.package_identification:_identify(lifecycle_py) by extensions ['ros']
[0.221s] Level 1:colcon.colcon_core.package_identification:_identify(lifecycle_py) by extension 'ros'
[0.221s] DEBUG:colcon.colcon_core.package_identification:Package 'lifecycle_py' with type 'ros.ament_python' and name 'lifecycle_py'
[0.221s] Level 1:colcon.colcon_core.package_identification:_identify(log) by extensions ['ignore', 'ignore_ament_install']
[0.221s] Level 1:colcon.colcon_core.package_identification:_identify(log) by extension 'ignore'
[0.221s] Level 1:colcon.colcon_core.package_identification:_identify(log) ignored
[0.221s] Level 1:colcon.colcon_core.package_identification:_identify(microROS_bot) by extensions ['ignore', 'ignore_ament_install']
[0.221s] Level 1:colcon.colcon_core.package_identification:_identify(microROS_bot) by extension 'ignore'
[0.221s] Level 1:colcon.colcon_core.package_identification:_identify(microROS_bot) by extension 'ignore_ament_install'
[0.221s] Level 1:colcon.colcon_core.package_identification:_identify(microROS_bot) by extensions ['colcon_pkg']
[0.221s] Level 1:colcon.colcon_core.package_identification:_identify(microROS_bot) by extension 'colcon_pkg'
[0.221s] Level 1:colcon.colcon_core.package_identification:_identify(microROS_bot) by extensions ['colcon_meta']
[0.221s] Level 1:colcon.colcon_core.package_identification:_identify(microROS_bot) by extension 'colcon_meta'
[0.221s] Level 1:colcon.colcon_core.package_identification:_identify(microROS_bot) by extensions ['ros']
[0.221s] Level 1:colcon.colcon_core.package_identification:_identify(microROS_bot) by extension 'ros'
[0.221s] Level 1:colcon.colcon_core.package_identification:_identify(microROS_bot) by extensions ['cmake', 'python']
[0.221s] Level 1:colcon.colcon_core.package_identification:_identify(microROS_bot) by extension 'cmake'
[0.222s] Level 1:colcon.colcon_core.package_identification:_identify(microROS_bot) by extension 'python'
[0.222s] Level 1:colcon.colcon_core.package_identification:_identify(microROS_bot) by extensions ['python_setup_py']
[0.222s] Level 1:colcon.colcon_core.package_identification:_identify(microROS_bot) by extension 'python_setup_py'
[0.222s] Level 1:colcon.colcon_core.package_identification:_identify(microROS_bot/include) by extensions ['ignore', 'ignore_ament_install']
[0.222s] Level 1:colcon.colcon_core.package_identification:_identify(microROS_bot/include) by extension 'ignore'
[0.222s] Level 1:colcon.colcon_core.package_identification:_identify(microROS_bot/include) by extension 'ignore_ament_install'
[0.222s] Level 1:colcon.colcon_core.package_identification:_identify(microROS_bot/include) by extensions ['colcon_pkg']
[0.222s] Level 1:colcon.colcon_core.package_identification:_identify(microROS_bot/include) by extension 'colcon_pkg'
[0.222s] Level 1:colcon.colcon_core.package_identification:_identify(microROS_bot/include) by extensions ['colcon_meta']
[0.222s] Level 1:colcon.colcon_core.package_identification:_identify(microROS_bot/include) by extension 'colcon_meta'
[0.222s] Level 1:colcon.colcon_core.package_identification:_identify(microROS_bot/include) by extensions ['ros']
[0.222s] Level 1:colcon.colcon_core.package_identification:_identify(microROS_bot/include) by extension 'ros'
[0.222s] Level 1:colcon.colcon_core.package_identification:_identify(microROS_bot/include) by extensions ['cmake', 'python']
[0.222s] Level 1:colcon.colcon_core.package_identification:_identify(microROS_bot/include) by extension 'cmake'
[0.222s] Level 1:colcon.colcon_core.package_identification:_identify(microROS_bot/include) by extension 'python'
[0.222s] Level 1:colcon.colcon_core.package_identification:_identify(microROS_bot/include) by extensions ['python_setup_py']
[0.222s] Level 1:colcon.colcon_core.package_identification:_identify(microROS_bot/include) by extension 'python_setup_py'
[0.222s] Level 1:colcon.colcon_core.package_identification:_identify(microROS_bot/lib) by extensions ['ignore', 'ignore_ament_install']
[0.222s] Level 1:colcon.colcon_core.package_identification:_identify(microROS_bot/lib) by extension 'ignore'
[0.222s] Level 1:colcon.colcon_core.package_identification:_identify(microROS_bot/lib) by extension 'ignore_ament_install'
[0.222s] Level 1:colcon.colcon_core.package_identification:_identify(microROS_bot/lib) by extensions ['colcon_pkg']
[0.222s] Level 1:colcon.colcon_core.package_identification:_identify(microROS_bot/lib) by extension 'colcon_pkg'
[0.222s] Level 1:colcon.colcon_core.package_identification:_identify(microROS_bot/lib) by extensions ['colcon_meta']
[0.222s] Level 1:colcon.colcon_core.package_identification:_identify(microROS_bot/lib) by extension 'colcon_meta'
[0.222s] Level 1:colcon.colcon_core.package_identification:_identify(microROS_bot/lib) by extensions ['ros']
[0.222s] Level 1:colcon.colcon_core.package_identification:_identify(microROS_bot/lib) by extension 'ros'
[0.222s] Level 1:colcon.colcon_core.package_identification:_identify(microROS_bot/lib) by extensions ['cmake', 'python']
[0.222s] Level 1:colcon.colcon_core.package_identification:_identify(microROS_bot/lib) by extension 'cmake'
[0.222s] Level 1:colcon.colcon_core.package_identification:_identify(microROS_bot/lib) by extension 'python'
[0.222s] Level 1:colcon.colcon_core.package_identification:_identify(microROS_bot/lib) by extensions ['python_setup_py']
[0.222s] Level 1:colcon.colcon_core.package_identification:_identify(microROS_bot/lib) by extension 'python_setup_py'
[0.222s] Level 1:colcon.colcon_core.package_identification:_identify(microROS_bot/src) by extensions ['ignore', 'ignore_ament_install']
[0.222s] Level 1:colcon.colcon_core.package_identification:_identify(microROS_bot/src) by extension 'ignore'
[0.222s] Level 1:colcon.colcon_core.package_identification:_identify(microROS_bot/src) by extension 'ignore_ament_install'
[0.222s] Level 1:colcon.colcon_core.package_identification:_identify(microROS_bot/src) by extensions ['colcon_pkg']
[0.223s] Level 1:colcon.colcon_core.package_identification:_identify(microROS_bot/src) by extension 'colcon_pkg'
[0.223s] Level 1:colcon.colcon_core.package_identification:_identify(microROS_bot/src) by extensions ['colcon_meta']
[0.223s] Level 1:colcon.colcon_core.package_identification:_identify(microROS_bot/src) by extension 'colcon_meta'
[0.223s] Level 1:colcon.colcon_core.package_identification:_identify(microROS_bot/src) by extensions ['ros']
[0.223s] Level 1:colcon.colcon_core.package_identification:_identify(microROS_bot/src) by extension 'ros'
[0.223s] Level 1:colcon.colcon_core.package_identification:_identify(microROS_bot/src) by extensions ['cmake', 'python']
[0.223s] Level 1:colcon.colcon_core.package_identification:_identify(microROS_bot/src) by extension 'cmake'
[0.223s] Level 1:colcon.colcon_core.package_identification:_identify(microROS_bot/src) by extension 'python'
[0.223s] Level 1:colcon.colcon_core.package_identification:_identify(microROS_bot/src) by extensions ['python_setup_py']
[0.223s] Level 1:colcon.colcon_core.package_identification:_identify(microROS_bot/src) by extension 'python_setup_py'
[0.223s] Level 1:colcon.colcon_core.package_identification:_identify(microROS_bot/test) by extensions ['ignore', 'ignore_ament_install']
[0.223s] Level 1:colcon.colcon_core.package_identification:_identify(microROS_bot/test) by extension 'ignore'
[0.223s] Level 1:colcon.colcon_core.package_identification:_identify(microROS_bot/test) by extension 'ignore_ament_install'
[0.223s] Level 1:colcon.colcon_core.package_identification:_identify(microROS_bot/test) by extensions ['colcon_pkg']
[0.223s] Level 1:colcon.colcon_core.package_identification:_identify(microROS_bot/test) by extension 'colcon_pkg'
[0.223s] Level 1:colcon.colcon_core.package_identification:_identify(microROS_bot/test) by extensions ['colcon_meta']
[0.223s] Level 1:colcon.colcon_core.package_identification:_identify(microROS_bot/test) by extension 'colcon_meta'
[0.223s] Level 1:colcon.colcon_core.package_identification:_identify(microROS_bot/test) by extensions ['ros']
[0.223s] Level 1:colcon.colcon_core.package_identification:_identify(microROS_bot/test) by extension 'ros'
[0.223s] Level 1:colcon.colcon_core.package_identification:_identify(microROS_bot/test) by extensions ['cmake', 'python']
[0.223s] Level 1:colcon.colcon_core.package_identification:_identify(microROS_bot/test) by extension 'cmake'
[0.223s] Level 1:colcon.colcon_core.package_identification:_identify(microROS_bot/test) by extension 'python'
[0.223s] Level 1:colcon.colcon_core.package_identification:_identify(microROS_bot/test) by extensions ['python_setup_py']
[0.223s] Level 1:colcon.colcon_core.package_identification:_identify(microROS_bot/test) by extension 'python_setup_py'
[0.223s] Level 1:colcon.colcon_core.package_identification:_identify(my_py_pkg) by extensions ['ignore', 'ignore_ament_install']
[0.223s] Level 1:colcon.colcon_core.package_identification:_identify(my_py_pkg) by extension 'ignore'
[0.223s] Level 1:colcon.colcon_core.package_identification:_identify(my_py_pkg) by extension 'ignore_ament_install'
[0.223s] Level 1:colcon.colcon_core.package_identification:_identify(my_py_pkg) by extensions ['colcon_pkg']
[0.223s] Level 1:colcon.colcon_core.package_identification:_identify(my_py_pkg) by extension 'colcon_pkg'
[0.223s] Level 1:colcon.colcon_core.package_identification:_identify(my_py_pkg) by extensions ['colcon_meta']
[0.223s] Level 1:colcon.colcon_core.package_identification:_identify(my_py_pkg) by extension 'colcon_meta'
[0.223s] Level 1:colcon.colcon_core.package_identification:_identify(my_py_pkg) by extensions ['ros']
[0.223s] Level 1:colcon.colcon_core.package_identification:_identify(my_py_pkg) by extension 'ros'
[0.224s] DEBUG:colcon.colcon_core.package_identification:Package 'my_py_pkg' with type 'ros.ament_python' and name 'my_py_pkg'
[0.224s] Level 1:colcon.colcon_core.package_identification:_identify(my_robot_bringup) by extensions ['ignore', 'ignore_ament_install']
[0.224s] Level 1:colcon.colcon_core.package_identification:_identify(my_robot_bringup) by extension 'ignore'
[0.224s] Level 1:colcon.colcon_core.package_identification:_identify(my_robot_bringup) by extension 'ignore_ament_install'
[0.224s] Level 1:colcon.colcon_core.package_identification:_identify(my_robot_bringup) by extensions ['colcon_pkg']
[0.224s] Level 1:colcon.colcon_core.package_identification:_identify(my_robot_bringup) by extension 'colcon_pkg'
[0.224s] Level 1:colcon.colcon_core.package_identification:_identify(my_robot_bringup) by extensions ['colcon_meta']
[0.224s] Level 1:colcon.colcon_core.package_identification:_identify(my_robot_bringup) by extension 'colcon_meta'
[0.224s] Level 1:colcon.colcon_core.package_identification:_identify(my_robot_bringup) by extensions ['ros']
[0.224s] Level 1:colcon.colcon_core.package_identification:_identify(my_robot_bringup) by extension 'ros'
[0.224s] DEBUG:colcon.colcon_core.package_identification:Package 'my_robot_bringup' with type 'ros.ament_cmake' and name 'my_robot_bringup'
[0.224s] Level 1:colcon.colcon_core.package_identification:_identify(my_robot_description) by extensions ['ignore', 'ignore_ament_install']
[0.224s] Level 1:colcon.colcon_core.package_identification:_identify(my_robot_description) by extension 'ignore'
[0.225s] Level 1:colcon.colcon_core.package_identification:_identify(my_robot_description) by extension 'ignore_ament_install'
[0.225s] Level 1:colcon.colcon_core.package_identification:_identify(my_robot_description) by extensions ['colcon_pkg']
[0.225s] Level 1:colcon.colcon_core.package_identification:_identify(my_robot_description) by extension 'colcon_pkg'
[0.225s] Level 1:colcon.colcon_core.package_identification:_identify(my_robot_description) by extensions ['colcon_meta']
[0.225s] Level 1:colcon.colcon_core.package_identification:_identify(my_robot_description) by extension 'colcon_meta'
[0.225s] Level 1:colcon.colcon_core.package_identification:_identify(my_robot_description) by extensions ['ros']
[0.225s] Level 1:colcon.colcon_core.package_identification:_identify(my_robot_description) by extension 'ros'
[0.225s] DEBUG:colcon.colcon_core.package_identification:Package 'my_robot_description' with type 'ros.ament_cmake' and name 'my_robot_description'
[0.225s] Level 1:colcon.colcon_core.package_identification:_identify(my_robot_interfaces) by extensions ['ignore', 'ignore_ament_install']
[0.225s] Level 1:colcon.colcon_core.package_identification:_identify(my_robot_interfaces) by extension 'ignore'
[0.225s] Level 1:colcon.colcon_core.package_identification:_identify(my_robot_interfaces) by extension 'ignore_ament_install'
[0.225s] Level 1:colcon.colcon_core.package_identification:_identify(my_robot_interfaces) by extensions ['colcon_pkg']
[0.225s] Level 1:colcon.colcon_core.package_identification:_identify(my_robot_interfaces) by extension 'colcon_pkg'
[0.225s] Level 1:colcon.colcon_core.package_identification:_identify(my_robot_interfaces) by extensions ['colcon_meta']
[0.225s] Level 1:colcon.colcon_core.package_identification:_identify(my_robot_interfaces) by extension 'colcon_meta'
[0.225s] Level 1:colcon.colcon_core.package_identification:_identify(my_robot_interfaces) by extensions ['ros']
[0.225s] Level 1:colcon.colcon_core.package_identification:_identify(my_robot_interfaces) by extension 'ros'
[0.226s] DEBUG:colcon.colcon_core.package_identification:Package 'my_robot_interfaces' with type 'ros.ament_cmake' and name 'my_robot_interfaces'
[0.226s] Level 1:colcon.colcon_core.package_identification:_identify(turtlesim_catch_them_all) by extensions ['ignore', 'ignore_ament_install']
[0.226s] Level 1:colcon.colcon_core.package_identification:_identify(turtlesim_catch_them_all) by extension 'ignore'
[0.226s] Level 1:colcon.colcon_core.package_identification:_identify(turtlesim_catch_them_all) by extension 'ignore_ament_install'
[0.226s] Level 1:colcon.colcon_core.package_identification:_identify(turtlesim_catch_them_all) by extensions ['colcon_pkg']
[0.226s] Level 1:colcon.colcon_core.package_identification:_identify(turtlesim_catch_them_all) by extension 'colcon_pkg'
[0.226s] Level 1:colcon.colcon_core.package_identification:_identify(turtlesim_catch_them_all) by extensions ['colcon_meta']
[0.226s] Level 1:colcon.colcon_core.package_identification:_identify(turtlesim_catch_them_all) by extension 'colcon_meta'
[0.226s] Level 1:colcon.colcon_core.package_identification:_identify(turtlesim_catch_them_all) by extensions ['ros']
[0.226s] Level 1:colcon.colcon_core.package_identification:_identify(turtlesim_catch_them_all) by extension 'ros'
[0.226s] DEBUG:colcon.colcon_core.package_identification:Package 'turtlesim_catch_them_all' with type 'ros.ament_python' and name 'turtlesim_catch_them_all'
[0.226s] Level 1:colcon.colcon_core.package_discovery:discover_packages(recursive) using defaults
[0.226s] Level 1:colcon.colcon_core.package_discovery:discover_packages(ignore) discover
[0.226s] Level 1:colcon.colcon_core.package_discovery:discover_packages(ignore) using defaults
[0.226s] Level 1:colcon.colcon_core.package_discovery:discover_packages(path) discover
[0.226s] Level 1:colcon.colcon_core.package_discovery:discover_packages(path) using defaults
[0.240s] INFO:colcon.colcon_core.package_selection:Skipping not selected package 'lifecycle_py' in 'lifecycle_py'
[0.240s] INFO:colcon.colcon_core.package_selection:Skipping not selected package 'my_robot_description' in 'my_robot_description'
[0.240s] INFO:colcon.colcon_core.package_selection:Skipping not selected package 'my_robot_interfaces' in 'my_robot_interfaces'
[0.240s] INFO:colcon.colcon_core.package_selection:Skipping not selected package 'actions_py' in 'actions_py'
[0.241s] INFO:colcon.colcon_core.package_selection:Skipping not selected package 'my_py_pkg' in 'my_py_pkg'
[0.241s] INFO:colcon.colcon_core.package_selection:Skipping not selected package 'turtlesim_catch_them_all' in 'turtlesim_catch_them_all'
[0.241s] INFO:colcon.colcon_core.package_selection:Skipping not selected package 'my_robot_bringup' in 'my_robot_bringup'
[0.247s] Level 1:colcon.colcon_core.package_discovery:discover_packages(prefix_path) check parameters
[0.247s] Level 1:colcon.colcon_core.package_discovery:discover_packages(prefix_path) discover
[0.249s] DEBUG:colcon.colcon_installed_package_information.package_discovery:Found 2 installed packages in /home/sambhav/my_swarm/install
[0.250s] DEBUG:colcon.colcon_installed_package_information.package_discovery:Found 9 installed packages in /home/sambhav/ros2_ws/install
[0.251s] DEBUG:colcon.colcon_installed_package_information.package_discovery:Found 294 installed packages in /opt/ros/humble
[0.252s] Level 1:colcon.colcon_core.package_discovery:discover_packages(prefix_path) using defaults
[0.278s] Level 5:colcon.colcon_core.verb:set package 'executors_py' build argument 'cmake_args' from command line to 'None'
[0.278s] Level 5:colcon.colcon_core.verb:set package 'executors_py' build argument 'cmake_target' from command line to 'None'
[0.278s] Level 5:colcon.colcon_core.verb:set package 'executors_py' build argument 'cmake_target_skip_unavailable' from command line to 'False'
[0.278s] Level 5:colcon.colcon_core.verb:set package 'executors_py' build argument 'cmake_clean_cache' from command line to 'False'
[0.278s] Level 5:colcon.colcon_core.verb:set package 'executors_py' build argument 'cmake_clean_first' from command line to 'False'
[0.278s] Level 5:colcon.colcon_core.verb:set package 'executors_py' build argument 'cmake_force_configure' from command line to 'False'
[0.278s] Level 5:colcon.colcon_core.verb:set package 'executors_py' build argument 'ament_cmake_args' from command line to 'None'
[0.278s] Level 5:colcon.colcon_core.verb:set package 'executors_py' build argument 'catkin_cmake_args' from command line to 'None'
[0.278s] Level 5:colcon.colcon_core.verb:set package 'executors_py' build argument 'catkin_skip_building_tests' from command line to 'False'
[0.278s] DEBUG:colcon.colcon_core.verb:Building package 'executors_py' with the following arguments: {'ament_cmake_args': None, 'build_base': '/home/sambhav/ros2_ws/src/build/executors_py', 'catkin_cmake_args': None, 'catkin_skip_building_tests': False, 'cmake_args': None, 'cmake_clean_cache': False, 'cmake_clean_first': False, 'cmake_force_configure': False, 'cmake_target': None, 'cmake_target_skip_unavailable': False, 'install_base': '/home/sambhav/ros2_ws/src/install/executors_py', 'merge_install': False, 'path': '/home/sambhav/ros2_ws/src/executors_py', 'symlink_install': False, 'test_result_base': None}
[0.278s] INFO:colcon.colcon_core.executor:Executing jobs using 'parallel' executor
[0.279s] DEBUG:colcon.colcon_parallel_executor.executor.parallel:run_until_complete
[0.279s] INFO:colcon.colcon_ros.task.ament_python.build:Building ROS package in '/home/sambhav/ros2_ws/src/executors_py' with build type 'ament_python'
[0.279s] Level 1:colcon.colcon_core.shell:create_environment_hook('executors_py', 'ament_prefix_path')
[0.282s] INFO:colcon.colcon_core.plugin_system:Skipping extension 'colcon_core.shell.bat': Not used on non-Windows systems
[0.282s] INFO:colcon.colcon_core.shell:Creating environment hook '/home/sambhav/ros2_ws/src/install/executors_py/share/executors_py/hook/ament_prefix_path.ps1'
[0.283s] INFO:colcon.colcon_core.shell:Creating environment descriptor '/home/sambhav/ros2_ws/src/install/executors_py/share/executors_py/hook/ament_prefix_path.dsv'
[0.283s] INFO:colcon.colcon_core.shell:Creating environment hook '/home/sambhav/ros2_ws/src/install/executors_py/share/executors_py/hook/ament_prefix_path.sh'
[0.284s] INFO:colcon.colcon_core.shell:Skip shell extension 'powershell' for command environment: Not usable outside of PowerShell
[0.284s] DEBUG:colcon.colcon_core.shell:Skip shell extension 'dsv' for command environment
[0.484s] INFO:colcon.colcon_core.task.python.build:Building Python package in '/home/sambhav/ros2_ws/src/executors_py'
[0.484s] INFO:colcon.colcon_core.shell:Skip shell extension 'powershell' for command environment: Not usable outside of PowerShell
[0.485s] DEBUG:colcon.colcon_core.shell:Skip shell extension 'dsv' for command environment
[0.784s] DEBUG:colcon.colcon_core.event_handler.log_command:Invoking command in '/home/sambhav/ros2_ws/src/executors_py': PYTHONPATH=/home/sambhav/ros2_ws/src/build/executors_py/prefix_override:/home/sambhav/ros2_ws/src/install/executors_py/lib/python3.10/site-packages:${PYTHONPATH} /usr/bin/python3 -W ignore:setup.py install is deprecated setup.py egg_info --egg-base ../build/executors_py build --build-base /home/sambhav/ros2_ws/src/build/executors_py/build install --record /home/sambhav/ros2_ws/src/build/executors_py/install.log --single-version-externally-managed install_data
[0.998s] DEBUG:colcon.colcon_core.event_handler.log_command:Invoked command in '/home/sambhav/ros2_ws/src/executors_py' returned '0': PYTHONPATH=/home/sambhav/ros2_ws/src/build/executors_py/prefix_override:/home/sambhav/ros2_ws/src/install/executors_py/lib/python3.10/site-packages:${PYTHONPATH} /usr/bin/python3 -W ignore:setup.py install is deprecated setup.py egg_info --egg-base ../build/executors_py build --build-base /home/sambhav/ros2_ws/src/build/executors_py/build install --record /home/sambhav/ros2_ws/src/build/executors_py/install.log --single-version-externally-managed install_data
[1.002s] Level 1:colcon.colcon_core.environment:checking '/home/sambhav/ros2_ws/src/install/executors_py' for CMake module files
[1.002s] Level 1:colcon.colcon_core.environment:checking '/home/sambhav/ros2_ws/src/install/executors_py' for CMake config files
[1.002s] Level 1:colcon.colcon_core.environment:checking '/home/sambhav/ros2_ws/src/install/executors_py/lib'
[1.002s] Level 1:colcon.colcon_core.environment:checking '/home/sambhav/ros2_ws/src/install/executors_py/bin'
[1.002s] Level 1:colcon.colcon_core.environment:checking '/home/sambhav/ros2_ws/src/install/executors_py/lib/pkgconfig/executors_py.pc'
[1.003s] Level 1:colcon.colcon_core.environment:checking '/home/sambhav/ros2_ws/src/install/executors_py/lib/python3.10/site-packages'
[1.003s] Level 1:colcon.colcon_core.shell:create_environment_hook('executors_py', 'pythonpath')
[1.003s] INFO:colcon.colcon_core.shell:Creating environment hook '/home/sambhav/ros2_ws/src/install/executors_py/share/executors_py/hook/pythonpath.ps1'
[1.003s] INFO:colcon.colcon_core.shell:Creating environment descriptor '/home/sambhav/ros2_ws/src/install/executors_py/share/executors_py/hook/pythonpath.dsv'
[1.003s] INFO:colcon.colcon_core.shell:Creating environment hook '/home/sambhav/ros2_ws/src/install/executors_py/share/executors_py/hook/pythonpath.sh'
[1.004s] Level 1:colcon.colcon_core.environment:checking '/home/sambhav/ros2_ws/src/install/executors_py/bin'
[1.004s] Level 1:colcon.colcon_core.environment:create_environment_scripts_only(executors_py)
[1.004s] INFO:colcon.colcon_core.shell:Creating package script '/home/sambhav/ros2_ws/src/install/executors_py/share/executors_py/package.ps1'
[1.004s] INFO:colcon.colcon_core.shell:Creating package descriptor '/home/sambhav/ros2_ws/src/install/executors_py/share/executors_py/package.dsv'
[1.005s] INFO:colcon.colcon_core.shell:Creating package script '/home/sambhav/ros2_ws/src/install/executors_py/share/executors_py/package.sh'
[1.005s] INFO:colcon.colcon_core.shell:Creating package script '/home/sambhav/ros2_ws/src/install/executors_py/share/executors_py/package.bash'
[1.006s] INFO:colcon.colcon_core.shell:Creating package script '/home/sambhav/ros2_ws/src/install/executors_py/share/executors_py/package.zsh'
[1.006s] Level 1:colcon.colcon_core.environment:create_file_with_runtime_dependencies(/home/sambhav/ros2_ws/src/install/executors_py/share/colcon-core/packages/executors_py)
[1.007s] DEBUG:colcon.colcon_parallel_executor.executor.parallel:closing loop
[1.007s] DEBUG:colcon.colcon_parallel_executor.executor.parallel:loop closed
[1.007s] DEBUG:colcon.colcon_parallel_executor.executor.parallel:run_until_complete finished with '0'
[1.007s] DEBUG:colcon.colcon_core.event_reactor:joining thread
[1.012s] INFO:colcon.colcon_core.plugin_system:Skipping extension 'colcon_notification.desktop_notification.terminal_notifier': Not used on non-Darwin systems
[1.012s] INFO:colcon.colcon_core.plugin_system:Skipping extension 'colcon_notification.desktop_notification.win32': Not used on non-Windows systems
[1.012s] INFO:colcon.colcon_notification.desktop_notification:Sending desktop notification using 'notify2'
[1.025s] DEBUG:colcon.colcon_core.event_reactor:joined thread
[1.025s] INFO:colcon.colcon_core.shell:Creating prefix script '/home/sambhav/ros2_ws/src/install/local_setup.ps1'
[1.026s] INFO:colcon.colcon_core.shell:Creating prefix util module '/home/sambhav/ros2_ws/src/install/_local_setup_util_ps1.py'
[1.027s] INFO:colcon.colcon_core.shell:Creating prefix chain script '/home/sambhav/ros2_ws/src/install/setup.ps1'
[1.028s] INFO:colcon.colcon_core.shell:Creating prefix script '/home/sambhav/ros2_ws/src/install/local_setup.sh'
[1.029s] INFO:colcon.colcon_core.shell:Creating prefix util module '/home/sambhav/ros2_ws/src/install/_local_setup_util_sh.py'
[1.029s] INFO:colcon.colcon_core.shell:Creating prefix chain script '/home/sambhav/ros2_ws/src/install/setup.sh'
[1.030s] INFO:colcon.colcon_core.shell:Creating prefix script '/home/sambhav/ros2_ws/src/install/local_setup.bash'
[1.031s] INFO:colcon.colcon_core.shell:Creating prefix chain script '/home/sambhav/ros2_ws/src/install/setup.bash'
[1.031s] INFO:colcon.colcon_core.shell:Creating prefix script '/home/sambhav/ros2_ws/src/install/local_setup.zsh'
[1.032s] INFO:colcon.colcon_core.shell:Creating prefix chain script '/home/sambhav/ros2_ws/src/install/setup.zsh'
