[0.047s] Invoking command in '/home/sambhav/ros2_ws/src/build/my_robot_bringup': AMENT_PREFIX_PATH=/home/sambhav/ros2_ws/src/install/my_py_pkg:/home/sambhav/ros2_ws/src/install/my_robot_interfaces:${AMENT_PREFIX_PATH} CMAKE_PREFIX_PATH=/home/sambhav/ros2_ws/src/install/my_robot_interfaces:/home/sambhav/ros2_ws/install/my_robot_bringup:/home/sambhav/ros2_ws/install/my_robot_interfaces:/home/sambhav/ros2_ws/install/my_robot_description:/home/sambhav/ros2_ws/install/example_interfaces:/home/sambhav/ros2_ws/install/turtlesim_catch_them_all:/home/sambhav/ros2_ws/install/my_py_pkg:/opt/ros/humble LD_LIBRARY_PATH=/home/sambhav/ros2_ws/src/install/my_robot_interfaces/lib:${LD_LIBRARY_PATH} PYTHONPATH=/home/sambhav/ros2_ws/src/install/my_py_pkg/lib/python3.10/site-packages:/home/sambhav/ros2_ws/src/install/my_robot_interfaces/local/lib/python3.10/dist-packages:${PYTHONPATH} /usr/bin/cmake --build /home/sambhav/ros2_ws/src/build/my_robot_bringup -- -j8 -l8
[0.074s] Invoked command in '/home/sambhav/ros2_ws/src/build/my_robot_bringup' returned '0': AMENT_PREFIX_PATH=/home/sambhav/ros2_ws/src/install/my_py_pkg:/home/sambhav/ros2_ws/src/install/my_robot_interfaces:${AMENT_PREFIX_PATH} CMAKE_PREFIX_PATH=/home/sambhav/ros2_ws/src/install/my_robot_interfaces:/home/sambhav/ros2_ws/install/my_robot_bringup:/home/sambhav/ros2_ws/install/my_robot_interfaces:/home/sambhav/ros2_ws/install/my_robot_description:/home/sambhav/ros2_ws/install/example_interfaces:/home/sambhav/ros2_ws/install/turtlesim_catch_them_all:/home/sambhav/ros2_ws/install/my_py_pkg:/opt/ros/humble LD_LIBRARY_PATH=/home/sambhav/ros2_ws/src/install/my_robot_interfaces/lib:${LD_LIBRARY_PATH} PYTHONPATH=/home/sambhav/ros2_ws/src/install/my_py_pkg/lib/python3.10/site-packages:/home/sambhav/ros2_ws/src/install/my_robot_interfaces/local/lib/python3.10/dist-packages:${PYTHONPATH} /usr/bin/cmake --build /home/sambhav/ros2_ws/src/build/my_robot_bringup -- -j8 -l8
[0.090s] Invoking command in '/home/sambhav/ros2_ws/src/build/my_robot_bringup': AMENT_PREFIX_PATH=/home/sambhav/ros2_ws/src/install/my_py_pkg:/home/sambhav/ros2_ws/src/install/my_robot_interfaces:${AMENT_PREFIX_PATH} CMAKE_PREFIX_PATH=/home/sambhav/ros2_ws/src/install/my_robot_interfaces:/home/sambhav/ros2_ws/install/my_robot_bringup:/home/sambhav/ros2_ws/install/my_robot_interfaces:/home/sambhav/ros2_ws/install/my_robot_description:/home/sambhav/ros2_ws/install/example_interfaces:/home/sambhav/ros2_ws/install/turtlesim_catch_them_all:/home/sambhav/ros2_ws/install/my_py_pkg:/opt/ros/humble LD_LIBRARY_PATH=/home/sambhav/ros2_ws/src/install/my_robot_interfaces/lib:${LD_LIBRARY_PATH} PYTHONPATH=/home/sambhav/ros2_ws/src/install/my_py_pkg/lib/python3.10/site-packages:/home/sambhav/ros2_ws/src/install/my_robot_interfaces/local/lib/python3.10/dist-packages:${PYTHONPATH} /usr/bin/cmake --install /home/sambhav/ros2_ws/src/build/my_robot_bringup
[0.095s] -- Install configuration: ""
[0.095s] -- Up-to-date: /home/sambhav/ros2_ws/src/install/my_robot_bringup/share/my_robot_bringup/launch
[0.095s] -- Up-to-date: /home/sambhav/ros2_ws/src/install/my_robot_bringup/share/my_robot_bringup/launch/number_app.launch.py
[0.095s] -- Up-to-date: /home/sambhav/ros2_ws/src/install/my_robot_bringup/share/ament_index/resource_index/package_run_dependencies/my_robot_bringup
[0.095s] -- Up-to-date: /home/sambhav/ros2_ws/src/install/my_robot_bringup/share/ament_index/resource_index/parent_prefix_path/my_robot_bringup
[0.095s] -- Up-to-date: /home/sambhav/ros2_ws/src/install/my_robot_bringup/share/my_robot_bringup/environment/ament_prefix_path.sh
[0.096s] -- Up-to-date: /home/sambhav/ros2_ws/src/install/my_robot_bringup/share/my_robot_bringup/environment/ament_prefix_path.dsv
[0.096s] -- Up-to-date: /home/sambhav/ros2_ws/src/install/my_robot_bringup/share/my_robot_bringup/environment/path.sh
[0.096s] -- Up-to-date: /home/sambhav/ros2_ws/src/install/my_robot_bringup/share/my_robot_bringup/environment/path.dsv
[0.096s] -- Up-to-date: /home/sambhav/ros2_ws/src/install/my_robot_bringup/share/my_robot_bringup/local_setup.bash
[0.096s] -- Up-to-date: /home/sambhav/ros2_ws/src/install/my_robot_bringup/share/my_robot_bringup/local_setup.sh
[0.096s] -- Up-to-date: /home/sambhav/ros2_ws/src/install/my_robot_bringup/share/my_robot_bringup/local_setup.zsh
[0.096s] -- Up-to-date: /home/sambhav/ros2_ws/src/install/my_robot_bringup/share/my_robot_bringup/local_setup.dsv
[0.096s] -- Up-to-date: /home/sambhav/ros2_ws/src/install/my_robot_bringup/share/my_robot_bringup/package.dsv
[0.096s] -- Up-to-date: /home/sambhav/ros2_ws/src/install/my_robot_bringup/share/ament_index/resource_index/packages/my_robot_bringup
[0.096s] -- Up-to-date: /home/sambhav/ros2_ws/src/install/my_robot_bringup/share/my_robot_bringup/cmake/my_robot_bringupConfig.cmake
[0.096s] -- Up-to-date: /home/sambhav/ros2_ws/src/install/my_robot_bringup/share/my_robot_bringup/cmake/my_robot_bringupConfig-version.cmake
[0.096s] -- Up-to-date: /home/sambhav/ros2_ws/src/install/my_robot_bringup/share/my_robot_bringup/package.xml
[0.097s] Invoked command in '/home/sambhav/ros2_ws/src/build/my_robot_bringup' returned '0': AMENT_PREFIX_PATH=/home/sambhav/ros2_ws/src/install/my_py_pkg:/home/sambhav/ros2_ws/src/install/my_robot_interfaces:${AMENT_PREFIX_PATH} CMAKE_PREFIX_PATH=/home/sambhav/ros2_ws/src/install/my_robot_interfaces:/home/sambhav/ros2_ws/install/my_robot_bringup:/home/sambhav/ros2_ws/install/my_robot_interfaces:/home/sambhav/ros2_ws/install/my_robot_description:/home/sambhav/ros2_ws/install/example_interfaces:/home/sambhav/ros2_ws/install/turtlesim_catch_them_all:/home/sambhav/ros2_ws/install/my_py_pkg:/opt/ros/humble LD_LIBRARY_PATH=/home/sambhav/ros2_ws/src/install/my_robot_interfaces/lib:${LD_LIBRARY_PATH} PYTHONPATH=/home/sambhav/ros2_ws/src/install/my_py_pkg/lib/python3.10/site-packages:/home/sambhav/ros2_ws/src/install/my_robot_interfaces/local/lib/python3.10/dist-packages:${PYTHONPATH} /usr/bin/cmake --install /home/sambhav/ros2_ws/src/build/my_robot_bringup
