[0.457s] Invoking command in '/home/sambhav/ros2_ws/src/my_py_pkg': PYTHONPATH=/home/sambhav/ros2_ws/build/my_py_pkg/prefix_override:/home/sambhav/ros2_ws/install/my_py_pkg/lib/python3.10/site-packages:${PYTHONPATH} /usr/bin/python3 setup.py egg_info --egg-base ../../build/my_py_pkg build --build-base /home/sambhav/ros2_ws/build/my_py_pkg/build install --record /home/sambhav/ros2_ws/build/my_py_pkg/install.log --single-version-externally-managed
[0.607s] running egg_info
[0.607s] writing ../../build/my_py_pkg/my_py_pkg.egg-info/PKG-INFO
[0.607s] writing dependency_links to ../../build/my_py_pkg/my_py_pkg.egg-info/dependency_links.txt
[0.607s] writing entry points to ../../build/my_py_pkg/my_py_pkg.egg-info/entry_points.txt
[0.607s] writing requirements to ../../build/my_py_pkg/my_py_pkg.egg-info/requires.txt
[0.607s] writing top-level names to ../../build/my_py_pkg/my_py_pkg.egg-info/top_level.txt
[0.608s] reading manifest file '../../build/my_py_pkg/my_py_pkg.egg-info/SOURCES.txt'
[0.609s] writing manifest file '../../build/my_py_pkg/my_py_pkg.egg-info/SOURCES.txt'
[0.609s] running build
[0.609s] running build_py
[0.609s] copying my_py_pkg/led_panel_node.py -> /home/sambhav/ros2_ws/build/my_py_pkg/build/lib/my_py_pkg
[0.610s] running install
[0.610s] running install_lib
[0.611s] copying /home/sambhav/ros2_ws/build/my_py_pkg/build/lib/my_py_pkg/led_panel_node.py -> /home/sambhav/ros2_ws/install/my_py_pkg/lib/python3.10/site-packages/my_py_pkg
[0.611s] byte-compiling /home/sambhav/ros2_ws/install/my_py_pkg/lib/python3.10/site-packages/my_py_pkg/led_panel_node.py to led_panel_node.cpython-310.pyc
[0.612s] byte-compiling /home/sambhav/ros2_ws/install/my_py_pkg/lib/python3.10/site-packages/my_py_pkg/Battery_node.py to Battery_node.cpython-310.pyc
[0.612s] Sorry: IndentationError: expected an indented block after function definition on line 11 (Battery_node.py, line 15)
[0.612s] running install_data
[0.612s] running install_egg_info
[0.614s] removing '/home/sambhav/ros2_ws/install/my_py_pkg/lib/python3.10/site-packages/my_py_pkg-0.0.0-py3.10.egg-info' (and everything under it)
[0.614s] Copying ../../build/my_py_pkg/my_py_pkg.egg-info to /home/sambhav/ros2_ws/install/my_py_pkg/lib/python3.10/site-packages/my_py_pkg-0.0.0-py3.10.egg-info
[0.614s] running install_scripts
[0.627s] Installing add_two_ints_client script to /home/sambhav/ros2_ws/install/my_py_pkg/lib/my_py_pkg
[0.627s] Installing add_two_ints_client_no_oop script to /home/sambhav/ros2_ws/install/my_py_pkg/lib/my_py_pkg
[0.627s] Installing add_two_ints_server script to /home/sambhav/ros2_ws/install/my_py_pkg/lib/my_py_pkg
[0.627s] Installing hw_status_publisher script to /home/sambhav/ros2_ws/install/my_py_pkg/lib/my_py_pkg
[0.627s] Installing led_panel_node script to /home/sambhav/ros2_ws/install/my_py_pkg/lib/my_py_pkg
[0.628s] Installing number_counter script to /home/sambhav/ros2_ws/install/my_py_pkg/lib/my_py_pkg
[0.628s] Installing number_publisher script to /home/sambhav/ros2_ws/install/my_py_pkg/lib/my_py_pkg
[0.628s] Installing py_node script to /home/sambhav/ros2_ws/install/my_py_pkg/lib/my_py_pkg
[0.628s] Installing robot_news_station script to /home/sambhav/ros2_ws/install/my_py_pkg/lib/my_py_pkg
[0.628s] Installing smartphone script to /home/sambhav/ros2_ws/install/my_py_pkg/lib/my_py_pkg
[0.628s] writing list of installed files to '/home/sambhav/ros2_ws/build/my_py_pkg/install.log'
[0.645s] Invoked command in '/home/sambhav/ros2_ws/src/my_py_pkg' returned '0': PYTHONPATH=/home/sambhav/ros2_ws/build/my_py_pkg/prefix_override:/home/sambhav/ros2_ws/install/my_py_pkg/lib/python3.10/site-packages:${PYTHONPATH} /usr/bin/python3 setup.py egg_info --egg-base ../../build/my_py_pkg build --build-base /home/sambhav/ros2_ws/build/my_py_pkg/build install --record /home/sambhav/ros2_ws/build/my_py_pkg/install.log --single-version-externally-managed
