[0.456s] Invoking command in '/home/sambhav/ros2_ws/src/lifecycle_py': CMAKE_PREFIX_PATH=/home/sambhav/ros2_ws/install/example_interfaces:/home/sambhav/ros2_ws/install/my_robot_bringup:/home/sambhav/ros2_ws/install/my_robot_interfaces:/home/sambhav/ros2_ws/install/my_robot_description:/home/sambhav/my_swarm/install/swarm_description LD_LIBRARY_PATH=/home/sambhav/ros2_ws/install/example_interfaces/lib:/home/sambhav/ros2_ws/install/my_robot_interfaces/lib:/usr/lib/x86_64-linux-gnu/gazebo-11/plugins:/opt/ros/humble/opt/rviz_ogre_vendor/lib:/opt/ros/humble/lib/x86_64-linux-gnu:/opt/ros/humble/lib:/usr/share/gazebo-11/../../lib/x86_64-linux-gnu/gazebo-11/plugins PYTHONPATH=/home/sambhav/ros2_ws/build/lifecycle_py/prefix_override:/home/sambhav/ros2_ws/install/lifecycle_py/lib/python3.10/site-packages:${PYTHONPATH} /usr/bin/python3 -W ignore:setup.py install is deprecated setup.py egg_info --egg-base ../../build/lifecycle_py build --build-base /home/sambhav/ros2_ws/build/lifecycle_py/build install --record /home/sambhav/ros2_ws/build/lifecycle_py/install.log --single-version-externally-managed install_data
[0.629s] running egg_info
[0.629s] writing ../../build/lifecycle_py/lifecycle_py.egg-info/PKG-INFO
[0.629s] writing dependency_links to ../../build/lifecycle_py/lifecycle_py.egg-info/dependency_links.txt
[0.629s] writing entry points to ../../build/lifecycle_py/lifecycle_py.egg-info/entry_points.txt
[0.629s] writing requirements to ../../build/lifecycle_py/lifecycle_py.egg-info/requires.txt
[0.629s] writing top-level names to ../../build/lifecycle_py/lifecycle_py.egg-info/top_level.txt
[0.630s] reading manifest file '../../build/lifecycle_py/lifecycle_py.egg-info/SOURCES.txt'
[0.631s] writing manifest file '../../build/lifecycle_py/lifecycle_py.egg-info/SOURCES.txt'
[0.631s] running build
[0.631s] running build_py
[0.631s] copying lifecycle_py/number_publisher.py -> /home/sambhav/ros2_ws/build/lifecycle_py/build/lib/lifecycle_py
[0.631s] running install
[0.631s] running install_lib
[0.631s] copying /home/sambhav/ros2_ws/build/lifecycle_py/build/lib/lifecycle_py/number_publisher.py -> /home/sambhav/ros2_ws/install/lifecycle_py/lib/python3.10/site-packages/lifecycle_py
[0.632s] byte-compiling /home/sambhav/ros2_ws/install/lifecycle_py/lib/python3.10/site-packages/lifecycle_py/number_publisher.py to number_publisher.cpython-310.pyc
[0.632s] running install_data
[0.632s] running install_egg_info
[0.633s] removing '/home/sambhav/ros2_ws/install/lifecycle_py/lib/python3.10/site-packages/lifecycle_py-0.0.0-py3.10.egg-info' (and everything under it)
[0.634s] Copying ../../build/lifecycle_py/lifecycle_py.egg-info to /home/sambhav/ros2_ws/install/lifecycle_py/lib/python3.10/site-packages/lifecycle_py-0.0.0-py3.10.egg-info
[0.634s] running install_scripts
[0.647s] Installing lifecycle_node_manager script to /home/sambhav/ros2_ws/install/lifecycle_py/lib/lifecycle_py
[0.647s] Installing number_publisher script to /home/sambhav/ros2_ws/install/lifecycle_py/lib/lifecycle_py
[0.648s] writing list of installed files to '/home/sambhav/ros2_ws/build/lifecycle_py/install.log'
[0.667s] Invoked command in '/home/sambhav/ros2_ws/src/lifecycle_py' returned '0': CMAKE_PREFIX_PATH=/home/sambhav/ros2_ws/install/example_interfaces:/home/sambhav/ros2_ws/install/my_robot_bringup:/home/sambhav/ros2_ws/install/my_robot_interfaces:/home/sambhav/ros2_ws/install/my_robot_description:/home/sambhav/my_swarm/install/swarm_description LD_LIBRARY_PATH=/home/sambhav/ros2_ws/install/example_interfaces/lib:/home/sambhav/ros2_ws/install/my_robot_interfaces/lib:/usr/lib/x86_64-linux-gnu/gazebo-11/plugins:/opt/ros/humble/opt/rviz_ogre_vendor/lib:/opt/ros/humble/lib/x86_64-linux-gnu:/opt/ros/humble/lib:/usr/share/gazebo-11/../../lib/x86_64-linux-gnu/gazebo-11/plugins PYTHONPATH=/home/sambhav/ros2_ws/build/lifecycle_py/prefix_override:/home/sambhav/ros2_ws/install/lifecycle_py/lib/python3.10/site-packages:${PYTHONPATH} /usr/bin/python3 -W ignore:setup.py install is deprecated setup.py egg_info --egg-base ../../build/lifecycle_py build --build-base /home/sambhav/ros2_ws/build/lifecycle_py/build install --record /home/sambhav/ros2_ws/build/lifecycle_py/install.log --single-version-externally-managed install_data
