[0.120s] DEBUG:colcon:Command line arguments: ['/usr/bin/colcon', 'list', '-p', '--base-paths', '/home/sambhav/ros2_ws']
[0.120s] DEBUG:colcon:Parsed command line arguments: Namespace(log_base=None, log_level=None, verb_name='list', build_base='build', ignore_user_meta=False, metas=['./colcon.meta'], base_paths=['/home/sambhav/ros2_ws'], packages_ignore=None, packages_ignore_regex=None, paths=None, packages_up_to=None, packages_up_to_regex=None, packages_above=None, packages_above_and_dependencies=None, packages_above_depth=None, packages_select_by_dep=None, packages_skip_by_dep=None, packages_skip_up_to=None, packages_select_build_failed=False, packages_skip_build_finished=False, packages_select_test_failures=False, packages_skip_test_passed=False, packages_select=None, packages_skip=None, packages_select_regex=None, packages_skip_regex=None, packages_start=None, packages_end=None, allow_overriding=[], topological_order=False, names_only=False, paths_only=True, topological_graph=False, topological_graph_dot=False, topological_graph_density=False, topological_graph_legend=False, topological_graph_dot_cluster=False, topological_graph_dot_include_skipped=False, verb_parser=<colcon_defaults.argument_parser.defaults.DefaultArgumentsDecorator object at 0x70fc20f36f50>, verb_extension=<colcon_package_information.verb.list.ListVerb object at 0x70fc2102b160>, main=<bound method ListVerb.main of <colcon_package_information.verb.list.ListVerb object at 0x70fc2102b160>>)
[0.324s] Level 1:colcon.colcon_core.package_discovery:discover_packages(colcon_meta) check parameters
[0.325s] Level 1:colcon.colcon_core.package_discovery:discover_packages(recursive) check parameters
[0.325s] Level 1:colcon.colcon_core.package_discovery:discover_packages(ignore) check parameters
[0.325s] Level 1:colcon.colcon_core.package_discovery:discover_packages(path) check parameters
[0.325s] Level 1:colcon.colcon_core.package_discovery:discover_packages(recursive) discover
[0.325s] INFO:colcon.colcon_core.package_discovery:Crawling recursively for packages in '/home/sambhav/ros2_ws'
[0.325s] Level 1:colcon.colcon_core.package_identification:_identify(/home/sambhav/ros2_ws) by extensions ['ignore', 'ignore_ament_install']
[0.325s] Level 1:colcon.colcon_core.package_identification:_identify(/home/sambhav/ros2_ws) by extension 'ignore'
[0.325s] Level 1:colcon.colcon_core.package_identification:_identify(/home/sambhav/ros2_ws) by extension 'ignore_ament_install'
[0.325s] Level 1:colcon.colcon_core.package_identification:_identify(/home/sambhav/ros2_ws) by extensions ['colcon_pkg']
[0.325s] Level 1:colcon.colcon_core.package_identification:_identify(/home/sambhav/ros2_ws) by extension 'colcon_pkg'
[0.325s] Level 1:colcon.colcon_core.package_identification:_identify(/home/sambhav/ros2_ws) by extensions ['colcon_meta']
[0.325s] Level 1:colcon.colcon_core.package_identification:_identify(/home/sambhav/ros2_ws) by extension 'colcon_meta'
[0.325s] Level 1:colcon.colcon_core.package_identification:_identify(/home/sambhav/ros2_ws) by extensions ['ros']
[0.325s] Level 1:colcon.colcon_core.package_identification:_identify(/home/sambhav/ros2_ws) by extension 'ros'
[0.335s] Level 1:colcon.colcon_core.package_identification:_identify(/home/sambhav/ros2_ws) by extensions ['cmake', 'python']
[0.335s] Level 1:colcon.colcon_core.package_identification:_identify(/home/sambhav/ros2_ws) by extension 'cmake'
[0.335s] Level 1:colcon.colcon_core.package_identification:_identify(/home/sambhav/ros2_ws) by extension 'python'
[0.335s] Level 1:colcon.colcon_core.package_identification:_identify(/home/sambhav/ros2_ws) by extensions ['python_setup_py']
[0.335s] Level 1:colcon.colcon_core.package_identification:_identify(/home/sambhav/ros2_ws) by extension 'python_setup_py'
[0.335s] Level 1:colcon.colcon_core.package_identification:_identify(/home/sambhav/ros2_ws/build) by extensions ['ignore', 'ignore_ament_install']
[0.335s] Level 1:colcon.colcon_core.package_identification:_identify(/home/sambhav/ros2_ws/build) by extension 'ignore'
[0.335s] Level 1:colcon.colcon_core.package_identification:_identify(/home/sambhav/ros2_ws/build) ignored
[0.335s] Level 1:colcon.colcon_core.package_identification:_identify(/home/sambhav/ros2_ws/example_interfaces) by extensions ['ignore', 'ignore_ament_install']
[0.335s] Level 1:colcon.colcon_core.package_identification:_identify(/home/sambhav/ros2_ws/example_interfaces) by extension 'ignore'
[0.335s] Level 1:colcon.colcon_core.package_identification:_identify(/home/sambhav/ros2_ws/example_interfaces) by extension 'ignore_ament_install'
[0.335s] Level 1:colcon.colcon_core.package_identification:_identify(/home/sambhav/ros2_ws/example_interfaces) by extensions ['colcon_pkg']
[0.335s] Level 1:colcon.colcon_core.package_identification:_identify(/home/sambhav/ros2_ws/example_interfaces) by extension 'colcon_pkg'
[0.335s] Level 1:colcon.colcon_core.package_identification:_identify(/home/sambhav/ros2_ws/example_interfaces) by extensions ['colcon_meta']
[0.336s] Level 1:colcon.colcon_core.package_identification:_identify(/home/sambhav/ros2_ws/example_interfaces) by extension 'colcon_meta'
[0.336s] Level 1:colcon.colcon_core.package_identification:_identify(/home/sambhav/ros2_ws/example_interfaces) by extensions ['ros']
[0.336s] Level 1:colcon.colcon_core.package_identification:_identify(/home/sambhav/ros2_ws/example_interfaces) by extension 'ros'
[0.338s] DEBUG:colcon.colcon_core.package_identification:Package '/home/sambhav/ros2_ws/example_interfaces' with type 'ros.ament_cmake' and name 'example_interfaces'
[0.338s] Level 1:colcon.colcon_core.package_identification:_identify(/home/sambhav/ros2_ws/install) by extensions ['ignore', 'ignore_ament_install']
[0.339s] Level 1:colcon.colcon_core.package_identification:_identify(/home/sambhav/ros2_ws/install) by extension 'ignore'
[0.339s] Level 1:colcon.colcon_core.package_identification:_identify(/home/sambhav/ros2_ws/install) ignored
[0.339s] Level 1:colcon.colcon_core.package_identification:_identify(/home/sambhav/ros2_ws/log) by extensions ['ignore', 'ignore_ament_install']
[0.339s] Level 1:colcon.colcon_core.package_identification:_identify(/home/sambhav/ros2_ws/log) by extension 'ignore'
[0.339s] Level 1:colcon.colcon_core.package_identification:_identify(/home/sambhav/ros2_ws/log) ignored
[0.339s] Level 1:colcon.colcon_core.package_identification:_identify(/home/sambhav/ros2_ws/src) by extensions ['ignore', 'ignore_ament_install']
[0.339s] Level 1:colcon.colcon_core.package_identification:_identify(/home/sambhav/ros2_ws/src) by extension 'ignore'
[0.339s] Level 1:colcon.colcon_core.package_identification:_identify(/home/sambhav/ros2_ws/src) by extension 'ignore_ament_install'
[0.339s] Level 1:colcon.colcon_core.package_identification:_identify(/home/sambhav/ros2_ws/src) by extensions ['colcon_pkg']
[0.339s] Level 1:colcon.colcon_core.package_identification:_identify(/home/sambhav/ros2_ws/src) by extension 'colcon_pkg'
[0.339s] Level 1:colcon.colcon_core.package_identification:_identify(/home/sambhav/ros2_ws/src) by extensions ['colcon_meta']
[0.339s] Level 1:colcon.colcon_core.package_identification:_identify(/home/sambhav/ros2_ws/src) by extension 'colcon_meta'
[0.339s] Level 1:colcon.colcon_core.package_identification:_identify(/home/sambhav/ros2_ws/src) by extensions ['ros']
[0.339s] Level 1:colcon.colcon_core.package_identification:_identify(/home/sambhav/ros2_ws/src) by extension 'ros'
[0.339s] Level 1:colcon.colcon_core.package_identification:_identify(/home/sambhav/ros2_ws/src) by extensions ['cmake', 'python']
[0.339s] Level 1:colcon.colcon_core.package_identification:_identify(/home/sambhav/ros2_ws/src) by extension 'cmake'
[0.339s] Level 1:colcon.colcon_core.package_identification:_identify(/home/sambhav/ros2_ws/src) by extension 'python'
[0.339s] Level 1:colcon.colcon_core.package_identification:_identify(/home/sambhav/ros2_ws/src) by extensions ['python_setup_py']
[0.339s] Level 1:colcon.colcon_core.package_identification:_identify(/home/sambhav/ros2_ws/src) by extension 'python_setup_py'
[0.340s] Level 1:colcon.colcon_core.package_identification:_identify(/home/sambhav/ros2_ws/src/build) by extensions ['ignore', 'ignore_ament_install']
[0.340s] Level 1:colcon.colcon_core.package_identification:_identify(/home/sambhav/ros2_ws/src/build) by extension 'ignore'
[0.340s] Level 1:colcon.colcon_core.package_identification:_identify(/home/sambhav/ros2_ws/src/build) ignored
[0.340s] Level 1:colcon.colcon_core.package_identification:_identify(/home/sambhav/ros2_ws/src/install) by extensions ['ignore', 'ignore_ament_install']
[0.340s] Level 1:colcon.colcon_core.package_identification:_identify(/home/sambhav/ros2_ws/src/install) by extension 'ignore'
[0.340s] Level 1:colcon.colcon_core.package_identification:_identify(/home/sambhav/ros2_ws/src/install) ignored
[0.340s] Level 1:colcon.colcon_core.package_identification:_identify(/home/sambhav/ros2_ws/src/log) by extensions ['ignore', 'ignore_ament_install']
[0.340s] Level 1:colcon.colcon_core.package_identification:_identify(/home/sambhav/ros2_ws/src/log) by extension 'ignore'
[0.340s] Level 1:colcon.colcon_core.package_identification:_identify(/home/sambhav/ros2_ws/src/log) ignored
[0.340s] Level 1:colcon.colcon_core.package_identification:_identify(/home/sambhav/ros2_ws/src/microROS_bot) by extensions ['ignore', 'ignore_ament_install']
[0.340s] Level 1:colcon.colcon_core.package_identification:_identify(/home/sambhav/ros2_ws/src/microROS_bot) by extension 'ignore'
[0.340s] Level 1:colcon.colcon_core.package_identification:_identify(/home/sambhav/ros2_ws/src/microROS_bot) by extension 'ignore_ament_install'
[0.340s] Level 1:colcon.colcon_core.package_identification:_identify(/home/sambhav/ros2_ws/src/microROS_bot) by extensions ['colcon_pkg']
[0.340s] Level 1:colcon.colcon_core.package_identification:_identify(/home/sambhav/ros2_ws/src/microROS_bot) by extension 'colcon_pkg'
[0.340s] Level 1:colcon.colcon_core.package_identification:_identify(/home/sambhav/ros2_ws/src/microROS_bot) by extensions ['colcon_meta']
[0.340s] Level 1:colcon.colcon_core.package_identification:_identify(/home/sambhav/ros2_ws/src/microROS_bot) by extension 'colcon_meta'
[0.340s] Level 1:colcon.colcon_core.package_identification:_identify(/home/sambhav/ros2_ws/src/microROS_bot) by extensions ['ros']
[0.340s] Level 1:colcon.colcon_core.package_identification:_identify(/home/sambhav/ros2_ws/src/microROS_bot) by extension 'ros'
[0.340s] Level 1:colcon.colcon_core.package_identification:_identify(/home/sambhav/ros2_ws/src/microROS_bot) by extensions ['cmake', 'python']
[0.340s] Level 1:colcon.colcon_core.package_identification:_identify(/home/sambhav/ros2_ws/src/microROS_bot) by extension 'cmake'
[0.340s] Level 1:colcon.colcon_core.package_identification:_identify(/home/sambhav/ros2_ws/src/microROS_bot) by extension 'python'
[0.341s] Level 1:colcon.colcon_core.package_identification:_identify(/home/sambhav/ros2_ws/src/microROS_bot) by extensions ['python_setup_py']
[0.341s] Level 1:colcon.colcon_core.package_identification:_identify(/home/sambhav/ros2_ws/src/microROS_bot) by extension 'python_setup_py'
[0.341s] Level 1:colcon.colcon_core.package_identification:_identify(/home/sambhav/ros2_ws/src/microROS_bot/include) by extensions ['ignore', 'ignore_ament_install']
[0.341s] Level 1:colcon.colcon_core.package_identification:_identify(/home/sambhav/ros2_ws/src/microROS_bot/include) by extension 'ignore'
[0.341s] Level 1:colcon.colcon_core.package_identification:_identify(/home/sambhav/ros2_ws/src/microROS_bot/include) by extension 'ignore_ament_install'
[0.341s] Level 1:colcon.colcon_core.package_identification:_identify(/home/sambhav/ros2_ws/src/microROS_bot/include) by extensions ['colcon_pkg']
[0.341s] Level 1:colcon.colcon_core.package_identification:_identify(/home/sambhav/ros2_ws/src/microROS_bot/include) by extension 'colcon_pkg'
[0.341s] Level 1:colcon.colcon_core.package_identification:_identify(/home/sambhav/ros2_ws/src/microROS_bot/include) by extensions ['colcon_meta']
[0.341s] Level 1:colcon.colcon_core.package_identification:_identify(/home/sambhav/ros2_ws/src/microROS_bot/include) by extension 'colcon_meta'
[0.341s] Level 1:colcon.colcon_core.package_identification:_identify(/home/sambhav/ros2_ws/src/microROS_bot/include) by extensions ['ros']
[0.341s] Level 1:colcon.colcon_core.package_identification:_identify(/home/sambhav/ros2_ws/src/microROS_bot/include) by extension 'ros'
[0.341s] Level 1:colcon.colcon_core.package_identification:_identify(/home/sambhav/ros2_ws/src/microROS_bot/include) by extensions ['cmake', 'python']
[0.341s] Level 1:colcon.colcon_core.package_identification:_identify(/home/sambhav/ros2_ws/src/microROS_bot/include) by extension 'cmake'
[0.341s] Level 1:colcon.colcon_core.package_identification:_identify(/home/sambhav/ros2_ws/src/microROS_bot/include) by extension 'python'
[0.341s] Level 1:colcon.colcon_core.package_identification:_identify(/home/sambhav/ros2_ws/src/microROS_bot/include) by extensions ['python_setup_py']
[0.341s] Level 1:colcon.colcon_core.package_identification:_identify(/home/sambhav/ros2_ws/src/microROS_bot/include) by extension 'python_setup_py'
[0.341s] Level 1:colcon.colcon_core.package_identification:_identify(/home/sambhav/ros2_ws/src/microROS_bot/lib) by extensions ['ignore', 'ignore_ament_install']
[0.341s] Level 1:colcon.colcon_core.package_identification:_identify(/home/sambhav/ros2_ws/src/microROS_bot/lib) by extension 'ignore'
[0.341s] Level 1:colcon.colcon_core.package_identification:_identify(/home/sambhav/ros2_ws/src/microROS_bot/lib) by extension 'ignore_ament_install'
[0.341s] Level 1:colcon.colcon_core.package_identification:_identify(/home/sambhav/ros2_ws/src/microROS_bot/lib) by extensions ['colcon_pkg']
[0.341s] Level 1:colcon.colcon_core.package_identification:_identify(/home/sambhav/ros2_ws/src/microROS_bot/lib) by extension 'colcon_pkg'
[0.341s] Level 1:colcon.colcon_core.package_identification:_identify(/home/sambhav/ros2_ws/src/microROS_bot/lib) by extensions ['colcon_meta']
[0.341s] Level 1:colcon.colcon_core.package_identification:_identify(/home/sambhav/ros2_ws/src/microROS_bot/lib) by extension 'colcon_meta'
[0.341s] Level 1:colcon.colcon_core.package_identification:_identify(/home/sambhav/ros2_ws/src/microROS_bot/lib) by extensions ['ros']
[0.341s] Level 1:colcon.colcon_core.package_identification:_identify(/home/sambhav/ros2_ws/src/microROS_bot/lib) by extension 'ros'
[0.341s] Level 1:colcon.colcon_core.package_identification:_identify(/home/sambhav/ros2_ws/src/microROS_bot/lib) by extensions ['cmake', 'python']
[0.341s] Level 1:colcon.colcon_core.package_identification:_identify(/home/sambhav/ros2_ws/src/microROS_bot/lib) by extension 'cmake'
[0.341s] Level 1:colcon.colcon_core.package_identification:_identify(/home/sambhav/ros2_ws/src/microROS_bot/lib) by extension 'python'
[0.342s] Level 1:colcon.colcon_core.package_identification:_identify(/home/sambhav/ros2_ws/src/microROS_bot/lib) by extensions ['python_setup_py']
[0.342s] Level 1:colcon.colcon_core.package_identification:_identify(/home/sambhav/ros2_ws/src/microROS_bot/lib) by extension 'python_setup_py'
[0.342s] Level 1:colcon.colcon_core.package_identification:_identify(/home/sambhav/ros2_ws/src/microROS_bot/src) by extensions ['ignore', 'ignore_ament_install']
[0.342s] Level 1:colcon.colcon_core.package_identification:_identify(/home/sambhav/ros2_ws/src/microROS_bot/src) by extension 'ignore'
[0.342s] Level 1:colcon.colcon_core.package_identification:_identify(/home/sambhav/ros2_ws/src/microROS_bot/src) by extension 'ignore_ament_install'
[0.342s] Level 1:colcon.colcon_core.package_identification:_identify(/home/sambhav/ros2_ws/src/microROS_bot/src) by extensions ['colcon_pkg']
[0.342s] Level 1:colcon.colcon_core.package_identification:_identify(/home/sambhav/ros2_ws/src/microROS_bot/src) by extension 'colcon_pkg'
[0.342s] Level 1:colcon.colcon_core.package_identification:_identify(/home/sambhav/ros2_ws/src/microROS_bot/src) by extensions ['colcon_meta']
[0.342s] Level 1:colcon.colcon_core.package_identification:_identify(/home/sambhav/ros2_ws/src/microROS_bot/src) by extension 'colcon_meta'
[0.342s] Level 1:colcon.colcon_core.package_identification:_identify(/home/sambhav/ros2_ws/src/microROS_bot/src) by extensions ['ros']
[0.342s] Level 1:colcon.colcon_core.package_identification:_identify(/home/sambhav/ros2_ws/src/microROS_bot/src) by extension 'ros'
[0.342s] Level 1:colcon.colcon_core.package_identification:_identify(/home/sambhav/ros2_ws/src/microROS_bot/src) by extensions ['cmake', 'python']
[0.342s] Level 1:colcon.colcon_core.package_identification:_identify(/home/sambhav/ros2_ws/src/microROS_bot/src) by extension 'cmake'
[0.342s] Level 1:colcon.colcon_core.package_identification:_identify(/home/sambhav/ros2_ws/src/microROS_bot/src) by extension 'python'
[0.342s] Level 1:colcon.colcon_core.package_identification:_identify(/home/sambhav/ros2_ws/src/microROS_bot/src) by extensions ['python_setup_py']
[0.342s] Level 1:colcon.colcon_core.package_identification:_identify(/home/sambhav/ros2_ws/src/microROS_bot/src) by extension 'python_setup_py'
[0.342s] Level 1:colcon.colcon_core.package_identification:_identify(/home/sambhav/ros2_ws/src/microROS_bot/test) by extensions ['ignore', 'ignore_ament_install']
[0.342s] Level 1:colcon.colcon_core.package_identification:_identify(/home/sambhav/ros2_ws/src/microROS_bot/test) by extension 'ignore'
[0.342s] Level 1:colcon.colcon_core.package_identification:_identify(/home/sambhav/ros2_ws/src/microROS_bot/test) by extension 'ignore_ament_install'
[0.342s] Level 1:colcon.colcon_core.package_identification:_identify(/home/sambhav/ros2_ws/src/microROS_bot/test) by extensions ['colcon_pkg']
[0.342s] Level 1:colcon.colcon_core.package_identification:_identify(/home/sambhav/ros2_ws/src/microROS_bot/test) by extension 'colcon_pkg'
[0.342s] Level 1:colcon.colcon_core.package_identification:_identify(/home/sambhav/ros2_ws/src/microROS_bot/test) by extensions ['colcon_meta']
[0.342s] Level 1:colcon.colcon_core.package_identification:_identify(/home/sambhav/ros2_ws/src/microROS_bot/test) by extension 'colcon_meta'
[0.342s] Level 1:colcon.colcon_core.package_identification:_identify(/home/sambhav/ros2_ws/src/microROS_bot/test) by extensions ['ros']
[0.342s] Level 1:colcon.colcon_core.package_identification:_identify(/home/sambhav/ros2_ws/src/microROS_bot/test) by extension 'ros'
[0.343s] Level 1:colcon.colcon_core.package_identification:_identify(/home/sambhav/ros2_ws/src/microROS_bot/test) by extensions ['cmake', 'python']
[0.343s] Level 1:colcon.colcon_core.package_identification:_identify(/home/sambhav/ros2_ws/src/microROS_bot/test) by extension 'cmake'
[0.343s] Level 1:colcon.colcon_core.package_identification:_identify(/home/sambhav/ros2_ws/src/microROS_bot/test) by extension 'python'
[0.343s] Level 1:colcon.colcon_core.package_identification:_identify(/home/sambhav/ros2_ws/src/microROS_bot/test) by extensions ['python_setup_py']
[0.343s] Level 1:colcon.colcon_core.package_identification:_identify(/home/sambhav/ros2_ws/src/microROS_bot/test) by extension 'python_setup_py'
[0.343s] Level 1:colcon.colcon_core.package_identification:_identify(/home/sambhav/ros2_ws/src/my_py_pkg) by extensions ['ignore', 'ignore_ament_install']
[0.343s] Level 1:colcon.colcon_core.package_identification:_identify(/home/sambhav/ros2_ws/src/my_py_pkg) by extension 'ignore'
[0.343s] Level 1:colcon.colcon_core.package_identification:_identify(/home/sambhav/ros2_ws/src/my_py_pkg) by extension 'ignore_ament_install'
[0.343s] Level 1:colcon.colcon_core.package_identification:_identify(/home/sambhav/ros2_ws/src/my_py_pkg) by extensions ['colcon_pkg']
[0.343s] Level 1:colcon.colcon_core.package_identification:_identify(/home/sambhav/ros2_ws/src/my_py_pkg) by extension 'colcon_pkg'
[0.343s] Level 1:colcon.colcon_core.package_identification:_identify(/home/sambhav/ros2_ws/src/my_py_pkg) by extensions ['colcon_meta']
[0.343s] Level 1:colcon.colcon_core.package_identification:_identify(/home/sambhav/ros2_ws/src/my_py_pkg) by extension 'colcon_meta'
[0.343s] Level 1:colcon.colcon_core.package_identification:_identify(/home/sambhav/ros2_ws/src/my_py_pkg) by extensions ['ros']
[0.343s] Level 1:colcon.colcon_core.package_identification:_identify(/home/sambhav/ros2_ws/src/my_py_pkg) by extension 'ros'
[0.344s] DEBUG:colcon.colcon_core.package_identification:Package '/home/sambhav/ros2_ws/src/my_py_pkg' with type 'ros.ament_python' and name 'my_py_pkg'
[0.344s] Level 1:colcon.colcon_core.package_identification:_identify(/home/sambhav/ros2_ws/src/my_robot_bringup) by extensions ['ignore', 'ignore_ament_install']
[0.344s] Level 1:colcon.colcon_core.package_identification:_identify(/home/sambhav/ros2_ws/src/my_robot_bringup) by extension 'ignore'
[0.345s] Level 1:colcon.colcon_core.package_identification:_identify(/home/sambhav/ros2_ws/src/my_robot_bringup) by extension 'ignore_ament_install'
[0.345s] Level 1:colcon.colcon_core.package_identification:_identify(/home/sambhav/ros2_ws/src/my_robot_bringup) by extensions ['colcon_pkg']
[0.345s] Level 1:colcon.colcon_core.package_identification:_identify(/home/sambhav/ros2_ws/src/my_robot_bringup) by extension 'colcon_pkg'
[0.345s] Level 1:colcon.colcon_core.package_identification:_identify(/home/sambhav/ros2_ws/src/my_robot_bringup) by extensions ['colcon_meta']
[0.345s] Level 1:colcon.colcon_core.package_identification:_identify(/home/sambhav/ros2_ws/src/my_robot_bringup) by extension 'colcon_meta'
[0.345s] Level 1:colcon.colcon_core.package_identification:_identify(/home/sambhav/ros2_ws/src/my_robot_bringup) by extensions ['ros']
[0.345s] Level 1:colcon.colcon_core.package_identification:_identify(/home/sambhav/ros2_ws/src/my_robot_bringup) by extension 'ros'
[0.345s] DEBUG:colcon.colcon_core.package_identification:Package '/home/sambhav/ros2_ws/src/my_robot_bringup' with type 'ros.ament_cmake' and name 'my_robot_bringup'
[0.345s] Level 1:colcon.colcon_core.package_identification:_identify(/home/sambhav/ros2_ws/src/my_robot_description) by extensions ['ignore', 'ignore_ament_install']
[0.346s] Level 1:colcon.colcon_core.package_identification:_identify(/home/sambhav/ros2_ws/src/my_robot_description) by extension 'ignore'
[0.346s] Level 1:colcon.colcon_core.package_identification:_identify(/home/sambhav/ros2_ws/src/my_robot_description) by extension 'ignore_ament_install'
[0.346s] Level 1:colcon.colcon_core.package_identification:_identify(/home/sambhav/ros2_ws/src/my_robot_description) by extensions ['colcon_pkg']
[0.346s] Level 1:colcon.colcon_core.package_identification:_identify(/home/sambhav/ros2_ws/src/my_robot_description) by extension 'colcon_pkg'
[0.346s] Level 1:colcon.colcon_core.package_identification:_identify(/home/sambhav/ros2_ws/src/my_robot_description) by extensions ['colcon_meta']
[0.346s] Level 1:colcon.colcon_core.package_identification:_identify(/home/sambhav/ros2_ws/src/my_robot_description) by extension 'colcon_meta'
[0.346s] Level 1:colcon.colcon_core.package_identification:_identify(/home/sambhav/ros2_ws/src/my_robot_description) by extensions ['ros']
[0.346s] Level 1:colcon.colcon_core.package_identification:_identify(/home/sambhav/ros2_ws/src/my_robot_description) by extension 'ros'
[0.346s] DEBUG:colcon.colcon_core.package_identification:Package '/home/sambhav/ros2_ws/src/my_robot_description' with type 'ros.ament_cmake' and name 'my_robot_description'
[0.346s] Level 1:colcon.colcon_core.package_identification:_identify(/home/sambhav/ros2_ws/src/my_robot_interfaces) by extensions ['ignore', 'ignore_ament_install']
[0.347s] Level 1:colcon.colcon_core.package_identification:_identify(/home/sambhav/ros2_ws/src/my_robot_interfaces) by extension 'ignore'
[0.347s] Level 1:colcon.colcon_core.package_identification:_identify(/home/sambhav/ros2_ws/src/my_robot_interfaces) by extension 'ignore_ament_install'
[0.347s] Level 1:colcon.colcon_core.package_identification:_identify(/home/sambhav/ros2_ws/src/my_robot_interfaces) by extensions ['colcon_pkg']
[0.347s] Level 1:colcon.colcon_core.package_identification:_identify(/home/sambhav/ros2_ws/src/my_robot_interfaces) by extension 'colcon_pkg'
[0.347s] Level 1:colcon.colcon_core.package_identification:_identify(/home/sambhav/ros2_ws/src/my_robot_interfaces) by extensions ['colcon_meta']
[0.347s] Level 1:colcon.colcon_core.package_identification:_identify(/home/sambhav/ros2_ws/src/my_robot_interfaces) by extension 'colcon_meta'
[0.347s] Level 1:colcon.colcon_core.package_identification:_identify(/home/sambhav/ros2_ws/src/my_robot_interfaces) by extensions ['ros']
[0.347s] Level 1:colcon.colcon_core.package_identification:_identify(/home/sambhav/ros2_ws/src/my_robot_interfaces) by extension 'ros'
[0.347s] DEBUG:colcon.colcon_core.package_identification:Package '/home/sambhav/ros2_ws/src/my_robot_interfaces' with type 'ros.ament_cmake' and name 'my_robot_interfaces'
[0.347s] Level 1:colcon.colcon_core.package_identification:_identify(/home/sambhav/ros2_ws/src/turtlesim_catch_them_all) by extensions ['ignore', 'ignore_ament_install']
[0.348s] Level 1:colcon.colcon_core.package_identification:_identify(/home/sambhav/ros2_ws/src/turtlesim_catch_them_all) by extension 'ignore'
[0.348s] Level 1:colcon.colcon_core.package_identification:_identify(/home/sambhav/ros2_ws/src/turtlesim_catch_them_all) by extension 'ignore_ament_install'
[0.348s] Level 1:colcon.colcon_core.package_identification:_identify(/home/sambhav/ros2_ws/src/turtlesim_catch_them_all) by extensions ['colcon_pkg']
[0.348s] Level 1:colcon.colcon_core.package_identification:_identify(/home/sambhav/ros2_ws/src/turtlesim_catch_them_all) by extension 'colcon_pkg'
[0.348s] Level 1:colcon.colcon_core.package_identification:_identify(/home/sambhav/ros2_ws/src/turtlesim_catch_them_all) by extensions ['colcon_meta']
[0.348s] Level 1:colcon.colcon_core.package_identification:_identify(/home/sambhav/ros2_ws/src/turtlesim_catch_them_all) by extension 'colcon_meta'
[0.348s] Level 1:colcon.colcon_core.package_identification:_identify(/home/sambhav/ros2_ws/src/turtlesim_catch_them_all) by extensions ['ros']
[0.348s] Level 1:colcon.colcon_core.package_identification:_identify(/home/sambhav/ros2_ws/src/turtlesim_catch_them_all) by extension 'ros'
[0.349s] DEBUG:colcon.colcon_core.package_identification:Package '/home/sambhav/ros2_ws/src/turtlesim_catch_them_all' with type 'ros.ament_python' and name 'turtlesim_catch_them_all'
[0.349s] Level 1:colcon.colcon_core.package_discovery:discover_packages(recursive) using defaults
