[0.436s] Invoking command in '/home/sambhav/ros2_ws/src/my_py_pkg': PYTHONPATH=/home/sambhav/ros2_ws/src/build/my_py_pkg/prefix_override:/home/sambhav/ros2_ws/src/install/my_py_pkg/lib/python3.10/site-packages:${PYTHONPATH} /usr/bin/python3 setup.py egg_info --egg-base ../build/my_py_pkg build --build-base /home/sambhav/ros2_ws/src/build/my_py_pkg/build install --record /home/sambhav/ros2_ws/src/build/my_py_pkg/install.log --single-version-externally-managed
[0.583s] running egg_info
[0.584s] creating ../build/my_py_pkg/my_py_pkg.egg-info
[0.584s] writing ../build/my_py_pkg/my_py_pkg.egg-info/PKG-INFO
[0.584s] writing dependency_links to ../build/my_py_pkg/my_py_pkg.egg-info/dependency_links.txt
[0.584s] writing entry points to ../build/my_py_pkg/my_py_pkg.egg-info/entry_points.txt
[0.584s] writing requirements to ../build/my_py_pkg/my_py_pkg.egg-info/requires.txt
[0.584s] writing top-level names to ../build/my_py_pkg/my_py_pkg.egg-info/top_level.txt
[0.584s] writing manifest file '../build/my_py_pkg/my_py_pkg.egg-info/SOURCES.txt'
[0.585s] reading manifest file '../build/my_py_pkg/my_py_pkg.egg-info/SOURCES.txt'
[0.586s] writing manifest file '../build/my_py_pkg/my_py_pkg.egg-info/SOURCES.txt'
[0.586s] running build
[0.586s] running build_py
[0.586s] creating /home/sambhav/ros2_ws/src/build/my_py_pkg/build
[0.586s] creating /home/sambhav/ros2_ws/src/build/my_py_pkg/build/lib
[0.586s] creating /home/sambhav/ros2_ws/src/build/my_py_pkg/build/lib/my_py_pkg
[0.586s] copying my_py_pkg/__init__.py -> /home/sambhav/ros2_ws/src/build/my_py_pkg/build/lib/my_py_pkg
[0.586s] copying my_py_pkg/my_first_node.py -> /home/sambhav/ros2_ws/src/build/my_py_pkg/build/lib/my_py_pkg
[0.586s] running install
[0.586s] running install_lib
[0.586s] creating /home/sambhav/ros2_ws/src/install/my_py_pkg/lib/python3.10/site-packages/my_py_pkg
[0.586s] copying /home/sambhav/ros2_ws/src/build/my_py_pkg/build/lib/my_py_pkg/__init__.py -> /home/sambhav/ros2_ws/src/install/my_py_pkg/lib/python3.10/site-packages/my_py_pkg
[0.586s] copying /home/sambhav/ros2_ws/src/build/my_py_pkg/build/lib/my_py_pkg/my_first_node.py -> /home/sambhav/ros2_ws/src/install/my_py_pkg/lib/python3.10/site-packages/my_py_pkg
[0.587s] byte-compiling /home/sambhav/ros2_ws/src/install/my_py_pkg/lib/python3.10/site-packages/my_py_pkg/__init__.py to __init__.cpython-310.pyc
[0.587s] byte-compiling /home/sambhav/ros2_ws/src/install/my_py_pkg/lib/python3.10/site-packages/my_py_pkg/my_first_node.py to my_first_node.cpython-310.pyc
[0.587s] running install_data
[0.587s] creating /home/sambhav/ros2_ws/src/install/my_py_pkg/share/ament_index
[0.587s] creating /home/sambhav/ros2_ws/src/install/my_py_pkg/share/ament_index/resource_index
[0.588s] creating /home/sambhav/ros2_ws/src/install/my_py_pkg/share/ament_index/resource_index/packages
[0.588s] copying resource/my_py_pkg -> /home/sambhav/ros2_ws/src/install/my_py_pkg/share/ament_index/resource_index/packages
[0.588s] copying package.xml -> /home/sambhav/ros2_ws/src/install/my_py_pkg/share/my_py_pkg
[0.588s] running install_egg_info
[0.589s] Copying ../build/my_py_pkg/my_py_pkg.egg-info to /home/sambhav/ros2_ws/src/install/my_py_pkg/lib/python3.10/site-packages/my_py_pkg-0.0.0-py3.10.egg-info
[0.589s] running install_scripts
[0.601s] Installing py_node script to /home/sambhav/ros2_ws/src/install/my_py_pkg/lib/my_py_pkg
[0.601s] writing list of installed files to '/home/sambhav/ros2_ws/src/build/my_py_pkg/install.log'
[0.620s] Invoked command in '/home/sambhav/ros2_ws/src/my_py_pkg' returned '0': PYTHONPATH=/home/sambhav/ros2_ws/src/build/my_py_pkg/prefix_override:/home/sambhav/ros2_ws/src/install/my_py_pkg/lib/python3.10/site-packages:${PYTHONPATH} /usr/bin/python3 setup.py egg_info --egg-base ../build/my_py_pkg build --build-base /home/sambhav/ros2_ws/src/build/my_py_pkg/build install --record /home/sambhav/ros2_ws/src/build/my_py_pkg/install.log --single-version-externally-managed
