[1.105s] Invoking command in '/home/sambhav/ros2_ws/src/action_py': CMAKE_PREFIX_PATH=/home/sambhav/ros2_ws/install/my_robot_interfaces:/home/sambhav/ros2_ws/install/example_interfaces:/home/sambhav/ros2_ws/install/my_robot_bringup:/home/sambhav/ros2_ws/install/my_robot_description:/home/sambhav/my_swarm/install/swarm_description LD_LIBRARY_PATH=/home/sambhav/ros2_ws/install/my_robot_interfaces/lib:/home/sambhav/ros2_ws/install/example_interfaces/lib:/usr/lib/x86_64-linux-gnu/gazebo-11/plugins:/opt/ros/humble/opt/rviz_ogre_vendor/lib:/opt/ros/humble/lib/x86_64-linux-gnu:/opt/ros/humble/lib:/usr/share/gazebo-11/../../lib/x86_64-linux-gnu/gazebo-11/plugins PYTHONPATH=/home/sambhav/ros2_ws/build/action_py/prefix_override:/home/sambhav/ros2_ws/install/action_py/lib/python3.10/site-packages:${PYTHONPATH} /usr/bin/python3 -W ignore:setup.py install is deprecated setup.py egg_info --egg-base ../../build/action_py build --build-base /home/sambhav/ros2_ws/build/action_py/build install --record /home/sambhav/ros2_ws/build/action_py/install.log --single-version-externally-managed install_data
[1.325s] running egg_info
[1.326s] writing ../../build/action_py/action_py.egg-info/PKG-INFO
[1.326s] writing dependency_links to ../../build/action_py/action_py.egg-info/dependency_links.txt
[1.327s] writing entry points to ../../build/action_py/action_py.egg-info/entry_points.txt
[1.327s] writing requirements to ../../build/action_py/action_py.egg-info/requires.txt
[1.327s] writing top-level names to ../../build/action_py/action_py.egg-info/top_level.txt
[1.329s] reading manifest file '../../build/action_py/action_py.egg-info/SOURCES.txt'
[1.330s] writing manifest file '../../build/action_py/action_py.egg-info/SOURCES.txt'
[1.330s] running build
[1.330s] running build_py
[1.331s] running install
[1.331s] running install_lib
[1.333s] running install_data
[1.333s] running install_egg_info
[1.335s] removing '/home/sambhav/ros2_ws/install/action_py/lib/python3.10/site-packages/action_py-0.0.0-py3.10.egg-info' (and everything under it)
[1.335s] Copying ../../build/action_py/action_py.egg-info to /home/sambhav/ros2_ws/install/action_py/lib/python3.10/site-packages/action_py-0.0.0-py3.10.egg-info
[1.336s] running install_scripts
[1.364s] Installing count_until_client script to /home/sambhav/ros2_ws/install/action_py/lib/action_py
[1.364s] Installing count_until_server script to /home/sambhav/ros2_ws/install/action_py/lib/action_py
[1.364s] Installing move_robot_client script to /home/sambhav/ros2_ws/install/action_py/lib/action_py
[1.364s] Installing move_robot_server script to /home/sambhav/ros2_ws/install/action_py/lib/action_py
[1.364s] writing list of installed files to '/home/sambhav/ros2_ws/build/action_py/install.log'
[1.400s] Invoked command in '/home/sambhav/ros2_ws/src/action_py' returned '0': CMAKE_PREFIX_PATH=/home/sambhav/ros2_ws/install/my_robot_interfaces:/home/sambhav/ros2_ws/install/example_interfaces:/home/sambhav/ros2_ws/install/my_robot_bringup:/home/sambhav/ros2_ws/install/my_robot_description:/home/sambhav/my_swarm/install/swarm_description LD_LIBRARY_PATH=/home/sambhav/ros2_ws/install/my_robot_interfaces/lib:/home/sambhav/ros2_ws/install/example_interfaces/lib:/usr/lib/x86_64-linux-gnu/gazebo-11/plugins:/opt/ros/humble/opt/rviz_ogre_vendor/lib:/opt/ros/humble/lib/x86_64-linux-gnu:/opt/ros/humble/lib:/usr/share/gazebo-11/../../lib/x86_64-linux-gnu/gazebo-11/plugins PYTHONPATH=/home/sambhav/ros2_ws/build/action_py/prefix_override:/home/sambhav/ros2_ws/install/action_py/lib/python3.10/site-packages:${PYTHONPATH} /usr/bin/python3 -W ignore:setup.py install is deprecated setup.py egg_info --egg-base ../../build/action_py build --build-base /home/sambhav/ros2_ws/build/action_py/build install --record /home/sambhav/ros2_ws/build/action_py/install.log --single-version-externally-managed install_data
