[0.040s] Invoking command in '/home/sambhav/ros2_ws/build/my_robot_interfaces': CMAKE_PREFIX_PATH=/home/sambhav/ros2_ws/install/my_py_pkg:/opt/ros/humble /usr/bin/cmake /home/sambhav/ros2_ws/src/my_robot_interfaces -DCMAKE_INSTALL_PREFIX=/home/sambhav/ros2_ws/install/my_robot_interfaces
[0.047s] -- Found ament_cmake: 1.3.6 (/opt/ros/humble/share/ament_cmake/cmake)
[0.140s] -- Found rosidl_default_generators: 1.2.0 (/opt/ros/humble/share/rosidl_default_generators/cmake)
[0.141s] -- Using all available rosidl_typesupport_c: rosidl_typesupport_fastrtps_c;rosidl_typesupport_introspection_c
[0.143s] -- Found rosidl_adapter: 3.1.5 (/opt/ros/humble/share/rosidl_adapter/cmake)
[0.160s] -- Using all available rosidl_typesupport_cpp: rosidl_typesupport_fastrtps_cpp;rosidl_typesupport_introspection_cpp
[0.273s] [31mCMake Error at /opt/ros/humble/share/rosidl_adapter/cmake/rosidl_adapt_interfaces.cmake:59 (message):
[0.273s]   execute_process(/usr/bin/python3.10 -m rosidl_adapter --package-name
[0.273s]   my_robot_interfaces --arguments-file msg/HardwareStatus.msg --output-dir
[0.273s]   /home/sambhav/ros2_ws/build/my_robot_interfaces/rosidl_adapter/my_robot_interfaces
[0.273s]   --output-file
[0.273s]   /home/sambhav/ros2_ws/build/my_robot_interfaces/rosidl_adapter/.idls)
[0.273s]   returned error code 1:
[0.273s] 
[0.273s]   Traceback (most recent call last):
[0.274s] 
[0.274s]     File "/usr/lib/python3.10/runpy.py", line 196, in _run_module_as_main
[0.274s]       return _run_code(code, main_globals, None,
[0.274s]     File "/usr/lib/python3.10/runpy.py", line 86, in _run_code
[0.274s]       exec(code, run_globals)
[0.274s]     File "/opt/ros/humble/local/lib/python3.10/dist-packages/rosidl_adapter/__main__.py", line 19, in <module>
[0.274s]       sys.exit(main())
[0.274s]     File "/opt/ros/humble/local/lib/python3.10/dist-packages/rosidl_adapter/main.py", line 45, in main
[0.274s]       with open(args.arguments_file, 'r') as h:
[0.274s] 
[0.274s]   FileNotFoundError: [Errno 2] No such file or directory:
[0.274s]   'msg/HardwareStatus.msg'
[0.274s] 
[0.274s] Call Stack (most recent call first):
[0.274s]   CMakeLists.txt:17 (rosidl_adapt_interfaces)
[0.274s] 
[0.274s] [0m
[0.274s] -- Configuring incomplete, errors occurred!
[0.274s] See also "/home/sambhav/ros2_ws/build/my_robot_interfaces/CMakeFiles/CMakeOutput.log".
[0.277s] Invoked command in '/home/sambhav/ros2_ws/build/my_robot_interfaces' returned '1': CMAKE_PREFIX_PATH=/home/sambhav/ros2_ws/install/my_py_pkg:/opt/ros/humble /usr/bin/cmake /home/sambhav/ros2_ws/src/my_robot_interfaces -DCMAKE_INSTALL_PREFIX=/home/sambhav/ros2_ws/install/my_robot_interfaces
