[0.010s] Invoking command in '/home/sambhav/ros2_ws/build/my_robot_interfaces': CMAKE_PREFIX_PATH=${CMAKE_PREFIX_PATH}:/home/sambhav/ros2_ws/install/turtlesim_catch_them_all:/home/sambhav/ros2_ws/install/my_py_pkg:/home/sambhav/ros2_ws/install/actions_py:/home/sambhav/ros2_ws/install/action_py:/home/sambhav/ros2_ws/install/lifecycle_py:/home/sambhav/my_swarm/install/bot1_controller:/opt/ros/humble /usr/bin/cmake --build /home/sambhav/ros2_ws/build/my_robot_interfaces -- -j8 -l8
[0.053s] [  1%] Built target my_robot_interfaces__cpp
[0.056s] [ 12%] Built target my_robot_interfaces__rosidl_generator_c
[0.067s] [ 12%] Built target ament_cmake_python_copy_my_robot_interfaces
[0.090s] [ 24%] Built target my_robot_interfaces__rosidl_typesupport_cpp
[0.100s] [ 35%] Built target my_robot_interfaces__rosidl_typesupport_fastrtps_cpp
[0.115s] [ 47%] Built target my_robot_interfaces__rosidl_typesupport_introspection_cpp
[0.116s] [ 58%] Built target my_robot_interfaces__rosidl_typesupport_fastrtps_c
[0.122s] [ 70%] Built target my_robot_interfaces__rosidl_typesupport_introspection_c
[0.124s] [ 82%] Built target my_robot_interfaces__rosidl_typesupport_c
[0.153s] [ 82%] Built target my_robot_interfaces
[0.177s] [ 83%] Built target my_robot_interfaces__py
[0.200s] [ 93%] Built target my_robot_interfaces__rosidl_generator_py
[0.221s] [ 95%] Built target my_robot_interfaces__rosidl_typesupport_introspection_c__pyext
[0.225s] [ 97%] Built target my_robot_interfaces__rosidl_typesupport_c__pyext
[0.226s] [100%] Built target my_robot_interfaces__rosidl_typesupport_fastrtps_c__pyext
[0.378s] running egg_info
[0.378s] writing my_robot_interfaces.egg-info/PKG-INFO
[0.378s] writing dependency_links to my_robot_interfaces.egg-info/dependency_links.txt
[0.378s] writing top-level names to my_robot_interfaces.egg-info/top_level.txt
[0.380s] reading manifest file 'my_robot_interfaces.egg-info/SOURCES.txt'
[0.381s] writing manifest file 'my_robot_interfaces.egg-info/SOURCES.txt'
[0.404s] [100%] Built target ament_cmake_python_build_my_robot_interfaces_egg
[0.413s] Invoked command in '/home/sambhav/ros2_ws/build/my_robot_interfaces' returned '0': CMAKE_PREFIX_PATH=${CMAKE_PREFIX_PATH}:/home/sambhav/ros2_ws/install/turtlesim_catch_them_all:/home/sambhav/ros2_ws/install/my_py_pkg:/home/sambhav/ros2_ws/install/actions_py:/home/sambhav/ros2_ws/install/action_py:/home/sambhav/ros2_ws/install/lifecycle_py:/home/sambhav/my_swarm/install/bot1_controller:/opt/ros/humble /usr/bin/cmake --build /home/sambhav/ros2_ws/build/my_robot_interfaces -- -j8 -l8
[0.553s] Invoking command in '/home/sambhav/ros2_ws/build/my_robot_interfaces': CMAKE_PREFIX_PATH=${CMAKE_PREFIX_PATH}:/home/sambhav/ros2_ws/install/turtlesim_catch_them_all:/home/sambhav/ros2_ws/install/my_py_pkg:/home/sambhav/ros2_ws/install/actions_py:/home/sambhav/ros2_ws/install/action_py:/home/sambhav/ros2_ws/install/lifecycle_py:/home/sambhav/my_swarm/install/bot1_controller:/opt/ros/humble /usr/bin/cmake --install /home/sambhav/ros2_ws/build/my_robot_interfaces
[0.560s] -- Install configuration: ""
[0.560s] -- Up-to-date: /home/sambhav/ros2_ws/install/my_robot_interfaces/share/ament_index/resource_index/rosidl_interfaces/my_robot_interfaces
[0.560s] -- Up-to-date: /home/sambhav/ros2_ws/install/my_robot_interfaces/include/my_robot_interfaces/my_robot_interfaces
[0.560s] -- Up-to-date: /home/sambhav/ros2_ws/install/my_robot_interfaces/include/my_robot_interfaces/my_robot_interfaces/srv
[0.560s] -- Up-to-date: /home/sambhav/ros2_ws/install/my_robot_interfaces/include/my_robot_interfaces/my_robot_interfaces/srv/catch_turtle.h
[0.560s] -- Up-to-date: /home/sambhav/ros2_ws/install/my_robot_interfaces/include/my_robot_interfaces/my_robot_interfaces/srv/set_led.h
[0.560s] -- Up-to-date: /home/sambhav/ros2_ws/install/my_robot_interfaces/include/my_robot_interfaces/my_robot_interfaces/srv/detail
[0.560s] -- Up-to-date: /home/sambhav/ros2_ws/install/my_robot_interfaces/include/my_robot_interfaces/my_robot_interfaces/srv/detail/set_led__functions.c
[0.560s] -- Up-to-date: /home/sambhav/ros2_ws/install/my_robot_interfaces/include/my_robot_interfaces/my_robot_interfaces/srv/detail/set_led__functions.h
[0.560s] -- Up-to-date: /home/sambhav/ros2_ws/install/my_robot_interfaces/include/my_robot_interfaces/my_robot_interfaces/srv/detail/catch_turtle__struct.h
[0.561s] -- Up-to-date: /home/sambhav/ros2_ws/install/my_robot_interfaces/include/my_robot_interfaces/my_robot_interfaces/srv/detail/compute_rectangle_area__type_support.h
[0.561s] -- Up-to-date: /home/sambhav/ros2_ws/install/my_robot_interfaces/include/my_robot_interfaces/my_robot_interfaces/srv/detail/set_led__struct.h
[0.561s] -- Up-to-date: /home/sambhav/ros2_ws/install/my_robot_interfaces/include/my_robot_interfaces/my_robot_interfaces/srv/detail/catch_turtle__type_support.h
[0.561s] -- Up-to-date: /home/sambhav/ros2_ws/install/my_robot_interfaces/include/my_robot_interfaces/my_robot_interfaces/srv/detail/set_led__type_support.h
[0.561s] -- Up-to-date: /home/sambhav/ros2_ws/install/my_robot_interfaces/include/my_robot_interfaces/my_robot_interfaces/srv/detail/compute_rectangle_area__struct.h
[0.561s] -- Up-to-date: /home/sambhav/ros2_ws/install/my_robot_interfaces/include/my_robot_interfaces/my_robot_interfaces/srv/detail/compute_rectangle_area__functions.h
[0.561s] -- Up-to-date: /home/sambhav/ros2_ws/install/my_robot_interfaces/include/my_robot_interfaces/my_robot_interfaces/srv/detail/catch_turtle__functions.h
[0.561s] -- Up-to-date: /home/sambhav/ros2_ws/install/my_robot_interfaces/include/my_robot_interfaces/my_robot_interfaces/srv/detail/compute_rectangle_area__functions.c
[0.561s] -- Up-to-date: /home/sambhav/ros2_ws/install/my_robot_interfaces/include/my_robot_interfaces/my_robot_interfaces/srv/detail/catch_turtle__functions.c
[0.561s] -- Up-to-date: /home/sambhav/ros2_ws/install/my_robot_interfaces/include/my_robot_interfaces/my_robot_interfaces/srv/compute_rectangle_area.h
[0.561s] -- Up-to-date: /home/sambhav/ros2_ws/install/my_robot_interfaces/include/my_robot_interfaces/my_robot_interfaces/action
[0.561s] -- Up-to-date: /home/sambhav/ros2_ws/install/my_robot_interfaces/include/my_robot_interfaces/my_robot_interfaces/action/count_until.h
[0.561s] -- Up-to-date: /home/sambhav/ros2_ws/install/my_robot_interfaces/include/my_robot_interfaces/my_robot_interfaces/action/robot_movement.h
[0.561s] -- Up-to-date: /home/sambhav/ros2_ws/install/my_robot_interfaces/include/my_robot_interfaces/my_robot_interfaces/action/detail
[0.561s] -- Up-to-date: /home/sambhav/ros2_ws/install/my_robot_interfaces/include/my_robot_interfaces/my_robot_interfaces/action/detail/robot_movement__type_support.h
[0.561s] -- Up-to-date: /home/sambhav/ros2_ws/install/my_robot_interfaces/include/my_robot_interfaces/my_robot_interfaces/action/detail/move_robot__functions.c
[0.561s] -- Up-to-date: /home/sambhav/ros2_ws/install/my_robot_interfaces/include/my_robot_interfaces/my_robot_interfaces/action/detail/robot_movement__struct.h
[0.561s] -- Up-to-date: /home/sambhav/ros2_ws/install/my_robot_interfaces/include/my_robot_interfaces/my_robot_interfaces/action/detail/count_until__type_support.h
[0.561s] -- Up-to-date: /home/sambhav/ros2_ws/install/my_robot_interfaces/include/my_robot_interfaces/my_robot_interfaces/action/detail/move_robot__struct.h
[0.561s] -- Up-to-date: /home/sambhav/ros2_ws/install/my_robot_interfaces/include/my_robot_interfaces/my_robot_interfaces/action/detail/move_robot__functions.h
[0.562s] -- Up-to-date: /home/sambhav/ros2_ws/install/my_robot_interfaces/include/my_robot_interfaces/my_robot_interfaces/action/detail/count_until__functions.h
[0.562s] -- Up-to-date: /home/sambhav/ros2_ws/install/my_robot_interfaces/include/my_robot_interfaces/my_robot_interfaces/action/detail/move_robot__type_support.h
[0.562s] -- Up-to-date: /home/sambhav/ros2_ws/install/my_robot_interfaces/include/my_robot_interfaces/my_robot_interfaces/action/detail/robot_movement__functions.c
[0.562s] -- Up-to-date: /home/sambhav/ros2_ws/install/my_robot_interfaces/include/my_robot_interfaces/my_robot_interfaces/action/detail/robot_movement__functions.h
[0.562s] -- Up-to-date: /home/sambhav/ros2_ws/install/my_robot_interfaces/include/my_robot_interfaces/my_robot_interfaces/action/detail/count_until__functions.c
[0.562s] -- Up-to-date: /home/sambhav/ros2_ws/install/my_robot_interfaces/include/my_robot_interfaces/my_robot_interfaces/action/detail/count_until__struct.h
[0.562s] -- Up-to-date: /home/sambhav/ros2_ws/install/my_robot_interfaces/include/my_robot_interfaces/my_robot_interfaces/action/move_robot.h
[0.562s] -- Up-to-date: /home/sambhav/ros2_ws/install/my_robot_interfaces/include/my_robot_interfaces/my_robot_interfaces/msg
[0.562s] -- Up-to-date: /home/sambhav/ros2_ws/install/my_robot_interfaces/include/my_robot_interfaces/my_robot_interfaces/msg/detail
[0.562s] -- Up-to-date: /home/sambhav/ros2_ws/install/my_robot_interfaces/include/my_robot_interfaces/my_robot_interfaces/msg/detail/led_state_array__type_support.h
[0.562s] -- Up-to-date: /home/sambhav/ros2_ws/install/my_robot_interfaces/include/my_robot_interfaces/my_robot_interfaces/msg/detail/hardware_status__functions.c
[0.562s] -- Up-to-date: /home/sambhav/ros2_ws/install/my_robot_interfaces/include/my_robot_interfaces/my_robot_interfaces/msg/detail/turtle_array__struct.h
[0.562s] -- Up-to-date: /home/sambhav/ros2_ws/install/my_robot_interfaces/include/my_robot_interfaces/my_robot_interfaces/msg/detail/turtle__struct.h
[0.562s] -- Up-to-date: /home/sambhav/ros2_ws/install/my_robot_interfaces/include/my_robot_interfaces/my_robot_interfaces/msg/detail/led_state_array__struct.h
[0.562s] -- Up-to-date: /home/sambhav/ros2_ws/install/my_robot_interfaces/include/my_robot_interfaces/my_robot_interfaces/msg/detail/hardware_status__struct.h
[0.562s] -- Up-to-date: /home/sambhav/ros2_ws/install/my_robot_interfaces/include/my_robot_interfaces/my_robot_interfaces/msg/detail/led_state_array__functions.h
[0.562s] -- Up-to-date: /home/sambhav/ros2_ws/install/my_robot_interfaces/include/my_robot_interfaces/my_robot_interfaces/msg/detail/hardware_status__functions.h
[0.562s] -- Up-to-date: /home/sambhav/ros2_ws/install/my_robot_interfaces/include/my_robot_interfaces/my_robot_interfaces/msg/detail/turtle_array__functions.h
[0.563s] -- Up-to-date: /home/sambhav/ros2_ws/install/my_robot_interfaces/include/my_robot_interfaces/my_robot_interfaces/msg/detail/led_state_array__functions.c
[0.563s] -- Up-to-date: /home/sambhav/ros2_ws/install/my_robot_interfaces/include/my_robot_interfaces/my_robot_interfaces/msg/detail/turtle__functions.h
[0.563s] -- Up-to-date: /home/sambhav/ros2_ws/install/my_robot_interfaces/include/my_robot_interfaces/my_robot_interfaces/msg/detail/turtle__type_support.h
[0.563s] -- Up-to-date: /home/sambhav/ros2_ws/install/my_robot_interfaces/include/my_robot_interfaces/my_robot_interfaces/msg/detail/turtle__functions.c
[0.563s] -- Up-to-date: /home/sambhav/ros2_ws/install/my_robot_interfaces/include/my_robot_interfaces/my_robot_interfaces/msg/detail/hardware_status__type_support.h
[0.563s] -- Up-to-date: /home/sambhav/ros2_ws/install/my_robot_interfaces/include/my_robot_interfaces/my_robot_interfaces/msg/detail/turtle_array__functions.c
[0.563s] -- Up-to-date: /home/sambhav/ros2_ws/install/my_robot_interfaces/include/my_robot_interfaces/my_robot_interfaces/msg/detail/turtle_array__type_support.h
[0.563s] -- Up-to-date: /home/sambhav/ros2_ws/install/my_robot_interfaces/include/my_robot_interfaces/my_robot_interfaces/msg/turtle.h
[0.563s] -- Up-to-date: /home/sambhav/ros2_ws/install/my_robot_interfaces/include/my_robot_interfaces/my_robot_interfaces/msg/rosidl_generator_c__visibility_control.h
[0.563s] -- Up-to-date: /home/sambhav/ros2_ws/install/my_robot_interfaces/include/my_robot_interfaces/my_robot_interfaces/msg/turtle_array.h
[0.563s] -- Up-to-date: /home/sambhav/ros2_ws/install/my_robot_interfaces/include/my_robot_interfaces/my_robot_interfaces/msg/hardware_status.h
[0.563s] -- Up-to-date: /home/sambhav/ros2_ws/install/my_robot_interfaces/include/my_robot_interfaces/my_robot_interfaces/msg/led_state_array.h
[0.563s] -- Up-to-date: /home/sambhav/ros2_ws/install/my_robot_interfaces/share/my_robot_interfaces/environment/library_path.sh
[0.563s] -- Up-to-date: /home/sambhav/ros2_ws/install/my_robot_interfaces/share/my_robot_interfaces/environment/library_path.dsv
[0.563s] -- Up-to-date: /home/sambhav/ros2_ws/install/my_robot_interfaces/lib/libmy_robot_interfaces__rosidl_generator_c.so
[0.563s] -- Up-to-date: /home/sambhav/ros2_ws/install/my_robot_interfaces/include/my_robot_interfaces/my_robot_interfaces
[0.563s] -- Up-to-date: /home/sambhav/ros2_ws/install/my_robot_interfaces/include/my_robot_interfaces/my_robot_interfaces/srv
[0.563s] -- Up-to-date: /home/sambhav/ros2_ws/install/my_robot_interfaces/include/my_robot_interfaces/my_robot_interfaces/srv/detail
[0.564s] -- Up-to-date: /home/sambhav/ros2_ws/install/my_robot_interfaces/include/my_robot_interfaces/my_robot_interfaces/srv/detail/set_led__rosidl_typesupport_fastrtps_c.h
[0.564s] -- Up-to-date: /home/sambhav/ros2_ws/install/my_robot_interfaces/include/my_robot_interfaces/my_robot_interfaces/srv/detail/catch_turtle__rosidl_typesupport_fastrtps_c.h
[0.564s] -- Up-to-date: /home/sambhav/ros2_ws/install/my_robot_interfaces/include/my_robot_interfaces/my_robot_interfaces/srv/detail/compute_rectangle_area__rosidl_typesupport_fastrtps_c.h
[0.564s] -- Up-to-date: /home/sambhav/ros2_ws/install/my_robot_interfaces/include/my_robot_interfaces/my_robot_interfaces/action
[0.564s] -- Up-to-date: /home/sambhav/ros2_ws/install/my_robot_interfaces/include/my_robot_interfaces/my_robot_interfaces/action/detail
[0.564s] -- Up-to-date: /home/sambhav/ros2_ws/install/my_robot_interfaces/include/my_robot_interfaces/my_robot_interfaces/action/detail/count_until__rosidl_typesupport_fastrtps_c.h
[0.564s] -- Up-to-date: /home/sambhav/ros2_ws/install/my_robot_interfaces/include/my_robot_interfaces/my_robot_interfaces/action/detail/robot_movement__rosidl_typesupport_fastrtps_c.h
[0.564s] -- Up-to-date: /home/sambhav/ros2_ws/install/my_robot_interfaces/include/my_robot_interfaces/my_robot_interfaces/action/detail/move_robot__rosidl_typesupport_fastrtps_c.h
[0.564s] -- Up-to-date: /home/sambhav/ros2_ws/install/my_robot_interfaces/include/my_robot_interfaces/my_robot_interfaces/msg
[0.564s] -- Up-to-date: /home/sambhav/ros2_ws/install/my_robot_interfaces/include/my_robot_interfaces/my_robot_interfaces/msg/detail
[0.564s] -- Up-to-date: /home/sambhav/ros2_ws/install/my_robot_interfaces/include/my_robot_interfaces/my_robot_interfaces/msg/detail/turtle__rosidl_typesupport_fastrtps_c.h
[0.564s] -- Up-to-date: /home/sambhav/ros2_ws/install/my_robot_interfaces/include/my_robot_interfaces/my_robot_interfaces/msg/detail/turtle_array__rosidl_typesupport_fastrtps_c.h
[0.564s] -- Up-to-date: /home/sambhav/ros2_ws/install/my_robot_interfaces/include/my_robot_interfaces/my_robot_interfaces/msg/detail/hardware_status__rosidl_typesupport_fastrtps_c.h
[0.564s] -- Up-to-date: /home/sambhav/ros2_ws/install/my_robot_interfaces/include/my_robot_interfaces/my_robot_interfaces/msg/detail/led_state_array__rosidl_typesupport_fastrtps_c.h
[0.564s] -- Up-to-date: /home/sambhav/ros2_ws/install/my_robot_interfaces/include/my_robot_interfaces/my_robot_interfaces/msg/rosidl_typesupport_fastrtps_c__visibility_control.h
[0.564s] -- Up-to-date: /home/sambhav/ros2_ws/install/my_robot_interfaces/lib/libmy_robot_interfaces__rosidl_typesupport_fastrtps_c.so
[0.564s] -- Up-to-date: /home/sambhav/ros2_ws/install/my_robot_interfaces/include/my_robot_interfaces/my_robot_interfaces
[0.564s] -- Up-to-date: /home/sambhav/ros2_ws/install/my_robot_interfaces/include/my_robot_interfaces/my_robot_interfaces/srv
[0.564s] -- Up-to-date: /home/sambhav/ros2_ws/install/my_robot_interfaces/include/my_robot_interfaces/my_robot_interfaces/srv/detail
[0.564s] -- Up-to-date: /home/sambhav/ros2_ws/install/my_robot_interfaces/include/my_robot_interfaces/my_robot_interfaces/srv/detail/catch_turtle__rosidl_typesupport_introspection_c.h
[0.565s] -- Up-to-date: /home/sambhav/ros2_ws/install/my_robot_interfaces/include/my_robot_interfaces/my_robot_interfaces/srv/detail/catch_turtle__type_support.c
[0.565s] -- Up-to-date: /home/sambhav/ros2_ws/install/my_robot_interfaces/include/my_robot_interfaces/my_robot_interfaces/srv/detail/set_led__rosidl_typesupport_introspection_c.h
[0.565s] -- Up-to-date: /home/sambhav/ros2_ws/install/my_robot_interfaces/include/my_robot_interfaces/my_robot_interfaces/srv/detail/compute_rectangle_area__type_support.c
[0.565s] -- Up-to-date: /home/sambhav/ros2_ws/install/my_robot_interfaces/include/my_robot_interfaces/my_robot_interfaces/srv/detail/compute_rectangle_area__rosidl_typesupport_introspection_c.h
[0.565s] -- Up-to-date: /home/sambhav/ros2_ws/install/my_robot_interfaces/include/my_robot_interfaces/my_robot_interfaces/srv/detail/set_led__type_support.c
[0.565s] -- Up-to-date: /home/sambhav/ros2_ws/install/my_robot_interfaces/include/my_robot_interfaces/my_robot_interfaces/action
[0.565s] -- Up-to-date: /home/sambhav/ros2_ws/install/my_robot_interfaces/include/my_robot_interfaces/my_robot_interfaces/action/detail
[0.565s] -- Up-to-date: /home/sambhav/ros2_ws/install/my_robot_interfaces/include/my_robot_interfaces/my_robot_interfaces/action/detail/move_robot__type_support.c
[0.565s] -- Up-to-date: /home/sambhav/ros2_ws/install/my_robot_interfaces/include/my_robot_interfaces/my_robot_interfaces/action/detail/count_until__type_support.c
[0.565s] -- Up-to-date: /home/sambhav/ros2_ws/install/my_robot_interfaces/include/my_robot_interfaces/my_robot_interfaces/action/detail/robot_movement__type_support.c
[0.565s] -- Up-to-date: /home/sambhav/ros2_ws/install/my_robot_interfaces/include/my_robot_interfaces/my_robot_interfaces/action/detail/count_until__rosidl_typesupport_introspection_c.h
[0.565s] -- Up-to-date: /home/sambhav/ros2_ws/install/my_robot_interfaces/include/my_robot_interfaces/my_robot_interfaces/action/detail/robot_movement__rosidl_typesupport_introspection_c.h
[0.565s] -- Up-to-date: /home/sambhav/ros2_ws/install/my_robot_interfaces/include/my_robot_interfaces/my_robot_interfaces/action/detail/move_robot__rosidl_typesupport_introspection_c.h
[0.565s] -- Up-to-date: /home/sambhav/ros2_ws/install/my_robot_interfaces/include/my_robot_interfaces/my_robot_interfaces/msg
[0.565s] -- Up-to-date: /home/sambhav/ros2_ws/install/my_robot_interfaces/include/my_robot_interfaces/my_robot_interfaces/msg/detail
[0.565s] -- Up-to-date: /home/sambhav/ros2_ws/install/my_robot_interfaces/include/my_robot_interfaces/my_robot_interfaces/msg/detail/led_state_array__type_support.c
[0.565s] -- Up-to-date: /home/sambhav/ros2_ws/install/my_robot_interfaces/include/my_robot_interfaces/my_robot_interfaces/msg/detail/turtle_array__rosidl_typesupport_introspection_c.h
[0.565s] -- Up-to-date: /home/sambhav/ros2_ws/install/my_robot_interfaces/include/my_robot_interfaces/my_robot_interfaces/msg/detail/hardware_status__type_support.c
[0.565s] -- Up-to-date: /home/sambhav/ros2_ws/install/my_robot_interfaces/include/my_robot_interfaces/my_robot_interfaces/msg/detail/turtle_array__type_support.c
[0.565s] -- Up-to-date: /home/sambhav/ros2_ws/install/my_robot_interfaces/include/my_robot_interfaces/my_robot_interfaces/msg/detail/hardware_status__rosidl_typesupport_introspection_c.h
[0.566s] -- Up-to-date: /home/sambhav/ros2_ws/install/my_robot_interfaces/include/my_robot_interfaces/my_robot_interfaces/msg/detail/turtle__rosidl_typesupport_introspection_c.h
[0.566s] -- Up-to-date: /home/sambhav/ros2_ws/install/my_robot_interfaces/include/my_robot_interfaces/my_robot_interfaces/msg/detail/led_state_array__rosidl_typesupport_introspection_c.h
[0.566s] -- Up-to-date: /home/sambhav/ros2_ws/install/my_robot_interfaces/include/my_robot_interfaces/my_robot_interfaces/msg/detail/turtle__type_support.c
[0.566s] -- Up-to-date: /home/sambhav/ros2_ws/install/my_robot_interfaces/include/my_robot_interfaces/my_robot_interfaces/msg/rosidl_typesupport_introspection_c__visibility_control.h
[0.566s] -- Up-to-date: /home/sambhav/ros2_ws/install/my_robot_interfaces/lib/libmy_robot_interfaces__rosidl_typesupport_introspection_c.so
[0.566s] -- Up-to-date: /home/sambhav/ros2_ws/install/my_robot_interfaces/lib/libmy_robot_interfaces__rosidl_typesupport_c.so
[0.566s] -- Up-to-date: /home/sambhav/ros2_ws/install/my_robot_interfaces/include/my_robot_interfaces/my_robot_interfaces
[0.566s] -- Up-to-date: /home/sambhav/ros2_ws/install/my_robot_interfaces/include/my_robot_interfaces/my_robot_interfaces/srv
[0.566s] -- Up-to-date: /home/sambhav/ros2_ws/install/my_robot_interfaces/include/my_robot_interfaces/my_robot_interfaces/srv/detail
[0.566s] -- Up-to-date: /home/sambhav/ros2_ws/install/my_robot_interfaces/include/my_robot_interfaces/my_robot_interfaces/srv/detail/set_led__struct.hpp
[0.566s] -- Up-to-date: /home/sambhav/ros2_ws/install/my_robot_interfaces/include/my_robot_interfaces/my_robot_interfaces/srv/detail/catch_turtle__struct.hpp
[0.566s] -- Up-to-date: /home/sambhav/ros2_ws/install/my_robot_interfaces/include/my_robot_interfaces/my_robot_interfaces/srv/detail/compute_rectangle_area__traits.hpp
[0.566s] -- Up-to-date: /home/sambhav/ros2_ws/install/my_robot_interfaces/include/my_robot_interfaces/my_robot_interfaces/srv/detail/catch_turtle__builder.hpp
[0.566s] -- Up-to-date: /home/sambhav/ros2_ws/install/my_robot_interfaces/include/my_robot_interfaces/my_robot_interfaces/srv/detail/catch_turtle__traits.hpp
[0.566s] -- Up-to-date: /home/sambhav/ros2_ws/install/my_robot_interfaces/include/my_robot_interfaces/my_robot_interfaces/srv/detail/compute_rectangle_area__builder.hpp
[0.566s] -- Up-to-date: /home/sambhav/ros2_ws/install/my_robot_interfaces/include/my_robot_interfaces/my_robot_interfaces/srv/detail/compute_rectangle_area__struct.hpp
[0.566s] -- Up-to-date: /home/sambhav/ros2_ws/install/my_robot_interfaces/include/my_robot_interfaces/my_robot_interfaces/srv/detail/set_led__builder.hpp
[0.567s] -- Up-to-date: /home/sambhav/ros2_ws/install/my_robot_interfaces/include/my_robot_interfaces/my_robot_interfaces/srv/detail/set_led__traits.hpp
[0.567s] -- Up-to-date: /home/sambhav/ros2_ws/install/my_robot_interfaces/include/my_robot_interfaces/my_robot_interfaces/srv/compute_rectangle_area.hpp
[0.567s] -- Up-to-date: /home/sambhav/ros2_ws/install/my_robot_interfaces/include/my_robot_interfaces/my_robot_interfaces/srv/set_led.hpp
[0.567s] -- Up-to-date: /home/sambhav/ros2_ws/install/my_robot_interfaces/include/my_robot_interfaces/my_robot_interfaces/srv/catch_turtle.hpp
[0.567s] -- Up-to-date: /home/sambhav/ros2_ws/install/my_robot_interfaces/include/my_robot_interfaces/my_robot_interfaces/action
[0.567s] -- Up-to-date: /home/sambhav/ros2_ws/install/my_robot_interfaces/include/my_robot_interfaces/my_robot_interfaces/action/move_robot.hpp
[0.567s] -- Up-to-date: /home/sambhav/ros2_ws/install/my_robot_interfaces/include/my_robot_interfaces/my_robot_interfaces/action/detail
[0.567s] -- Up-to-date: /home/sambhav/ros2_ws/install/my_robot_interfaces/include/my_robot_interfaces/my_robot_interfaces/action/detail/move_robot__traits.hpp
[0.567s] -- Up-to-date: /home/sambhav/ros2_ws/install/my_robot_interfaces/include/my_robot_interfaces/my_robot_interfaces/action/detail/robot_movement__traits.hpp
[0.567s] -- Up-to-date: /home/sambhav/ros2_ws/install/my_robot_interfaces/include/my_robot_interfaces/my_robot_interfaces/action/detail/robot_movement__builder.hpp
[0.567s] -- Up-to-date: /home/sambhav/ros2_ws/install/my_robot_interfaces/include/my_robot_interfaces/my_robot_interfaces/action/detail/count_until__builder.hpp
[0.567s] -- Up-to-date: /home/sambhav/ros2_ws/install/my_robot_interfaces/include/my_robot_interfaces/my_robot_interfaces/action/detail/robot_movement__struct.hpp
[0.567s] -- Up-to-date: /home/sambhav/ros2_ws/install/my_robot_interfaces/include/my_robot_interfaces/my_robot_interfaces/action/detail/count_until__struct.hpp
[0.567s] -- Up-to-date: /home/sambhav/ros2_ws/install/my_robot_interfaces/include/my_robot_interfaces/my_robot_interfaces/action/detail/count_until__traits.hpp
[0.567s] -- Up-to-date: /home/sambhav/ros2_ws/install/my_robot_interfaces/include/my_robot_interfaces/my_robot_interfaces/action/detail/move_robot__builder.hpp
[0.567s] -- Up-to-date: /home/sambhav/ros2_ws/install/my_robot_interfaces/include/my_robot_interfaces/my_robot_interfaces/action/detail/move_robot__struct.hpp
[0.567s] -- Up-to-date: /home/sambhav/ros2_ws/install/my_robot_interfaces/include/my_robot_interfaces/my_robot_interfaces/action/robot_movement.hpp
[0.567s] -- Up-to-date: /home/sambhav/ros2_ws/install/my_robot_interfaces/include/my_robot_interfaces/my_robot_interfaces/action/count_until.hpp
[0.568s] -- Up-to-date: /home/sambhav/ros2_ws/install/my_robot_interfaces/include/my_robot_interfaces/my_robot_interfaces/msg
[0.568s] -- Up-to-date: /home/sambhav/ros2_ws/install/my_robot_interfaces/include/my_robot_interfaces/my_robot_interfaces/msg/hardware_status.hpp
[0.568s] -- Up-to-date: /home/sambhav/ros2_ws/install/my_robot_interfaces/include/my_robot_interfaces/my_robot_interfaces/msg/led_state_array.hpp
[0.568s] -- Up-to-date: /home/sambhav/ros2_ws/install/my_robot_interfaces/include/my_robot_interfaces/my_robot_interfaces/msg/detail
[0.568s] -- Up-to-date: /home/sambhav/ros2_ws/install/my_robot_interfaces/include/my_robot_interfaces/my_robot_interfaces/msg/detail/turtle_array__builder.hpp
[0.568s] -- Up-to-date: /home/sambhav/ros2_ws/install/my_robot_interfaces/include/my_robot_interfaces/my_robot_interfaces/msg/detail/turtle__builder.hpp
[0.568s] -- Up-to-date: /home/sambhav/ros2_ws/install/my_robot_interfaces/include/my_robot_interfaces/my_robot_interfaces/msg/detail/led_state_array__traits.hpp
[0.568s] -- Up-to-date: /home/sambhav/ros2_ws/install/my_robot_interfaces/include/my_robot_interfaces/my_robot_interfaces/msg/detail/turtle__traits.hpp
[0.568s] -- Up-to-date: /home/sambhav/ros2_ws/install/my_robot_interfaces/include/my_robot_interfaces/my_robot_interfaces/msg/detail/turtle__struct.hpp
[0.568s] -- Up-to-date: /home/sambhav/ros2_ws/install/my_robot_interfaces/include/my_robot_interfaces/my_robot_interfaces/msg/detail/turtle_array__traits.hpp
[0.568s] -- Up-to-date: /home/sambhav/ros2_ws/install/my_robot_interfaces/include/my_robot_interfaces/my_robot_interfaces/msg/detail/hardware_status__traits.hpp
[0.568s] -- Up-to-date: /home/sambhav/ros2_ws/install/my_robot_interfaces/include/my_robot_interfaces/my_robot_interfaces/msg/detail/hardware_status__builder.hpp
[0.568s] -- Up-to-date: /home/sambhav/ros2_ws/install/my_robot_interfaces/include/my_robot_interfaces/my_robot_interfaces/msg/detail/hardware_status__struct.hpp
[0.568s] -- Up-to-date: /home/sambhav/ros2_ws/install/my_robot_interfaces/include/my_robot_interfaces/my_robot_interfaces/msg/detail/led_state_array__builder.hpp
[0.568s] -- Up-to-date: /home/sambhav/ros2_ws/install/my_robot_interfaces/include/my_robot_interfaces/my_robot_interfaces/msg/detail/turtle_array__struct.hpp
[0.568s] -- Up-to-date: /home/sambhav/ros2_ws/install/my_robot_interfaces/include/my_robot_interfaces/my_robot_interfaces/msg/detail/led_state_array__struct.hpp
[0.568s] -- Up-to-date: /home/sambhav/ros2_ws/install/my_robot_interfaces/include/my_robot_interfaces/my_robot_interfaces/msg/turtle_array.hpp
[0.568s] -- Up-to-date: /home/sambhav/ros2_ws/install/my_robot_interfaces/include/my_robot_interfaces/my_robot_interfaces/msg/turtle.hpp
[0.568s] -- Up-to-date: /home/sambhav/ros2_ws/install/my_robot_interfaces/include/my_robot_interfaces/my_robot_interfaces
[0.568s] -- Up-to-date: /home/sambhav/ros2_ws/install/my_robot_interfaces/include/my_robot_interfaces/my_robot_interfaces/srv
[0.568s] -- Up-to-date: /home/sambhav/ros2_ws/install/my_robot_interfaces/include/my_robot_interfaces/my_robot_interfaces/srv/detail
[0.569s] -- Up-to-date: /home/sambhav/ros2_ws/install/my_robot_interfaces/include/my_robot_interfaces/my_robot_interfaces/srv/detail/set_led__rosidl_typesupport_fastrtps_cpp.hpp
[0.569s] -- Up-to-date: /home/sambhav/ros2_ws/install/my_robot_interfaces/include/my_robot_interfaces/my_robot_interfaces/srv/detail/catch_turtle__rosidl_typesupport_fastrtps_cpp.hpp
[0.569s] -- Up-to-date: /home/sambhav/ros2_ws/install/my_robot_interfaces/include/my_robot_interfaces/my_robot_interfaces/srv/detail/dds_fastrtps
[0.569s] -- Up-to-date: /home/sambhav/ros2_ws/install/my_robot_interfaces/include/my_robot_interfaces/my_robot_interfaces/srv/detail/compute_rectangle_area__rosidl_typesupport_fastrtps_cpp.hpp
[0.569s] -- Up-to-date: /home/sambhav/ros2_ws/install/my_robot_interfaces/include/my_robot_interfaces/my_robot_interfaces/action
[0.569s] -- Up-to-date: /home/sambhav/ros2_ws/install/my_robot_interfaces/include/my_robot_interfaces/my_robot_interfaces/action/detail
[0.569s] -- Up-to-date: /home/sambhav/ros2_ws/install/my_robot_interfaces/include/my_robot_interfaces/my_robot_interfaces/action/detail/move_robot__rosidl_typesupport_fastrtps_cpp.hpp
[0.569s] -- Up-to-date: /home/sambhav/ros2_ws/install/my_robot_interfaces/include/my_robot_interfaces/my_robot_interfaces/action/detail/dds_fastrtps
[0.569s] -- Up-to-date: /home/sambhav/ros2_ws/install/my_robot_interfaces/include/my_robot_interfaces/my_robot_interfaces/action/detail/count_until__rosidl_typesupport_fastrtps_cpp.hpp
[0.569s] -- Up-to-date: /home/sambhav/ros2_ws/install/my_robot_interfaces/include/my_robot_interfaces/my_robot_interfaces/action/detail/robot_movement__rosidl_typesupport_fastrtps_cpp.hpp
[0.569s] -- Up-to-date: /home/sambhav/ros2_ws/install/my_robot_interfaces/include/my_robot_interfaces/my_robot_interfaces/msg
[0.569s] -- Up-to-date: /home/sambhav/ros2_ws/install/my_robot_interfaces/include/my_robot_interfaces/my_robot_interfaces/msg/detail
[0.569s] -- Up-to-date: /home/sambhav/ros2_ws/install/my_robot_interfaces/include/my_robot_interfaces/my_robot_interfaces/msg/detail/hardware_status__rosidl_typesupport_fastrtps_cpp.hpp
[0.569s] -- Up-to-date: /home/sambhav/ros2_ws/install/my_robot_interfaces/include/my_robot_interfaces/my_robot_interfaces/msg/detail/turtle_array__rosidl_typesupport_fastrtps_cpp.hpp
[0.569s] -- Up-to-date: /home/sambhav/ros2_ws/install/my_robot_interfaces/include/my_robot_interfaces/my_robot_interfaces/msg/detail/dds_fastrtps
[0.569s] -- Up-to-date: /home/sambhav/ros2_ws/install/my_robot_interfaces/include/my_robot_interfaces/my_robot_interfaces/msg/detail/led_state_array__rosidl_typesupport_fastrtps_cpp.hpp
[0.569s] -- Up-to-date: /home/sambhav/ros2_ws/install/my_robot_interfaces/include/my_robot_interfaces/my_robot_interfaces/msg/detail/turtle__rosidl_typesupport_fastrtps_cpp.hpp
[0.569s] -- Up-to-date: /home/sambhav/ros2_ws/install/my_robot_interfaces/include/my_robot_interfaces/my_robot_interfaces/msg/rosidl_typesupport_fastrtps_cpp__visibility_control.h
[0.569s] -- Up-to-date: /home/sambhav/ros2_ws/install/my_robot_interfaces/lib/libmy_robot_interfaces__rosidl_typesupport_fastrtps_cpp.so
[0.569s] -- Up-to-date: /home/sambhav/ros2_ws/install/my_robot_interfaces/include/my_robot_interfaces/my_robot_interfaces
[0.569s] -- Up-to-date: /home/sambhav/ros2_ws/install/my_robot_interfaces/include/my_robot_interfaces/my_robot_interfaces/srv
[0.570s] -- Up-to-date: /home/sambhav/ros2_ws/install/my_robot_interfaces/include/my_robot_interfaces/my_robot_interfaces/srv/detail
[0.570s] -- Up-to-date: /home/sambhav/ros2_ws/install/my_robot_interfaces/include/my_robot_interfaces/my_robot_interfaces/srv/detail/catch_turtle__rosidl_typesupport_introspection_cpp.hpp
[0.570s] -- Up-to-date: /home/sambhav/ros2_ws/install/my_robot_interfaces/include/my_robot_interfaces/my_robot_interfaces/srv/detail/catch_turtle__type_support.cpp
[0.570s] -- Up-to-date: /home/sambhav/ros2_ws/install/my_robot_interfaces/include/my_robot_interfaces/my_robot_interfaces/srv/detail/set_led__rosidl_typesupport_introspection_cpp.hpp
[0.570s] -- Up-to-date: /home/sambhav/ros2_ws/install/my_robot_interfaces/include/my_robot_interfaces/my_robot_interfaces/srv/detail/set_led__type_support.cpp
[0.570s] -- Up-to-date: /home/sambhav/ros2_ws/install/my_robot_interfaces/include/my_robot_interfaces/my_robot_interfaces/srv/detail/compute_rectangle_area__rosidl_typesupport_introspection_cpp.hpp
[0.570s] -- Up-to-date: /home/sambhav/ros2_ws/install/my_robot_interfaces/include/my_robot_interfaces/my_robot_interfaces/srv/detail/compute_rectangle_area__type_support.cpp
[0.570s] -- Up-to-date: /home/sambhav/ros2_ws/install/my_robot_interfaces/include/my_robot_interfaces/my_robot_interfaces/action
[0.570s] -- Up-to-date: /home/sambhav/ros2_ws/install/my_robot_interfaces/include/my_robot_interfaces/my_robot_interfaces/action/detail
[0.570s] -- Up-to-date: /home/sambhav/ros2_ws/install/my_robot_interfaces/include/my_robot_interfaces/my_robot_interfaces/action/detail/count_until__type_support.cpp
[0.570s] -- Up-to-date: /home/sambhav/ros2_ws/install/my_robot_interfaces/include/my_robot_interfaces/my_robot_interfaces/action/detail/count_until__rosidl_typesupport_introspection_cpp.hpp
[0.570s] -- Up-to-date: /home/sambhav/ros2_ws/install/my_robot_interfaces/include/my_robot_interfaces/my_robot_interfaces/action/detail/robot_movement__rosidl_typesupport_introspection_cpp.hpp
[0.570s] -- Up-to-date: /home/sambhav/ros2_ws/install/my_robot_interfaces/include/my_robot_interfaces/my_robot_interfaces/action/detail/robot_movement__type_support.cpp
[0.570s] -- Up-to-date: /home/sambhav/ros2_ws/install/my_robot_interfaces/include/my_robot_interfaces/my_robot_interfaces/action/detail/move_robot__type_support.cpp
[0.570s] -- Up-to-date: /home/sambhav/ros2_ws/install/my_robot_interfaces/include/my_robot_interfaces/my_robot_interfaces/action/detail/move_robot__rosidl_typesupport_introspection_cpp.hpp
[0.570s] -- Up-to-date: /home/sambhav/ros2_ws/install/my_robot_interfaces/include/my_robot_interfaces/my_robot_interfaces/msg
[0.570s] -- Up-to-date: /home/sambhav/ros2_ws/install/my_robot_interfaces/include/my_robot_interfaces/my_robot_interfaces/msg/detail
[0.570s] -- Up-to-date: /home/sambhav/ros2_ws/install/my_robot_interfaces/include/my_robot_interfaces/my_robot_interfaces/msg/detail/turtle__type_support.cpp
[0.570s] -- Up-to-date: /home/sambhav/ros2_ws/install/my_robot_interfaces/include/my_robot_interfaces/my_robot_interfaces/msg/detail/led_state_array__rosidl_typesupport_introspection_cpp.hpp
[0.570s] -- Up-to-date: /home/sambhav/ros2_ws/install/my_robot_interfaces/include/my_robot_interfaces/my_robot_interfaces/msg/detail/turtle_array__type_support.cpp
[0.570s] -- Up-to-date: /home/sambhav/ros2_ws/install/my_robot_interfaces/include/my_robot_interfaces/my_robot_interfaces/msg/detail/turtle_array__rosidl_typesupport_introspection_cpp.hpp
[0.571s] -- Up-to-date: /home/sambhav/ros2_ws/install/my_robot_interfaces/include/my_robot_interfaces/my_robot_interfaces/msg/detail/hardware_status__type_support.cpp
[0.571s] -- Up-to-date: /home/sambhav/ros2_ws/install/my_robot_interfaces/include/my_robot_interfaces/my_robot_interfaces/msg/detail/led_state_array__type_support.cpp
[0.571s] -- Up-to-date: /home/sambhav/ros2_ws/install/my_robot_interfaces/include/my_robot_interfaces/my_robot_interfaces/msg/detail/turtle__rosidl_typesupport_introspection_cpp.hpp
[0.571s] -- Up-to-date: /home/sambhav/ros2_ws/install/my_robot_interfaces/include/my_robot_interfaces/my_robot_interfaces/msg/detail/hardware_status__rosidl_typesupport_introspection_cpp.hpp
[0.571s] -- Up-to-date: /home/sambhav/ros2_ws/install/my_robot_interfaces/lib/libmy_robot_interfaces__rosidl_typesupport_introspection_cpp.so
[0.571s] -- Up-to-date: /home/sambhav/ros2_ws/install/my_robot_interfaces/lib/libmy_robot_interfaces__rosidl_typesupport_cpp.so
[0.571s] -- Up-to-date: /home/sambhav/ros2_ws/install/my_robot_interfaces/share/my_robot_interfaces/environment/pythonpath.sh
[0.571s] -- Up-to-date: /home/sambhav/ros2_ws/install/my_robot_interfaces/share/my_robot_interfaces/environment/pythonpath.dsv
[0.571s] -- Up-to-date: /home/sambhav/ros2_ws/install/my_robot_interfaces/local/lib/python3.10/dist-packages/my_robot_interfaces-0.0.0-py3.10.egg-info
[0.571s] -- Installing: /home/sambhav/ros2_ws/install/my_robot_interfaces/local/lib/python3.10/dist-packages/my_robot_interfaces-0.0.0-py3.10.egg-info/dependency_links.txt
[0.571s] -- Installing: /home/sambhav/ros2_ws/install/my_robot_interfaces/local/lib/python3.10/dist-packages/my_robot_interfaces-0.0.0-py3.10.egg-info/PKG-INFO
[0.571s] -- Installing: /home/sambhav/ros2_ws/install/my_robot_interfaces/local/lib/python3.10/dist-packages/my_robot_interfaces-0.0.0-py3.10.egg-info/SOURCES.txt
[0.571s] -- Installing: /home/sambhav/ros2_ws/install/my_robot_interfaces/local/lib/python3.10/dist-packages/my_robot_interfaces-0.0.0-py3.10.egg-info/top_level.txt
[0.571s] -- Up-to-date: /home/sambhav/ros2_ws/install/my_robot_interfaces/local/lib/python3.10/dist-packages/my_robot_interfaces
[0.571s] -- Up-to-date: /home/sambhav/ros2_ws/install/my_robot_interfaces/local/lib/python3.10/dist-packages/my_robot_interfaces/my_robot_interfaces_s__rosidl_typesupport_c.cpython-310-x86_64-linux-gnu.so
[0.571s] -- Up-to-date: /home/sambhav/ros2_ws/install/my_robot_interfaces/local/lib/python3.10/dist-packages/my_robot_interfaces/__init__.py
[0.571s] -- Up-to-date: /home/sambhav/ros2_ws/install/my_robot_interfaces/local/lib/python3.10/dist-packages/my_robot_interfaces/libmy_robot_interfaces__rosidl_generator_py.so
[0.571s] -- Up-to-date: /home/sambhav/ros2_ws/install/my_robot_interfaces/local/lib/python3.10/dist-packages/my_robot_interfaces/_my_robot_interfaces_s.ep.rosidl_typesupport_introspection_c.c
[0.571s] -- Up-to-date: /home/sambhav/ros2_ws/install/my_robot_interfaces/local/lib/python3.10/dist-packages/my_robot_interfaces/_my_robot_interfaces_s.ep.rosidl_typesupport_fastrtps_c.c
[0.571s] -- Up-to-date: /home/sambhav/ros2_ws/install/my_robot_interfaces/local/lib/python3.10/dist-packages/my_robot_interfaces/my_robot_interfaces_s__rosidl_typesupport_fastrtps_c.cpython-310-x86_64-linux-gnu.so
[0.572s] -- Up-to-date: /home/sambhav/ros2_ws/install/my_robot_interfaces/local/lib/python3.10/dist-packages/my_robot_interfaces/srv
[0.572s] -- Up-to-date: /home/sambhav/ros2_ws/install/my_robot_interfaces/local/lib/python3.10/dist-packages/my_robot_interfaces/srv/__init__.py
[0.572s] -- Up-to-date: /home/sambhav/ros2_ws/install/my_robot_interfaces/local/lib/python3.10/dist-packages/my_robot_interfaces/srv/_catch_turtle.py
[0.572s] -- Up-to-date: /home/sambhav/ros2_ws/install/my_robot_interfaces/local/lib/python3.10/dist-packages/my_robot_interfaces/srv/_compute_rectangle_area.py
[0.572s] -- Up-to-date: /home/sambhav/ros2_ws/install/my_robot_interfaces/local/lib/python3.10/dist-packages/my_robot_interfaces/srv/_set_led_s.c
[0.572s] -- Up-to-date: /home/sambhav/ros2_ws/install/my_robot_interfaces/local/lib/python3.10/dist-packages/my_robot_interfaces/srv/_set_led.py
[0.572s] -- Up-to-date: /home/sambhav/ros2_ws/install/my_robot_interfaces/local/lib/python3.10/dist-packages/my_robot_interfaces/srv/_compute_rectangle_area_s.c
[0.572s] -- Up-to-date: /home/sambhav/ros2_ws/install/my_robot_interfaces/local/lib/python3.10/dist-packages/my_robot_interfaces/srv/_catch_turtle_s.c
[0.572s] -- Up-to-date: /home/sambhav/ros2_ws/install/my_robot_interfaces/local/lib/python3.10/dist-packages/my_robot_interfaces/my_robot_interfaces_s__rosidl_typesupport_introspection_c.cpython-310-x86_64-linux-gnu.so
[0.572s] -- Up-to-date: /home/sambhav/ros2_ws/install/my_robot_interfaces/local/lib/python3.10/dist-packages/my_robot_interfaces/_my_robot_interfaces_s.ep.rosidl_typesupport_c.c
[0.572s] -- Up-to-date: /home/sambhav/ros2_ws/install/my_robot_interfaces/local/lib/python3.10/dist-packages/my_robot_interfaces/action
[0.572s] -- Up-to-date: /home/sambhav/ros2_ws/install/my_robot_interfaces/local/lib/python3.10/dist-packages/my_robot_interfaces/action/__init__.py
[0.572s] -- Up-to-date: /home/sambhav/ros2_ws/install/my_robot_interfaces/local/lib/python3.10/dist-packages/my_robot_interfaces/action/_robot_movement.py
[0.572s] -- Up-to-date: /home/sambhav/ros2_ws/install/my_robot_interfaces/local/lib/python3.10/dist-packages/my_robot_interfaces/action/_move_robot_s.c
[0.572s] -- Up-to-date: /home/sambhav/ros2_ws/install/my_robot_interfaces/local/lib/python3.10/dist-packages/my_robot_interfaces/action/_robot_movement_s.c
[0.572s] -- Up-to-date: /home/sambhav/ros2_ws/install/my_robot_interfaces/local/lib/python3.10/dist-packages/my_robot_interfaces/action/_count_until_s.c
[0.572s] -- Up-to-date: /home/sambhav/ros2_ws/install/my_robot_interfaces/local/lib/python3.10/dist-packages/my_robot_interfaces/action/_count_until.py
[0.572s] -- Up-to-date: /home/sambhav/ros2_ws/install/my_robot_interfaces/local/lib/python3.10/dist-packages/my_robot_interfaces/action/_move_robot.py
[0.572s] -- Up-to-date: /home/sambhav/ros2_ws/install/my_robot_interfaces/local/lib/python3.10/dist-packages/my_robot_interfaces/msg
[0.572s] -- Up-to-date: /home/sambhav/ros2_ws/install/my_robot_interfaces/local/lib/python3.10/dist-packages/my_robot_interfaces/msg/_turtle.py
[0.572s] -- Up-to-date: /home/sambhav/ros2_ws/install/my_robot_interfaces/local/lib/python3.10/dist-packages/my_robot_interfaces/msg/__init__.py
[0.572s] -- Up-to-date: /home/sambhav/ros2_ws/install/my_robot_interfaces/local/lib/python3.10/dist-packages/my_robot_interfaces/msg/_led_state_array.py
[0.573s] -- Up-to-date: /home/sambhav/ros2_ws/install/my_robot_interfaces/local/lib/python3.10/dist-packages/my_robot_interfaces/msg/_hardware_status_s.c
[0.573s] -- Up-to-date: /home/sambhav/ros2_ws/install/my_robot_interfaces/local/lib/python3.10/dist-packages/my_robot_interfaces/msg/_turtle_array.py
[0.573s] -- Up-to-date: /home/sambhav/ros2_ws/install/my_robot_interfaces/local/lib/python3.10/dist-packages/my_robot_interfaces/msg/_turtle_s.c
[0.573s] -- Up-to-date: /home/sambhav/ros2_ws/install/my_robot_interfaces/local/lib/python3.10/dist-packages/my_robot_interfaces/msg/_led_state_array_s.c
[0.573s] -- Up-to-date: /home/sambhav/ros2_ws/install/my_robot_interfaces/local/lib/python3.10/dist-packages/my_robot_interfaces/msg/_hardware_status.py
[0.573s] -- Up-to-date: /home/sambhav/ros2_ws/install/my_robot_interfaces/local/lib/python3.10/dist-packages/my_robot_interfaces/msg/_turtle_array_s.c
[0.596s] Listing '/home/sambhav/ros2_ws/install/my_robot_interfaces/local/lib/python3.10/dist-packages/my_robot_interfaces'...
[0.596s] Listing '/home/sambhav/ros2_ws/install/my_robot_interfaces/local/lib/python3.10/dist-packages/my_robot_interfaces/action'...
[0.596s] Listing '/home/sambhav/ros2_ws/install/my_robot_interfaces/local/lib/python3.10/dist-packages/my_robot_interfaces/msg'...
[0.596s] Listing '/home/sambhav/ros2_ws/install/my_robot_interfaces/local/lib/python3.10/dist-packages/my_robot_interfaces/srv'...
[0.600s] -- Up-to-date: /home/sambhav/ros2_ws/install/my_robot_interfaces/local/lib/python3.10/dist-packages/my_robot_interfaces/my_robot_interfaces_s__rosidl_typesupport_fastrtps_c.cpython-310-x86_64-linux-gnu.so
[0.600s] -- Up-to-date: /home/sambhav/ros2_ws/install/my_robot_interfaces/local/lib/python3.10/dist-packages/my_robot_interfaces/my_robot_interfaces_s__rosidl_typesupport_introspection_c.cpython-310-x86_64-linux-gnu.so
[0.601s] -- Up-to-date: /home/sambhav/ros2_ws/install/my_robot_interfaces/local/lib/python3.10/dist-packages/my_robot_interfaces/my_robot_interfaces_s__rosidl_typesupport_c.cpython-310-x86_64-linux-gnu.so
[0.601s] -- Up-to-date: /home/sambhav/ros2_ws/install/my_robot_interfaces/lib/libmy_robot_interfaces__rosidl_generator_py.so
[0.601s] -- Up-to-date: /home/sambhav/ros2_ws/install/my_robot_interfaces/share/my_robot_interfaces/msg/HardwareStatus.idl
[0.601s] -- Up-to-date: /home/sambhav/ros2_ws/install/my_robot_interfaces/share/my_robot_interfaces/msg/LedStateArray.idl
[0.601s] -- Up-to-date: /home/sambhav/ros2_ws/install/my_robot_interfaces/share/my_robot_interfaces/msg/Turtle.idl
[0.601s] -- Up-to-date: /home/sambhav/ros2_ws/install/my_robot_interfaces/share/my_robot_interfaces/msg/TurtleArray.idl
[0.602s] -- Up-to-date: /home/sambhav/ros2_ws/install/my_robot_interfaces/share/my_robot_interfaces/srv/ComputeRectangleArea.idl
[0.602s] -- Up-to-date: /home/sambhav/ros2_ws/install/my_robot_interfaces/share/my_robot_interfaces/srv/SetLed.idl
[0.602s] -- Up-to-date: /home/sambhav/ros2_ws/install/my_robot_interfaces/share/my_robot_interfaces/srv/CatchTurtle.idl
[0.602s] -- Up-to-date: /home/sambhav/ros2_ws/install/my_robot_interfaces/share/my_robot_interfaces/action/CountUntil.idl
[0.602s] -- Up-to-date: /home/sambhav/ros2_ws/install/my_robot_interfaces/share/my_robot_interfaces/action/MoveRobot.idl
[0.602s] -- Up-to-date: /home/sambhav/ros2_ws/install/my_robot_interfaces/share/my_robot_interfaces/msg/HardwareStatus.msg
[0.602s] -- Up-to-date: /home/sambhav/ros2_ws/install/my_robot_interfaces/share/my_robot_interfaces/msg/LedStateArray.msg
[0.602s] -- Up-to-date: /home/sambhav/ros2_ws/install/my_robot_interfaces/share/my_robot_interfaces/msg/Turtle.msg
[0.602s] -- Up-to-date: /home/sambhav/ros2_ws/install/my_robot_interfaces/share/my_robot_interfaces/msg/TurtleArray.msg
[0.602s] -- Up-to-date: /home/sambhav/ros2_ws/install/my_robot_interfaces/share/my_robot_interfaces/srv/ComputeRectangleArea.srv
[0.602s] -- Up-to-date: /home/sambhav/ros2_ws/install/my_robot_interfaces/share/my_robot_interfaces/srv/ComputeRectangleArea_Request.msg
[0.602s] -- Up-to-date: /home/sambhav/ros2_ws/install/my_robot_interfaces/share/my_robot_interfaces/srv/ComputeRectangleArea_Response.msg
[0.602s] -- Up-to-date: /home/sambhav/ros2_ws/install/my_robot_interfaces/share/my_robot_interfaces/srv/SetLed.srv
[0.602s] -- Up-to-date: /home/sambhav/ros2_ws/install/my_robot_interfaces/share/my_robot_interfaces/srv/SetLed_Request.msg
[0.602s] -- Up-to-date: /home/sambhav/ros2_ws/install/my_robot_interfaces/share/my_robot_interfaces/srv/SetLed_Response.msg
[0.603s] -- Up-to-date: /home/sambhav/ros2_ws/install/my_robot_interfaces/share/my_robot_interfaces/srv/CatchTurtle.srv
[0.603s] -- Up-to-date: /home/sambhav/ros2_ws/install/my_robot_interfaces/share/my_robot_interfaces/srv/CatchTurtle_Request.msg
[0.603s] -- Up-to-date: /home/sambhav/ros2_ws/install/my_robot_interfaces/share/my_robot_interfaces/srv/CatchTurtle_Response.msg
[0.603s] -- Up-to-date: /home/sambhav/ros2_ws/install/my_robot_interfaces/share/my_robot_interfaces/action/CountUntil.action
[0.603s] -- Up-to-date: /home/sambhav/ros2_ws/install/my_robot_interfaces/share/my_robot_interfaces/action/MoveRobot.action
[0.603s] -- Up-to-date: /home/sambhav/ros2_ws/install/my_robot_interfaces/share/ament_index/resource_index/package_run_dependencies/my_robot_interfaces
[0.603s] -- Up-to-date: /home/sambhav/ros2_ws/install/my_robot_interfaces/share/ament_index/resource_index/parent_prefix_path/my_robot_interfaces
[0.603s] -- Up-to-date: /home/sambhav/ros2_ws/install/my_robot_interfaces/share/my_robot_interfaces/environment/ament_prefix_path.sh
[0.603s] -- Up-to-date: /home/sambhav/ros2_ws/install/my_robot_interfaces/share/my_robot_interfaces/environment/ament_prefix_path.dsv
[0.603s] -- Up-to-date: /home/sambhav/ros2_ws/install/my_robot_interfaces/share/my_robot_interfaces/environment/path.sh
[0.603s] -- Up-to-date: /home/sambhav/ros2_ws/install/my_robot_interfaces/share/my_robot_interfaces/environment/path.dsv
[0.603s] -- Up-to-date: /home/sambhav/ros2_ws/install/my_robot_interfaces/share/my_robot_interfaces/local_setup.bash
[0.603s] -- Up-to-date: /home/sambhav/ros2_ws/install/my_robot_interfaces/share/my_robot_interfaces/local_setup.sh
[0.603s] -- Up-to-date: /home/sambhav/ros2_ws/install/my_robot_interfaces/share/my_robot_interfaces/local_setup.zsh
[0.604s] -- Up-to-date: /home/sambhav/ros2_ws/install/my_robot_interfaces/share/my_robot_interfaces/local_setup.dsv
[0.604s] -- Installing: /home/sambhav/ros2_ws/install/my_robot_interfaces/share/my_robot_interfaces/package.dsv
[0.604s] -- Up-to-date: /home/sambhav/ros2_ws/install/my_robot_interfaces/share/ament_index/resource_index/packages/my_robot_interfaces
[0.604s] -- Up-to-date: /home/sambhav/ros2_ws/install/my_robot_interfaces/share/my_robot_interfaces/cmake/export_my_robot_interfaces__rosidl_generator_cExport.cmake
[0.604s] -- Up-to-date: /home/sambhav/ros2_ws/install/my_robot_interfaces/share/my_robot_interfaces/cmake/export_my_robot_interfaces__rosidl_generator_cExport-noconfig.cmake
[0.604s] -- Up-to-date: /home/sambhav/ros2_ws/install/my_robot_interfaces/share/my_robot_interfaces/cmake/export_my_robot_interfaces__rosidl_typesupport_fastrtps_cExport.cmake
[0.604s] -- Up-to-date: /home/sambhav/ros2_ws/install/my_robot_interfaces/share/my_robot_interfaces/cmake/export_my_robot_interfaces__rosidl_typesupport_fastrtps_cExport-noconfig.cmake
[0.604s] -- Up-to-date: /home/sambhav/ros2_ws/install/my_robot_interfaces/share/my_robot_interfaces/cmake/my_robot_interfaces__rosidl_typesupport_introspection_cExport.cmake
[0.604s] -- Up-to-date: /home/sambhav/ros2_ws/install/my_robot_interfaces/share/my_robot_interfaces/cmake/my_robot_interfaces__rosidl_typesupport_introspection_cExport-noconfig.cmake
[0.604s] -- Up-to-date: /home/sambhav/ros2_ws/install/my_robot_interfaces/share/my_robot_interfaces/cmake/my_robot_interfaces__rosidl_typesupport_cExport.cmake
[0.604s] -- Up-to-date: /home/sambhav/ros2_ws/install/my_robot_interfaces/share/my_robot_interfaces/cmake/my_robot_interfaces__rosidl_typesupport_cExport-noconfig.cmake
[0.605s] -- Up-to-date: /home/sambhav/ros2_ws/install/my_robot_interfaces/share/my_robot_interfaces/cmake/export_my_robot_interfaces__rosidl_generator_cppExport.cmake
[0.605s] -- Up-to-date: /home/sambhav/ros2_ws/install/my_robot_interfaces/share/my_robot_interfaces/cmake/export_my_robot_interfaces__rosidl_typesupport_fastrtps_cppExport.cmake
[0.605s] -- Up-to-date: /home/sambhav/ros2_ws/install/my_robot_interfaces/share/my_robot_interfaces/cmake/export_my_robot_interfaces__rosidl_typesupport_fastrtps_cppExport-noconfig.cmake
[0.605s] -- Up-to-date: /home/sambhav/ros2_ws/install/my_robot_interfaces/share/my_robot_interfaces/cmake/my_robot_interfaces__rosidl_typesupport_introspection_cppExport.cmake
[0.605s] -- Up-to-date: /home/sambhav/ros2_ws/install/my_robot_interfaces/share/my_robot_interfaces/cmake/my_robot_interfaces__rosidl_typesupport_introspection_cppExport-noconfig.cmake
[0.605s] -- Up-to-date: /home/sambhav/ros2_ws/install/my_robot_interfaces/share/my_robot_interfaces/cmake/my_robot_interfaces__rosidl_typesupport_cppExport.cmake
[0.605s] -- Up-to-date: /home/sambhav/ros2_ws/install/my_robot_interfaces/share/my_robot_interfaces/cmake/my_robot_interfaces__rosidl_typesupport_cppExport-noconfig.cmake
[0.605s] -- Up-to-date: /home/sambhav/ros2_ws/install/my_robot_interfaces/share/my_robot_interfaces/cmake/export_my_robot_interfaces__rosidl_generator_pyExport.cmake
[0.605s] -- Up-to-date: /home/sambhav/ros2_ws/install/my_robot_interfaces/share/my_robot_interfaces/cmake/export_my_robot_interfaces__rosidl_generator_pyExport-noconfig.cmake
[0.605s] -- Up-to-date: /home/sambhav/ros2_ws/install/my_robot_interfaces/share/my_robot_interfaces/cmake/rosidl_cmake-extras.cmake
[0.605s] -- Up-to-date: /home/sambhav/ros2_ws/install/my_robot_interfaces/share/my_robot_interfaces/cmake/ament_cmake_export_dependencies-extras.cmake
[0.605s] -- Up-to-date: /home/sambhav/ros2_ws/install/my_robot_interfaces/share/my_robot_interfaces/cmake/ament_cmake_export_include_directories-extras.cmake
[0.605s] -- Up-to-date: /home/sambhav/ros2_ws/install/my_robot_interfaces/share/my_robot_interfaces/cmake/ament_cmake_export_libraries-extras.cmake
[0.605s] -- Up-to-date: /home/sambhav/ros2_ws/install/my_robot_interfaces/share/my_robot_interfaces/cmake/ament_cmake_export_targets-extras.cmake
[0.605s] -- Up-to-date: /home/sambhav/ros2_ws/install/my_robot_interfaces/share/my_robot_interfaces/cmake/rosidl_cmake_export_typesupport_targets-extras.cmake
[0.605s] -- Up-to-date: /home/sambhav/ros2_ws/install/my_robot_interfaces/share/my_robot_interfaces/cmake/rosidl_cmake_export_typesupport_libraries-extras.cmake
[0.605s] -- Up-to-date: /home/sambhav/ros2_ws/install/my_robot_interfaces/share/my_robot_interfaces/cmake/my_robot_interfacesConfig.cmake
[0.606s] -- Up-to-date: /home/sambhav/ros2_ws/install/my_robot_interfaces/share/my_robot_interfaces/cmake/my_robot_interfacesConfig-version.cmake
[0.606s] -- Up-to-date: /home/sambhav/ros2_ws/install/my_robot_interfaces/share/my_robot_interfaces/package.xml
[0.608s] Invoked command in '/home/sambhav/ros2_ws/build/my_robot_interfaces' returned '0': CMAKE_PREFIX_PATH=${CMAKE_PREFIX_PATH}:/home/sambhav/ros2_ws/install/turtlesim_catch_them_all:/home/sambhav/ros2_ws/install/my_py_pkg:/home/sambhav/ros2_ws/install/actions_py:/home/sambhav/ros2_ws/install/action_py:/home/sambhav/ros2_ws/install/lifecycle_py:/home/sambhav/my_swarm/install/bot1_controller:/opt/ros/humble /usr/bin/cmake --install /home/sambhav/ros2_ws/build/my_robot_interfaces
