[0.505s] Invoking command in '/home/sambhav/ros2_ws/src/turtlesim_catch_them_all': CMAKE_PREFIX_PATH=/home/sambhav/ros2_ws/install/my_robot_interfaces:/home/sambhav/ros2_ws/install/my_robot_bringup:/home/sambhav/ros2_ws/install/my_robot_description:/home/sambhav/ros2_ws/install/example_interfaces:/home/sambhav/my_swarm/install/swarm_description LD_LIBRARY_PATH=/home/sambhav/ros2_ws/install/my_robot_interfaces/lib:/home/sambhav/ros2_ws/install/example_interfaces/lib:/usr/lib/x86_64-linux-gnu/gazebo-11/plugins:/opt/ros/humble/opt/rviz_ogre_vendor/lib:/opt/ros/humble/lib/x86_64-linux-gnu:/opt/ros/humble/lib:/usr/share/gazebo-11/../../lib/x86_64-linux-gnu/gazebo-11/plugins:/usr/share/gazebo-11/../../lib/x86_64-linux-gnu/gazebo-11/plugins:/usr/share/gazebo-11/../../lib/x86_64-linux-gnu/gazebo-11/plugins PYTHONPATH=/home/sambhav/ros2_ws/build/turtlesim_catch_them_all/prefix_override:/home/sambhav/ros2_ws/install/turtlesim_catch_them_all/lib/python3.10/site-packages:${PYTHONPATH} /usr/bin/python3 -W ignore:setup.py install is deprecated setup.py egg_info --egg-base ../../build/turtlesim_catch_them_all build --build-base /home/sambhav/ros2_ws/build/turtlesim_catch_them_all/build install --record /home/sambhav/ros2_ws/build/turtlesim_catch_them_all/install.log --single-version-externally-managed install_data
[0.684s] running egg_info
[0.685s] writing ../../build/turtlesim_catch_them_all/turtlesim_catch_them_all.egg-info/PKG-INFO
[0.685s] writing dependency_links to ../../build/turtlesim_catch_them_all/turtlesim_catch_them_all.egg-info/dependency_links.txt
[0.685s] writing entry points to ../../build/turtlesim_catch_them_all/turtlesim_catch_them_all.egg-info/entry_points.txt
[0.685s] writing requirements to ../../build/turtlesim_catch_them_all/turtlesim_catch_them_all.egg-info/requires.txt
[0.685s] writing top-level names to ../../build/turtlesim_catch_them_all/turtlesim_catch_them_all.egg-info/top_level.txt
[0.686s] reading manifest file '../../build/turtlesim_catch_them_all/turtlesim_catch_them_all.egg-info/SOURCES.txt'
[0.687s] writing manifest file '../../build/turtlesim_catch_them_all/turtlesim_catch_them_all.egg-info/SOURCES.txt'
[0.687s] running build
[0.687s] running build_py
[0.687s] copying turtlesim_catch_them_all/turtle_spawner.py -> /home/sambhav/ros2_ws/build/turtlesim_catch_them_all/build/lib/turtlesim_catch_them_all
[0.687s] copying turtlesim_catch_them_all/turtle_controller.py -> /home/sambhav/ros2_ws/build/turtlesim_catch_them_all/build/lib/turtlesim_catch_them_all
[0.687s] running install
[0.687s] running install_lib
[0.688s] copying /home/sambhav/ros2_ws/build/turtlesim_catch_them_all/build/lib/turtlesim_catch_them_all/turtle_spawner.py -> /home/sambhav/ros2_ws/install/turtlesim_catch_them_all/lib/python3.10/site-packages/turtlesim_catch_them_all
[0.688s] copying /home/sambhav/ros2_ws/build/turtlesim_catch_them_all/build/lib/turtlesim_catch_them_all/turtle_controller.py -> /home/sambhav/ros2_ws/install/turtlesim_catch_them_all/lib/python3.10/site-packages/turtlesim_catch_them_all
[0.688s] byte-compiling /home/sambhav/ros2_ws/install/turtlesim_catch_them_all/lib/python3.10/site-packages/turtlesim_catch_them_all/turtle_spawner.py to turtle_spawner.cpython-310.pyc
[0.689s] byte-compiling /home/sambhav/ros2_ws/install/turtlesim_catch_them_all/lib/python3.10/site-packages/turtlesim_catch_them_all/turtle_controller.py to turtle_controller.cpython-310.pyc
[0.690s] running install_data
[0.690s] running install_egg_info
[0.691s] removing '/home/sambhav/ros2_ws/install/turtlesim_catch_them_all/lib/python3.10/site-packages/turtlesim_catch_them_all-0.0.0-py3.10.egg-info' (and everything under it)
[0.691s] Copying ../../build/turtlesim_catch_them_all/turtlesim_catch_them_all.egg-info to /home/sambhav/ros2_ws/install/turtlesim_catch_them_all/lib/python3.10/site-packages/turtlesim_catch_them_all-0.0.0-py3.10.egg-info
[0.692s] running install_scripts
[0.706s] Installing turtle_controller script to /home/sambhav/ros2_ws/install/turtlesim_catch_them_all/lib/turtlesim_catch_them_all
[0.706s] Installing turtle_spawner script to /home/sambhav/ros2_ws/install/turtlesim_catch_them_all/lib/turtlesim_catch_them_all
[0.706s] writing list of installed files to '/home/sambhav/ros2_ws/build/turtlesim_catch_them_all/install.log'
[0.728s] Invoked command in '/home/sambhav/ros2_ws/src/turtlesim_catch_them_all' returned '0': CMAKE_PREFIX_PATH=/home/sambhav/ros2_ws/install/my_robot_interfaces:/home/sambhav/ros2_ws/install/my_robot_bringup:/home/sambhav/ros2_ws/install/my_robot_description:/home/sambhav/ros2_ws/install/example_interfaces:/home/sambhav/my_swarm/install/swarm_description LD_LIBRARY_PATH=/home/sambhav/ros2_ws/install/my_robot_interfaces/lib:/home/sambhav/ros2_ws/install/example_interfaces/lib:/usr/lib/x86_64-linux-gnu/gazebo-11/plugins:/opt/ros/humble/opt/rviz_ogre_vendor/lib:/opt/ros/humble/lib/x86_64-linux-gnu:/opt/ros/humble/lib:/usr/share/gazebo-11/../../lib/x86_64-linux-gnu/gazebo-11/plugins:/usr/share/gazebo-11/../../lib/x86_64-linux-gnu/gazebo-11/plugins:/usr/share/gazebo-11/../../lib/x86_64-linux-gnu/gazebo-11/plugins PYTHONPATH=/home/sambhav/ros2_ws/build/turtlesim_catch_them_all/prefix_override:/home/sambhav/ros2_ws/install/turtlesim_catch_them_all/lib/python3.10/site-packages:${PYTHONPATH} /usr/bin/python3 -W ignore:setup.py install is deprecated setup.py egg_info --egg-base ../../build/turtlesim_catch_them_all build --build-base /home/sambhav/ros2_ws/build/turtlesim_catch_them_all/build install --record /home/sambhav/ros2_ws/build/turtlesim_catch_them_all/install.log --single-version-externally-managed install_data
