[0.456s] Invoking command in '/home/sambhav/ros2_ws/src/lifecycle_py': CMAKE_PREFIX_PATH=/home/sambhav/ros2_ws/install/example_interfaces:/home/sambhav/ros2_ws/install/my_robot_bringup:/home/sambhav/ros2_ws/install/my_robot_interfaces:/home/sambhav/ros2_ws/install/my_robot_description:/home/sambhav/my_swarm/install/swarm_description LD_LIBRARY_PATH=/home/sambhav/ros2_ws/install/example_interfaces/lib:/home/sambhav/ros2_ws/install/my_robot_interfaces/lib:/usr/lib/x86_64-linux-gnu/gazebo-11/plugins:/opt/ros/humble/opt/rviz_ogre_vendor/lib:/opt/ros/humble/lib/x86_64-linux-gnu:/opt/ros/humble/lib:/usr/share/gazebo-11/../../lib/x86_64-linux-gnu/gazebo-11/plugins PYTHONPATH=/home/sambhav/ros2_ws/build/lifecycle_py/prefix_override:/home/sambhav/ros2_ws/install/lifecycle_py/lib/python3.10/site-packages:${PYTHONPATH} /usr/bin/python3 -W ignore:setup.py install is deprecated setup.py egg_info --egg-base ../../build/lifecycle_py build --build-base /home/sambhav/ros2_ws/build/lifecycle_py/build install --record /home/sambhav/ros2_ws/build/lifecycle_py/install.log --single-version-externally-managed install_data
[0.620s] running egg_info
[0.620s] creating ../../build/lifecycle_py/lifecycle_py.egg-info
[0.620s] writing ../../build/lifecycle_py/lifecycle_py.egg-info/PKG-INFO
[0.620s] writing dependency_links to ../../build/lifecycle_py/lifecycle_py.egg-info/dependency_links.txt
[0.620s] writing entry points to ../../build/lifecycle_py/lifecycle_py.egg-info/entry_points.txt
[0.620s] writing requirements to ../../build/lifecycle_py/lifecycle_py.egg-info/requires.txt
[0.620s] writing top-level names to ../../build/lifecycle_py/lifecycle_py.egg-info/top_level.txt
[0.620s] writing manifest file '../../build/lifecycle_py/lifecycle_py.egg-info/SOURCES.txt'
[0.621s] reading manifest file '../../build/lifecycle_py/lifecycle_py.egg-info/SOURCES.txt'
[0.622s] writing manifest file '../../build/lifecycle_py/lifecycle_py.egg-info/SOURCES.txt'
[0.622s] running build
[0.622s] running build_py
[0.622s] creating /home/sambhav/ros2_ws/build/lifecycle_py/build
[0.622s] creating /home/sambhav/ros2_ws/build/lifecycle_py/build/lib
[0.622s] creating /home/sambhav/ros2_ws/build/lifecycle_py/build/lib/lifecycle_py
[0.622s] copying lifecycle_py/__init__.py -> /home/sambhav/ros2_ws/build/lifecycle_py/build/lib/lifecycle_py
[0.622s] copying lifecycle_py/number_publisher.py -> /home/sambhav/ros2_ws/build/lifecycle_py/build/lib/lifecycle_py
[0.622s] running install
[0.622s] running install_lib
[0.623s] creating /home/sambhav/ros2_ws/install/lifecycle_py/lib/python3.10/site-packages/lifecycle_py
[0.623s] copying /home/sambhav/ros2_ws/build/lifecycle_py/build/lib/lifecycle_py/__init__.py -> /home/sambhav/ros2_ws/install/lifecycle_py/lib/python3.10/site-packages/lifecycle_py
[0.623s] copying /home/sambhav/ros2_ws/build/lifecycle_py/build/lib/lifecycle_py/number_publisher.py -> /home/sambhav/ros2_ws/install/lifecycle_py/lib/python3.10/site-packages/lifecycle_py
[0.623s] byte-compiling /home/sambhav/ros2_ws/install/lifecycle_py/lib/python3.10/site-packages/lifecycle_py/__init__.py to __init__.cpython-310.pyc
[0.623s] byte-compiling /home/sambhav/ros2_ws/install/lifecycle_py/lib/python3.10/site-packages/lifecycle_py/number_publisher.py to number_publisher.cpython-310.pyc
[0.623s] running install_data
[0.624s] creating /home/sambhav/ros2_ws/install/lifecycle_py/share/ament_index
[0.624s] creating /home/sambhav/ros2_ws/install/lifecycle_py/share/ament_index/resource_index
[0.624s] creating /home/sambhav/ros2_ws/install/lifecycle_py/share/ament_index/resource_index/packages
[0.624s] copying resource/lifecycle_py -> /home/sambhav/ros2_ws/install/lifecycle_py/share/ament_index/resource_index/packages
[0.624s] copying package.xml -> /home/sambhav/ros2_ws/install/lifecycle_py/share/lifecycle_py
[0.624s] running install_egg_info
[0.625s] Copying ../../build/lifecycle_py/lifecycle_py.egg-info to /home/sambhav/ros2_ws/install/lifecycle_py/lib/python3.10/site-packages/lifecycle_py-0.0.0-py3.10.egg-info
[0.625s] running install_scripts
[0.639s] Installing number_publisher script to /home/sambhav/ros2_ws/install/lifecycle_py/lib/lifecycle_py
[0.639s] writing list of installed files to '/home/sambhav/ros2_ws/build/lifecycle_py/install.log'
[0.658s] Invoked command in '/home/sambhav/ros2_ws/src/lifecycle_py' returned '0': CMAKE_PREFIX_PATH=/home/sambhav/ros2_ws/install/example_interfaces:/home/sambhav/ros2_ws/install/my_robot_bringup:/home/sambhav/ros2_ws/install/my_robot_interfaces:/home/sambhav/ros2_ws/install/my_robot_description:/home/sambhav/my_swarm/install/swarm_description LD_LIBRARY_PATH=/home/sambhav/ros2_ws/install/example_interfaces/lib:/home/sambhav/ros2_ws/install/my_robot_interfaces/lib:/usr/lib/x86_64-linux-gnu/gazebo-11/plugins:/opt/ros/humble/opt/rviz_ogre_vendor/lib:/opt/ros/humble/lib/x86_64-linux-gnu:/opt/ros/humble/lib:/usr/share/gazebo-11/../../lib/x86_64-linux-gnu/gazebo-11/plugins PYTHONPATH=/home/sambhav/ros2_ws/build/lifecycle_py/prefix_override:/home/sambhav/ros2_ws/install/lifecycle_py/lib/python3.10/site-packages:${PYTHONPATH} /usr/bin/python3 -W ignore:setup.py install is deprecated setup.py egg_info --egg-base ../../build/lifecycle_py build --build-base /home/sambhav/ros2_ws/build/lifecycle_py/build install --record /home/sambhav/ros2_ws/build/lifecycle_py/install.log --single-version-externally-managed install_data
