[0.881s] Invoking command in '/home/sambhav/ros2_ws/src/lifecycle_py': CMAKE_PREFIX_PATH=/home/sambhav/ros2_ws/install/example_interfaces:/home/sambhav/ros2_ws/install/my_robot_bringup:/home/sambhav/ros2_ws/install/my_robot_interfaces:/home/sambhav/ros2_ws/install/my_robot_description:/home/sambhav/my_swarm/install/swarm_description LD_LIBRARY_PATH=/home/sambhav/ros2_ws/install/example_interfaces/lib:/home/sambhav/ros2_ws/install/my_robot_interfaces/lib:/usr/lib/x86_64-linux-gnu/gazebo-11/plugins:/opt/ros/humble/opt/rviz_ogre_vendor/lib:/opt/ros/humble/lib/x86_64-linux-gnu:/opt/ros/humble/lib:/usr/share/gazebo-11/../../lib/x86_64-linux-gnu/gazebo-11/plugins PYTHONPATH=/home/sambhav/ros2_ws/build/lifecycle_py/prefix_override:/home/sambhav/ros2_ws/install/lifecycle_py/lib/python3.10/site-packages:${PYTHONPATH} /usr/bin/python3 -W ignore:setup.py install is deprecated setup.py egg_info --egg-base ../../build/lifecycle_py build --build-base /home/sambhav/ros2_ws/build/lifecycle_py/build install --record /home/sambhav/ros2_ws/build/lifecycle_py/install.log --single-version-externally-managed install_data
[1.073s] running egg_info
[1.073s] writing ../../build/lifecycle_py/lifecycle_py.egg-info/PKG-INFO
[1.073s] writing dependency_links to ../../build/lifecycle_py/lifecycle_py.egg-info/dependency_links.txt
[1.074s] writing entry points to ../../build/lifecycle_py/lifecycle_py.egg-info/entry_points.txt
[1.074s] writing requirements to ../../build/lifecycle_py/lifecycle_py.egg-info/requires.txt
[1.074s] writing top-level names to ../../build/lifecycle_py/lifecycle_py.egg-info/top_level.txt
[1.075s] reading manifest file '../../build/lifecycle_py/lifecycle_py.egg-info/SOURCES.txt'
[1.075s] writing manifest file '../../build/lifecycle_py/lifecycle_py.egg-info/SOURCES.txt'
[1.075s] running build
[1.076s] running build_py
[1.076s] copying lifecycle_py/move_robot_server_copy.py -> /home/sambhav/ros2_ws/build/lifecycle_py/build/lib/lifecycle_py
[1.076s] running install
[1.076s] running install_lib
[1.076s] copying /home/sambhav/ros2_ws/build/lifecycle_py/build/lib/lifecycle_py/move_robot_server_copy.py -> /home/sambhav/ros2_ws/install/lifecycle_py/lib/python3.10/site-packages/lifecycle_py
[1.077s] byte-compiling /home/sambhav/ros2_ws/install/lifecycle_py/lib/python3.10/site-packages/lifecycle_py/move_robot_server_copy.py to move_robot_server_copy.cpython-310.pyc
[1.078s] running install_data
[1.078s] running install_egg_info
[1.080s] removing '/home/sambhav/ros2_ws/install/lifecycle_py/lib/python3.10/site-packages/lifecycle_py-0.0.0-py3.10.egg-info' (and everything under it)
[1.080s] Copying ../../build/lifecycle_py/lifecycle_py.egg-info to /home/sambhav/ros2_ws/install/lifecycle_py/lib/python3.10/site-packages/lifecycle_py-0.0.0-py3.10.egg-info
[1.080s] running install_scripts
[1.096s] Installing lifecycle_node_manager script to /home/sambhav/ros2_ws/install/lifecycle_py/lib/lifecycle_py
[1.096s] Installing move_robot_server_copy script to /home/sambhav/ros2_ws/install/lifecycle_py/lib/lifecycle_py
[1.096s] Installing number_publisher script to /home/sambhav/ros2_ws/install/lifecycle_py/lib/lifecycle_py
[1.096s] writing list of installed files to '/home/sambhav/ros2_ws/build/lifecycle_py/install.log'
[1.132s] Invoked command in '/home/sambhav/ros2_ws/src/lifecycle_py' returned '0': CMAKE_PREFIX_PATH=/home/sambhav/ros2_ws/install/example_interfaces:/home/sambhav/ros2_ws/install/my_robot_bringup:/home/sambhav/ros2_ws/install/my_robot_interfaces:/home/sambhav/ros2_ws/install/my_robot_description:/home/sambhav/my_swarm/install/swarm_description LD_LIBRARY_PATH=/home/sambhav/ros2_ws/install/example_interfaces/lib:/home/sambhav/ros2_ws/install/my_robot_interfaces/lib:/usr/lib/x86_64-linux-gnu/gazebo-11/plugins:/opt/ros/humble/opt/rviz_ogre_vendor/lib:/opt/ros/humble/lib/x86_64-linux-gnu:/opt/ros/humble/lib:/usr/share/gazebo-11/../../lib/x86_64-linux-gnu/gazebo-11/plugins PYTHONPATH=/home/sambhav/ros2_ws/build/lifecycle_py/prefix_override:/home/sambhav/ros2_ws/install/lifecycle_py/lib/python3.10/site-packages:${PYTHONPATH} /usr/bin/python3 -W ignore:setup.py install is deprecated setup.py egg_info --egg-base ../../build/lifecycle_py build --build-base /home/sambhav/ros2_ws/build/lifecycle_py/build install --record /home/sambhav/ros2_ws/build/lifecycle_py/install.log --single-version-externally-managed install_data
