[0.015s] Invoking command in '/home/sambhav/ros2_ws/src/build/my_robot_description': CMAKE_PREFIX_PATH=${CMAKE_PREFIX_PATH}:/home/sambhav/ros2_ws/install/turtlesim_catch_them_all:/home/sambhav/ros2_ws/install/my_py_pkg:/home/sambhav/ros2_ws/install/action_py:/home/sambhav/ros2_ws/install/lifecycle_py:/home/sambhav/my_swarm/install/bot1_controller:/opt/ros/humble /usr/bin/cmake --build /home/sambhav/ros2_ws/src/build/my_robot_description -- -j8 -l8
[0.033s] -- Found ament_cmake: 1.3.9 (/opt/ros/humble/share/ament_cmake/cmake)
[0.144s] -- Found Python3: /usr/bin/python3 (found version "3.10.12") found components: Interpreter 
[0.267s] -- Configuring done
[0.271s] -- Generating done
[0.271s] -- Build files have been written to: /home/sambhav/ros2_ws/src/build/my_robot_description
[0.289s] Invoked command in '/home/sambhav/ros2_ws/src/build/my_robot_description' returned '0': CMAKE_PREFIX_PATH=${CMAKE_PREFIX_PATH}:/home/sambhav/ros2_ws/install/turtlesim_catch_them_all:/home/sambhav/ros2_ws/install/my_py_pkg:/home/sambhav/ros2_ws/install/action_py:/home/sambhav/ros2_ws/install/lifecycle_py:/home/sambhav/my_swarm/install/bot1_controller:/opt/ros/humble /usr/bin/cmake --build /home/sambhav/ros2_ws/src/build/my_robot_description -- -j8 -l8
[0.313s] Invoking command in '/home/sambhav/ros2_ws/src/build/my_robot_description': CMAKE_PREFIX_PATH=${CMAKE_PREFIX_PATH}:/home/sambhav/ros2_ws/install/turtlesim_catch_them_all:/home/sambhav/ros2_ws/install/my_py_pkg:/home/sambhav/ros2_ws/install/action_py:/home/sambhav/ros2_ws/install/lifecycle_py:/home/sambhav/my_swarm/install/bot1_controller:/opt/ros/humble /usr/bin/cmake --install /home/sambhav/ros2_ws/src/build/my_robot_description
[0.319s] -- Install configuration: ""
[0.319s] -- Up-to-date: /home/sambhav/ros2_ws/src/install/my_robot_description/share/my_robot_description//urdf
[0.319s] -- Installing: /home/sambhav/ros2_ws/src/install/my_robot_description/share/my_robot_description//urdf/my_robot.urdf.xacro
[0.319s] -- Installing: /home/sambhav/ros2_ws/src/install/my_robot_description/share/my_robot_description//urdf/standalone_arm.urdf.xacro
[0.319s] -- Installing: /home/sambhav/ros2_ws/src/install/my_robot_description/share/my_robot_description//urdf/mobile_base.xacro
[0.320s] -- Installing: /home/sambhav/ros2_ws/src/install/my_robot_description/share/my_robot_description//urdf/common_properties.xacro
[0.320s] -- Installing: /home/sambhav/ros2_ws/src/install/my_robot_description/share/my_robot_description//urdf/mobile_base_gazebo.xacro
[0.320s] -- Installing: /home/sambhav/ros2_ws/src/install/my_robot_description/share/my_robot_description//urdf/camera.xacro
[0.320s] -- Installing: /home/sambhav/ros2_ws/src/install/my_robot_description/share/my_robot_description//urdf/robotic_arm.xacro
[0.320s] -- Installing: /home/sambhav/ros2_ws/src/install/my_robot_description/share/my_robot_description//urdf/robotic_arm_gazebo.xacro
[0.321s] -- Up-to-date: /home/sambhav/ros2_ws/src/install/my_robot_description/share/my_robot_description//launch
[0.321s] -- Up-to-date: /home/sambhav/ros2_ws/src/install/my_robot_description/share/my_robot_description//launch/display.launch.py
[0.321s] -- Installing: /home/sambhav/ros2_ws/src/install/my_robot_description/share/my_robot_description//launch/display.launch.xml
[0.321s] -- Up-to-date: /home/sambhav/ros2_ws/src/install/my_robot_description/share/my_robot_description//rviz
[0.321s] -- Up-to-date: /home/sambhav/ros2_ws/src/install/my_robot_description/share/my_robot_description//rviz/urdf_config.rviz
[0.321s] -- Up-to-date: /home/sambhav/ros2_ws/src/install/my_robot_description/share/ament_index/resource_index/package_run_dependencies/my_robot_description
[0.321s] -- Installing: /home/sambhav/ros2_ws/src/install/my_robot_description/share/ament_index/resource_index/parent_prefix_path/my_robot_description
[0.321s] -- Installing: /home/sambhav/ros2_ws/src/install/my_robot_description/share/my_robot_description/environment/ament_prefix_path.sh
[0.321s] -- Installing: /home/sambhav/ros2_ws/src/install/my_robot_description/share/my_robot_description/environment/ament_prefix_path.dsv
[0.321s] -- Installing: /home/sambhav/ros2_ws/src/install/my_robot_description/share/my_robot_description/environment/path.sh
[0.321s] -- Installing: /home/sambhav/ros2_ws/src/install/my_robot_description/share/my_robot_description/environment/path.dsv
[0.321s] -- Up-to-date: /home/sambhav/ros2_ws/src/install/my_robot_description/share/my_robot_description/local_setup.bash
[0.321s] -- Up-to-date: /home/sambhav/ros2_ws/src/install/my_robot_description/share/my_robot_description/local_setup.sh
[0.321s] -- Up-to-date: /home/sambhav/ros2_ws/src/install/my_robot_description/share/my_robot_description/local_setup.zsh
[0.322s] -- Installing: /home/sambhav/ros2_ws/src/install/my_robot_description/share/my_robot_description/local_setup.dsv
[0.322s] -- Installing: /home/sambhav/ros2_ws/src/install/my_robot_description/share/my_robot_description/package.dsv
[0.322s] -- Up-to-date: /home/sambhav/ros2_ws/src/install/my_robot_description/share/ament_index/resource_index/packages/my_robot_description
[0.322s] -- Up-to-date: /home/sambhav/ros2_ws/src/install/my_robot_description/share/my_robot_description/cmake/my_robot_descriptionConfig.cmake
[0.322s] -- Up-to-date: /home/sambhav/ros2_ws/src/install/my_robot_description/share/my_robot_description/cmake/my_robot_descriptionConfig-version.cmake
[0.322s] -- Up-to-date: /home/sambhav/ros2_ws/src/install/my_robot_description/share/my_robot_description/package.xml
[0.323s] Invoked command in '/home/sambhav/ros2_ws/src/build/my_robot_description' returned '0': CMAKE_PREFIX_PATH=${CMAKE_PREFIX_PATH}:/home/sambhav/ros2_ws/install/turtlesim_catch_them_all:/home/sambhav/ros2_ws/install/my_py_pkg:/home/sambhav/ros2_ws/install/action_py:/home/sambhav/ros2_ws/install/lifecycle_py:/home/sambhav/my_swarm/install/bot1_controller:/opt/ros/humble /usr/bin/cmake --install /home/sambhav/ros2_ws/src/build/my_robot_description
