[1.675s] DEBUG:colcon:Command line arguments: ['/usr/bin/colcon', 'build', '--symlink-install']
[1.675s] DEBUG:colcon:Parsed command line arguments: Namespace(log_base=None, log_level=None, verb_name='build', build_base='build', install_base='install', merge_install=False, symlink_install=True, test_result_base=None, continue_on_error=False, executor='parallel', parallel_workers=8, event_handlers=None, ignore_user_meta=False, metas=['./colcon.meta'], base_paths=['.'], packages_ignore=None, packages_ignore_regex=None, paths=None, packages_up_to=None, packages_up_to_regex=None, packages_above=None, packages_above_and_dependencies=None, packages_above_depth=None, packages_select_by_dep=None, packages_skip_by_dep=None, packages_skip_up_to=None, packages_select_build_failed=False, packages_skip_build_finished=False, packages_select_test_failures=False, packages_skip_test_passed=False, packages_select=None, packages_skip=None, packages_select_regex=None, packages_skip_regex=None, packages_start=None, packages_end=None, allow_overriding=[], cmake_args=None, cmake_target=None, cmake_target_skip_unavailable=False, cmake_clean_cache=False, cmake_clean_first=False, cmake_force_configure=False, ament_cmake_args=None, catkin_cmake_args=None, catkin_skip_building_tests=False, verb_parser=<colcon_defaults.argument_parser.defaults.DefaultArgumentsDecorator object at 0x7fefb5481c60>, verb_extension=<colcon_core.verb.build.BuildVerb object at 0x7fefb57126e0>, main=<bound method BuildVerb.main of <colcon_core.verb.build.BuildVerb object at 0x7fefb57126e0>>)
[1.756s] Level 1:colcon.colcon_core.package_discovery:discover_packages(colcon_meta) check parameters
[1.756s] Level 1:colcon.colcon_core.package_discovery:discover_packages(recursive) check parameters
[1.756s] Level 1:colcon.colcon_core.package_discovery:discover_packages(ignore) check parameters
[1.756s] Level 1:colcon.colcon_core.package_discovery:discover_packages(path) check parameters
[1.756s] Level 1:colcon.colcon_core.package_discovery:discover_packages(colcon_meta) discover
[1.756s] Level 1:colcon.colcon_core.package_discovery:discover_packages(recursive) discover
[1.756s] INFO:colcon.colcon_core.package_discovery:Crawling recursively for packages in '/home/sambhav/ros2_ws'
[1.757s] Level 1:colcon.colcon_core.package_identification:_identify(.) by extensions ['ignore', 'ignore_ament_install']
[1.757s] Level 1:colcon.colcon_core.package_identification:_identify(.) by extension 'ignore'
[1.757s] Level 1:colcon.colcon_core.package_identification:_identify(.) by extension 'ignore_ament_install'
[1.757s] Level 1:colcon.colcon_core.package_identification:_identify(.) by extensions ['colcon_pkg']
[1.757s] Level 1:colcon.colcon_core.package_identification:_identify(.) by extension 'colcon_pkg'
[1.757s] Level 1:colcon.colcon_core.package_identification:_identify(.) by extensions ['colcon_meta']
[1.757s] Level 1:colcon.colcon_core.package_identification:_identify(.) by extension 'colcon_meta'
[1.757s] Level 1:colcon.colcon_core.package_identification:_identify(.) by extensions ['ros']
[1.757s] Level 1:colcon.colcon_core.package_identification:_identify(.) by extension 'ros'
[1.779s] Level 1:colcon.colcon_core.package_identification:_identify(.) by extensions ['cmake', 'python']
[1.780s] Level 1:colcon.colcon_core.package_identification:_identify(.) by extension 'cmake'
[1.780s] Level 1:colcon.colcon_core.package_identification:_identify(.) by extension 'python'
[1.780s] Level 1:colcon.colcon_core.package_identification:_identify(.) by extensions ['python_setup_py']
[1.780s] Level 1:colcon.colcon_core.package_identification:_identify(.) by extension 'python_setup_py'
[1.780s] Level 1:colcon.colcon_core.package_identification:_identify(build) by extensions ['ignore', 'ignore_ament_install']
[1.780s] Level 1:colcon.colcon_core.package_identification:_identify(build) by extension 'ignore'
[1.780s] Level 1:colcon.colcon_core.package_identification:_identify(build) ignored
[1.780s] Level 1:colcon.colcon_core.package_identification:_identify(install) by extensions ['ignore', 'ignore_ament_install']
[1.781s] Level 1:colcon.colcon_core.package_identification:_identify(install) by extension 'ignore'
[1.781s] Level 1:colcon.colcon_core.package_identification:_identify(install) ignored
[1.781s] Level 1:colcon.colcon_core.package_identification:_identify(log) by extensions ['ignore', 'ignore_ament_install']
[1.781s] Level 1:colcon.colcon_core.package_identification:_identify(log) by extension 'ignore'
[1.781s] Level 1:colcon.colcon_core.package_identification:_identify(log) ignored
[1.781s] Level 1:colcon.colcon_core.package_identification:_identify(src) by extensions ['ignore', 'ignore_ament_install']
[1.782s] Level 1:colcon.colcon_core.package_identification:_identify(src) by extension 'ignore'
[1.782s] Level 1:colcon.colcon_core.package_identification:_identify(src) by extension 'ignore_ament_install'
[1.782s] Level 1:colcon.colcon_core.package_identification:_identify(src) by extensions ['colcon_pkg']
[1.782s] Level 1:colcon.colcon_core.package_identification:_identify(src) by extension 'colcon_pkg'
[1.782s] Level 1:colcon.colcon_core.package_identification:_identify(src) by extensions ['colcon_meta']
[1.782s] Level 1:colcon.colcon_core.package_identification:_identify(src) by extension 'colcon_meta'
[1.782s] Level 1:colcon.colcon_core.package_identification:_identify(src) by extensions ['ros']
[1.782s] Level 1:colcon.colcon_core.package_identification:_identify(src) by extension 'ros'
[1.782s] Level 1:colcon.colcon_core.package_identification:_identify(src) by extensions ['cmake', 'python']
[1.782s] Level 1:colcon.colcon_core.package_identification:_identify(src) by extension 'cmake'
[1.782s] Level 1:colcon.colcon_core.package_identification:_identify(src) by extension 'python'
[1.782s] Level 1:colcon.colcon_core.package_identification:_identify(src) by extensions ['python_setup_py']
[1.783s] Level 1:colcon.colcon_core.package_identification:_identify(src) by extension 'python_setup_py'
[1.783s] Level 1:colcon.colcon_core.package_identification:_identify(src/build) by extensions ['ignore', 'ignore_ament_install']
[1.783s] Level 1:colcon.colcon_core.package_identification:_identify(src/build) by extension 'ignore'
[1.783s] Level 1:colcon.colcon_core.package_identification:_identify(src/build) ignored
[1.783s] Level 1:colcon.colcon_core.package_identification:_identify(src/install) by extensions ['ignore', 'ignore_ament_install']
[1.783s] Level 1:colcon.colcon_core.package_identification:_identify(src/install) by extension 'ignore'
[1.783s] Level 1:colcon.colcon_core.package_identification:_identify(src/install) ignored
[1.783s] Level 1:colcon.colcon_core.package_identification:_identify(src/log) by extensions ['ignore', 'ignore_ament_install']
[1.784s] Level 1:colcon.colcon_core.package_identification:_identify(src/log) by extension 'ignore'
[1.784s] Level 1:colcon.colcon_core.package_identification:_identify(src/log) ignored
[1.784s] Level 1:colcon.colcon_core.package_identification:_identify(src/my_py_pkg) by extensions ['ignore', 'ignore_ament_install']
[1.784s] Level 1:colcon.colcon_core.package_identification:_identify(src/my_py_pkg) by extension 'ignore'
[1.784s] Level 1:colcon.colcon_core.package_identification:_identify(src/my_py_pkg) by extension 'ignore_ament_install'
[1.784s] Level 1:colcon.colcon_core.package_identification:_identify(src/my_py_pkg) by extensions ['colcon_pkg']
[1.784s] Level 1:colcon.colcon_core.package_identification:_identify(src/my_py_pkg) by extension 'colcon_pkg'
[1.784s] Level 1:colcon.colcon_core.package_identification:_identify(src/my_py_pkg) by extensions ['colcon_meta']
[1.784s] Level 1:colcon.colcon_core.package_identification:_identify(src/my_py_pkg) by extension 'colcon_meta'
[1.784s] Level 1:colcon.colcon_core.package_identification:_identify(src/my_py_pkg) by extensions ['ros']
[1.784s] Level 1:colcon.colcon_core.package_identification:_identify(src/my_py_pkg) by extension 'ros'
[1.790s] DEBUG:colcon.colcon_core.package_identification:Package 'src/my_py_pkg' with type 'ros.ament_python' and name 'my_py_pkg'
[1.790s] Level 1:colcon.colcon_core.package_identification:_identify(src/my_robot_interfaces) by extensions ['ignore', 'ignore_ament_install']
[1.790s] Level 1:colcon.colcon_core.package_identification:_identify(src/my_robot_interfaces) by extension 'ignore'
[1.790s] Level 1:colcon.colcon_core.package_identification:_identify(src/my_robot_interfaces) by extension 'ignore_ament_install'
[1.791s] Level 1:colcon.colcon_core.package_identification:_identify(src/my_robot_interfaces) by extensions ['colcon_pkg']
[1.791s] Level 1:colcon.colcon_core.package_identification:_identify(src/my_robot_interfaces) by extension 'colcon_pkg'
[1.791s] Level 1:colcon.colcon_core.package_identification:_identify(src/my_robot_interfaces) by extensions ['colcon_meta']
[1.791s] Level 1:colcon.colcon_core.package_identification:_identify(src/my_robot_interfaces) by extension 'colcon_meta'
[1.791s] Level 1:colcon.colcon_core.package_identification:_identify(src/my_robot_interfaces) by extensions ['ros']
[1.791s] Level 1:colcon.colcon_core.package_identification:_identify(src/my_robot_interfaces) by extension 'ros'
[1.792s] DEBUG:colcon.colcon_core.package_identification:Package 'src/my_robot_interfaces' with type 'ros.ament_cmake' and name 'my_robot_interfaces'
[1.792s] Level 1:colcon.colcon_core.package_discovery:discover_packages(recursive) using defaults
[1.792s] Level 1:colcon.colcon_core.package_discovery:discover_packages(ignore) discover
[1.792s] Level 1:colcon.colcon_core.package_discovery:discover_packages(ignore) using defaults
[1.792s] Level 1:colcon.colcon_core.package_discovery:discover_packages(path) discover
[1.792s] Level 1:colcon.colcon_core.package_discovery:discover_packages(path) using defaults
[1.948s] Level 1:colcon.colcon_core.package_discovery:discover_packages(prefix_path) check parameters
[1.948s] Level 1:colcon.colcon_core.package_discovery:discover_packages(prefix_path) discover
[1.997s] DEBUG:colcon.colcon_installed_package_information.package_discovery:Found 2 installed packages in /home/sambhav/ros2_ws/install
[2.022s] DEBUG:colcon.colcon_installed_package_information.package_discovery:Found 270 installed packages in /opt/ros/humble
[2.024s] Level 1:colcon.colcon_core.package_discovery:discover_packages(prefix_path) using defaults
[2.201s] Level 5:colcon.colcon_core.verb:set package 'my_robot_interfaces' build argument 'cmake_args' from command line to 'None'
[2.201s] Level 5:colcon.colcon_core.verb:set package 'my_robot_interfaces' build argument 'cmake_target' from command line to 'None'
[2.201s] Level 5:colcon.colcon_core.verb:set package 'my_robot_interfaces' build argument 'cmake_target_skip_unavailable' from command line to 'False'
[2.201s] Level 5:colcon.colcon_core.verb:set package 'my_robot_interfaces' build argument 'cmake_clean_cache' from command line to 'False'
[2.201s] Level 5:colcon.colcon_core.verb:set package 'my_robot_interfaces' build argument 'cmake_clean_first' from command line to 'False'
[2.201s] Level 5:colcon.colcon_core.verb:set package 'my_robot_interfaces' build argument 'cmake_force_configure' from command line to 'False'
[2.201s] Level 5:colcon.colcon_core.verb:set package 'my_robot_interfaces' build argument 'ament_cmake_args' from command line to 'None'
[2.201s] Level 5:colcon.colcon_core.verb:set package 'my_robot_interfaces' build argument 'catkin_cmake_args' from command line to 'None'
[2.201s] Level 5:colcon.colcon_core.verb:set package 'my_robot_interfaces' build argument 'catkin_skip_building_tests' from command line to 'False'
[2.202s] DEBUG:colcon.colcon_core.verb:Building package 'my_robot_interfaces' with the following arguments: {'ament_cmake_args': None, 'build_base': '/home/sambhav/ros2_ws/build/my_robot_interfaces', 'catkin_cmake_args': None, 'catkin_skip_building_tests': False, 'cmake_args': None, 'cmake_clean_cache': False, 'cmake_clean_first': False, 'cmake_force_configure': False, 'cmake_target': None, 'cmake_target_skip_unavailable': False, 'install_base': '/home/sambhav/ros2_ws/install/my_robot_interfaces', 'merge_install': False, 'path': '/home/sambhav/ros2_ws/src/my_robot_interfaces', 'symlink_install': True, 'test_result_base': None}
[2.225s] Level 5:colcon.colcon_core.verb:set package 'my_py_pkg' build argument 'cmake_args' from command line to 'None'
[2.225s] Level 5:colcon.colcon_core.verb:set package 'my_py_pkg' build argument 'cmake_target' from command line to 'None'
[2.226s] Level 5:colcon.colcon_core.verb:set package 'my_py_pkg' build argument 'cmake_target_skip_unavailable' from command line to 'False'
[2.226s] Level 5:colcon.colcon_core.verb:set package 'my_py_pkg' build argument 'cmake_clean_cache' from command line to 'False'
[2.226s] Level 5:colcon.colcon_core.verb:set package 'my_py_pkg' build argument 'cmake_clean_first' from command line to 'False'
[2.226s] Level 5:colcon.colcon_core.verb:set package 'my_py_pkg' build argument 'cmake_force_configure' from command line to 'False'
[2.226s] Level 5:colcon.colcon_core.verb:set package 'my_py_pkg' build argument 'ament_cmake_args' from command line to 'None'
[2.226s] Level 5:colcon.colcon_core.verb:set package 'my_py_pkg' build argument 'catkin_cmake_args' from command line to 'None'
[2.226s] Level 5:colcon.colcon_core.verb:set package 'my_py_pkg' build argument 'catkin_skip_building_tests' from command line to 'False'
[2.226s] DEBUG:colcon.colcon_core.verb:Building package 'my_py_pkg' with the following arguments: {'ament_cmake_args': None, 'build_base': '/home/sambhav/ros2_ws/build/my_py_pkg', 'catkin_cmake_args': None, 'catkin_skip_building_tests': False, 'cmake_args': None, 'cmake_clean_cache': False, 'cmake_clean_first': False, 'cmake_force_configure': False, 'cmake_target': None, 'cmake_target_skip_unavailable': False, 'install_base': '/home/sambhav/ros2_ws/install/my_py_pkg', 'merge_install': False, 'path': '/home/sambhav/ros2_ws/src/my_py_pkg', 'symlink_install': True, 'test_result_base': None}
[2.249s] INFO:colcon.colcon_core.executor:Executing jobs using 'parallel' executor
[2.274s] DEBUG:colcon.colcon_parallel_executor.executor.parallel:run_until_complete
[2.275s] INFO:colcon.colcon_ros.task.ament_cmake.build:Building ROS package in '/home/sambhav/ros2_ws/src/my_robot_interfaces' with build type 'ament_cmake'
[2.275s] INFO:colcon.colcon_cmake.task.cmake.build:Building CMake package in '/home/sambhav/ros2_ws/src/my_robot_interfaces'
[2.302s] INFO:colcon.colcon_core.plugin_system:Skipping extension 'colcon_core.shell.bat': Not used on non-Windows systems
[2.303s] INFO:colcon.colcon_core.shell:Skip shell extension 'powershell' for command environment: Not usable outside of PowerShell
[2.303s] DEBUG:colcon.colcon_core.shell:Skip shell extension 'dsv' for command environment
[2.388s] DEBUG:colcon.colcon_core.event_handler.log_command:Invoking command in '/home/sambhav/ros2_ws/build/my_robot_interfaces': CMAKE_PREFIX_PATH=${CMAKE_PREFIX_PATH}:/home/sambhav/ros2_ws/install/my_py_pkg:/opt/ros/humble /usr/bin/cmake /home/sambhav/ros2_ws/src/my_robot_interfaces -DAMENT_CMAKE_SYMLINK_INSTALL=1 -DCMAKE_INSTALL_PREFIX=/home/sambhav/ros2_ws/install/my_robot_interfaces
[4.388s] DEBUG:colcon.colcon_core.event_handler.log_command:Invoked command in '/home/sambhav/ros2_ws/build/my_robot_interfaces' returned '0': CMAKE_PREFIX_PATH=${CMAKE_PREFIX_PATH}:/home/sambhav/ros2_ws/install/my_py_pkg:/opt/ros/humble /usr/bin/cmake /home/sambhav/ros2_ws/src/my_robot_interfaces -DAMENT_CMAKE_SYMLINK_INSTALL=1 -DCMAKE_INSTALL_PREFIX=/home/sambhav/ros2_ws/install/my_robot_interfaces
[4.393s] DEBUG:colcon.colcon_core.event_handler.log_command:Invoking command in '/home/sambhav/ros2_ws/build/my_robot_interfaces': CMAKE_PREFIX_PATH=${CMAKE_PREFIX_PATH}:/home/sambhav/ros2_ws/install/my_py_pkg:/opt/ros/humble /usr/bin/cmake --build /home/sambhav/ros2_ws/build/my_robot_interfaces -- -j8 -l8
[4.489s] DEBUG:colcon.colcon_core.event_handler.log_command:Invoked command in '/home/sambhav/ros2_ws/build/my_robot_interfaces' returned '2': CMAKE_PREFIX_PATH=${CMAKE_PREFIX_PATH}:/home/sambhav/ros2_ws/install/my_py_pkg:/opt/ros/humble /usr/bin/cmake --build /home/sambhav/ros2_ws/build/my_robot_interfaces -- -j8 -l8
[4.677s] Level 1:colcon.colcon_core.environment:create_environment_scripts_only(my_robot_interfaces)
[4.705s] Level 1:colcon.colcon_core.environment:checking '/home/sambhav/ros2_ws/install/my_robot_interfaces' for CMake module files
[4.706s] Level 1:colcon.colcon_core.environment:checking '/home/sambhav/ros2_ws/install/my_robot_interfaces' for CMake config files
[4.707s] Level 1:colcon.colcon_core.shell:create_environment_hook('my_robot_interfaces', 'cmake_prefix_path')
[4.733s] INFO:colcon.colcon_core.shell:Creating environment hook '/home/sambhav/ros2_ws/install/my_robot_interfaces/share/my_robot_interfaces/hook/cmake_prefix_path.ps1'
[4.734s] INFO:colcon.colcon_core.shell:Creating environment descriptor '/home/sambhav/ros2_ws/install/my_robot_interfaces/share/my_robot_interfaces/hook/cmake_prefix_path.dsv'
[4.735s] INFO:colcon.colcon_core.shell:Creating environment hook '/home/sambhav/ros2_ws/install/my_robot_interfaces/share/my_robot_interfaces/hook/cmake_prefix_path.sh'
[4.737s] Level 1:colcon.colcon_core.environment:checking '/home/sambhav/ros2_ws/install/my_robot_interfaces/lib'
[4.737s] Level 1:colcon.colcon_core.shell:create_environment_hook('my_robot_interfaces', 'ld_library_path_lib')
[4.762s] INFO:colcon.colcon_core.shell:Creating environment hook '/home/sambhav/ros2_ws/install/my_robot_interfaces/share/my_robot_interfaces/hook/ld_library_path_lib.ps1'
[4.762s] INFO:colcon.colcon_core.shell:Creating environment descriptor '/home/sambhav/ros2_ws/install/my_robot_interfaces/share/my_robot_interfaces/hook/ld_library_path_lib.dsv'
[4.763s] INFO:colcon.colcon_core.shell:Creating environment hook '/home/sambhav/ros2_ws/install/my_robot_interfaces/share/my_robot_interfaces/hook/ld_library_path_lib.sh'
[4.763s] Level 1:colcon.colcon_core.environment:checking '/home/sambhav/ros2_ws/install/my_robot_interfaces/bin'
[4.763s] Level 1:colcon.colcon_core.environment:checking '/home/sambhav/ros2_ws/install/my_robot_interfaces/lib/pkgconfig/my_robot_interfaces.pc'
[4.764s] Level 1:colcon.colcon_core.environment:checking '/home/sambhav/ros2_ws/install/my_robot_interfaces/lib/python3.10/site-packages'
[4.764s] Level 1:colcon.colcon_core.environment:checking '/home/sambhav/ros2_ws/install/my_robot_interfaces/bin'
[4.789s] INFO:colcon.colcon_core.shell:Creating package script '/home/sambhav/ros2_ws/install/my_robot_interfaces/share/my_robot_interfaces/package.ps1'
[4.790s] INFO:colcon.colcon_core.shell:Creating package descriptor '/home/sambhav/ros2_ws/install/my_robot_interfaces/share/my_robot_interfaces/package.dsv'
[4.791s] INFO:colcon.colcon_core.shell:Creating package script '/home/sambhav/ros2_ws/install/my_robot_interfaces/share/my_robot_interfaces/package.sh'
[4.793s] INFO:colcon.colcon_core.shell:Creating package script '/home/sambhav/ros2_ws/install/my_robot_interfaces/share/my_robot_interfaces/package.bash'
[4.794s] INFO:colcon.colcon_core.shell:Creating package script '/home/sambhav/ros2_ws/install/my_robot_interfaces/share/my_robot_interfaces/package.zsh'
[4.795s] Level 1:colcon.colcon_core.environment:create_file_with_runtime_dependencies(/home/sambhav/ros2_ws/install/my_robot_interfaces/share/colcon-core/packages/my_robot_interfaces)
[4.806s] DEBUG:colcon.colcon_parallel_executor.executor.parallel:closing loop
[4.806s] DEBUG:colcon.colcon_parallel_executor.executor.parallel:loop closed
[4.806s] DEBUG:colcon.colcon_parallel_executor.executor.parallel:run_until_complete finished with '2'
[4.806s] DEBUG:colcon.colcon_core.event_reactor:joining thread
[4.844s] INFO:colcon.colcon_core.plugin_system:Skipping extension 'colcon_notification.desktop_notification.terminal_notifier': Not used on non-Darwin systems
[4.844s] INFO:colcon.colcon_core.plugin_system:Skipping extension 'colcon_notification.desktop_notification.win32': Not used on non-Windows systems
[4.844s] INFO:colcon.colcon_notification.desktop_notification:Sending desktop notification using 'notify2'
[4.861s] DEBUG:colcon.colcon_core.event_reactor:joined thread
[4.887s] INFO:colcon.colcon_core.shell:Creating prefix script '/home/sambhav/ros2_ws/install/local_setup.ps1'
[4.889s] INFO:colcon.colcon_core.shell:Creating prefix util module '/home/sambhav/ros2_ws/install/_local_setup_util_ps1.py'
[4.892s] INFO:colcon.colcon_core.shell:Creating prefix chain script '/home/sambhav/ros2_ws/install/setup.ps1'
[4.919s] INFO:colcon.colcon_core.shell:Creating prefix script '/home/sambhav/ros2_ws/install/local_setup.sh'
[4.920s] INFO:colcon.colcon_core.shell:Creating prefix util module '/home/sambhav/ros2_ws/install/_local_setup_util_sh.py'
[4.920s] INFO:colcon.colcon_core.shell:Creating prefix chain script '/home/sambhav/ros2_ws/install/setup.sh'
[4.946s] INFO:colcon.colcon_core.shell:Creating prefix script '/home/sambhav/ros2_ws/install/local_setup.bash'
[4.947s] INFO:colcon.colcon_core.shell:Creating prefix chain script '/home/sambhav/ros2_ws/install/setup.bash'
[4.972s] INFO:colcon.colcon_core.shell:Creating prefix script '/home/sambhav/ros2_ws/install/local_setup.zsh'
[4.972s] INFO:colcon.colcon_core.shell:Creating prefix chain script '/home/sambhav/ros2_ws/install/setup.zsh'
