[0.039s] Invoking command in '/home/sambhav/ros2_ws/build/my_robot_interfaces': CMAKE_PREFIX_PATH=/home/sambhav/ros2_ws/install/my_py_pkg:/opt/ros/humble /usr/bin/cmake /home/sambhav/ros2_ws/src/my_robot_interfaces -DCMAKE_INSTALL_PREFIX=/home/sambhav/ros2_ws/install/my_robot_interfaces
[0.046s] -- Found ament_cmake: 1.3.6 (/opt/ros/humble/share/ament_cmake/cmake)
[0.139s] -- Found rosidl_default_generators: 1.2.0 (/opt/ros/humble/share/rosidl_default_generators/cmake)
[0.140s] -- Using all available rosidl_typesupport_c: rosidl_typesupport_fastrtps_c;rosidl_typesupport_introspection_c
[0.142s] -- Found rosidl_adapter: 3.1.5 (/opt/ros/humble/share/rosidl_adapter/cmake)
[0.159s] -- Using all available rosidl_typesupport_cpp: rosidl_typesupport_fastrtps_cpp;rosidl_typesupport_introspection_cpp
[0.278s] [31mCMake Error at /opt/ros/humble/share/rosidl_adapter/cmake/rosidl_adapt_interfaces.cmake:59 (message):
[0.278s]   execute_process(/usr/bin/python3.10 -m rosidl_adapter --package-name
[0.278s]   my_robot_interfaces --arguments-file
[0.278s]   /home/sambhav/ros2_ws/build/my_robot_interfaces/rosidl_adapter__arguments__my_robot_interfaces.json
[0.278s]   --output-dir
[0.279s]   /home/sambhav/ros2_ws/build/my_robot_interfaces/rosidl_adapter/my_robot_interfaces
[0.279s]   --output-file
[0.279s]   /home/sambhav/ros2_ws/build/my_robot_interfaces/rosidl_adapter/my_robot_interfaces.idls)
[0.279s]   returned error code 1:
[0.279s] 
[0.279s]   Error processing 'int63 temperature' of
[0.279s]   'my_robot_interfaces/HardwareStatus': ''int63' is an invalid message name.
[0.279s]   It should have the pattern '^[A-Z][A-Za-z0-9]*$''
[0.279s] 
[0.279s]   Traceback (most recent call last):
[0.279s] 
[0.279s]     File "/usr/lib/python3.10/runpy.py", line 196, in _run_module_as_main
[0.279s]       return _run_code(code, main_globals, None,
[0.279s]     File "/usr/lib/python3.10/runpy.py", line 86, in _run_code
[0.279s]       exec(code, run_globals)
[0.279s]     File "/opt/ros/humble/local/lib/python3.10/dist-packages/rosidl_adapter/__main__.py", line 19, in <module>
[0.279s]       sys.exit(main())
[0.279s]     File "/opt/ros/humble/local/lib/python3.10/dist-packages/rosidl_adapter/main.py", line 53, in main
[0.279s]       abs_idl_file = convert_to_idl(
[0.279s]     File "/opt/ros/humble/local/lib/python3.10/dist-packages/rosidl_adapter/__init__.py", line 19, in convert_to_idl
[0.279s]       return convert_msg_to_idl(
[0.279s]     File "/opt/ros/humble/local/lib/python3.10/dist-packages/rosidl_adapter/msg/__init__.py", line 28, in convert_msg_to_idl
[0.279s]       msg = parse_message_string(package_name, input_file.stem, content)
[0.279s]     File "/opt/ros/humble/local/lib/python3.10/dist-packages/rosidl_adapter/parser.py", line 520, in parse_message_string
[0.279s]       Type(type_string, context_package_name=pkg_name),
[0.279s]     File "/opt/ros/humble/local/lib/python3.10/dist-packages/rosidl_adapter/parser.py", line 277, in __init__
[0.279s]       super(Type, self).__init__(
[0.279s]     File "/opt/ros/humble/local/lib/python3.10/dist-packages/rosidl_adapter/parser.py", line 205, in __init__
[0.279s]       raise InvalidResourceName(
[0.279s] 
[0.280s]   rosidl_adapter.parser.InvalidResourceName: 'int63' is an invalid message
[0.280s]   name.  It should have the pattern '^[A-Z][A-Za-z0-9]*$'
[0.280s] 
[0.280s] Call Stack (most recent call first):
[0.280s]   /opt/ros/humble/share/rosidl_cmake/cmake/rosidl_generate_interfaces.cmake:130 (rosidl_adapt_interfaces)
[0.280s]   CMakeLists.txt:19 (rosidl_generate_interfaces)
[0.280s] 
[0.280s] [0m
[0.280s] -- Configuring incomplete, errors occurred!
[0.280s] See also "/home/sambhav/ros2_ws/build/my_robot_interfaces/CMakeFiles/CMakeOutput.log".
[0.283s] Invoked command in '/home/sambhav/ros2_ws/build/my_robot_interfaces' returned '1': CMAKE_PREFIX_PATH=/home/sambhav/ros2_ws/install/my_py_pkg:/opt/ros/humble /usr/bin/cmake /home/sambhav/ros2_ws/src/my_robot_interfaces -DCMAKE_INSTALL_PREFIX=/home/sambhav/ros2_ws/install/my_robot_interfaces
