[0.042s] Invoking command in '/home/sambhav/ros2_ws/build/my_robot_bringup': CMAKE_PREFIX_PATH=${CMAKE_PREFIX_PATH}:/home/sambhav/ros2_ws/install/my_py_pkg:/opt/ros/humble /usr/bin/cmake /home/sambhav/ros2_ws/src/my_robot_bringup -DAMENT_CMAKE_SYMLINK_INSTALL=1 -DCMAKE_INSTALL_PREFIX=/home/sambhav/ros2_ws/install/my_robot_bringup
[0.119s] -- The C compiler identification is GNU 11.4.0
[0.159s] -- The CXX compiler identification is GNU 11.4.0
[0.165s] -- Detecting C compiler ABI info
[0.221s] -- Detecting C compiler ABI info - done
[0.226s] -- Check for working C compiler: /usr/bin/cc - skipped
[0.227s] -- Detecting C compile features
[0.227s] -- Detecting C compile features - done
[0.229s] -- Detecting CXX compiler ABI info
[0.293s] -- Detecting CXX compiler ABI info - done
[0.298s] -- Check for working CXX compiler: /usr/bin/c++ - skipped
[0.299s] -- Detecting CXX compile features
[0.299s] -- Detecting CXX compile features - done
[0.301s] -- Found ament_cmake: 1.3.7 (/opt/ros/humble/share/ament_cmake/cmake)
[0.415s] -- Found Python3: /usr/bin/python3.10 (found version "3.10.12") found components: Interpreter 
[0.456s] -- Override CMake install command with custom implementation using symlinks instead of copying resources
[0.478s] -- Found ament_lint_auto: 0.12.10 (/opt/ros/humble/share/ament_lint_auto/cmake)
[0.532s] -- Added test 'flake8' to check Python code syntax and style conventions
[0.532s] -- Added test 'lint_cmake' to check CMake code style
[0.532s] -- Added test 'pep257' to check Python code against some of the docstring style conventions in PEP 257
[0.533s] -- Added test 'xmllint' to check XML markup files
[0.533s] -- Configuring done
[0.535s] -- Generating done
[0.535s] -- Build files have been written to: /home/sambhav/ros2_ws/build/my_robot_bringup
[0.538s] Invoked command in '/home/sambhav/ros2_ws/build/my_robot_bringup' returned '0': CMAKE_PREFIX_PATH=${CMAKE_PREFIX_PATH}:/home/sambhav/ros2_ws/install/my_py_pkg:/opt/ros/humble /usr/bin/cmake /home/sambhav/ros2_ws/src/my_robot_bringup -DAMENT_CMAKE_SYMLINK_INSTALL=1 -DCMAKE_INSTALL_PREFIX=/home/sambhav/ros2_ws/install/my_robot_bringup
[0.540s] Invoking command in '/home/sambhav/ros2_ws/build/my_robot_bringup': CMAKE_PREFIX_PATH=${CMAKE_PREFIX_PATH}:/home/sambhav/ros2_ws/install/my_py_pkg:/opt/ros/humble /usr/bin/cmake --build /home/sambhav/ros2_ws/build/my_robot_bringup -- -j8 -l8
[0.565s] Invoked command in '/home/sambhav/ros2_ws/build/my_robot_bringup' returned '0': CMAKE_PREFIX_PATH=${CMAKE_PREFIX_PATH}:/home/sambhav/ros2_ws/install/my_py_pkg:/opt/ros/humble /usr/bin/cmake --build /home/sambhav/ros2_ws/build/my_robot_bringup -- -j8 -l8
[0.601s] Invoking command in '/home/sambhav/ros2_ws/build/my_robot_bringup': CMAKE_PREFIX_PATH=${CMAKE_PREFIX_PATH}:/home/sambhav/ros2_ws/install/my_py_pkg:/opt/ros/humble /usr/bin/cmake --install /home/sambhav/ros2_ws/build/my_robot_bringup
[0.608s] -- Install configuration: ""
[0.608s] -- Execute custom install script
[0.609s] -- Symlinking: /home/sambhav/ros2_ws/install/my_robot_bringup/share/my_robot_bringup/launch/number_app.launch.py
[0.619s] -- Symlinking: /home/sambhav/ros2_ws/install/my_robot_bringup/share/ament_index/resource_index/package_run_dependencies/my_robot_bringup
[0.625s] -- Symlinking: /home/sambhav/ros2_ws/install/my_robot_bringup/share/ament_index/resource_index/parent_prefix_path/my_robot_bringup
[0.632s] -- Symlinking: /home/sambhav/ros2_ws/install/my_robot_bringup/share/my_robot_bringup/environment/ament_prefix_path.sh
[0.637s] -- Symlinking: /home/sambhav/ros2_ws/install/my_robot_bringup/share/my_robot_bringup/environment/ament_prefix_path.dsv
[0.644s] -- Symlinking: /home/sambhav/ros2_ws/install/my_robot_bringup/share/my_robot_bringup/environment/path.sh
[0.650s] -- Symlinking: /home/sambhav/ros2_ws/install/my_robot_bringup/share/my_robot_bringup/environment/path.dsv
[0.655s] -- Symlinking: /home/sambhav/ros2_ws/install/my_robot_bringup/share/my_robot_bringup/local_setup.bash
[0.661s] -- Symlinking: /home/sambhav/ros2_ws/install/my_robot_bringup/share/my_robot_bringup/local_setup.sh
[0.669s] -- Symlinking: /home/sambhav/ros2_ws/install/my_robot_bringup/share/my_robot_bringup/local_setup.zsh
[0.678s] -- Symlinking: /home/sambhav/ros2_ws/install/my_robot_bringup/share/my_robot_bringup/local_setup.dsv
[0.685s] -- Symlinking: /home/sambhav/ros2_ws/install/my_robot_bringup/share/my_robot_bringup/package.dsv
[0.693s] -- Symlinking: /home/sambhav/ros2_ws/install/my_robot_bringup/share/ament_index/resource_index/packages/my_robot_bringup
[0.700s] -- Symlinking: /home/sambhav/ros2_ws/install/my_robot_bringup/share/my_robot_bringup/cmake/my_robot_bringupConfig.cmake
[0.707s] -- Symlinking: /home/sambhav/ros2_ws/install/my_robot_bringup/share/my_robot_bringup/cmake/my_robot_bringupConfig-version.cmake
[0.713s] -- Symlinking: /home/sambhav/ros2_ws/install/my_robot_bringup/share/my_robot_bringup/package.xml
[0.720s] Invoked command in '/home/sambhav/ros2_ws/build/my_robot_bringup' returned '0': CMAKE_PREFIX_PATH=${CMAKE_PREFIX_PATH}:/home/sambhav/ros2_ws/install/my_py_pkg:/opt/ros/humble /usr/bin/cmake --install /home/sambhav/ros2_ws/build/my_robot_bringup
