[0.069s] DEBUG:colcon:Command line arguments: ['/usr/bin/colcon', 'build', '--packages-select', 'my_robot_bringup']
[0.069s] DEBUG:colcon:Parsed command line arguments: Namespace(log_base=None, log_level=None, verb_name='build', build_base='build', install_base='install', merge_install=False, symlink_install=False, test_result_base=None, continue_on_error=False, executor='parallel', parallel_workers=8, event_handlers=None, ignore_user_meta=False, metas=['./colcon.meta'], base_paths=['.'], packages_ignore=None, packages_ignore_regex=None, paths=None, packages_up_to=None, packages_up_to_regex=None, packages_above=None, packages_above_and_dependencies=None, packages_above_depth=None, packages_select_by_dep=None, packages_skip_by_dep=None, packages_skip_up_to=None, packages_select_build_failed=False, packages_skip_build_finished=False, packages_select_test_failures=False, packages_skip_test_passed=False, packages_select=['my_robot_bringup'], packages_skip=None, packages_select_regex=None, packages_skip_regex=None, packages_start=None, packages_end=None, allow_overriding=[], cmake_args=None, cmake_target=None, cmake_target_skip_unavailable=False, cmake_clean_cache=False, cmake_clean_first=False, cmake_force_configure=False, ament_cmake_args=None, catkin_cmake_args=None, catkin_skip_building_tests=False, mixin_files=None, mixin=None, verb_parser=<colcon_mixin.mixin.mixin_argument.MixinArgumentDecorator object at 0x746cbc4134c0>, verb_extension=<colcon_core.verb.build.BuildVerb object at 0x746cbc533b20>, main=<bound method BuildVerb.main of <colcon_core.verb.build.BuildVerb object at 0x746cbc533b20>>, mixin_verb=('build',))
[0.189s] Level 1:colcon.colcon_core.package_discovery:discover_packages(colcon_meta) check parameters
[0.189s] Level 1:colcon.colcon_core.package_discovery:discover_packages(recursive) check parameters
[0.189s] Level 1:colcon.colcon_core.package_discovery:discover_packages(ignore) check parameters
[0.189s] Level 1:colcon.colcon_core.package_discovery:discover_packages(path) check parameters
[0.189s] Level 1:colcon.colcon_core.package_discovery:discover_packages(colcon_meta) discover
[0.189s] Level 1:colcon.colcon_core.package_discovery:discover_packages(recursive) discover
[0.189s] INFO:colcon.colcon_core.package_discovery:Crawling recursively for packages in '/home/sambhav/ros2_ws'
[0.189s] Level 1:colcon.colcon_core.package_identification:_identify(.) by extensions ['ignore', 'ignore_ament_install']
[0.189s] Level 1:colcon.colcon_core.package_identification:_identify(.) by extension 'ignore'
[0.190s] Level 1:colcon.colcon_core.package_identification:_identify(.) by extension 'ignore_ament_install'
[0.190s] Level 1:colcon.colcon_core.package_identification:_identify(.) by extensions ['colcon_pkg']
[0.190s] Level 1:colcon.colcon_core.package_identification:_identify(.) by extension 'colcon_pkg'
[0.190s] Level 1:colcon.colcon_core.package_identification:_identify(.) by extensions ['colcon_meta']
[0.190s] Level 1:colcon.colcon_core.package_identification:_identify(.) by extension 'colcon_meta'
[0.190s] Level 1:colcon.colcon_core.package_identification:_identify(.) by extensions ['ros']
[0.190s] Level 1:colcon.colcon_core.package_identification:_identify(.) by extension 'ros'
[0.204s] Level 1:colcon.colcon_core.package_identification:_identify(.) by extensions ['cmake', 'python']
[0.204s] Level 1:colcon.colcon_core.package_identification:_identify(.) by extension 'cmake'
[0.204s] Level 1:colcon.colcon_core.package_identification:_identify(.) by extension 'python'
[0.204s] Level 1:colcon.colcon_core.package_identification:_identify(.) by extensions ['python_setup_py']
[0.204s] Level 1:colcon.colcon_core.package_identification:_identify(.) by extension 'python_setup_py'
[0.204s] Level 1:colcon.colcon_core.package_identification:_identify(build) by extensions ['ignore', 'ignore_ament_install']
[0.204s] Level 1:colcon.colcon_core.package_identification:_identify(build) by extension 'ignore'
[0.205s] Level 1:colcon.colcon_core.package_identification:_identify(build) ignored
[0.205s] Level 1:colcon.colcon_core.package_identification:_identify(example_interfaces) by extensions ['ignore', 'ignore_ament_install']
[0.205s] Level 1:colcon.colcon_core.package_identification:_identify(example_interfaces) by extension 'ignore'
[0.205s] Level 1:colcon.colcon_core.package_identification:_identify(example_interfaces) by extension 'ignore_ament_install'
[0.205s] Level 1:colcon.colcon_core.package_identification:_identify(example_interfaces) by extensions ['colcon_pkg']
[0.205s] Level 1:colcon.colcon_core.package_identification:_identify(example_interfaces) by extension 'colcon_pkg'
[0.205s] Level 1:colcon.colcon_core.package_identification:_identify(example_interfaces) by extensions ['colcon_meta']
[0.205s] Level 1:colcon.colcon_core.package_identification:_identify(example_interfaces) by extension 'colcon_meta'
[0.205s] Level 1:colcon.colcon_core.package_identification:_identify(example_interfaces) by extensions ['ros']
[0.205s] Level 1:colcon.colcon_core.package_identification:_identify(example_interfaces) by extension 'ros'
[0.206s] DEBUG:colcon.colcon_core.package_identification:Package 'example_interfaces' with type 'ros.ament_cmake' and name 'example_interfaces'
[0.207s] Level 1:colcon.colcon_core.package_identification:_identify(install) by extensions ['ignore', 'ignore_ament_install']
[0.207s] Level 1:colcon.colcon_core.package_identification:_identify(install) by extension 'ignore'
[0.207s] Level 1:colcon.colcon_core.package_identification:_identify(install) ignored
[0.207s] Level 1:colcon.colcon_core.package_identification:_identify(log) by extensions ['ignore', 'ignore_ament_install']
[0.207s] Level 1:colcon.colcon_core.package_identification:_identify(log) by extension 'ignore'
[0.207s] Level 1:colcon.colcon_core.package_identification:_identify(log) ignored
[0.207s] Level 1:colcon.colcon_core.package_identification:_identify(src) by extensions ['ignore', 'ignore_ament_install']
[0.207s] Level 1:colcon.colcon_core.package_identification:_identify(src) by extension 'ignore'
[0.207s] Level 1:colcon.colcon_core.package_identification:_identify(src) by extension 'ignore_ament_install'
[0.207s] Level 1:colcon.colcon_core.package_identification:_identify(src) by extensions ['colcon_pkg']
[0.207s] Level 1:colcon.colcon_core.package_identification:_identify(src) by extension 'colcon_pkg'
[0.207s] Level 1:colcon.colcon_core.package_identification:_identify(src) by extensions ['colcon_meta']
[0.207s] Level 1:colcon.colcon_core.package_identification:_identify(src) by extension 'colcon_meta'
[0.207s] Level 1:colcon.colcon_core.package_identification:_identify(src) by extensions ['ros']
[0.207s] Level 1:colcon.colcon_core.package_identification:_identify(src) by extension 'ros'
[0.207s] Level 1:colcon.colcon_core.package_identification:_identify(src) by extensions ['cmake', 'python']
[0.207s] Level 1:colcon.colcon_core.package_identification:_identify(src) by extension 'cmake'
[0.207s] Level 1:colcon.colcon_core.package_identification:_identify(src) by extension 'python'
[0.207s] Level 1:colcon.colcon_core.package_identification:_identify(src) by extensions ['python_setup_py']
[0.207s] Level 1:colcon.colcon_core.package_identification:_identify(src) by extension 'python_setup_py'
[0.207s] Level 1:colcon.colcon_core.package_identification:_identify(src/action_py) by extensions ['ignore', 'ignore_ament_install']
[0.207s] Level 1:colcon.colcon_core.package_identification:_identify(src/action_py) by extension 'ignore'
[0.207s] Level 1:colcon.colcon_core.package_identification:_identify(src/action_py) by extension 'ignore_ament_install'
[0.208s] Level 1:colcon.colcon_core.package_identification:_identify(src/action_py) by extensions ['colcon_pkg']
[0.208s] Level 1:colcon.colcon_core.package_identification:_identify(src/action_py) by extension 'colcon_pkg'
[0.208s] Level 1:colcon.colcon_core.package_identification:_identify(src/action_py) by extensions ['colcon_meta']
[0.208s] Level 1:colcon.colcon_core.package_identification:_identify(src/action_py) by extension 'colcon_meta'
[0.208s] Level 1:colcon.colcon_core.package_identification:_identify(src/action_py) by extensions ['ros']
[0.208s] Level 1:colcon.colcon_core.package_identification:_identify(src/action_py) by extension 'ros'
[0.208s] DEBUG:colcon.colcon_core.package_identification:Package 'src/action_py' with type 'ros.ament_python' and name 'action_py'
[0.208s] Level 1:colcon.colcon_core.package_identification:_identify(src/build) by extensions ['ignore', 'ignore_ament_install']
[0.208s] Level 1:colcon.colcon_core.package_identification:_identify(src/build) by extension 'ignore'
[0.208s] Level 1:colcon.colcon_core.package_identification:_identify(src/build) ignored
[0.208s] Level 1:colcon.colcon_core.package_identification:_identify(src/install) by extensions ['ignore', 'ignore_ament_install']
[0.208s] Level 1:colcon.colcon_core.package_identification:_identify(src/install) by extension 'ignore'
[0.208s] Level 1:colcon.colcon_core.package_identification:_identify(src/install) ignored
[0.208s] Level 1:colcon.colcon_core.package_identification:_identify(src/lifecycle_py) by extensions ['ignore', 'ignore_ament_install']
[0.208s] Level 1:colcon.colcon_core.package_identification:_identify(src/lifecycle_py) by extension 'ignore'
[0.208s] Level 1:colcon.colcon_core.package_identification:_identify(src/lifecycle_py) by extension 'ignore_ament_install'
[0.208s] Level 1:colcon.colcon_core.package_identification:_identify(src/lifecycle_py) by extensions ['colcon_pkg']
[0.208s] Level 1:colcon.colcon_core.package_identification:_identify(src/lifecycle_py) by extension 'colcon_pkg'
[0.208s] Level 1:colcon.colcon_core.package_identification:_identify(src/lifecycle_py) by extensions ['colcon_meta']
[0.208s] Level 1:colcon.colcon_core.package_identification:_identify(src/lifecycle_py) by extension 'colcon_meta'
[0.208s] Level 1:colcon.colcon_core.package_identification:_identify(src/lifecycle_py) by extensions ['ros']
[0.208s] Level 1:colcon.colcon_core.package_identification:_identify(src/lifecycle_py) by extension 'ros'
[0.209s] DEBUG:colcon.colcon_core.package_identification:Package 'src/lifecycle_py' with type 'ros.ament_python' and name 'lifecycle_py'
[0.209s] Level 1:colcon.colcon_core.package_identification:_identify(src/log) by extensions ['ignore', 'ignore_ament_install']
[0.209s] Level 1:colcon.colcon_core.package_identification:_identify(src/log) by extension 'ignore'
[0.209s] Level 1:colcon.colcon_core.package_identification:_identify(src/log) ignored
[0.209s] Level 1:colcon.colcon_core.package_identification:_identify(src/microROS_bot) by extensions ['ignore', 'ignore_ament_install']
[0.209s] Level 1:colcon.colcon_core.package_identification:_identify(src/microROS_bot) by extension 'ignore'
[0.209s] Level 1:colcon.colcon_core.package_identification:_identify(src/microROS_bot) by extension 'ignore_ament_install'
[0.209s] Level 1:colcon.colcon_core.package_identification:_identify(src/microROS_bot) by extensions ['colcon_pkg']
[0.209s] Level 1:colcon.colcon_core.package_identification:_identify(src/microROS_bot) by extension 'colcon_pkg'
[0.209s] Level 1:colcon.colcon_core.package_identification:_identify(src/microROS_bot) by extensions ['colcon_meta']
[0.209s] Level 1:colcon.colcon_core.package_identification:_identify(src/microROS_bot) by extension 'colcon_meta'
[0.209s] Level 1:colcon.colcon_core.package_identification:_identify(src/microROS_bot) by extensions ['ros']
[0.209s] Level 1:colcon.colcon_core.package_identification:_identify(src/microROS_bot) by extension 'ros'
[0.209s] Level 1:colcon.colcon_core.package_identification:_identify(src/microROS_bot) by extensions ['cmake', 'python']
[0.209s] Level 1:colcon.colcon_core.package_identification:_identify(src/microROS_bot) by extension 'cmake'
[0.209s] Level 1:colcon.colcon_core.package_identification:_identify(src/microROS_bot) by extension 'python'
[0.209s] Level 1:colcon.colcon_core.package_identification:_identify(src/microROS_bot) by extensions ['python_setup_py']
[0.209s] Level 1:colcon.colcon_core.package_identification:_identify(src/microROS_bot) by extension 'python_setup_py'
[0.209s] Level 1:colcon.colcon_core.package_identification:_identify(src/microROS_bot/include) by extensions ['ignore', 'ignore_ament_install']
[0.209s] Level 1:colcon.colcon_core.package_identification:_identify(src/microROS_bot/include) by extension 'ignore'
[0.210s] Level 1:colcon.colcon_core.package_identification:_identify(src/microROS_bot/include) by extension 'ignore_ament_install'
[0.210s] Level 1:colcon.colcon_core.package_identification:_identify(src/microROS_bot/include) by extensions ['colcon_pkg']
[0.210s] Level 1:colcon.colcon_core.package_identification:_identify(src/microROS_bot/include) by extension 'colcon_pkg'
[0.210s] Level 1:colcon.colcon_core.package_identification:_identify(src/microROS_bot/include) by extensions ['colcon_meta']
[0.210s] Level 1:colcon.colcon_core.package_identification:_identify(src/microROS_bot/include) by extension 'colcon_meta'
[0.210s] Level 1:colcon.colcon_core.package_identification:_identify(src/microROS_bot/include) by extensions ['ros']
[0.210s] Level 1:colcon.colcon_core.package_identification:_identify(src/microROS_bot/include) by extension 'ros'
[0.210s] Level 1:colcon.colcon_core.package_identification:_identify(src/microROS_bot/include) by extensions ['cmake', 'python']
[0.210s] Level 1:colcon.colcon_core.package_identification:_identify(src/microROS_bot/include) by extension 'cmake'
[0.210s] Level 1:colcon.colcon_core.package_identification:_identify(src/microROS_bot/include) by extension 'python'
[0.210s] Level 1:colcon.colcon_core.package_identification:_identify(src/microROS_bot/include) by extensions ['python_setup_py']
[0.210s] Level 1:colcon.colcon_core.package_identification:_identify(src/microROS_bot/include) by extension 'python_setup_py'
[0.210s] Level 1:colcon.colcon_core.package_identification:_identify(src/microROS_bot/lib) by extensions ['ignore', 'ignore_ament_install']
[0.210s] Level 1:colcon.colcon_core.package_identification:_identify(src/microROS_bot/lib) by extension 'ignore'
[0.210s] Level 1:colcon.colcon_core.package_identification:_identify(src/microROS_bot/lib) by extension 'ignore_ament_install'
[0.210s] Level 1:colcon.colcon_core.package_identification:_identify(src/microROS_bot/lib) by extensions ['colcon_pkg']
[0.210s] Level 1:colcon.colcon_core.package_identification:_identify(src/microROS_bot/lib) by extension 'colcon_pkg'
[0.210s] Level 1:colcon.colcon_core.package_identification:_identify(src/microROS_bot/lib) by extensions ['colcon_meta']
[0.210s] Level 1:colcon.colcon_core.package_identification:_identify(src/microROS_bot/lib) by extension 'colcon_meta'
[0.210s] Level 1:colcon.colcon_core.package_identification:_identify(src/microROS_bot/lib) by extensions ['ros']
[0.210s] Level 1:colcon.colcon_core.package_identification:_identify(src/microROS_bot/lib) by extension 'ros'
[0.210s] Level 1:colcon.colcon_core.package_identification:_identify(src/microROS_bot/lib) by extensions ['cmake', 'python']
[0.210s] Level 1:colcon.colcon_core.package_identification:_identify(src/microROS_bot/lib) by extension 'cmake'
[0.210s] Level 1:colcon.colcon_core.package_identification:_identify(src/microROS_bot/lib) by extension 'python'
[0.210s] Level 1:colcon.colcon_core.package_identification:_identify(src/microROS_bot/lib) by extensions ['python_setup_py']
[0.210s] Level 1:colcon.colcon_core.package_identification:_identify(src/microROS_bot/lib) by extension 'python_setup_py'
[0.210s] Level 1:colcon.colcon_core.package_identification:_identify(src/microROS_bot/src) by extensions ['ignore', 'ignore_ament_install']
[0.210s] Level 1:colcon.colcon_core.package_identification:_identify(src/microROS_bot/src) by extension 'ignore'
[0.210s] Level 1:colcon.colcon_core.package_identification:_identify(src/microROS_bot/src) by extension 'ignore_ament_install'
[0.210s] Level 1:colcon.colcon_core.package_identification:_identify(src/microROS_bot/src) by extensions ['colcon_pkg']
[0.210s] Level 1:colcon.colcon_core.package_identification:_identify(src/microROS_bot/src) by extension 'colcon_pkg'
[0.210s] Level 1:colcon.colcon_core.package_identification:_identify(src/microROS_bot/src) by extensions ['colcon_meta']
[0.210s] Level 1:colcon.colcon_core.package_identification:_identify(src/microROS_bot/src) by extension 'colcon_meta'
[0.210s] Level 1:colcon.colcon_core.package_identification:_identify(src/microROS_bot/src) by extensions ['ros']
[0.210s] Level 1:colcon.colcon_core.package_identification:_identify(src/microROS_bot/src) by extension 'ros'
[0.210s] Level 1:colcon.colcon_core.package_identification:_identify(src/microROS_bot/src) by extensions ['cmake', 'python']
[0.211s] Level 1:colcon.colcon_core.package_identification:_identify(src/microROS_bot/src) by extension 'cmake'
[0.211s] Level 1:colcon.colcon_core.package_identification:_identify(src/microROS_bot/src) by extension 'python'
[0.211s] Level 1:colcon.colcon_core.package_identification:_identify(src/microROS_bot/src) by extensions ['python_setup_py']
[0.211s] Level 1:colcon.colcon_core.package_identification:_identify(src/microROS_bot/src) by extension 'python_setup_py'
[0.211s] Level 1:colcon.colcon_core.package_identification:_identify(src/microROS_bot/test) by extensions ['ignore', 'ignore_ament_install']
[0.211s] Level 1:colcon.colcon_core.package_identification:_identify(src/microROS_bot/test) by extension 'ignore'
[0.211s] Level 1:colcon.colcon_core.package_identification:_identify(src/microROS_bot/test) by extension 'ignore_ament_install'
[0.211s] Level 1:colcon.colcon_core.package_identification:_identify(src/microROS_bot/test) by extensions ['colcon_pkg']
[0.211s] Level 1:colcon.colcon_core.package_identification:_identify(src/microROS_bot/test) by extension 'colcon_pkg'
[0.211s] Level 1:colcon.colcon_core.package_identification:_identify(src/microROS_bot/test) by extensions ['colcon_meta']
[0.211s] Level 1:colcon.colcon_core.package_identification:_identify(src/microROS_bot/test) by extension 'colcon_meta'
[0.211s] Level 1:colcon.colcon_core.package_identification:_identify(src/microROS_bot/test) by extensions ['ros']
[0.211s] Level 1:colcon.colcon_core.package_identification:_identify(src/microROS_bot/test) by extension 'ros'
[0.211s] Level 1:colcon.colcon_core.package_identification:_identify(src/microROS_bot/test) by extensions ['cmake', 'python']
[0.211s] Level 1:colcon.colcon_core.package_identification:_identify(src/microROS_bot/test) by extension 'cmake'
[0.211s] Level 1:colcon.colcon_core.package_identification:_identify(src/microROS_bot/test) by extension 'python'
[0.211s] Level 1:colcon.colcon_core.package_identification:_identify(src/microROS_bot/test) by extensions ['python_setup_py']
[0.211s] Level 1:colcon.colcon_core.package_identification:_identify(src/microROS_bot/test) by extension 'python_setup_py'
[0.211s] Level 1:colcon.colcon_core.package_identification:_identify(src/my_py_pkg) by extensions ['ignore', 'ignore_ament_install']
[0.211s] Level 1:colcon.colcon_core.package_identification:_identify(src/my_py_pkg) by extension 'ignore'
[0.211s] Level 1:colcon.colcon_core.package_identification:_identify(src/my_py_pkg) by extension 'ignore_ament_install'
[0.211s] Level 1:colcon.colcon_core.package_identification:_identify(src/my_py_pkg) by extensions ['colcon_pkg']
[0.211s] Level 1:colcon.colcon_core.package_identification:_identify(src/my_py_pkg) by extension 'colcon_pkg'
[0.211s] Level 1:colcon.colcon_core.package_identification:_identify(src/my_py_pkg) by extensions ['colcon_meta']
[0.211s] Level 1:colcon.colcon_core.package_identification:_identify(src/my_py_pkg) by extension 'colcon_meta'
[0.211s] Level 1:colcon.colcon_core.package_identification:_identify(src/my_py_pkg) by extensions ['ros']
[0.211s] Level 1:colcon.colcon_core.package_identification:_identify(src/my_py_pkg) by extension 'ros'
[0.212s] DEBUG:colcon.colcon_core.package_identification:Package 'src/my_py_pkg' with type 'ros.ament_python' and name 'my_py_pkg'
[0.212s] Level 1:colcon.colcon_core.package_identification:_identify(src/my_robot_bringup) by extensions ['ignore', 'ignore_ament_install']
[0.212s] Level 1:colcon.colcon_core.package_identification:_identify(src/my_robot_bringup) by extension 'ignore'
[0.212s] Level 1:colcon.colcon_core.package_identification:_identify(src/my_robot_bringup) by extension 'ignore_ament_install'
[0.212s] Level 1:colcon.colcon_core.package_identification:_identify(src/my_robot_bringup) by extensions ['colcon_pkg']
[0.212s] Level 1:colcon.colcon_core.package_identification:_identify(src/my_robot_bringup) by extension 'colcon_pkg'
[0.212s] Level 1:colcon.colcon_core.package_identification:_identify(src/my_robot_bringup) by extensions ['colcon_meta']
[0.212s] Level 1:colcon.colcon_core.package_identification:_identify(src/my_robot_bringup) by extension 'colcon_meta'
[0.212s] Level 1:colcon.colcon_core.package_identification:_identify(src/my_robot_bringup) by extensions ['ros']
[0.212s] Level 1:colcon.colcon_core.package_identification:_identify(src/my_robot_bringup) by extension 'ros'
[0.212s] DEBUG:colcon.colcon_core.package_identification:Package 'src/my_robot_bringup' with type 'ros.ament_cmake' and name 'my_robot_bringup'
[0.212s] Level 1:colcon.colcon_core.package_identification:_identify(src/my_robot_description) by extensions ['ignore', 'ignore_ament_install']
[0.212s] Level 1:colcon.colcon_core.package_identification:_identify(src/my_robot_description) by extension 'ignore'
[0.212s] Level 1:colcon.colcon_core.package_identification:_identify(src/my_robot_description) by extension 'ignore_ament_install'
[0.212s] Level 1:colcon.colcon_core.package_identification:_identify(src/my_robot_description) by extensions ['colcon_pkg']
[0.212s] Level 1:colcon.colcon_core.package_identification:_identify(src/my_robot_description) by extension 'colcon_pkg'
[0.212s] Level 1:colcon.colcon_core.package_identification:_identify(src/my_robot_description) by extensions ['colcon_meta']
[0.212s] Level 1:colcon.colcon_core.package_identification:_identify(src/my_robot_description) by extension 'colcon_meta'
[0.213s] Level 1:colcon.colcon_core.package_identification:_identify(src/my_robot_description) by extensions ['ros']
[0.213s] Level 1:colcon.colcon_core.package_identification:_identify(src/my_robot_description) by extension 'ros'
[0.213s] DEBUG:colcon.colcon_core.package_identification:Package 'src/my_robot_description' with type 'ros.ament_cmake' and name 'my_robot_description'
[0.213s] Level 1:colcon.colcon_core.package_identification:_identify(src/my_robot_interfaces) by extensions ['ignore', 'ignore_ament_install']
[0.213s] Level 1:colcon.colcon_core.package_identification:_identify(src/my_robot_interfaces) by extension 'ignore'
[0.213s] Level 1:colcon.colcon_core.package_identification:_identify(src/my_robot_interfaces) by extension 'ignore_ament_install'
[0.213s] Level 1:colcon.colcon_core.package_identification:_identify(src/my_robot_interfaces) by extensions ['colcon_pkg']
[0.213s] Level 1:colcon.colcon_core.package_identification:_identify(src/my_robot_interfaces) by extension 'colcon_pkg'
[0.213s] Level 1:colcon.colcon_core.package_identification:_identify(src/my_robot_interfaces) by extensions ['colcon_meta']
[0.213s] Level 1:colcon.colcon_core.package_identification:_identify(src/my_robot_interfaces) by extension 'colcon_meta'
[0.213s] Level 1:colcon.colcon_core.package_identification:_identify(src/my_robot_interfaces) by extensions ['ros']
[0.213s] Level 1:colcon.colcon_core.package_identification:_identify(src/my_robot_interfaces) by extension 'ros'
[0.213s] DEBUG:colcon.colcon_core.package_identification:Package 'src/my_robot_interfaces' with type 'ros.ament_cmake' and name 'my_robot_interfaces'
[0.213s] Level 1:colcon.colcon_core.package_identification:_identify(src/turtlesim_catch_them_all) by extensions ['ignore', 'ignore_ament_install']
[0.213s] Level 1:colcon.colcon_core.package_identification:_identify(src/turtlesim_catch_them_all) by extension 'ignore'
[0.213s] Level 1:colcon.colcon_core.package_identification:_identify(src/turtlesim_catch_them_all) by extension 'ignore_ament_install'
[0.214s] Level 1:colcon.colcon_core.package_identification:_identify(src/turtlesim_catch_them_all) by extensions ['colcon_pkg']
[0.214s] Level 1:colcon.colcon_core.package_identification:_identify(src/turtlesim_catch_them_all) by extension 'colcon_pkg'
[0.214s] Level 1:colcon.colcon_core.package_identification:_identify(src/turtlesim_catch_them_all) by extensions ['colcon_meta']
[0.214s] Level 1:colcon.colcon_core.package_identification:_identify(src/turtlesim_catch_them_all) by extension 'colcon_meta'
[0.214s] Level 1:colcon.colcon_core.package_identification:_identify(src/turtlesim_catch_them_all) by extensions ['ros']
[0.214s] Level 1:colcon.colcon_core.package_identification:_identify(src/turtlesim_catch_them_all) by extension 'ros'
[0.214s] DEBUG:colcon.colcon_core.package_identification:Package 'src/turtlesim_catch_them_all' with type 'ros.ament_python' and name 'turtlesim_catch_them_all'
[0.214s] Level 1:colcon.colcon_core.package_discovery:discover_packages(recursive) using defaults
[0.214s] Level 1:colcon.colcon_core.package_discovery:discover_packages(ignore) discover
[0.214s] Level 1:colcon.colcon_core.package_discovery:discover_packages(ignore) using defaults
[0.214s] Level 1:colcon.colcon_core.package_discovery:discover_packages(path) discover
[0.214s] Level 1:colcon.colcon_core.package_discovery:discover_packages(path) using defaults
[0.227s] INFO:colcon.colcon_core.package_selection:Skipping not selected package 'example_interfaces' in 'example_interfaces'
[0.227s] INFO:colcon.colcon_core.package_selection:Skipping not selected package 'my_robot_description' in 'src/my_robot_description'
[0.227s] INFO:colcon.colcon_core.package_selection:Skipping not selected package 'my_robot_interfaces' in 'src/my_robot_interfaces'
[0.227s] INFO:colcon.colcon_core.package_selection:Skipping not selected package 'action_py' in 'src/action_py'
[0.227s] INFO:colcon.colcon_core.package_selection:Skipping not selected package 'lifecycle_py' in 'src/lifecycle_py'
[0.227s] INFO:colcon.colcon_core.package_selection:Skipping not selected package 'my_py_pkg' in 'src/my_py_pkg'
[0.227s] INFO:colcon.colcon_core.package_selection:Skipping not selected package 'turtlesim_catch_them_all' in 'src/turtlesim_catch_them_all'
[0.228s] Level 1:colcon.colcon_core.package_discovery:discover_packages(prefix_path) check parameters
[0.228s] Level 1:colcon.colcon_core.package_discovery:discover_packages(prefix_path) discover
[0.229s] DEBUG:colcon.colcon_installed_package_information.package_discovery:Found 2 installed packages in /home/sambhav/my_swarm/install
[0.229s] DEBUG:colcon.colcon_installed_package_information.package_discovery:Found 8 installed packages in /home/sambhav/ros2_ws/install
[0.230s] DEBUG:colcon.colcon_installed_package_information.package_discovery:Found 294 installed packages in /opt/ros/humble
[0.231s] Level 1:colcon.colcon_core.package_discovery:discover_packages(prefix_path) using defaults
[0.254s] Level 5:colcon.colcon_core.verb:set package 'my_robot_bringup' build argument 'cmake_args' from command line to 'None'
[0.254s] Level 5:colcon.colcon_core.verb:set package 'my_robot_bringup' build argument 'cmake_target' from command line to 'None'
[0.254s] Level 5:colcon.colcon_core.verb:set package 'my_robot_bringup' build argument 'cmake_target_skip_unavailable' from command line to 'False'
[0.254s] Level 5:colcon.colcon_core.verb:set package 'my_robot_bringup' build argument 'cmake_clean_cache' from command line to 'False'
[0.254s] Level 5:colcon.colcon_core.verb:set package 'my_robot_bringup' build argument 'cmake_clean_first' from command line to 'False'
[0.254s] Level 5:colcon.colcon_core.verb:set package 'my_robot_bringup' build argument 'cmake_force_configure' from command line to 'False'
[0.254s] Level 5:colcon.colcon_core.verb:set package 'my_robot_bringup' build argument 'ament_cmake_args' from command line to 'None'
[0.254s] Level 5:colcon.colcon_core.verb:set package 'my_robot_bringup' build argument 'catkin_cmake_args' from command line to 'None'
[0.254s] Level 5:colcon.colcon_core.verb:set package 'my_robot_bringup' build argument 'catkin_skip_building_tests' from command line to 'False'
[0.254s] DEBUG:colcon.colcon_core.verb:Building package 'my_robot_bringup' with the following arguments: {'ament_cmake_args': None, 'build_base': '/home/sambhav/ros2_ws/build/my_robot_bringup', 'catkin_cmake_args': None, 'catkin_skip_building_tests': False, 'cmake_args': None, 'cmake_clean_cache': False, 'cmake_clean_first': False, 'cmake_force_configure': False, 'cmake_target': None, 'cmake_target_skip_unavailable': False, 'install_base': '/home/sambhav/ros2_ws/install/my_robot_bringup', 'merge_install': False, 'path': '/home/sambhav/ros2_ws/src/my_robot_bringup', 'symlink_install': False, 'test_result_base': None}
[0.255s] INFO:colcon.colcon_core.executor:Executing jobs using 'parallel' executor
[0.255s] DEBUG:colcon.colcon_parallel_executor.executor.parallel:run_until_complete
[0.256s] INFO:colcon.colcon_ros.task.ament_cmake.build:Building ROS package in '/home/sambhav/ros2_ws/src/my_robot_bringup' with build type 'ament_cmake'
[0.256s] INFO:colcon.colcon_cmake.task.cmake.build:Building CMake package in '/home/sambhav/ros2_ws/src/my_robot_bringup'
[0.257s] INFO:colcon.colcon_core.plugin_system:Skipping extension 'colcon_core.shell.bat': Not used on non-Windows systems
[0.257s] INFO:colcon.colcon_core.shell:Skip shell extension 'powershell' for command environment: Not usable outside of PowerShell
[0.257s] DEBUG:colcon.colcon_core.shell:Skip shell extension 'dsv' for command environment
[0.283s] DEBUG:colcon.colcon_core.event_handler.log_command:Invoking command in '/home/sambhav/ros2_ws/build/my_robot_bringup': AMENT_PREFIX_PATH=/home/sambhav/ros2_ws/install/my_py_pkg:/home/sambhav/ros2_ws/install/turtlesim_catch_them_all:/home/sambhav/ros2_ws/install/my_robot_bringup:/home/sambhav/ros2_ws/install/action_py:/home/sambhav/ros2_ws/install/my_robot_interfaces:/home/sambhav/ros2_ws/install/my_robot_description:/home/sambhav/ros2_ws/install/lifecycle_py:/home/sambhav/ros2_ws/install/example_interfaces:/home/sambhav/my_swarm/install/swarm_description:/home/sambhav/my_swarm/install/bot1_controller:/opt/ros/humble CMAKE_PREFIX_PATH=/home/sambhav/ros2_ws/install/my_robot_interfaces:/home/sambhav/ros2_ws/install/my_robot_description:/home/sambhav/ros2_ws/install/example_interfaces:/home/sambhav/ros2_ws/install/my_robot_bringup:/home/sambhav/my_swarm/install/swarm_description:/home/sambhav/ros2_ws/install/turtlesim_catch_them_all:/home/sambhav/ros2_ws/install/my_py_pkg:/home/sambhav/ros2_ws/install/action_py:/home/sambhav/ros2_ws/install/lifecycle_py:/home/sambhav/my_swarm/install/bot1_controller:/opt/ros/humble LD_LIBRARY_PATH=/home/sambhav/ros2_ws/install/my_robot_interfaces/lib:/home/sambhav/ros2_ws/install/example_interfaces/lib:/usr/lib/x86_64-linux-gnu/gazebo-11/plugins:/opt/ros/humble/opt/rviz_ogre_vendor/lib:/opt/ros/humble/lib/x86_64-linux-gnu:/opt/ros/humble/lib:/usr/share/gazebo-11/../../lib/x86_64-linux-gnu/gazebo-11/plugins:/usr/share/gazebo-11/../../lib/x86_64-linux-gnu/gazebo-11/plugins:/usr/share/gazebo-11/../../lib/x86_64-linux-gnu/gazebo-11/plugins PYTHONPATH=/home/sambhav/ros2_ws/install/my_py_pkg/lib/python3.10/site-packages:/home/sambhav/ros2_ws/install/turtlesim_catch_them_all/lib/python3.10/site-packages:/home/sambhav/ros2_ws/install/action_py/lib/python3.10/site-packages:/home/sambhav/ros2_ws/install/my_robot_interfaces/local/lib/python3.10/dist-packages:/home/sambhav/ros2_ws/install/lifecycle_py/lib/python3.10/site-packages:/home/sambhav/ros2_ws/install/example_interfaces/local/lib/python3.10/dist-packages:/home/sambhav/my_swarm/install/bot1_controller/lib/python3.10/site-packages:/opt/ros/humble/lib/python3.10/site-packages:/opt/ros/humble/local/lib/python3.10/dist-packages /usr/bin/cmake --build /home/sambhav/ros2_ws/build/my_robot_bringup -- -j8 -l8
[0.331s] DEBUG:colcon.colcon_core.event_handler.log_command:Invoked command in '/home/sambhav/ros2_ws/build/my_robot_bringup' returned '0': AMENT_PREFIX_PATH=/home/sambhav/ros2_ws/install/my_py_pkg:/home/sambhav/ros2_ws/install/turtlesim_catch_them_all:/home/sambhav/ros2_ws/install/my_robot_bringup:/home/sambhav/ros2_ws/install/action_py:/home/sambhav/ros2_ws/install/my_robot_interfaces:/home/sambhav/ros2_ws/install/my_robot_description:/home/sambhav/ros2_ws/install/lifecycle_py:/home/sambhav/ros2_ws/install/example_interfaces:/home/sambhav/my_swarm/install/swarm_description:/home/sambhav/my_swarm/install/bot1_controller:/opt/ros/humble CMAKE_PREFIX_PATH=/home/sambhav/ros2_ws/install/my_robot_interfaces:/home/sambhav/ros2_ws/install/my_robot_description:/home/sambhav/ros2_ws/install/example_interfaces:/home/sambhav/ros2_ws/install/my_robot_bringup:/home/sambhav/my_swarm/install/swarm_description:/home/sambhav/ros2_ws/install/turtlesim_catch_them_all:/home/sambhav/ros2_ws/install/my_py_pkg:/home/sambhav/ros2_ws/install/action_py:/home/sambhav/ros2_ws/install/lifecycle_py:/home/sambhav/my_swarm/install/bot1_controller:/opt/ros/humble LD_LIBRARY_PATH=/home/sambhav/ros2_ws/install/my_robot_interfaces/lib:/home/sambhav/ros2_ws/install/example_interfaces/lib:/usr/lib/x86_64-linux-gnu/gazebo-11/plugins:/opt/ros/humble/opt/rviz_ogre_vendor/lib:/opt/ros/humble/lib/x86_64-linux-gnu:/opt/ros/humble/lib:/usr/share/gazebo-11/../../lib/x86_64-linux-gnu/gazebo-11/plugins:/usr/share/gazebo-11/../../lib/x86_64-linux-gnu/gazebo-11/plugins:/usr/share/gazebo-11/../../lib/x86_64-linux-gnu/gazebo-11/plugins PYTHONPATH=/home/sambhav/ros2_ws/install/my_py_pkg/lib/python3.10/site-packages:/home/sambhav/ros2_ws/install/turtlesim_catch_them_all/lib/python3.10/site-packages:/home/sambhav/ros2_ws/install/action_py/lib/python3.10/site-packages:/home/sambhav/ros2_ws/install/my_robot_interfaces/local/lib/python3.10/dist-packages:/home/sambhav/ros2_ws/install/lifecycle_py/lib/python3.10/site-packages:/home/sambhav/ros2_ws/install/example_interfaces/local/lib/python3.10/dist-packages:/home/sambhav/my_swarm/install/bot1_controller/lib/python3.10/site-packages:/opt/ros/humble/lib/python3.10/site-packages:/opt/ros/humble/local/lib/python3.10/dist-packages /usr/bin/cmake --build /home/sambhav/ros2_ws/build/my_robot_bringup -- -j8 -l8
[0.357s] DEBUG:colcon.colcon_core.event_handler.log_command:Invoking command in '/home/sambhav/ros2_ws/build/my_robot_bringup': AMENT_PREFIX_PATH=/home/sambhav/ros2_ws/install/my_py_pkg:/home/sambhav/ros2_ws/install/turtlesim_catch_them_all:/home/sambhav/ros2_ws/install/my_robot_bringup:/home/sambhav/ros2_ws/install/action_py:/home/sambhav/ros2_ws/install/my_robot_interfaces:/home/sambhav/ros2_ws/install/my_robot_description:/home/sambhav/ros2_ws/install/lifecycle_py:/home/sambhav/ros2_ws/install/example_interfaces:/home/sambhav/my_swarm/install/swarm_description:/home/sambhav/my_swarm/install/bot1_controller:/opt/ros/humble CMAKE_PREFIX_PATH=/home/sambhav/ros2_ws/install/my_robot_interfaces:/home/sambhav/ros2_ws/install/my_robot_description:/home/sambhav/ros2_ws/install/example_interfaces:/home/sambhav/ros2_ws/install/my_robot_bringup:/home/sambhav/my_swarm/install/swarm_description:/home/sambhav/ros2_ws/install/turtlesim_catch_them_all:/home/sambhav/ros2_ws/install/my_py_pkg:/home/sambhav/ros2_ws/install/action_py:/home/sambhav/ros2_ws/install/lifecycle_py:/home/sambhav/my_swarm/install/bot1_controller:/opt/ros/humble LD_LIBRARY_PATH=/home/sambhav/ros2_ws/install/my_robot_interfaces/lib:/home/sambhav/ros2_ws/install/example_interfaces/lib:/usr/lib/x86_64-linux-gnu/gazebo-11/plugins:/opt/ros/humble/opt/rviz_ogre_vendor/lib:/opt/ros/humble/lib/x86_64-linux-gnu:/opt/ros/humble/lib:/usr/share/gazebo-11/../../lib/x86_64-linux-gnu/gazebo-11/plugins:/usr/share/gazebo-11/../../lib/x86_64-linux-gnu/gazebo-11/plugins:/usr/share/gazebo-11/../../lib/x86_64-linux-gnu/gazebo-11/plugins PYTHONPATH=/home/sambhav/ros2_ws/install/my_py_pkg/lib/python3.10/site-packages:/home/sambhav/ros2_ws/install/turtlesim_catch_them_all/lib/python3.10/site-packages:/home/sambhav/ros2_ws/install/action_py/lib/python3.10/site-packages:/home/sambhav/ros2_ws/install/my_robot_interfaces/local/lib/python3.10/dist-packages:/home/sambhav/ros2_ws/install/lifecycle_py/lib/python3.10/site-packages:/home/sambhav/ros2_ws/install/example_interfaces/local/lib/python3.10/dist-packages:/home/sambhav/my_swarm/install/bot1_controller/lib/python3.10/site-packages:/opt/ros/humble/lib/python3.10/site-packages:/opt/ros/humble/local/lib/python3.10/dist-packages /usr/bin/cmake --install /home/sambhav/ros2_ws/build/my_robot_bringup
[0.380s] Level 1:colcon.colcon_core.environment:create_environment_scripts_only(my_robot_bringup)
[0.380s] DEBUG:colcon.colcon_core.event_handler.log_command:Invoked command in '/home/sambhav/ros2_ws/build/my_robot_bringup' returned '0': AMENT_PREFIX_PATH=/home/sambhav/ros2_ws/install/my_py_pkg:/home/sambhav/ros2_ws/install/turtlesim_catch_them_all:/home/sambhav/ros2_ws/install/my_robot_bringup:/home/sambhav/ros2_ws/install/action_py:/home/sambhav/ros2_ws/install/my_robot_interfaces:/home/sambhav/ros2_ws/install/my_robot_description:/home/sambhav/ros2_ws/install/lifecycle_py:/home/sambhav/ros2_ws/install/example_interfaces:/home/sambhav/my_swarm/install/swarm_description:/home/sambhav/my_swarm/install/bot1_controller:/opt/ros/humble CMAKE_PREFIX_PATH=/home/sambhav/ros2_ws/install/my_robot_interfaces:/home/sambhav/ros2_ws/install/my_robot_description:/home/sambhav/ros2_ws/install/example_interfaces:/home/sambhav/ros2_ws/install/my_robot_bringup:/home/sambhav/my_swarm/install/swarm_description:/home/sambhav/ros2_ws/install/turtlesim_catch_them_all:/home/sambhav/ros2_ws/install/my_py_pkg:/home/sambhav/ros2_ws/install/action_py:/home/sambhav/ros2_ws/install/lifecycle_py:/home/sambhav/my_swarm/install/bot1_controller:/opt/ros/humble LD_LIBRARY_PATH=/home/sambhav/ros2_ws/install/my_robot_interfaces/lib:/home/sambhav/ros2_ws/install/example_interfaces/lib:/usr/lib/x86_64-linux-gnu/gazebo-11/plugins:/opt/ros/humble/opt/rviz_ogre_vendor/lib:/opt/ros/humble/lib/x86_64-linux-gnu:/opt/ros/humble/lib:/usr/share/gazebo-11/../../lib/x86_64-linux-gnu/gazebo-11/plugins:/usr/share/gazebo-11/../../lib/x86_64-linux-gnu/gazebo-11/plugins:/usr/share/gazebo-11/../../lib/x86_64-linux-gnu/gazebo-11/plugins PYTHONPATH=/home/sambhav/ros2_ws/install/my_py_pkg/lib/python3.10/site-packages:/home/sambhav/ros2_ws/install/turtlesim_catch_them_all/lib/python3.10/site-packages:/home/sambhav/ros2_ws/install/action_py/lib/python3.10/site-packages:/home/sambhav/ros2_ws/install/my_robot_interfaces/local/lib/python3.10/dist-packages:/home/sambhav/ros2_ws/install/lifecycle_py/lib/python3.10/site-packages:/home/sambhav/ros2_ws/install/example_interfaces/local/lib/python3.10/dist-packages:/home/sambhav/my_swarm/install/bot1_controller/lib/python3.10/site-packages:/opt/ros/humble/lib/python3.10/site-packages:/opt/ros/humble/local/lib/python3.10/dist-packages /usr/bin/cmake --install /home/sambhav/ros2_ws/build/my_robot_bringup
[0.382s] Level 1:colcon.colcon_core.environment:checking '/home/sambhav/ros2_ws/install/my_robot_bringup' for CMake module files
[0.382s] Level 1:colcon.colcon_core.environment:checking '/home/sambhav/ros2_ws/install/my_robot_bringup' for CMake config files
[0.382s] Level 1:colcon.colcon_core.shell:create_environment_hook('my_robot_bringup', 'cmake_prefix_path')
[0.382s] INFO:colcon.colcon_core.shell:Creating environment hook '/home/sambhav/ros2_ws/install/my_robot_bringup/share/my_robot_bringup/hook/cmake_prefix_path.ps1'
[0.383s] INFO:colcon.colcon_core.shell:Creating environment descriptor '/home/sambhav/ros2_ws/install/my_robot_bringup/share/my_robot_bringup/hook/cmake_prefix_path.dsv'
[0.383s] INFO:colcon.colcon_core.shell:Creating environment hook '/home/sambhav/ros2_ws/install/my_robot_bringup/share/my_robot_bringup/hook/cmake_prefix_path.sh'
[0.384s] Level 1:colcon.colcon_core.environment:checking '/home/sambhav/ros2_ws/install/my_robot_bringup/bin'
[0.384s] Level 1:colcon.colcon_core.environment:checking '/home/sambhav/ros2_ws/install/my_robot_bringup/lib/pkgconfig/my_robot_bringup.pc'
[0.384s] Level 1:colcon.colcon_core.environment:checking '/home/sambhav/ros2_ws/install/my_robot_bringup/lib/python3.10/site-packages'
[0.384s] Level 1:colcon.colcon_core.environment:checking '/home/sambhav/ros2_ws/install/my_robot_bringup/bin'
[0.384s] INFO:colcon.colcon_core.shell:Creating package script '/home/sambhav/ros2_ws/install/my_robot_bringup/share/my_robot_bringup/package.ps1'
[0.385s] INFO:colcon.colcon_core.shell:Creating package descriptor '/home/sambhav/ros2_ws/install/my_robot_bringup/share/my_robot_bringup/package.dsv'
[0.385s] INFO:colcon.colcon_core.shell:Creating package script '/home/sambhav/ros2_ws/install/my_robot_bringup/share/my_robot_bringup/package.sh'
[0.385s] INFO:colcon.colcon_core.shell:Creating package script '/home/sambhav/ros2_ws/install/my_robot_bringup/share/my_robot_bringup/package.bash'
[0.386s] INFO:colcon.colcon_core.shell:Creating package script '/home/sambhav/ros2_ws/install/my_robot_bringup/share/my_robot_bringup/package.zsh'
[0.386s] Level 1:colcon.colcon_core.environment:create_file_with_runtime_dependencies(/home/sambhav/ros2_ws/install/my_robot_bringup/share/colcon-core/packages/my_robot_bringup)
[0.402s] Level 1:colcon.colcon_core.environment:create_environment_scripts_only(my_robot_bringup)
[0.403s] Level 1:colcon.colcon_core.environment:checking '/home/sambhav/ros2_ws/install/my_robot_bringup' for CMake module files
[0.403s] Level 1:colcon.colcon_core.environment:checking '/home/sambhav/ros2_ws/install/my_robot_bringup' for CMake config files
[0.403s] Level 1:colcon.colcon_core.shell:create_environment_hook('my_robot_bringup', 'cmake_prefix_path')
[0.403s] INFO:colcon.colcon_core.shell:Creating environment hook '/home/sambhav/ros2_ws/install/my_robot_bringup/share/my_robot_bringup/hook/cmake_prefix_path.ps1'
[0.403s] INFO:colcon.colcon_core.shell:Creating environment descriptor '/home/sambhav/ros2_ws/install/my_robot_bringup/share/my_robot_bringup/hook/cmake_prefix_path.dsv'
[0.404s] INFO:colcon.colcon_core.shell:Creating environment hook '/home/sambhav/ros2_ws/install/my_robot_bringup/share/my_robot_bringup/hook/cmake_prefix_path.sh'
[0.404s] Level 1:colcon.colcon_core.environment:checking '/home/sambhav/ros2_ws/install/my_robot_bringup/bin'
[0.404s] Level 1:colcon.colcon_core.environment:checking '/home/sambhav/ros2_ws/install/my_robot_bringup/lib/pkgconfig/my_robot_bringup.pc'
[0.404s] Level 1:colcon.colcon_core.environment:checking '/home/sambhav/ros2_ws/install/my_robot_bringup/lib/python3.10/site-packages'
[0.404s] Level 1:colcon.colcon_core.environment:checking '/home/sambhav/ros2_ws/install/my_robot_bringup/bin'
[0.404s] INFO:colcon.colcon_core.shell:Creating package script '/home/sambhav/ros2_ws/install/my_robot_bringup/share/my_robot_bringup/package.ps1'
[0.405s] INFO:colcon.colcon_core.shell:Creating package descriptor '/home/sambhav/ros2_ws/install/my_robot_bringup/share/my_robot_bringup/package.dsv'
[0.405s] INFO:colcon.colcon_core.shell:Creating package script '/home/sambhav/ros2_ws/install/my_robot_bringup/share/my_robot_bringup/package.sh'
[0.405s] INFO:colcon.colcon_core.shell:Creating package script '/home/sambhav/ros2_ws/install/my_robot_bringup/share/my_robot_bringup/package.bash'
[0.405s] INFO:colcon.colcon_core.shell:Creating package script '/home/sambhav/ros2_ws/install/my_robot_bringup/share/my_robot_bringup/package.zsh'
[0.406s] Level 1:colcon.colcon_core.environment:create_file_with_runtime_dependencies(/home/sambhav/ros2_ws/install/my_robot_bringup/share/colcon-core/packages/my_robot_bringup)
[0.406s] DEBUG:colcon.colcon_parallel_executor.executor.parallel:closing loop
[0.406s] DEBUG:colcon.colcon_parallel_executor.executor.parallel:loop closed
[0.406s] DEBUG:colcon.colcon_parallel_executor.executor.parallel:run_until_complete finished with '0'
[0.406s] DEBUG:colcon.colcon_core.event_reactor:joining thread
[0.410s] INFO:colcon.colcon_core.plugin_system:Skipping extension 'colcon_notification.desktop_notification.terminal_notifier': Not used on non-Darwin systems
[0.410s] INFO:colcon.colcon_core.plugin_system:Skipping extension 'colcon_notification.desktop_notification.win32': Not used on non-Windows systems
[0.410s] INFO:colcon.colcon_notification.desktop_notification:Sending desktop notification using 'notify2'
[0.418s] DEBUG:colcon.colcon_core.event_reactor:joined thread
[0.418s] INFO:colcon.colcon_core.shell:Creating prefix script '/home/sambhav/ros2_ws/install/local_setup.ps1'
[0.419s] INFO:colcon.colcon_core.shell:Creating prefix util module '/home/sambhav/ros2_ws/install/_local_setup_util_ps1.py'
[0.420s] INFO:colcon.colcon_core.shell:Creating prefix chain script '/home/sambhav/ros2_ws/install/setup.ps1'
[0.421s] INFO:colcon.colcon_core.shell:Creating prefix script '/home/sambhav/ros2_ws/install/local_setup.sh'
[0.421s] INFO:colcon.colcon_core.shell:Creating prefix util module '/home/sambhav/ros2_ws/install/_local_setup_util_sh.py'
[0.421s] INFO:colcon.colcon_core.shell:Creating prefix chain script '/home/sambhav/ros2_ws/install/setup.sh'
[0.422s] INFO:colcon.colcon_core.shell:Creating prefix script '/home/sambhav/ros2_ws/install/local_setup.bash'
[0.423s] INFO:colcon.colcon_core.shell:Creating prefix chain script '/home/sambhav/ros2_ws/install/setup.bash'
[0.423s] INFO:colcon.colcon_core.shell:Creating prefix script '/home/sambhav/ros2_ws/install/local_setup.zsh'
[0.424s] INFO:colcon.colcon_core.shell:Creating prefix chain script '/home/sambhav/ros2_ws/install/setup.zsh'
