[0.007s] Invoking command in '/home/sambhav/ros2_ws/build/my_robot_description': CMAKE_PREFIX_PATH=${CMAKE_PREFIX_PATH}:/home/sambhav/ros2_ws/install/turtlesim_catch_them_all:/home/sambhav/ros2_ws/install/my_py_pkg:/home/sambhav/my_swarm/install/bot1_controller:/opt/ros/humble /usr/bin/cmake /home/sambhav/ros2_ws/src/my_robot_description -DAMENT_CMAKE_SYMLINK_INSTALL=1 -DCMAKE_INSTALL_PREFIX=/home/sambhav/ros2_ws/install/my_robot_description
[0.025s] -- Found ament_cmake: 1.3.8 (/opt/ros/humble/share/ament_cmake/cmake)
[0.132s] -- Found Python3: /usr/bin/python3 (found version "3.10.12") found components: Interpreter 
[0.176s] -- Override CMake install command with custom implementation using symlinks instead of copying resources
[0.292s] -- Configuring done
[0.297s] -- Generating done
[0.298s] -- Build files have been written to: /home/sambhav/ros2_ws/build/my_robot_description
[0.302s] Invoked command in '/home/sambhav/ros2_ws/build/my_robot_description' returned '0': CMAKE_PREFIX_PATH=${CMAKE_PREFIX_PATH}:/home/sambhav/ros2_ws/install/turtlesim_catch_them_all:/home/sambhav/ros2_ws/install/my_py_pkg:/home/sambhav/my_swarm/install/bot1_controller:/opt/ros/humble /usr/bin/cmake /home/sambhav/ros2_ws/src/my_robot_description -DAMENT_CMAKE_SYMLINK_INSTALL=1 -DCMAKE_INSTALL_PREFIX=/home/sambhav/ros2_ws/install/my_robot_description
[0.303s] Invoking command in '/home/sambhav/ros2_ws/build/my_robot_description': CMAKE_PREFIX_PATH=${CMAKE_PREFIX_PATH}:/home/sambhav/ros2_ws/install/turtlesim_catch_them_all:/home/sambhav/ros2_ws/install/my_py_pkg:/home/sambhav/my_swarm/install/bot1_controller:/opt/ros/humble /usr/bin/cmake --build /home/sambhav/ros2_ws/build/my_robot_description -- -j8 -l8
[0.334s] Invoked command in '/home/sambhav/ros2_ws/build/my_robot_description' returned '0': CMAKE_PREFIX_PATH=${CMAKE_PREFIX_PATH}:/home/sambhav/ros2_ws/install/turtlesim_catch_them_all:/home/sambhav/ros2_ws/install/my_py_pkg:/home/sambhav/my_swarm/install/bot1_controller:/opt/ros/humble /usr/bin/cmake --build /home/sambhav/ros2_ws/build/my_robot_description -- -j8 -l8
[0.357s] Invoking command in '/home/sambhav/ros2_ws/build/my_robot_description': CMAKE_PREFIX_PATH=${CMAKE_PREFIX_PATH}:/home/sambhav/ros2_ws/install/turtlesim_catch_them_all:/home/sambhav/ros2_ws/install/my_py_pkg:/home/sambhav/my_swarm/install/bot1_controller:/opt/ros/humble /usr/bin/cmake --install /home/sambhav/ros2_ws/build/my_robot_description
[0.362s] -- Install configuration: ""
[0.363s] -- Execute custom install script
[0.363s] -- Symlinking: /home/sambhav/ros2_ws/install/my_robot_description/share/my_robot_description//urdf/camera.xacro
[0.370s] -- Symlinking: /home/sambhav/ros2_ws/install/my_robot_description/share/my_robot_description//urdf/common_properties.xacro
[0.379s] -- Symlinking: /home/sambhav/ros2_ws/install/my_robot_description/share/my_robot_description//urdf/mobile_base.xacro
[0.387s] -- Symlinking: /home/sambhav/ros2_ws/install/my_robot_description/share/my_robot_description//urdf/mobile_base_gazebo.xacro
[0.395s] -- Symlinking: /home/sambhav/ros2_ws/install/my_robot_description/share/my_robot_description//urdf/my_robot.urdf.xacro
[0.402s] -- Symlinking: /home/sambhav/ros2_ws/install/my_robot_description/share/my_robot_description//urdf/robotic_arm.xacro
[0.410s] -- Symlinking: /home/sambhav/ros2_ws/install/my_robot_description/share/my_robot_description//urdf/standalone_arm.urdf.xacro
[0.419s] -- Symlinking: /home/sambhav/ros2_ws/install/my_robot_description/share/my_robot_description//launch/display.launch.py
[0.426s] -- Symlinking: /home/sambhav/ros2_ws/install/my_robot_description/share/my_robot_description//launch/display.launch.xml
[0.435s] -- Symlinking: /home/sambhav/ros2_ws/install/my_robot_description/share/my_robot_description//rviz/urdf_config.rviz
[0.442s] -- Symlinking: /home/sambhav/ros2_ws/install/my_robot_description/share/ament_index/resource_index/package_run_dependencies/my_robot_description
[0.451s] -- Symlinking: /home/sambhav/ros2_ws/install/my_robot_description/share/ament_index/resource_index/parent_prefix_path/my_robot_description
[0.458s] -- Symlinking: /home/sambhav/ros2_ws/install/my_robot_description/share/my_robot_description/environment/ament_prefix_path.sh
[0.466s] -- Symlinking: /home/sambhav/ros2_ws/install/my_robot_description/share/my_robot_description/environment/ament_prefix_path.dsv
[0.473s] -- Symlinking: /home/sambhav/ros2_ws/install/my_robot_description/share/my_robot_description/environment/path.sh
[0.480s] -- Symlinking: /home/sambhav/ros2_ws/install/my_robot_description/share/my_robot_description/environment/path.dsv
[0.487s] -- Symlinking: /home/sambhav/ros2_ws/install/my_robot_description/share/my_robot_description/local_setup.bash
[0.494s] -- Symlinking: /home/sambhav/ros2_ws/install/my_robot_description/share/my_robot_description/local_setup.sh
[0.501s] -- Symlinking: /home/sambhav/ros2_ws/install/my_robot_description/share/my_robot_description/local_setup.zsh
[0.508s] -- Symlinking: /home/sambhav/ros2_ws/install/my_robot_description/share/my_robot_description/local_setup.dsv
[0.515s] -- Symlinking: /home/sambhav/ros2_ws/install/my_robot_description/share/my_robot_description/package.dsv
[0.522s] -- Symlinking: /home/sambhav/ros2_ws/install/my_robot_description/share/ament_index/resource_index/packages/my_robot_description
[0.529s] -- Symlinking: /home/sambhav/ros2_ws/install/my_robot_description/share/my_robot_description/cmake/my_robot_descriptionConfig.cmake
[0.535s] -- Symlinking: /home/sambhav/ros2_ws/install/my_robot_description/share/my_robot_description/cmake/my_robot_descriptionConfig-version.cmake
[0.542s] -- Symlinking: /home/sambhav/ros2_ws/install/my_robot_description/share/my_robot_description/package.xml
[0.551s] Invoked command in '/home/sambhav/ros2_ws/build/my_robot_description' returned '0': CMAKE_PREFIX_PATH=${CMAKE_PREFIX_PATH}:/home/sambhav/ros2_ws/install/turtlesim_catch_them_all:/home/sambhav/ros2_ws/install/my_py_pkg:/home/sambhav/my_swarm/install/bot1_controller:/opt/ros/humble /usr/bin/cmake --install /home/sambhav/ros2_ws/build/my_robot_description
