[1.880s] DEBUG:colcon:Command line arguments: ['/usr/bin/colcon', 'build']
[1.880s] DEBUG:colcon:Parsed command line arguments: Namespace(log_base=None, log_level=None, verb_name='build', build_base='build', install_base='install', merge_install=False, symlink_install=False, test_result_base=None, continue_on_error=False, executor='parallel', parallel_workers=8, event_handlers=None, ignore_user_meta=False, metas=['./colcon.meta'], base_paths=['.'], packages_ignore=None, packages_ignore_regex=None, paths=None, packages_up_to=None, packages_up_to_regex=None, packages_above=None, packages_above_and_dependencies=None, packages_above_depth=None, packages_select_by_dep=None, packages_skip_by_dep=None, packages_skip_up_to=None, packages_select_build_failed=False, packages_skip_build_finished=False, packages_select_test_failures=False, packages_skip_test_passed=False, packages_select=None, packages_skip=None, packages_select_regex=None, packages_skip_regex=None, packages_start=None, packages_end=None, allow_overriding=[], cmake_args=None, cmake_target=None, cmake_target_skip_unavailable=False, cmake_clean_cache=False, cmake_clean_first=False, cmake_force_configure=False, ament_cmake_args=None, catkin_cmake_args=None, catkin_skip_building_tests=False, verb_parser=<colcon_defaults.argument_parser.defaults.DefaultArgumentsDecorator object at 0x7f5b9daa22f0>, verb_extension=<colcon_core.verb.build.BuildVerb object at 0x7f5b9ded3df0>, main=<bound method BuildVerb.main of <colcon_core.verb.build.BuildVerb object at 0x7f5b9ded3df0>>)
[1.974s] Level 1:colcon.colcon_core.package_discovery:discover_packages(colcon_meta) check parameters
[1.974s] Level 1:colcon.colcon_core.package_discovery:discover_packages(recursive) check parameters
[1.974s] Level 1:colcon.colcon_core.package_discovery:discover_packages(ignore) check parameters
[1.975s] Level 1:colcon.colcon_core.package_discovery:discover_packages(path) check parameters
[1.975s] Level 1:colcon.colcon_core.package_discovery:discover_packages(colcon_meta) discover
[1.975s] Level 1:colcon.colcon_core.package_discovery:discover_packages(recursive) discover
[1.975s] INFO:colcon.colcon_core.package_discovery:Crawling recursively for packages in '/home/sambhav/ros2_ws/src'
[1.975s] Level 1:colcon.colcon_core.package_identification:_identify(.) by extensions ['ignore', 'ignore_ament_install']
[1.975s] Level 1:colcon.colcon_core.package_identification:_identify(.) by extension 'ignore'
[1.975s] Level 1:colcon.colcon_core.package_identification:_identify(.) by extension 'ignore_ament_install'
[1.975s] Level 1:colcon.colcon_core.package_identification:_identify(.) by extensions ['colcon_pkg']
[1.975s] Level 1:colcon.colcon_core.package_identification:_identify(.) by extension 'colcon_pkg'
[1.975s] Level 1:colcon.colcon_core.package_identification:_identify(.) by extensions ['colcon_meta']
[1.976s] Level 1:colcon.colcon_core.package_identification:_identify(.) by extension 'colcon_meta'
[1.976s] Level 1:colcon.colcon_core.package_identification:_identify(.) by extensions ['ros']
[1.976s] Level 1:colcon.colcon_core.package_identification:_identify(.) by extension 'ros'
[1.998s] Level 1:colcon.colcon_core.package_identification:_identify(.) by extensions ['cmake', 'python']
[1.998s] Level 1:colcon.colcon_core.package_identification:_identify(.) by extension 'cmake'
[1.998s] Level 1:colcon.colcon_core.package_identification:_identify(.) by extension 'python'
[1.998s] Level 1:colcon.colcon_core.package_identification:_identify(.) by extensions ['python_setup_py']
[1.998s] Level 1:colcon.colcon_core.package_identification:_identify(.) by extension 'python_setup_py'
[1.998s] Level 1:colcon.colcon_core.package_identification:_identify(build) by extensions ['ignore', 'ignore_ament_install']
[1.999s] Level 1:colcon.colcon_core.package_identification:_identify(build) by extension 'ignore'
[1.999s] Level 1:colcon.colcon_core.package_identification:_identify(build) ignored
[1.999s] Level 1:colcon.colcon_core.package_identification:_identify(install) by extensions ['ignore', 'ignore_ament_install']
[1.999s] Level 1:colcon.colcon_core.package_identification:_identify(install) by extension 'ignore'
[1.999s] Level 1:colcon.colcon_core.package_identification:_identify(install) ignored
[1.999s] Level 1:colcon.colcon_core.package_identification:_identify(log) by extensions ['ignore', 'ignore_ament_install']
[2.000s] Level 1:colcon.colcon_core.package_identification:_identify(log) by extension 'ignore'
[2.000s] Level 1:colcon.colcon_core.package_identification:_identify(log) ignored
[2.000s] Level 1:colcon.colcon_core.package_identification:_identify(my_py_pkg) by extensions ['ignore', 'ignore_ament_install']
[2.000s] Level 1:colcon.colcon_core.package_identification:_identify(my_py_pkg) by extension 'ignore'
[2.000s] Level 1:colcon.colcon_core.package_identification:_identify(my_py_pkg) by extension 'ignore_ament_install'
[2.000s] Level 1:colcon.colcon_core.package_identification:_identify(my_py_pkg) by extensions ['colcon_pkg']
[2.000s] Level 1:colcon.colcon_core.package_identification:_identify(my_py_pkg) by extension 'colcon_pkg'
[2.000s] Level 1:colcon.colcon_core.package_identification:_identify(my_py_pkg) by extensions ['colcon_meta']
[2.000s] Level 1:colcon.colcon_core.package_identification:_identify(my_py_pkg) by extension 'colcon_meta'
[2.000s] Level 1:colcon.colcon_core.package_identification:_identify(my_py_pkg) by extensions ['ros']
[2.000s] Level 1:colcon.colcon_core.package_identification:_identify(my_py_pkg) by extension 'ros'
[2.006s] DEBUG:colcon.colcon_core.package_identification:Package 'my_py_pkg' with type 'ros.ament_python' and name 'my_py_pkg'
[2.006s] Level 1:colcon.colcon_core.package_identification:_identify(my_robot_bringup) by extensions ['ignore', 'ignore_ament_install']
[2.006s] Level 1:colcon.colcon_core.package_identification:_identify(my_robot_bringup) by extension 'ignore'
[2.006s] Level 1:colcon.colcon_core.package_identification:_identify(my_robot_bringup) by extension 'ignore_ament_install'
[2.006s] Level 1:colcon.colcon_core.package_identification:_identify(my_robot_bringup) by extensions ['colcon_pkg']
[2.006s] Level 1:colcon.colcon_core.package_identification:_identify(my_robot_bringup) by extension 'colcon_pkg'
[2.007s] Level 1:colcon.colcon_core.package_identification:_identify(my_robot_bringup) by extensions ['colcon_meta']
[2.007s] Level 1:colcon.colcon_core.package_identification:_identify(my_robot_bringup) by extension 'colcon_meta'
[2.007s] Level 1:colcon.colcon_core.package_identification:_identify(my_robot_bringup) by extensions ['ros']
[2.007s] Level 1:colcon.colcon_core.package_identification:_identify(my_robot_bringup) by extension 'ros'
[2.008s] DEBUG:colcon.colcon_core.package_identification:Package 'my_robot_bringup' with type 'ros.ament_cmake' and name 'my_robot_bringup'
[2.008s] Level 1:colcon.colcon_core.package_identification:_identify(my_robot_interfaces) by extensions ['ignore', 'ignore_ament_install']
[2.008s] Level 1:colcon.colcon_core.package_identification:_identify(my_robot_interfaces) by extension 'ignore'
[2.008s] Level 1:colcon.colcon_core.package_identification:_identify(my_robot_interfaces) by extension 'ignore_ament_install'
[2.008s] Level 1:colcon.colcon_core.package_identification:_identify(my_robot_interfaces) by extensions ['colcon_pkg']
[2.008s] Level 1:colcon.colcon_core.package_identification:_identify(my_robot_interfaces) by extension 'colcon_pkg'
[2.008s] Level 1:colcon.colcon_core.package_identification:_identify(my_robot_interfaces) by extensions ['colcon_meta']
[2.008s] Level 1:colcon.colcon_core.package_identification:_identify(my_robot_interfaces) by extension 'colcon_meta'
[2.008s] Level 1:colcon.colcon_core.package_identification:_identify(my_robot_interfaces) by extensions ['ros']
[2.009s] Level 1:colcon.colcon_core.package_identification:_identify(my_robot_interfaces) by extension 'ros'
[2.009s] DEBUG:colcon.colcon_core.package_identification:Package 'my_robot_interfaces' with type 'ros.ament_cmake' and name 'my_robot_interfaces'
[2.010s] Level 1:colcon.colcon_core.package_identification:_identify(turtlesim_catch_them_all) by extensions ['ignore', 'ignore_ament_install']
[2.010s] Level 1:colcon.colcon_core.package_identification:_identify(turtlesim_catch_them_all) by extension 'ignore'
[2.010s] Level 1:colcon.colcon_core.package_identification:_identify(turtlesim_catch_them_all) by extension 'ignore_ament_install'
[2.010s] Level 1:colcon.colcon_core.package_identification:_identify(turtlesim_catch_them_all) by extensions ['colcon_pkg']
[2.010s] Level 1:colcon.colcon_core.package_identification:_identify(turtlesim_catch_them_all) by extension 'colcon_pkg'
[2.010s] Level 1:colcon.colcon_core.package_identification:_identify(turtlesim_catch_them_all) by extensions ['colcon_meta']
[2.010s] Level 1:colcon.colcon_core.package_identification:_identify(turtlesim_catch_them_all) by extension 'colcon_meta'
[2.010s] Level 1:colcon.colcon_core.package_identification:_identify(turtlesim_catch_them_all) by extensions ['ros']
[2.010s] Level 1:colcon.colcon_core.package_identification:_identify(turtlesim_catch_them_all) by extension 'ros'
[2.012s] DEBUG:colcon.colcon_core.package_identification:Package 'turtlesim_catch_them_all' with type 'ros.ament_python' and name 'turtlesim_catch_them_all'
[2.012s] Level 1:colcon.colcon_core.package_discovery:discover_packages(recursive) using defaults
[2.012s] Level 1:colcon.colcon_core.package_discovery:discover_packages(ignore) discover
[2.012s] Level 1:colcon.colcon_core.package_discovery:discover_packages(ignore) using defaults
[2.012s] Level 1:colcon.colcon_core.package_discovery:discover_packages(path) discover
[2.012s] Level 1:colcon.colcon_core.package_discovery:discover_packages(path) using defaults
[2.185s] Level 1:colcon.colcon_core.package_discovery:discover_packages(prefix_path) check parameters
[2.185s] Level 1:colcon.colcon_core.package_discovery:discover_packages(prefix_path) discover
[2.241s] DEBUG:colcon.colcon_installed_package_information.package_discovery:Found 4 installed packages in /home/sambhav/ros2_ws/install
[2.290s] DEBUG:colcon.colcon_installed_package_information.package_discovery:Found 334 installed packages in /opt/ros/humble
[2.294s] Level 1:colcon.colcon_core.package_discovery:discover_packages(prefix_path) using defaults
[2.478s] Level 5:colcon.colcon_core.verb:set package 'my_robot_interfaces' build argument 'cmake_args' from command line to 'None'
[2.478s] Level 5:colcon.colcon_core.verb:set package 'my_robot_interfaces' build argument 'cmake_target' from command line to 'None'
[2.478s] Level 5:colcon.colcon_core.verb:set package 'my_robot_interfaces' build argument 'cmake_target_skip_unavailable' from command line to 'False'
[2.478s] Level 5:colcon.colcon_core.verb:set package 'my_robot_interfaces' build argument 'cmake_clean_cache' from command line to 'False'
[2.478s] Level 5:colcon.colcon_core.verb:set package 'my_robot_interfaces' build argument 'cmake_clean_first' from command line to 'False'
[2.478s] Level 5:colcon.colcon_core.verb:set package 'my_robot_interfaces' build argument 'cmake_force_configure' from command line to 'False'
[2.478s] Level 5:colcon.colcon_core.verb:set package 'my_robot_interfaces' build argument 'ament_cmake_args' from command line to 'None'
[2.478s] Level 5:colcon.colcon_core.verb:set package 'my_robot_interfaces' build argument 'catkin_cmake_args' from command line to 'None'
[2.478s] Level 5:colcon.colcon_core.verb:set package 'my_robot_interfaces' build argument 'catkin_skip_building_tests' from command line to 'False'
[2.478s] DEBUG:colcon.colcon_core.verb:Building package 'my_robot_interfaces' with the following arguments: {'ament_cmake_args': None, 'build_base': '/home/sambhav/ros2_ws/src/build/my_robot_interfaces', 'catkin_cmake_args': None, 'catkin_skip_building_tests': False, 'cmake_args': None, 'cmake_clean_cache': False, 'cmake_clean_first': False, 'cmake_force_configure': False, 'cmake_target': None, 'cmake_target_skip_unavailable': False, 'install_base': '/home/sambhav/ros2_ws/src/install/my_robot_interfaces', 'merge_install': False, 'path': '/home/sambhav/ros2_ws/src/my_robot_interfaces', 'symlink_install': False, 'test_result_base': None}
[2.505s] Level 5:colcon.colcon_core.verb:set package 'turtlesim_catch_them_all' build argument 'cmake_args' from command line to 'None'
[2.505s] Level 5:colcon.colcon_core.verb:set package 'turtlesim_catch_them_all' build argument 'cmake_target' from command line to 'None'
[2.505s] Level 5:colcon.colcon_core.verb:set package 'turtlesim_catch_them_all' build argument 'cmake_target_skip_unavailable' from command line to 'False'
[2.505s] Level 5:colcon.colcon_core.verb:set package 'turtlesim_catch_them_all' build argument 'cmake_clean_cache' from command line to 'False'
[2.505s] Level 5:colcon.colcon_core.verb:set package 'turtlesim_catch_them_all' build argument 'cmake_clean_first' from command line to 'False'
[2.505s] Level 5:colcon.colcon_core.verb:set package 'turtlesim_catch_them_all' build argument 'cmake_force_configure' from command line to 'False'
[2.506s] Level 5:colcon.colcon_core.verb:set package 'turtlesim_catch_them_all' build argument 'ament_cmake_args' from command line to 'None'
[2.506s] Level 5:colcon.colcon_core.verb:set package 'turtlesim_catch_them_all' build argument 'catkin_cmake_args' from command line to 'None'
[2.506s] Level 5:colcon.colcon_core.verb:set package 'turtlesim_catch_them_all' build argument 'catkin_skip_building_tests' from command line to 'False'
[2.506s] DEBUG:colcon.colcon_core.verb:Building package 'turtlesim_catch_them_all' with the following arguments: {'ament_cmake_args': None, 'build_base': '/home/sambhav/ros2_ws/src/build/turtlesim_catch_them_all', 'catkin_cmake_args': None, 'catkin_skip_building_tests': False, 'cmake_args': None, 'cmake_clean_cache': False, 'cmake_clean_first': False, 'cmake_force_configure': False, 'cmake_target': None, 'cmake_target_skip_unavailable': False, 'install_base': '/home/sambhav/ros2_ws/src/install/turtlesim_catch_them_all', 'merge_install': False, 'path': '/home/sambhav/ros2_ws/src/turtlesim_catch_them_all', 'symlink_install': False, 'test_result_base': None}
[2.535s] Level 5:colcon.colcon_core.verb:set package 'my_py_pkg' build argument 'cmake_args' from command line to 'None'
[2.535s] Level 5:colcon.colcon_core.verb:set package 'my_py_pkg' build argument 'cmake_target' from command line to 'None'
[2.535s] Level 5:colcon.colcon_core.verb:set package 'my_py_pkg' build argument 'cmake_target_skip_unavailable' from command line to 'False'
[2.535s] Level 5:colcon.colcon_core.verb:set package 'my_py_pkg' build argument 'cmake_clean_cache' from command line to 'False'
[2.535s] Level 5:colcon.colcon_core.verb:set package 'my_py_pkg' build argument 'cmake_clean_first' from command line to 'False'
[2.535s] Level 5:colcon.colcon_core.verb:set package 'my_py_pkg' build argument 'cmake_force_configure' from command line to 'False'
[2.535s] Level 5:colcon.colcon_core.verb:set package 'my_py_pkg' build argument 'ament_cmake_args' from command line to 'None'
[2.535s] Level 5:colcon.colcon_core.verb:set package 'my_py_pkg' build argument 'catkin_cmake_args' from command line to 'None'
[2.535s] Level 5:colcon.colcon_core.verb:set package 'my_py_pkg' build argument 'catkin_skip_building_tests' from command line to 'False'
[2.535s] DEBUG:colcon.colcon_core.verb:Building package 'my_py_pkg' with the following arguments: {'ament_cmake_args': None, 'build_base': '/home/sambhav/ros2_ws/src/build/my_py_pkg', 'catkin_cmake_args': None, 'catkin_skip_building_tests': False, 'cmake_args': None, 'cmake_clean_cache': False, 'cmake_clean_first': False, 'cmake_force_configure': False, 'cmake_target': None, 'cmake_target_skip_unavailable': False, 'install_base': '/home/sambhav/ros2_ws/src/install/my_py_pkg', 'merge_install': False, 'path': '/home/sambhav/ros2_ws/src/my_py_pkg', 'symlink_install': False, 'test_result_base': None}
[2.565s] Level 5:colcon.colcon_core.verb:set package 'my_robot_bringup' build argument 'cmake_args' from command line to 'None'
[2.565s] Level 5:colcon.colcon_core.verb:set package 'my_robot_bringup' build argument 'cmake_target' from command line to 'None'
[2.565s] Level 5:colcon.colcon_core.verb:set package 'my_robot_bringup' build argument 'cmake_target_skip_unavailable' from command line to 'False'
[2.565s] Level 5:colcon.colcon_core.verb:set package 'my_robot_bringup' build argument 'cmake_clean_cache' from command line to 'False'
[2.565s] Level 5:colcon.colcon_core.verb:set package 'my_robot_bringup' build argument 'cmake_clean_first' from command line to 'False'
[2.565s] Level 5:colcon.colcon_core.verb:set package 'my_robot_bringup' build argument 'cmake_force_configure' from command line to 'False'
[2.565s] Level 5:colcon.colcon_core.verb:set package 'my_robot_bringup' build argument 'ament_cmake_args' from command line to 'None'
[2.565s] Level 5:colcon.colcon_core.verb:set package 'my_robot_bringup' build argument 'catkin_cmake_args' from command line to 'None'
[2.565s] Level 5:colcon.colcon_core.verb:set package 'my_robot_bringup' build argument 'catkin_skip_building_tests' from command line to 'False'
[2.565s] DEBUG:colcon.colcon_core.verb:Building package 'my_robot_bringup' with the following arguments: {'ament_cmake_args': None, 'build_base': '/home/sambhav/ros2_ws/src/build/my_robot_bringup', 'catkin_cmake_args': None, 'catkin_skip_building_tests': False, 'cmake_args': None, 'cmake_clean_cache': False, 'cmake_clean_first': False, 'cmake_force_configure': False, 'cmake_target': None, 'cmake_target_skip_unavailable': False, 'install_base': '/home/sambhav/ros2_ws/src/install/my_robot_bringup', 'merge_install': False, 'path': '/home/sambhav/ros2_ws/src/my_robot_bringup', 'symlink_install': False, 'test_result_base': None}
[2.594s] INFO:colcon.colcon_core.executor:Executing jobs using 'parallel' executor
[2.625s] DEBUG:colcon.colcon_parallel_executor.executor.parallel:run_until_complete
[2.626s] INFO:colcon.colcon_ros.task.ament_cmake.build:Building ROS package in '/home/sambhav/ros2_ws/src/my_robot_interfaces' with build type 'ament_cmake'
[2.626s] INFO:colcon.colcon_cmake.task.cmake.build:Building CMake package in '/home/sambhav/ros2_ws/src/my_robot_interfaces'
[2.661s] INFO:colcon.colcon_core.plugin_system:Skipping extension 'colcon_core.shell.bat': Not used on non-Windows systems
[2.661s] INFO:colcon.colcon_core.shell:Skip shell extension 'powershell' for command environment: Not usable outside of PowerShell
[2.661s] DEBUG:colcon.colcon_core.shell:Skip shell extension 'dsv' for command environment
[2.754s] INFO:colcon.colcon_ros.task.ament_python.build:Building ROS package in '/home/sambhav/ros2_ws/src/turtlesim_catch_them_all' with build type 'ament_python'
[2.755s] Level 1:colcon.colcon_core.shell:create_environment_hook('turtlesim_catch_them_all', 'ament_prefix_path')
[2.784s] INFO:colcon.colcon_core.shell:Creating environment hook '/home/sambhav/ros2_ws/src/install/turtlesim_catch_them_all/share/turtlesim_catch_them_all/hook/ament_prefix_path.ps1'
[2.785s] INFO:colcon.colcon_core.shell:Creating environment descriptor '/home/sambhav/ros2_ws/src/install/turtlesim_catch_them_all/share/turtlesim_catch_them_all/hook/ament_prefix_path.dsv'
[2.786s] INFO:colcon.colcon_core.shell:Creating environment hook '/home/sambhav/ros2_ws/src/install/turtlesim_catch_them_all/share/turtlesim_catch_them_all/hook/ament_prefix_path.sh'
[2.816s] INFO:colcon.colcon_core.shell:Skip shell extension 'powershell' for command environment: Not usable outside of PowerShell
[2.816s] DEBUG:colcon.colcon_core.shell:Skip shell extension 'dsv' for command environment
[2.913s] DEBUG:colcon.colcon_core.event_handler.log_command:Invoking command in '/home/sambhav/ros2_ws/src/build/my_robot_interfaces': CMAKE_PREFIX_PATH=${CMAKE_PREFIX_PATH}:/home/sambhav/ros2_ws/install/my_py_pkg:/opt/ros/humble /usr/bin/cmake /home/sambhav/ros2_ws/src/my_robot_interfaces -DCMAKE_INSTALL_PREFIX=/home/sambhav/ros2_ws/src/install/my_robot_interfaces
[3.534s] INFO:colcon.colcon_core.task.python.build:Building Python package in '/home/sambhav/ros2_ws/src/turtlesim_catch_them_all'
[3.566s] INFO:colcon.colcon_core.shell:Skip shell extension 'powershell' for command environment: Not usable outside of PowerShell
[3.566s] DEBUG:colcon.colcon_core.shell:Skip shell extension 'dsv' for command environment
[4.420s] DEBUG:colcon.colcon_core.event_handler.log_command:Invoking command in '/home/sambhav/ros2_ws/src/turtlesim_catch_them_all': PYTHONPATH=/home/sambhav/ros2_ws/src/build/turtlesim_catch_them_all/prefix_override:/home/sambhav/ros2_ws/src/install/turtlesim_catch_them_all/lib/python3.10/site-packages:${PYTHONPATH} /usr/bin/python3 setup.py egg_info --egg-base ../build/turtlesim_catch_them_all build --build-base /home/sambhav/ros2_ws/src/build/turtlesim_catch_them_all/build install --record /home/sambhav/ros2_ws/src/build/turtlesim_catch_them_all/install.log --single-version-externally-managed
[5.052s] DEBUG:colcon.colcon_core.event_handler.log_command:Invoked command in '/home/sambhav/ros2_ws/src/turtlesim_catch_them_all' returned '0': PYTHONPATH=/home/sambhav/ros2_ws/src/build/turtlesim_catch_them_all/prefix_override:/home/sambhav/ros2_ws/src/install/turtlesim_catch_them_all/lib/python3.10/site-packages:${PYTHONPATH} /usr/bin/python3 setup.py egg_info --egg-base ../build/turtlesim_catch_them_all build --build-base /home/sambhav/ros2_ws/src/build/turtlesim_catch_them_all/build install --record /home/sambhav/ros2_ws/src/build/turtlesim_catch_them_all/install.log --single-version-externally-managed
[5.089s] Level 1:colcon.colcon_core.environment:checking '/home/sambhav/ros2_ws/src/install/turtlesim_catch_them_all' for CMake module files
[5.090s] Level 1:colcon.colcon_core.environment:checking '/home/sambhav/ros2_ws/src/install/turtlesim_catch_them_all' for CMake config files
[5.091s] Level 1:colcon.colcon_core.environment:checking '/home/sambhav/ros2_ws/src/install/turtlesim_catch_them_all/lib'
[5.092s] Level 1:colcon.colcon_core.environment:checking '/home/sambhav/ros2_ws/src/install/turtlesim_catch_them_all/bin'
[5.092s] Level 1:colcon.colcon_core.environment:checking '/home/sambhav/ros2_ws/src/install/turtlesim_catch_them_all/lib/pkgconfig/turtlesim_catch_them_all.pc'
[5.092s] Level 1:colcon.colcon_core.environment:checking '/home/sambhav/ros2_ws/src/install/turtlesim_catch_them_all/lib/python3.10/site-packages'
[5.092s] Level 1:colcon.colcon_core.shell:create_environment_hook('turtlesim_catch_them_all', 'pythonpath')
[5.121s] INFO:colcon.colcon_core.shell:Creating environment hook '/home/sambhav/ros2_ws/src/install/turtlesim_catch_them_all/share/turtlesim_catch_them_all/hook/pythonpath.ps1'
[5.122s] INFO:colcon.colcon_core.shell:Creating environment descriptor '/home/sambhav/ros2_ws/src/install/turtlesim_catch_them_all/share/turtlesim_catch_them_all/hook/pythonpath.dsv'
[5.123s] INFO:colcon.colcon_core.shell:Creating environment hook '/home/sambhav/ros2_ws/src/install/turtlesim_catch_them_all/share/turtlesim_catch_them_all/hook/pythonpath.sh'
[5.124s] Level 1:colcon.colcon_core.environment:checking '/home/sambhav/ros2_ws/src/install/turtlesim_catch_them_all/bin'
[5.124s] Level 1:colcon.colcon_core.environment:create_environment_scripts_only(turtlesim_catch_them_all)
[5.153s] INFO:colcon.colcon_core.shell:Creating package script '/home/sambhav/ros2_ws/src/install/turtlesim_catch_them_all/share/turtlesim_catch_them_all/package.ps1'
[5.155s] INFO:colcon.colcon_core.shell:Creating package descriptor '/home/sambhav/ros2_ws/src/install/turtlesim_catch_them_all/share/turtlesim_catch_them_all/package.dsv'
[5.156s] INFO:colcon.colcon_core.shell:Creating package script '/home/sambhav/ros2_ws/src/install/turtlesim_catch_them_all/share/turtlesim_catch_them_all/package.sh'
[5.157s] INFO:colcon.colcon_core.shell:Creating package script '/home/sambhav/ros2_ws/src/install/turtlesim_catch_them_all/share/turtlesim_catch_them_all/package.bash'
[5.158s] INFO:colcon.colcon_core.shell:Creating package script '/home/sambhav/ros2_ws/src/install/turtlesim_catch_them_all/share/turtlesim_catch_them_all/package.zsh'
[5.159s] Level 1:colcon.colcon_core.environment:create_file_with_runtime_dependencies(/home/sambhav/ros2_ws/src/install/turtlesim_catch_them_all/share/colcon-core/packages/turtlesim_catch_them_all)
[6.142s] DEBUG:colcon.colcon_core.event_handler.log_command:Invoked command in '/home/sambhav/ros2_ws/src/build/my_robot_interfaces' returned '0': CMAKE_PREFIX_PATH=${CMAKE_PREFIX_PATH}:/home/sambhav/ros2_ws/install/my_py_pkg:/opt/ros/humble /usr/bin/cmake /home/sambhav/ros2_ws/src/my_robot_interfaces -DCMAKE_INSTALL_PREFIX=/home/sambhav/ros2_ws/src/install/my_robot_interfaces
[6.146s] DEBUG:colcon.colcon_core.event_handler.log_command:Invoking command in '/home/sambhav/ros2_ws/src/build/my_robot_interfaces': CMAKE_PREFIX_PATH=${CMAKE_PREFIX_PATH}:/home/sambhav/ros2_ws/install/my_py_pkg:/opt/ros/humble /usr/bin/cmake --build /home/sambhav/ros2_ws/src/build/my_robot_interfaces -- -j8 -l8
[13.503s] DEBUG:colcon.colcon_core.event_handler.log_command:Invoked command in '/home/sambhav/ros2_ws/src/build/my_robot_interfaces' returned '0': CMAKE_PREFIX_PATH=${CMAKE_PREFIX_PATH}:/home/sambhav/ros2_ws/install/my_py_pkg:/opt/ros/humble /usr/bin/cmake --build /home/sambhav/ros2_ws/src/build/my_robot_interfaces -- -j8 -l8
[13.718s] DEBUG:colcon.colcon_core.event_handler.log_command:Invoking command in '/home/sambhav/ros2_ws/src/build/my_robot_interfaces': CMAKE_PREFIX_PATH=${CMAKE_PREFIX_PATH}:/home/sambhav/ros2_ws/install/my_py_pkg:/opt/ros/humble /usr/bin/cmake --install /home/sambhav/ros2_ws/src/build/my_robot_interfaces
[13.854s] Level 1:colcon.colcon_core.environment:create_environment_scripts_only(my_robot_interfaces)
[13.855s] DEBUG:colcon.colcon_core.event_handler.log_command:Invoked command in '/home/sambhav/ros2_ws/src/build/my_robot_interfaces' returned '0': CMAKE_PREFIX_PATH=${CMAKE_PREFIX_PATH}:/home/sambhav/ros2_ws/install/my_py_pkg:/opt/ros/humble /usr/bin/cmake --install /home/sambhav/ros2_ws/src/build/my_robot_interfaces
[13.886s] Level 1:colcon.colcon_core.environment:checking '/home/sambhav/ros2_ws/src/install/my_robot_interfaces' for CMake module files
[13.888s] Level 1:colcon.colcon_core.environment:checking '/home/sambhav/ros2_ws/src/install/my_robot_interfaces' for CMake config files
[13.888s] Level 1:colcon.colcon_core.shell:create_environment_hook('my_robot_interfaces', 'cmake_prefix_path')
[13.915s] INFO:colcon.colcon_core.shell:Creating environment hook '/home/sambhav/ros2_ws/src/install/my_robot_interfaces/share/my_robot_interfaces/hook/cmake_prefix_path.ps1'
[13.916s] INFO:colcon.colcon_core.shell:Creating environment descriptor '/home/sambhav/ros2_ws/src/install/my_robot_interfaces/share/my_robot_interfaces/hook/cmake_prefix_path.dsv'
[13.916s] INFO:colcon.colcon_core.shell:Creating environment hook '/home/sambhav/ros2_ws/src/install/my_robot_interfaces/share/my_robot_interfaces/hook/cmake_prefix_path.sh'
[13.917s] Level 1:colcon.colcon_core.environment:checking '/home/sambhav/ros2_ws/src/install/my_robot_interfaces/lib'
[13.917s] Level 1:colcon.colcon_core.shell:create_environment_hook('my_robot_interfaces', 'ld_library_path_lib')
[13.944s] INFO:colcon.colcon_core.shell:Creating environment hook '/home/sambhav/ros2_ws/src/install/my_robot_interfaces/share/my_robot_interfaces/hook/ld_library_path_lib.ps1'
[13.944s] INFO:colcon.colcon_core.shell:Creating environment descriptor '/home/sambhav/ros2_ws/src/install/my_robot_interfaces/share/my_robot_interfaces/hook/ld_library_path_lib.dsv'
[13.945s] INFO:colcon.colcon_core.shell:Creating environment hook '/home/sambhav/ros2_ws/src/install/my_robot_interfaces/share/my_robot_interfaces/hook/ld_library_path_lib.sh'
[13.945s] Level 1:colcon.colcon_core.environment:checking '/home/sambhav/ros2_ws/src/install/my_robot_interfaces/bin'
[13.946s] Level 1:colcon.colcon_core.environment:checking '/home/sambhav/ros2_ws/src/install/my_robot_interfaces/lib/pkgconfig/my_robot_interfaces.pc'
[13.946s] Level 1:colcon.colcon_core.environment:checking '/home/sambhav/ros2_ws/src/install/my_robot_interfaces/lib/python3.10/site-packages'
[13.947s] Level 1:colcon.colcon_core.environment:checking '/home/sambhav/ros2_ws/src/install/my_robot_interfaces/bin'
[13.974s] INFO:colcon.colcon_core.shell:Creating package script '/home/sambhav/ros2_ws/src/install/my_robot_interfaces/share/my_robot_interfaces/package.ps1'
[13.975s] INFO:colcon.colcon_core.shell:Creating package descriptor '/home/sambhav/ros2_ws/src/install/my_robot_interfaces/share/my_robot_interfaces/package.dsv'
[13.975s] INFO:colcon.colcon_core.shell:Creating package script '/home/sambhav/ros2_ws/src/install/my_robot_interfaces/share/my_robot_interfaces/package.sh'
[13.976s] INFO:colcon.colcon_core.shell:Creating package script '/home/sambhav/ros2_ws/src/install/my_robot_interfaces/share/my_robot_interfaces/package.bash'
[13.976s] INFO:colcon.colcon_core.shell:Creating package script '/home/sambhav/ros2_ws/src/install/my_robot_interfaces/share/my_robot_interfaces/package.zsh'
[13.977s] Level 1:colcon.colcon_core.environment:create_file_with_runtime_dependencies(/home/sambhav/ros2_ws/src/install/my_robot_interfaces/share/colcon-core/packages/my_robot_interfaces)
[14.205s] Level 1:colcon.colcon_core.environment:create_environment_scripts_only(my_robot_interfaces)
[14.235s] Level 1:colcon.colcon_core.environment:checking '/home/sambhav/ros2_ws/src/install/my_robot_interfaces' for CMake module files
[14.236s] Level 1:colcon.colcon_core.environment:checking '/home/sambhav/ros2_ws/src/install/my_robot_interfaces' for CMake config files
[14.237s] Level 1:colcon.colcon_core.shell:create_environment_hook('my_robot_interfaces', 'cmake_prefix_path')
[14.263s] INFO:colcon.colcon_core.shell:Creating environment hook '/home/sambhav/ros2_ws/src/install/my_robot_interfaces/share/my_robot_interfaces/hook/cmake_prefix_path.ps1'
[14.264s] INFO:colcon.colcon_core.shell:Creating environment descriptor '/home/sambhav/ros2_ws/src/install/my_robot_interfaces/share/my_robot_interfaces/hook/cmake_prefix_path.dsv'
[14.265s] INFO:colcon.colcon_core.shell:Creating environment hook '/home/sambhav/ros2_ws/src/install/my_robot_interfaces/share/my_robot_interfaces/hook/cmake_prefix_path.sh'
[14.265s] Level 1:colcon.colcon_core.environment:checking '/home/sambhav/ros2_ws/src/install/my_robot_interfaces/lib'
[14.266s] Level 1:colcon.colcon_core.shell:create_environment_hook('my_robot_interfaces', 'ld_library_path_lib')
[14.292s] INFO:colcon.colcon_core.shell:Creating environment hook '/home/sambhav/ros2_ws/src/install/my_robot_interfaces/share/my_robot_interfaces/hook/ld_library_path_lib.ps1'
[14.293s] INFO:colcon.colcon_core.shell:Creating environment descriptor '/home/sambhav/ros2_ws/src/install/my_robot_interfaces/share/my_robot_interfaces/hook/ld_library_path_lib.dsv'
[14.293s] INFO:colcon.colcon_core.shell:Creating environment hook '/home/sambhav/ros2_ws/src/install/my_robot_interfaces/share/my_robot_interfaces/hook/ld_library_path_lib.sh'
[14.294s] Level 1:colcon.colcon_core.environment:checking '/home/sambhav/ros2_ws/src/install/my_robot_interfaces/bin'
[14.294s] Level 1:colcon.colcon_core.environment:checking '/home/sambhav/ros2_ws/src/install/my_robot_interfaces/lib/pkgconfig/my_robot_interfaces.pc'
[14.294s] Level 1:colcon.colcon_core.environment:checking '/home/sambhav/ros2_ws/src/install/my_robot_interfaces/lib/python3.10/site-packages'
[14.295s] Level 1:colcon.colcon_core.environment:checking '/home/sambhav/ros2_ws/src/install/my_robot_interfaces/bin'
[14.323s] INFO:colcon.colcon_core.shell:Creating package script '/home/sambhav/ros2_ws/src/install/my_robot_interfaces/share/my_robot_interfaces/package.ps1'
[14.324s] INFO:colcon.colcon_core.shell:Creating package descriptor '/home/sambhav/ros2_ws/src/install/my_robot_interfaces/share/my_robot_interfaces/package.dsv'
[14.324s] INFO:colcon.colcon_core.shell:Creating package script '/home/sambhav/ros2_ws/src/install/my_robot_interfaces/share/my_robot_interfaces/package.sh'
[14.325s] INFO:colcon.colcon_core.shell:Creating package script '/home/sambhav/ros2_ws/src/install/my_robot_interfaces/share/my_robot_interfaces/package.bash'
[14.326s] INFO:colcon.colcon_core.shell:Creating package script '/home/sambhav/ros2_ws/src/install/my_robot_interfaces/share/my_robot_interfaces/package.zsh'
[14.326s] Level 1:colcon.colcon_core.environment:create_file_with_runtime_dependencies(/home/sambhav/ros2_ws/src/install/my_robot_interfaces/share/colcon-core/packages/my_robot_interfaces)
[14.327s] INFO:colcon.colcon_ros.task.ament_python.build:Building ROS package in '/home/sambhav/ros2_ws/src/my_py_pkg' with build type 'ament_python'
[14.327s] Level 1:colcon.colcon_core.shell:create_environment_hook('my_py_pkg', 'ament_prefix_path')
[14.357s] INFO:colcon.colcon_core.shell:Creating environment hook '/home/sambhav/ros2_ws/src/install/my_py_pkg/share/my_py_pkg/hook/ament_prefix_path.ps1'
[14.358s] INFO:colcon.colcon_core.shell:Creating environment descriptor '/home/sambhav/ros2_ws/src/install/my_py_pkg/share/my_py_pkg/hook/ament_prefix_path.dsv'
[14.358s] INFO:colcon.colcon_core.shell:Creating environment hook '/home/sambhav/ros2_ws/src/install/my_py_pkg/share/my_py_pkg/hook/ament_prefix_path.sh'
[14.389s] INFO:colcon.colcon_core.shell:Skip shell extension 'powershell' for command environment: Not usable outside of PowerShell
[14.389s] DEBUG:colcon.colcon_core.shell:Skip shell extension 'dsv' for command environment
[15.034s] INFO:colcon.colcon_core.task.python.build:Building Python package in '/home/sambhav/ros2_ws/src/my_py_pkg'
[15.063s] INFO:colcon.colcon_core.shell:Skip shell extension 'powershell' for command environment: Not usable outside of PowerShell
[15.063s] DEBUG:colcon.colcon_core.shell:Skip shell extension 'dsv' for command environment
[15.874s] DEBUG:colcon.colcon_core.event_handler.log_command:Invoking command in '/home/sambhav/ros2_ws/src/my_py_pkg': AMENT_PREFIX_PATH=/home/sambhav/ros2_ws/src/install/my_robot_interfaces:${AMENT_PREFIX_PATH} CMAKE_PREFIX_PATH=/home/sambhav/ros2_ws/src/install/my_robot_interfaces:${CMAKE_PREFIX_PATH} LD_LIBRARY_PATH=/home/sambhav/ros2_ws/src/install/my_robot_interfaces/lib:${LD_LIBRARY_PATH} PYTHONPATH=/home/sambhav/ros2_ws/src/build/my_py_pkg/prefix_override:/home/sambhav/ros2_ws/src/install/my_py_pkg/lib/python3.10/site-packages:/home/sambhav/ros2_ws/src/install/my_robot_interfaces/local/lib/python3.10/dist-packages:${PYTHONPATH} /usr/bin/python3 setup.py egg_info --egg-base ../build/my_py_pkg build --build-base /home/sambhav/ros2_ws/src/build/my_py_pkg/build install --record /home/sambhav/ros2_ws/src/build/my_py_pkg/install.log --single-version-externally-managed
[16.474s] DEBUG:colcon.colcon_core.event_handler.log_command:Invoked command in '/home/sambhav/ros2_ws/src/my_py_pkg' returned '0': AMENT_PREFIX_PATH=/home/sambhav/ros2_ws/src/install/my_robot_interfaces:${AMENT_PREFIX_PATH} CMAKE_PREFIX_PATH=/home/sambhav/ros2_ws/src/install/my_robot_interfaces:${CMAKE_PREFIX_PATH} LD_LIBRARY_PATH=/home/sambhav/ros2_ws/src/install/my_robot_interfaces/lib:${LD_LIBRARY_PATH} PYTHONPATH=/home/sambhav/ros2_ws/src/build/my_py_pkg/prefix_override:/home/sambhav/ros2_ws/src/install/my_py_pkg/lib/python3.10/site-packages:/home/sambhav/ros2_ws/src/install/my_robot_interfaces/local/lib/python3.10/dist-packages:${PYTHONPATH} /usr/bin/python3 setup.py egg_info --egg-base ../build/my_py_pkg build --build-base /home/sambhav/ros2_ws/src/build/my_py_pkg/build install --record /home/sambhav/ros2_ws/src/build/my_py_pkg/install.log --single-version-externally-managed
[16.502s] Level 1:colcon.colcon_core.environment:checking '/home/sambhav/ros2_ws/src/install/my_py_pkg' for CMake module files
[16.503s] Level 1:colcon.colcon_core.environment:checking '/home/sambhav/ros2_ws/src/install/my_py_pkg' for CMake config files
[16.504s] Level 1:colcon.colcon_core.environment:checking '/home/sambhav/ros2_ws/src/install/my_py_pkg/lib'
[16.504s] Level 1:colcon.colcon_core.environment:checking '/home/sambhav/ros2_ws/src/install/my_py_pkg/bin'
[16.504s] Level 1:colcon.colcon_core.environment:checking '/home/sambhav/ros2_ws/src/install/my_py_pkg/lib/pkgconfig/my_py_pkg.pc'
[16.504s] Level 1:colcon.colcon_core.environment:checking '/home/sambhav/ros2_ws/src/install/my_py_pkg/lib/python3.10/site-packages'
[16.504s] Level 1:colcon.colcon_core.shell:create_environment_hook('my_py_pkg', 'pythonpath')
[16.531s] INFO:colcon.colcon_core.shell:Creating environment hook '/home/sambhav/ros2_ws/src/install/my_py_pkg/share/my_py_pkg/hook/pythonpath.ps1'
[16.532s] INFO:colcon.colcon_core.shell:Creating environment descriptor '/home/sambhav/ros2_ws/src/install/my_py_pkg/share/my_py_pkg/hook/pythonpath.dsv'
[16.532s] INFO:colcon.colcon_core.shell:Creating environment hook '/home/sambhav/ros2_ws/src/install/my_py_pkg/share/my_py_pkg/hook/pythonpath.sh'
[16.533s] Level 1:colcon.colcon_core.environment:checking '/home/sambhav/ros2_ws/src/install/my_py_pkg/bin'
[16.533s] Level 1:colcon.colcon_core.environment:create_environment_scripts_only(my_py_pkg)
[16.561s] INFO:colcon.colcon_core.shell:Creating package script '/home/sambhav/ros2_ws/src/install/my_py_pkg/share/my_py_pkg/package.ps1'
[16.562s] INFO:colcon.colcon_core.shell:Creating package descriptor '/home/sambhav/ros2_ws/src/install/my_py_pkg/share/my_py_pkg/package.dsv'
[16.563s] INFO:colcon.colcon_core.shell:Creating package script '/home/sambhav/ros2_ws/src/install/my_py_pkg/share/my_py_pkg/package.sh'
[16.564s] INFO:colcon.colcon_core.shell:Creating package script '/home/sambhav/ros2_ws/src/install/my_py_pkg/share/my_py_pkg/package.bash'
[16.564s] INFO:colcon.colcon_core.shell:Creating package script '/home/sambhav/ros2_ws/src/install/my_py_pkg/share/my_py_pkg/package.zsh'
[16.565s] Level 1:colcon.colcon_core.environment:create_file_with_runtime_dependencies(/home/sambhav/ros2_ws/src/install/my_py_pkg/share/colcon-core/packages/my_py_pkg)
[16.565s] INFO:colcon.colcon_ros.task.ament_cmake.build:Building ROS package in '/home/sambhav/ros2_ws/src/my_robot_bringup' with build type 'ament_cmake'
[16.565s] INFO:colcon.colcon_cmake.task.cmake.build:Building CMake package in '/home/sambhav/ros2_ws/src/my_robot_bringup'
[16.596s] INFO:colcon.colcon_core.shell:Skip shell extension 'powershell' for command environment: Not usable outside of PowerShell
[16.596s] DEBUG:colcon.colcon_core.shell:Skip shell extension 'dsv' for command environment
[16.697s] DEBUG:colcon.colcon_core.event_handler.log_command:Invoking command in '/home/sambhav/ros2_ws/src/build/my_robot_bringup': AMENT_PREFIX_PATH=/home/sambhav/ros2_ws/src/install/my_py_pkg:/home/sambhav/ros2_ws/src/install/my_robot_interfaces:${AMENT_PREFIX_PATH} CMAKE_PREFIX_PATH=/home/sambhav/ros2_ws/src/install/my_robot_interfaces:/home/sambhav/ros2_ws/install/my_robot_bringup:/home/sambhav/ros2_ws/install/my_robot_interfaces:/home/sambhav/ros2_ws/install/my_py_pkg:/opt/ros/humble LD_LIBRARY_PATH=/home/sambhav/ros2_ws/src/install/my_robot_interfaces/lib:${LD_LIBRARY_PATH} PYTHONPATH=/home/sambhav/ros2_ws/src/install/my_py_pkg/lib/python3.10/site-packages:/home/sambhav/ros2_ws/src/install/my_robot_interfaces/local/lib/python3.10/dist-packages:${PYTHONPATH} /usr/bin/cmake /home/sambhav/ros2_ws/src/my_robot_bringup -DCMAKE_INSTALL_PREFIX=/home/sambhav/ros2_ws/src/install/my_robot_bringup
[18.171s] DEBUG:colcon.colcon_core.event_handler.log_command:Invoked command in '/home/sambhav/ros2_ws/src/build/my_robot_bringup' returned '0': AMENT_PREFIX_PATH=/home/sambhav/ros2_ws/src/install/my_py_pkg:/home/sambhav/ros2_ws/src/install/my_robot_interfaces:${AMENT_PREFIX_PATH} CMAKE_PREFIX_PATH=/home/sambhav/ros2_ws/src/install/my_robot_interfaces:/home/sambhav/ros2_ws/install/my_robot_bringup:/home/sambhav/ros2_ws/install/my_robot_interfaces:/home/sambhav/ros2_ws/install/my_py_pkg:/opt/ros/humble LD_LIBRARY_PATH=/home/sambhav/ros2_ws/src/install/my_robot_interfaces/lib:${LD_LIBRARY_PATH} PYTHONPATH=/home/sambhav/ros2_ws/src/install/my_py_pkg/lib/python3.10/site-packages:/home/sambhav/ros2_ws/src/install/my_robot_interfaces/local/lib/python3.10/dist-packages:${PYTHONPATH} /usr/bin/cmake /home/sambhav/ros2_ws/src/my_robot_bringup -DCMAKE_INSTALL_PREFIX=/home/sambhav/ros2_ws/src/install/my_robot_bringup
[18.175s] DEBUG:colcon.colcon_core.event_handler.log_command:Invoking command in '/home/sambhav/ros2_ws/src/build/my_robot_bringup': AMENT_PREFIX_PATH=/home/sambhav/ros2_ws/src/install/my_py_pkg:/home/sambhav/ros2_ws/src/install/my_robot_interfaces:${AMENT_PREFIX_PATH} CMAKE_PREFIX_PATH=/home/sambhav/ros2_ws/src/install/my_robot_interfaces:/home/sambhav/ros2_ws/install/my_robot_bringup:/home/sambhav/ros2_ws/install/my_robot_interfaces:/home/sambhav/ros2_ws/install/my_py_pkg:/opt/ros/humble LD_LIBRARY_PATH=/home/sambhav/ros2_ws/src/install/my_robot_interfaces/lib:${LD_LIBRARY_PATH} PYTHONPATH=/home/sambhav/ros2_ws/src/install/my_py_pkg/lib/python3.10/site-packages:/home/sambhav/ros2_ws/src/install/my_robot_interfaces/local/lib/python3.10/dist-packages:${PYTHONPATH} /usr/bin/cmake --build /home/sambhav/ros2_ws/src/build/my_robot_bringup -- -j8 -l8
[18.243s] DEBUG:colcon.colcon_core.event_handler.log_command:Invoked command in '/home/sambhav/ros2_ws/src/build/my_robot_bringup' returned '0': AMENT_PREFIX_PATH=/home/sambhav/ros2_ws/src/install/my_py_pkg:/home/sambhav/ros2_ws/src/install/my_robot_interfaces:${AMENT_PREFIX_PATH} CMAKE_PREFIX_PATH=/home/sambhav/ros2_ws/src/install/my_robot_interfaces:/home/sambhav/ros2_ws/install/my_robot_bringup:/home/sambhav/ros2_ws/install/my_robot_interfaces:/home/sambhav/ros2_ws/install/my_py_pkg:/opt/ros/humble LD_LIBRARY_PATH=/home/sambhav/ros2_ws/src/install/my_robot_interfaces/lib:${LD_LIBRARY_PATH} PYTHONPATH=/home/sambhav/ros2_ws/src/install/my_py_pkg/lib/python3.10/site-packages:/home/sambhav/ros2_ws/src/install/my_robot_interfaces/local/lib/python3.10/dist-packages:${PYTHONPATH} /usr/bin/cmake --build /home/sambhav/ros2_ws/src/build/my_robot_bringup -- -j8 -l8
[18.285s] DEBUG:colcon.colcon_core.event_handler.log_command:Invoking command in '/home/sambhav/ros2_ws/src/build/my_robot_bringup': AMENT_PREFIX_PATH=/home/sambhav/ros2_ws/src/install/my_py_pkg:/home/sambhav/ros2_ws/src/install/my_robot_interfaces:${AMENT_PREFIX_PATH} CMAKE_PREFIX_PATH=/home/sambhav/ros2_ws/src/install/my_robot_interfaces:/home/sambhav/ros2_ws/install/my_robot_bringup:/home/sambhav/ros2_ws/install/my_robot_interfaces:/home/sambhav/ros2_ws/install/my_py_pkg:/opt/ros/humble LD_LIBRARY_PATH=/home/sambhav/ros2_ws/src/install/my_robot_interfaces/lib:${LD_LIBRARY_PATH} PYTHONPATH=/home/sambhav/ros2_ws/src/install/my_py_pkg/lib/python3.10/site-packages:/home/sambhav/ros2_ws/src/install/my_robot_interfaces/local/lib/python3.10/dist-packages:${PYTHONPATH} /usr/bin/cmake --install /home/sambhav/ros2_ws/src/build/my_robot_bringup
[18.307s] Level 1:colcon.colcon_core.environment:create_environment_scripts_only(my_robot_bringup)
[18.308s] DEBUG:colcon.colcon_core.event_handler.log_command:Invoked command in '/home/sambhav/ros2_ws/src/build/my_robot_bringup' returned '0': AMENT_PREFIX_PATH=/home/sambhav/ros2_ws/src/install/my_py_pkg:/home/sambhav/ros2_ws/src/install/my_robot_interfaces:${AMENT_PREFIX_PATH} CMAKE_PREFIX_PATH=/home/sambhav/ros2_ws/src/install/my_robot_interfaces:/home/sambhav/ros2_ws/install/my_robot_bringup:/home/sambhav/ros2_ws/install/my_robot_interfaces:/home/sambhav/ros2_ws/install/my_py_pkg:/opt/ros/humble LD_LIBRARY_PATH=/home/sambhav/ros2_ws/src/install/my_robot_interfaces/lib:${LD_LIBRARY_PATH} PYTHONPATH=/home/sambhav/ros2_ws/src/install/my_py_pkg/lib/python3.10/site-packages:/home/sambhav/ros2_ws/src/install/my_robot_interfaces/local/lib/python3.10/dist-packages:${PYTHONPATH} /usr/bin/cmake --install /home/sambhav/ros2_ws/src/build/my_robot_bringup
[18.352s] Level 1:colcon.colcon_core.environment:checking '/home/sambhav/ros2_ws/src/install/my_robot_bringup' for CMake module files
[18.353s] Level 1:colcon.colcon_core.environment:checking '/home/sambhav/ros2_ws/src/install/my_robot_bringup' for CMake config files
[18.354s] Level 1:colcon.colcon_core.shell:create_environment_hook('my_robot_bringup', 'cmake_prefix_path')
[18.382s] INFO:colcon.colcon_core.shell:Creating environment hook '/home/sambhav/ros2_ws/src/install/my_robot_bringup/share/my_robot_bringup/hook/cmake_prefix_path.ps1'
[18.383s] INFO:colcon.colcon_core.shell:Creating environment descriptor '/home/sambhav/ros2_ws/src/install/my_robot_bringup/share/my_robot_bringup/hook/cmake_prefix_path.dsv'
[18.384s] INFO:colcon.colcon_core.shell:Creating environment hook '/home/sambhav/ros2_ws/src/install/my_robot_bringup/share/my_robot_bringup/hook/cmake_prefix_path.sh'
[18.385s] Level 1:colcon.colcon_core.environment:checking '/home/sambhav/ros2_ws/src/install/my_robot_bringup/bin'
[18.385s] Level 1:colcon.colcon_core.environment:checking '/home/sambhav/ros2_ws/src/install/my_robot_bringup/lib/pkgconfig/my_robot_bringup.pc'
[18.385s] Level 1:colcon.colcon_core.environment:checking '/home/sambhav/ros2_ws/src/install/my_robot_bringup/lib/python3.10/site-packages'
[18.386s] Level 1:colcon.colcon_core.environment:checking '/home/sambhav/ros2_ws/src/install/my_robot_bringup/bin'
[18.443s] INFO:colcon.colcon_core.shell:Creating package script '/home/sambhav/ros2_ws/src/install/my_robot_bringup/share/my_robot_bringup/package.ps1'
[18.444s] INFO:colcon.colcon_core.shell:Creating package descriptor '/home/sambhav/ros2_ws/src/install/my_robot_bringup/share/my_robot_bringup/package.dsv'
[18.445s] INFO:colcon.colcon_core.shell:Creating package script '/home/sambhav/ros2_ws/src/install/my_robot_bringup/share/my_robot_bringup/package.sh'
[18.446s] INFO:colcon.colcon_core.shell:Creating package script '/home/sambhav/ros2_ws/src/install/my_robot_bringup/share/my_robot_bringup/package.bash'
[18.447s] INFO:colcon.colcon_core.shell:Creating package script '/home/sambhav/ros2_ws/src/install/my_robot_bringup/share/my_robot_bringup/package.zsh'
[18.447s] Level 1:colcon.colcon_core.environment:create_file_with_runtime_dependencies(/home/sambhav/ros2_ws/src/install/my_robot_bringup/share/colcon-core/packages/my_robot_bringup)
[18.521s] Level 1:colcon.colcon_core.environment:create_environment_scripts_only(my_robot_bringup)
[18.549s] Level 1:colcon.colcon_core.environment:checking '/home/sambhav/ros2_ws/src/install/my_robot_bringup' for CMake module files
[18.549s] Level 1:colcon.colcon_core.environment:checking '/home/sambhav/ros2_ws/src/install/my_robot_bringup' for CMake config files
[18.550s] Level 1:colcon.colcon_core.shell:create_environment_hook('my_robot_bringup', 'cmake_prefix_path')
[18.578s] INFO:colcon.colcon_core.shell:Creating environment hook '/home/sambhav/ros2_ws/src/install/my_robot_bringup/share/my_robot_bringup/hook/cmake_prefix_path.ps1'
[18.579s] INFO:colcon.colcon_core.shell:Creating environment descriptor '/home/sambhav/ros2_ws/src/install/my_robot_bringup/share/my_robot_bringup/hook/cmake_prefix_path.dsv'
[18.580s] INFO:colcon.colcon_core.shell:Creating environment hook '/home/sambhav/ros2_ws/src/install/my_robot_bringup/share/my_robot_bringup/hook/cmake_prefix_path.sh'
[18.581s] Level 1:colcon.colcon_core.environment:checking '/home/sambhav/ros2_ws/src/install/my_robot_bringup/bin'
[18.581s] Level 1:colcon.colcon_core.environment:checking '/home/sambhav/ros2_ws/src/install/my_robot_bringup/lib/pkgconfig/my_robot_bringup.pc'
[18.582s] Level 1:colcon.colcon_core.environment:checking '/home/sambhav/ros2_ws/src/install/my_robot_bringup/lib/python3.10/site-packages'
[18.582s] Level 1:colcon.colcon_core.environment:checking '/home/sambhav/ros2_ws/src/install/my_robot_bringup/bin'
[18.609s] INFO:colcon.colcon_core.shell:Creating package script '/home/sambhav/ros2_ws/src/install/my_robot_bringup/share/my_robot_bringup/package.ps1'
[18.610s] INFO:colcon.colcon_core.shell:Creating package descriptor '/home/sambhav/ros2_ws/src/install/my_robot_bringup/share/my_robot_bringup/package.dsv'
[18.611s] INFO:colcon.colcon_core.shell:Creating package script '/home/sambhav/ros2_ws/src/install/my_robot_bringup/share/my_robot_bringup/package.sh'
[18.612s] INFO:colcon.colcon_core.shell:Creating package script '/home/sambhav/ros2_ws/src/install/my_robot_bringup/share/my_robot_bringup/package.bash'
[18.612s] INFO:colcon.colcon_core.shell:Creating package script '/home/sambhav/ros2_ws/src/install/my_robot_bringup/share/my_robot_bringup/package.zsh'
[18.613s] Level 1:colcon.colcon_core.environment:create_file_with_runtime_dependencies(/home/sambhav/ros2_ws/src/install/my_robot_bringup/share/colcon-core/packages/my_robot_bringup)
[18.613s] DEBUG:colcon.colcon_parallel_executor.executor.parallel:closing loop
[18.614s] DEBUG:colcon.colcon_parallel_executor.executor.parallel:loop closed
[18.614s] DEBUG:colcon.colcon_parallel_executor.executor.parallel:run_until_complete finished with '0'
[18.614s] DEBUG:colcon.colcon_core.event_reactor:joining thread
[18.654s] INFO:colcon.colcon_core.plugin_system:Skipping extension 'colcon_notification.desktop_notification.terminal_notifier': Not used on non-Darwin systems
[18.655s] INFO:colcon.colcon_core.plugin_system:Skipping extension 'colcon_notification.desktop_notification.win32': Not used on non-Windows systems
[18.655s] INFO:colcon.colcon_notification.desktop_notification:Sending desktop notification using 'notify2'
[18.676s] DEBUG:colcon.colcon_core.event_reactor:joined thread
[18.711s] INFO:colcon.colcon_core.shell:Creating prefix script '/home/sambhav/ros2_ws/src/install/local_setup.ps1'
[18.713s] INFO:colcon.colcon_core.shell:Creating prefix util module '/home/sambhav/ros2_ws/src/install/_local_setup_util_ps1.py'
[18.715s] INFO:colcon.colcon_core.shell:Creating prefix chain script '/home/sambhav/ros2_ws/src/install/setup.ps1'
[18.749s] INFO:colcon.colcon_core.shell:Creating prefix script '/home/sambhav/ros2_ws/src/install/local_setup.sh'
[18.750s] INFO:colcon.colcon_core.shell:Creating prefix util module '/home/sambhav/ros2_ws/src/install/_local_setup_util_sh.py'
[18.752s] INFO:colcon.colcon_core.shell:Creating prefix chain script '/home/sambhav/ros2_ws/src/install/setup.sh'
[18.782s] INFO:colcon.colcon_core.shell:Creating prefix script '/home/sambhav/ros2_ws/src/install/local_setup.bash'
[18.783s] INFO:colcon.colcon_core.shell:Creating prefix chain script '/home/sambhav/ros2_ws/src/install/setup.bash'
[18.815s] INFO:colcon.colcon_core.shell:Creating prefix script '/home/sambhav/ros2_ws/src/install/local_setup.zsh'
[18.816s] INFO:colcon.colcon_core.shell:Creating prefix chain script '/home/sambhav/ros2_ws/src/install/setup.zsh'
