[1.440s] Invoking command in '/home/sambhav/ros2_ws/src/my_py_pkg': AMENT_PREFIX_PATH=/home/sambhav/ros2_ws/src/install/my_robot_interfaces:${AMENT_PREFIX_PATH} CMAKE_PREFIX_PATH=/home/sambhav/ros2_ws/src/install/my_robot_interfaces:${CMAKE_PREFIX_PATH} LD_LIBRARY_PATH=/home/sambhav/ros2_ws/src/install/my_robot_interfaces/lib:/home/sambhav/ros2_ws/install/my_robot_interfaces/lib:/home/sambhav/ros2_ws/install/example_interfaces/lib:/usr/lib/x86_64-linux-gnu/gazebo-11/plugins:/opt/ros/humble/opt/rviz_ogre_vendor/lib:/opt/ros/humble/lib/x86_64-linux-gnu:/opt/ros/humble/lib:/usr/share/gazebo-11/../../lib/x86_64-linux-gnu/gazebo-11/plugins:/usr/share/gazebo-11/../../lib/x86_64-linux-gnu/gazebo-11/plugins:/usr/share/gazebo-11/../../lib/x86_64-linux-gnu/gazebo-11/plugins PYTHONPATH=/home/sambhav/ros2_ws/src/build/my_py_pkg/prefix_override:/home/sambhav/ros2_ws/src/install/my_py_pkg/lib/python3.10/site-packages:/home/sambhav/ros2_ws/src/install/my_robot_interfaces/local/lib/python3.10/dist-packages:${PYTHONPATH} /usr/bin/python3 -W ignore:setup.py install is deprecated setup.py egg_info --egg-base ../build/my_py_pkg build --build-base /home/sambhav/ros2_ws/src/build/my_py_pkg/build install --record /home/sambhav/ros2_ws/src/build/my_py_pkg/install.log --single-version-externally-managed install_data
[1.736s] running egg_info
[1.737s] writing ../build/my_py_pkg/my_py_pkg.egg-info/PKG-INFO
[1.737s] writing dependency_links to ../build/my_py_pkg/my_py_pkg.egg-info/dependency_links.txt
[1.737s] writing entry points to ../build/my_py_pkg/my_py_pkg.egg-info/entry_points.txt
[1.737s] writing requirements to ../build/my_py_pkg/my_py_pkg.egg-info/requires.txt
[1.737s] writing top-level names to ../build/my_py_pkg/my_py_pkg.egg-info/top_level.txt
[1.739s] reading manifest file '../build/my_py_pkg/my_py_pkg.egg-info/SOURCES.txt'
[1.740s] writing manifest file '../build/my_py_pkg/my_py_pkg.egg-info/SOURCES.txt'
[1.740s] running build
[1.740s] running build_py
[1.742s] running install
[1.742s] running install_lib
[1.744s] byte-compiling /home/sambhav/ros2_ws/src/install/my_py_pkg/lib/python3.10/site-packages/my_py_pkg/first_year_task.py to first_year_task.cpython-310.pyc
[1.744s] Sorry: IndentationError: unexpected indent (first_year_task.py, line 2)
[1.744s] byte-compiling /home/sambhav/ros2_ws/src/install/my_py_pkg/lib/python3.10/site-packages/my_py_pkg/turtle_controller_node.py to turtle_controller_node.cpython-310.pyc
[1.744s] running install_data
[1.744s] Sorry: IndentationError: unexpected indent (turtle_controller_node.py, line 2)
[1.744s] running install_egg_info
[1.746s] removing '/home/sambhav/ros2_ws/src/install/my_py_pkg/lib/python3.10/site-packages/my_py_pkg-0.0.0-py3.10.egg-info' (and everything under it)
[1.746s] Copying ../build/my_py_pkg/my_py_pkg.egg-info to /home/sambhav/ros2_ws/src/install/my_py_pkg/lib/python3.10/site-packages/my_py_pkg-0.0.0-py3.10.egg-info
[1.747s] running install_scripts
[1.768s] Installing add_two_ints_client script to /home/sambhav/ros2_ws/src/install/my_py_pkg/lib/my_py_pkg
[1.768s] Installing add_two_ints_client_no_oop script to /home/sambhav/ros2_ws/src/install/my_py_pkg/lib/my_py_pkg
[1.768s] Installing add_two_ints_server script to /home/sambhav/ros2_ws/src/install/my_py_pkg/lib/my_py_pkg
[1.768s] Installing battery_node script to /home/sambhav/ros2_ws/src/install/my_py_pkg/lib/my_py_pkg
[1.769s] Installing first_year_task script to /home/sambhav/ros2_ws/src/install/my_py_pkg/lib/my_py_pkg
[1.769s] Installing hw_status_publisher script to /home/sambhav/ros2_ws/src/install/my_py_pkg/lib/my_py_pkg
[1.769s] Installing led_panel_node script to /home/sambhav/ros2_ws/src/install/my_py_pkg/lib/my_py_pkg
[1.769s] Installing number_counter script to /home/sambhav/ros2_ws/src/install/my_py_pkg/lib/my_py_pkg
[1.769s] Installing number_publisher script to /home/sambhav/ros2_ws/src/install/my_py_pkg/lib/my_py_pkg
[1.769s] Installing py_node script to /home/sambhav/ros2_ws/src/install/my_py_pkg/lib/my_py_pkg
[1.769s] Installing robot_news_station script to /home/sambhav/ros2_ws/src/install/my_py_pkg/lib/my_py_pkg
[1.769s] Installing smartphone script to /home/sambhav/ros2_ws/src/install/my_py_pkg/lib/my_py_pkg
[1.769s] writing list of installed files to '/home/sambhav/ros2_ws/src/build/my_py_pkg/install.log'
[1.796s] Invoked command in '/home/sambhav/ros2_ws/src/my_py_pkg' returned '0': AMENT_PREFIX_PATH=/home/sambhav/ros2_ws/src/install/my_robot_interfaces:${AMENT_PREFIX_PATH} CMAKE_PREFIX_PATH=/home/sambhav/ros2_ws/src/install/my_robot_interfaces:${CMAKE_PREFIX_PATH} LD_LIBRARY_PATH=/home/sambhav/ros2_ws/src/install/my_robot_interfaces/lib:/home/sambhav/ros2_ws/install/my_robot_interfaces/lib:/home/sambhav/ros2_ws/install/example_interfaces/lib:/usr/lib/x86_64-linux-gnu/gazebo-11/plugins:/opt/ros/humble/opt/rviz_ogre_vendor/lib:/opt/ros/humble/lib/x86_64-linux-gnu:/opt/ros/humble/lib:/usr/share/gazebo-11/../../lib/x86_64-linux-gnu/gazebo-11/plugins:/usr/share/gazebo-11/../../lib/x86_64-linux-gnu/gazebo-11/plugins:/usr/share/gazebo-11/../../lib/x86_64-linux-gnu/gazebo-11/plugins PYTHONPATH=/home/sambhav/ros2_ws/src/build/my_py_pkg/prefix_override:/home/sambhav/ros2_ws/src/install/my_py_pkg/lib/python3.10/site-packages:/home/sambhav/ros2_ws/src/install/my_robot_interfaces/local/lib/python3.10/dist-packages:${PYTHONPATH} /usr/bin/python3 -W ignore:setup.py install is deprecated setup.py egg_info --egg-base ../build/my_py_pkg build --build-base /home/sambhav/ros2_ws/src/build/my_py_pkg/build install --record /home/sambhav/ros2_ws/src/build/my_py_pkg/install.log --single-version-externally-managed install_data
