[0.440s] Invoking command in '/home/sambhav/ros2_ws/my_py_pkg': PYTHONPATH=/home/sambhav/ros2_ws/build/my_py_pkg/prefix_override:/home/sambhav/ros2_ws/install/my_py_pkg/lib/python3.10/site-packages:${PYTHONPATH} /usr/bin/python3 setup.py egg_info --egg-base ../build/my_py_pkg build --build-base /home/sambhav/ros2_ws/build/my_py_pkg/build install --record /home/sambhav/ros2_ws/build/my_py_pkg/install.log --single-version-externally-managed
[0.587s] running egg_info
[0.587s] writing ../build/my_py_pkg/my_py_pkg.egg-info/PKG-INFO
[0.587s] writing dependency_links to ../build/my_py_pkg/my_py_pkg.egg-info/dependency_links.txt
[0.587s] writing entry points to ../build/my_py_pkg/my_py_pkg.egg-info/entry_points.txt
[0.587s] writing requirements to ../build/my_py_pkg/my_py_pkg.egg-info/requires.txt
[0.587s] writing top-level names to ../build/my_py_pkg/my_py_pkg.egg-info/top_level.txt
[0.589s] reading manifest file '../build/my_py_pkg/my_py_pkg.egg-info/SOURCES.txt'
[0.589s] writing manifest file '../build/my_py_pkg/my_py_pkg.egg-info/SOURCES.txt'
[0.589s] running build
[0.589s] running build_py
[0.589s] running install
[0.590s] running install_lib
[0.590s] running install_data
[0.590s] running install_egg_info
[0.591s] removing '/home/sambhav/ros2_ws/install/my_py_pkg/lib/python3.10/site-packages/my_py_pkg-0.0.0-py3.10.egg-info' (and everything under it)
[0.591s] Copying ../build/my_py_pkg/my_py_pkg.egg-info to /home/sambhav/ros2_ws/install/my_py_pkg/lib/python3.10/site-packages/my_py_pkg-0.0.0-py3.10.egg-info
[0.592s] running install_scripts
[0.604s] writing list of installed files to '/home/sambhav/ros2_ws/build/my_py_pkg/install.log'
[0.622s] Invoked command in '/home/sambhav/ros2_ws/my_py_pkg' returned '0': PYTHONPATH=/home/sambhav/ros2_ws/build/my_py_pkg/prefix_override:/home/sambhav/ros2_ws/install/my_py_pkg/lib/python3.10/site-packages:${PYTHONPATH} /usr/bin/python3 setup.py egg_info --egg-base ../build/my_py_pkg build --build-base /home/sambhav/ros2_ws/build/my_py_pkg/build install --record /home/sambhav/ros2_ws/build/my_py_pkg/install.log --single-version-externally-managed
