[0.475s] Invoking command in '/home/sambhav/ros2_ws/src/lifecycle_py': CMAKE_PREFIX_PATH=/home/sambhav/ros2_ws/install/example_interfaces:/home/sambhav/ros2_ws/install/my_robot_bringup:/home/sambhav/ros2_ws/install/my_robot_interfaces:/home/sambhav/ros2_ws/install/my_robot_description:/home/sambhav/my_swarm/install/swarm_description LD_LIBRARY_PATH=/home/sambhav/ros2_ws/install/example_interfaces/lib:/home/sambhav/ros2_ws/install/my_robot_interfaces/lib:/usr/lib/x86_64-linux-gnu/gazebo-11/plugins:/opt/ros/humble/opt/rviz_ogre_vendor/lib:/opt/ros/humble/lib/x86_64-linux-gnu:/opt/ros/humble/lib:/usr/share/gazebo-11/../../lib/x86_64-linux-gnu/gazebo-11/plugins PYTHONPATH=/home/sambhav/ros2_ws/build/lifecycle_py/prefix_override:/home/sambhav/ros2_ws/install/lifecycle_py/lib/python3.10/site-packages:${PYTHONPATH} /usr/bin/python3 -W ignore:setup.py install is deprecated setup.py egg_info --egg-base ../../build/lifecycle_py build --build-base /home/sambhav/ros2_ws/build/lifecycle_py/build install --record /home/sambhav/ros2_ws/build/lifecycle_py/install.log --single-version-externally-managed install_data
[0.645s] running egg_info
[0.645s] writing ../../build/lifecycle_py/lifecycle_py.egg-info/PKG-INFO
[0.646s] writing dependency_links to ../../build/lifecycle_py/lifecycle_py.egg-info/dependency_links.txt
[0.646s] writing entry points to ../../build/lifecycle_py/lifecycle_py.egg-info/entry_points.txt
[0.646s] writing requirements to ../../build/lifecycle_py/lifecycle_py.egg-info/requires.txt
[0.646s] writing top-level names to ../../build/lifecycle_py/lifecycle_py.egg-info/top_level.txt
[0.647s] reading manifest file '../../build/lifecycle_py/lifecycle_py.egg-info/SOURCES.txt'
[0.647s] writing manifest file '../../build/lifecycle_py/lifecycle_py.egg-info/SOURCES.txt'
[0.648s] running build
[0.648s] running build_py
[0.648s] running install
[0.648s] running install_lib
[0.649s] running install_data
[0.649s] running install_egg_info
[0.650s] removing '/home/sambhav/ros2_ws/install/lifecycle_py/lib/python3.10/site-packages/lifecycle_py-0.0.0-py3.10.egg-info' (and everything under it)
[0.650s] Copying ../../build/lifecycle_py/lifecycle_py.egg-info to /home/sambhav/ros2_ws/install/lifecycle_py/lib/python3.10/site-packages/lifecycle_py-0.0.0-py3.10.egg-info
[0.651s] running install_scripts
[0.664s] Installing lifecycle_node_manager script to /home/sambhav/ros2_ws/install/lifecycle_py/lib/lifecycle_py
[0.664s] Installing move_robot_server_copy script to /home/sambhav/ros2_ws/install/lifecycle_py/lib/lifecycle_py
[0.664s] Installing number_publisher script to /home/sambhav/ros2_ws/install/lifecycle_py/lib/lifecycle_py
[0.664s] writing list of installed files to '/home/sambhav/ros2_ws/build/lifecycle_py/install.log'
[0.683s] Invoked command in '/home/sambhav/ros2_ws/src/lifecycle_py' returned '0': CMAKE_PREFIX_PATH=/home/sambhav/ros2_ws/install/example_interfaces:/home/sambhav/ros2_ws/install/my_robot_bringup:/home/sambhav/ros2_ws/install/my_robot_interfaces:/home/sambhav/ros2_ws/install/my_robot_description:/home/sambhav/my_swarm/install/swarm_description LD_LIBRARY_PATH=/home/sambhav/ros2_ws/install/example_interfaces/lib:/home/sambhav/ros2_ws/install/my_robot_interfaces/lib:/usr/lib/x86_64-linux-gnu/gazebo-11/plugins:/opt/ros/humble/opt/rviz_ogre_vendor/lib:/opt/ros/humble/lib/x86_64-linux-gnu:/opt/ros/humble/lib:/usr/share/gazebo-11/../../lib/x86_64-linux-gnu/gazebo-11/plugins PYTHONPATH=/home/sambhav/ros2_ws/build/lifecycle_py/prefix_override:/home/sambhav/ros2_ws/install/lifecycle_py/lib/python3.10/site-packages:${PYTHONPATH} /usr/bin/python3 -W ignore:setup.py install is deprecated setup.py egg_info --egg-base ../../build/lifecycle_py build --build-base /home/sambhav/ros2_ws/build/lifecycle_py/build install --record /home/sambhav/ros2_ws/build/lifecycle_py/install.log --single-version-externally-managed install_data
