[0.488s] Invoking command in '/home/sambhav/ros2_ws/build/my_py_pkg': PYTHONPATH=/home/sambhav/ros2_ws/build/my_py_pkg/prefix_override:/home/sambhav/ros2_ws/install/my_py_pkg/lib/python3.10/site-packages:${PYTHONPATH} /usr/bin/python3 setup.py develop --uninstall --editable --build-directory /home/sambhav/ros2_ws/build/my_py_pkg/build
[0.653s] running develop
[0.747s] Removing /home/sambhav/ros2_ws/install/my_py_pkg/lib/python3.10/site-packages/my-py-pkg.egg-link (link to .)
[0.767s] Invoked command in '/home/sambhav/ros2_ws/build/my_py_pkg' returned '0': PYTHONPATH=/home/sambhav/ros2_ws/build/my_py_pkg/prefix_override:/home/sambhav/ros2_ws/install/my_py_pkg/lib/python3.10/site-packages:${PYTHONPATH} /usr/bin/python3 setup.py develop --uninstall --editable --build-directory /home/sambhav/ros2_ws/build/my_py_pkg/build
[0.769s] Invoking command in '/home/sambhav/ros2_ws/src/my_py_pkg': PYTHONPATH=/home/sambhav/ros2_ws/build/my_py_pkg/prefix_override:/home/sambhav/ros2_ws/install/my_py_pkg/lib/python3.10/site-packages:${PYTHONPATH} /usr/bin/python3 setup.py egg_info --egg-base ../../build/my_py_pkg build --build-base /home/sambhav/ros2_ws/build/my_py_pkg/build install --record /home/sambhav/ros2_ws/build/my_py_pkg/install.log --single-version-externally-managed
[0.918s] running egg_info
[0.918s] writing ../../build/my_py_pkg/my_py_pkg.egg-info/PKG-INFO
[0.918s] writing dependency_links to ../../build/my_py_pkg/my_py_pkg.egg-info/dependency_links.txt
[0.918s] writing entry points to ../../build/my_py_pkg/my_py_pkg.egg-info/entry_points.txt
[0.918s] writing requirements to ../../build/my_py_pkg/my_py_pkg.egg-info/requires.txt
[0.918s] writing top-level names to ../../build/my_py_pkg/my_py_pkg.egg-info/top_level.txt
[0.919s] reading manifest file '../../build/my_py_pkg/my_py_pkg.egg-info/SOURCES.txt'
[0.925s] writing manifest file '../../build/my_py_pkg/my_py_pkg.egg-info/SOURCES.txt'
[0.925s] running build
[0.925s] running build_py
[0.926s] copying my_py_pkg/hw_status_publisher.py -> /home/sambhav/ros2_ws/build/my_py_pkg/build/lib/my_py_pkg
[0.928s] running install
[0.928s] running install_lib
[0.928s] creating /home/sambhav/ros2_ws/install/my_py_pkg/lib/python3.10/site-packages/my_py_pkg
[0.928s] copying /home/sambhav/ros2_ws/build/my_py_pkg/build/lib/my_py_pkg/__init__.py -> /home/sambhav/ros2_ws/install/my_py_pkg/lib/python3.10/site-packages/my_py_pkg
[0.928s] copying /home/sambhav/ros2_ws/build/my_py_pkg/build/lib/my_py_pkg/add_two_ints_server.py -> /home/sambhav/ros2_ws/install/my_py_pkg/lib/python3.10/site-packages/my_py_pkg
[0.928s] copying /home/sambhav/ros2_ws/build/my_py_pkg/build/lib/my_py_pkg/number_publisher.py -> /home/sambhav/ros2_ws/install/my_py_pkg/lib/python3.10/site-packages/my_py_pkg
[0.928s] copying /home/sambhav/ros2_ws/build/my_py_pkg/build/lib/my_py_pkg/my_first_node.py -> /home/sambhav/ros2_ws/install/my_py_pkg/lib/python3.10/site-packages/my_py_pkg
[0.929s] copying /home/sambhav/ros2_ws/build/my_py_pkg/build/lib/my_py_pkg/number_counter.py -> /home/sambhav/ros2_ws/install/my_py_pkg/lib/python3.10/site-packages/my_py_pkg
[0.929s] copying /home/sambhav/ros2_ws/build/my_py_pkg/build/lib/my_py_pkg/add_two_ints_client_no_oop.py -> /home/sambhav/ros2_ws/install/my_py_pkg/lib/python3.10/site-packages/my_py_pkg
[0.929s] copying /home/sambhav/ros2_ws/build/my_py_pkg/build/lib/my_py_pkg/add_two_ints_client.py -> /home/sambhav/ros2_ws/install/my_py_pkg/lib/python3.10/site-packages/my_py_pkg
[0.929s] copying /home/sambhav/ros2_ws/build/my_py_pkg/build/lib/my_py_pkg/robot_news_station.py -> /home/sambhav/ros2_ws/install/my_py_pkg/lib/python3.10/site-packages/my_py_pkg
[0.929s] copying /home/sambhav/ros2_ws/build/my_py_pkg/build/lib/my_py_pkg/hw_status_publisher.py -> /home/sambhav/ros2_ws/install/my_py_pkg/lib/python3.10/site-packages/my_py_pkg
[0.929s] copying /home/sambhav/ros2_ws/build/my_py_pkg/build/lib/my_py_pkg/smartphone.py -> /home/sambhav/ros2_ws/install/my_py_pkg/lib/python3.10/site-packages/my_py_pkg
[0.930s] byte-compiling /home/sambhav/ros2_ws/install/my_py_pkg/lib/python3.10/site-packages/my_py_pkg/__init__.py to __init__.cpython-310.pyc
[0.930s] byte-compiling /home/sambhav/ros2_ws/install/my_py_pkg/lib/python3.10/site-packages/my_py_pkg/add_two_ints_server.py to add_two_ints_server.cpython-310.pyc
[0.930s] byte-compiling /home/sambhav/ros2_ws/install/my_py_pkg/lib/python3.10/site-packages/my_py_pkg/number_publisher.py to number_publisher.cpython-310.pyc
[0.931s] byte-compiling /home/sambhav/ros2_ws/install/my_py_pkg/lib/python3.10/site-packages/my_py_pkg/my_first_node.py to my_first_node.cpython-310.pyc
[0.931s] byte-compiling /home/sambhav/ros2_ws/install/my_py_pkg/lib/python3.10/site-packages/my_py_pkg/number_counter.py to number_counter.cpython-310.pyc
[0.931s] byte-compiling /home/sambhav/ros2_ws/install/my_py_pkg/lib/python3.10/site-packages/my_py_pkg/add_two_ints_client_no_oop.py to add_two_ints_client_no_oop.cpython-310.pyc
[0.931s] byte-compiling /home/sambhav/ros2_ws/install/my_py_pkg/lib/python3.10/site-packages/my_py_pkg/add_two_ints_client.py to add_two_ints_client.cpython-310.pyc
[0.932s] byte-compiling /home/sambhav/ros2_ws/install/my_py_pkg/lib/python3.10/site-packages/my_py_pkg/robot_news_station.py to robot_news_station.cpython-310.pyc
[0.932s] byte-compiling /home/sambhav/ros2_ws/install/my_py_pkg/lib/python3.10/site-packages/my_py_pkg/hw_status_publisher.py to hw_status_publisher.cpython-310.pyc
[0.932s] byte-compiling /home/sambhav/ros2_ws/install/my_py_pkg/lib/python3.10/site-packages/my_py_pkg/smartphone.py to smartphone.cpython-310.pyc
[0.932s] running install_data
[0.933s] running install_egg_info
[0.934s] Copying ../../build/my_py_pkg/my_py_pkg.egg-info to /home/sambhav/ros2_ws/install/my_py_pkg/lib/python3.10/site-packages/my_py_pkg-0.0.0-py3.10.egg-info
[0.934s] running install_scripts
[0.947s] Installing add_two_ints_client script to /home/sambhav/ros2_ws/install/my_py_pkg/lib/my_py_pkg
[0.947s] Installing add_two_ints_client_no_oop script to /home/sambhav/ros2_ws/install/my_py_pkg/lib/my_py_pkg
[0.947s] Installing add_two_ints_server script to /home/sambhav/ros2_ws/install/my_py_pkg/lib/my_py_pkg
[0.947s] Installing hw_status_publisher script to /home/sambhav/ros2_ws/install/my_py_pkg/lib/my_py_pkg
[0.948s] Installing number_counter script to /home/sambhav/ros2_ws/install/my_py_pkg/lib/my_py_pkg
[0.948s] Installing number_publisher script to /home/sambhav/ros2_ws/install/my_py_pkg/lib/my_py_pkg
[0.948s] Installing py_node script to /home/sambhav/ros2_ws/install/my_py_pkg/lib/my_py_pkg
[0.948s] Installing robot_news_station script to /home/sambhav/ros2_ws/install/my_py_pkg/lib/my_py_pkg
[0.948s] Installing smartphone script to /home/sambhav/ros2_ws/install/my_py_pkg/lib/my_py_pkg
[0.948s] writing list of installed files to '/home/sambhav/ros2_ws/build/my_py_pkg/install.log'
[0.965s] Invoked command in '/home/sambhav/ros2_ws/src/my_py_pkg' returned '0': PYTHONPATH=/home/sambhav/ros2_ws/build/my_py_pkg/prefix_override:/home/sambhav/ros2_ws/install/my_py_pkg/lib/python3.10/site-packages:${PYTHONPATH} /usr/bin/python3 setup.py egg_info --egg-base ../../build/my_py_pkg build --build-base /home/sambhav/ros2_ws/build/my_py_pkg/build install --record /home/sambhav/ros2_ws/build/my_py_pkg/install.log --single-version-externally-managed
