[0.013s] Invoking command in '/home/sambhav/ros2_ws/build/my_robot_description': CMAKE_PREFIX_PATH=${CMAKE_PREFIX_PATH}:/home/sambhav/ros2_ws/install/turtlesim_catch_them_all:/home/sambhav/ros2_ws/install/my_py_pkg:/home/sambhav/my_swarm/install/bot1_controller:/opt/ros/humble /usr/bin/cmake /home/sambhav/ros2_ws/src/my_robot_description -DCMAKE_INSTALL_PREFIX=/home/sambhav/ros2_ws/install/my_robot_description
[0.023s] -- Found ament_cmake: 1.3.8 (/opt/ros/humble/share/ament_cmake/cmake)
[0.146s] -- Override CMake install command with custom implementation using symlinks instead of copying resources
[0.273s] -- Configuring done
[0.276s] -- Generating done
[0.277s] -- Build files have been written to: /home/sambhav/ros2_ws/build/my_robot_description
[0.292s] Invoked command in '/home/sambhav/ros2_ws/build/my_robot_description' returned '0': CMAKE_PREFIX_PATH=${CMAKE_PREFIX_PATH}:/home/sambhav/ros2_ws/install/turtlesim_catch_them_all:/home/sambhav/ros2_ws/install/my_py_pkg:/home/sambhav/my_swarm/install/bot1_controller:/opt/ros/humble /usr/bin/cmake /home/sambhav/ros2_ws/src/my_robot_description -DCMAKE_INSTALL_PREFIX=/home/sambhav/ros2_ws/install/my_robot_description
[0.294s] Invoking command in '/home/sambhav/ros2_ws/build/my_robot_description': CMAKE_PREFIX_PATH=${CMAKE_PREFIX_PATH}:/home/sambhav/ros2_ws/install/turtlesim_catch_them_all:/home/sambhav/ros2_ws/install/my_py_pkg:/home/sambhav/my_swarm/install/bot1_controller:/opt/ros/humble /usr/bin/cmake --build /home/sambhav/ros2_ws/build/my_robot_description -- -j8 -l8
[0.397s] Invoked command in '/home/sambhav/ros2_ws/build/my_robot_description' returned '0': CMAKE_PREFIX_PATH=${CMAKE_PREFIX_PATH}:/home/sambhav/ros2_ws/install/turtlesim_catch_them_all:/home/sambhav/ros2_ws/install/my_py_pkg:/home/sambhav/my_swarm/install/bot1_controller:/opt/ros/humble /usr/bin/cmake --build /home/sambhav/ros2_ws/build/my_robot_description -- -j8 -l8
[0.497s] Invoking command in '/home/sambhav/ros2_ws/build/my_robot_description': CMAKE_PREFIX_PATH=${CMAKE_PREFIX_PATH}:/home/sambhav/ros2_ws/install/turtlesim_catch_them_all:/home/sambhav/ros2_ws/install/my_py_pkg:/home/sambhav/my_swarm/install/bot1_controller:/opt/ros/humble /usr/bin/cmake --install /home/sambhav/ros2_ws/build/my_robot_description
[0.509s] -- Install configuration: ""
[0.509s] -- Execute custom install script
[0.513s] -- Up-to-date symlink: /home/sambhav/ros2_ws/install/my_robot_description/share/my_robot_description//urdf/camera.xacro
[0.513s] -- Up-to-date symlink: /home/sambhav/ros2_ws/install/my_robot_description/share/my_robot_description//urdf/common_properties.xacro
[0.517s] -- Up-to-date symlink: /home/sambhav/ros2_ws/install/my_robot_description/share/my_robot_description//urdf/mobile_base.xacro
[0.520s] -- Up-to-date symlink: /home/sambhav/ros2_ws/install/my_robot_description/share/my_robot_description//urdf/mobile_base_gazebo.xacro
[0.520s] -- Up-to-date symlink: /home/sambhav/ros2_ws/install/my_robot_description/share/my_robot_description//urdf/my_robot.urdf.xacro
[0.520s] -- Up-to-date symlink: /home/sambhav/ros2_ws/install/my_robot_description/share/my_robot_description//urdf/robotic_arm.xacro
[0.520s] -- Symlinking: /home/sambhav/ros2_ws/install/my_robot_description/share/my_robot_description//urdf/robotic_arm_gazebo.xacro
[0.534s] -- Up-to-date symlink: /home/sambhav/ros2_ws/install/my_robot_description/share/my_robot_description//urdf/standalone_arm.urdf.xacro
[0.535s] -- Up-to-date symlink: /home/sambhav/ros2_ws/install/my_robot_description/share/my_robot_description//launch/display.launch.py
[0.535s] -- Up-to-date symlink: /home/sambhav/ros2_ws/install/my_robot_description/share/my_robot_description//launch/display.launch.xml
[0.535s] -- Up-to-date symlink: /home/sambhav/ros2_ws/install/my_robot_description/share/my_robot_description//rviz/urdf_config.rviz
[0.536s] -- Up-to-date symlink: /home/sambhav/ros2_ws/install/my_robot_description/share/ament_index/resource_index/package_run_dependencies/my_robot_description
[0.536s] -- Up-to-date symlink: /home/sambhav/ros2_ws/install/my_robot_description/share/ament_index/resource_index/parent_prefix_path/my_robot_description
[0.536s] -- Up-to-date symlink: /home/sambhav/ros2_ws/install/my_robot_description/share/my_robot_description/environment/ament_prefix_path.sh
[0.536s] -- Up-to-date symlink: /home/sambhav/ros2_ws/install/my_robot_description/share/my_robot_description/environment/ament_prefix_path.dsv
[0.537s] -- Up-to-date symlink: /home/sambhav/ros2_ws/install/my_robot_description/share/my_robot_description/environment/path.sh
[0.537s] -- Up-to-date symlink: /home/sambhav/ros2_ws/install/my_robot_description/share/my_robot_description/environment/path.dsv
[0.537s] -- Up-to-date symlink: /home/sambhav/ros2_ws/install/my_robot_description/share/my_robot_description/local_setup.bash
[0.537s] -- Up-to-date symlink: /home/sambhav/ros2_ws/install/my_robot_description/share/my_robot_description/local_setup.sh
[0.538s] -- Up-to-date symlink: /home/sambhav/ros2_ws/install/my_robot_description/share/my_robot_description/local_setup.zsh
[0.538s] -- Up-to-date symlink: /home/sambhav/ros2_ws/install/my_robot_description/share/my_robot_description/local_setup.dsv
[0.538s] -- Symlinking: /home/sambhav/ros2_ws/install/my_robot_description/share/my_robot_description/package.dsv
[0.551s] -- Up-to-date symlink: /home/sambhav/ros2_ws/install/my_robot_description/share/ament_index/resource_index/packages/my_robot_description
[0.552s] -- Up-to-date symlink: /home/sambhav/ros2_ws/install/my_robot_description/share/my_robot_description/cmake/my_robot_descriptionConfig.cmake
[0.552s] -- Up-to-date symlink: /home/sambhav/ros2_ws/install/my_robot_description/share/my_robot_description/cmake/my_robot_descriptionConfig-version.cmake
[0.552s] -- Up-to-date symlink: /home/sambhav/ros2_ws/install/my_robot_description/share/my_robot_description/package.xml
[0.555s] Invoked command in '/home/sambhav/ros2_ws/build/my_robot_description' returned '0': CMAKE_PREFIX_PATH=${CMAKE_PREFIX_PATH}:/home/sambhav/ros2_ws/install/turtlesim_catch_them_all:/home/sambhav/ros2_ws/install/my_py_pkg:/home/sambhav/my_swarm/install/bot1_controller:/opt/ros/humble /usr/bin/cmake --install /home/sambhav/ros2_ws/build/my_robot_description
