[1.433s] Invoking command in '/home/sambhav/ros2_ws/src/actions_py': AMENT_PREFIX_PATH=/home/sambhav/ros2_ws/src/install/my_robot_interfaces:${AMENT_PREFIX_PATH} CMAKE_PREFIX_PATH=/home/sambhav/ros2_ws/src/install/my_robot_interfaces:${CMAKE_PREFIX_PATH} LD_LIBRARY_PATH=/home/sambhav/ros2_ws/src/install/my_robot_interfaces/lib:/home/sambhav/ros2_ws/install/my_robot_interfaces/lib:/home/sambhav/ros2_ws/install/example_interfaces/lib:/usr/lib/x86_64-linux-gnu/gazebo-11/plugins:/opt/ros/humble/opt/rviz_ogre_vendor/lib:/opt/ros/humble/lib/x86_64-linux-gnu:/opt/ros/humble/lib:/usr/share/gazebo-11/../../lib/x86_64-linux-gnu/gazebo-11/plugins:/usr/share/gazebo-11/../../lib/x86_64-linux-gnu/gazebo-11/plugins:/usr/share/gazebo-11/../../lib/x86_64-linux-gnu/gazebo-11/plugins PYTHONPATH=/home/sambhav/ros2_ws/src/build/actions_py/prefix_override:/home/sambhav/ros2_ws/src/install/actions_py/lib/python3.10/site-packages:/home/sambhav/ros2_ws/src/install/my_robot_interfaces/local/lib/python3.10/dist-packages:${PYTHONPATH} /usr/bin/python3 -W ignore:setup.py install is deprecated setup.py egg_info --egg-base ../build/actions_py build --build-base /home/sambhav/ros2_ws/src/build/actions_py/build install --record /home/sambhav/ros2_ws/src/build/actions_py/install.log --single-version-externally-managed install_data
[1.702s] running egg_info
[1.702s] creating ../build/actions_py/actions_py.egg-info
[1.704s] writing ../build/actions_py/actions_py.egg-info/PKG-INFO
[1.704s] writing dependency_links to ../build/actions_py/actions_py.egg-info/dependency_links.txt
[1.704s] writing entry points to ../build/actions_py/actions_py.egg-info/entry_points.txt
[1.704s] writing requirements to ../build/actions_py/actions_py.egg-info/requires.txt
[1.704s] writing top-level names to ../build/actions_py/actions_py.egg-info/top_level.txt
[1.704s] writing manifest file '../build/actions_py/actions_py.egg-info/SOURCES.txt'
[1.706s] reading manifest file '../build/actions_py/actions_py.egg-info/SOURCES.txt'
[1.707s] writing manifest file '../build/actions_py/actions_py.egg-info/SOURCES.txt'
[1.708s] running build
[1.708s] running build_py
[1.708s] creating /home/sambhav/ros2_ws/src/build/actions_py/build
[1.708s] creating /home/sambhav/ros2_ws/src/build/actions_py/build/lib
[1.708s] creating /home/sambhav/ros2_ws/src/build/actions_py/build/lib/actions_py
[1.709s] copying actions_py/__init__.py -> /home/sambhav/ros2_ws/src/build/actions_py/build/lib/actions_py
[1.709s] copying actions_py/move_robot_client.py -> /home/sambhav/ros2_ws/src/build/actions_py/build/lib/actions_py
[1.709s] copying actions_py/count_until_server.py -> /home/sambhav/ros2_ws/src/build/actions_py/build/lib/actions_py
[1.710s] copying actions_py/count_until_client.py -> /home/sambhav/ros2_ws/src/build/actions_py/build/lib/actions_py
[1.710s] copying actions_py/move_robot_server.py -> /home/sambhav/ros2_ws/src/build/actions_py/build/lib/actions_py
[1.710s] running install
[1.710s] running install_lib
[1.710s] creating /home/sambhav/ros2_ws/src/install/actions_py/lib/python3.10/site-packages/actions_py
[1.710s] copying /home/sambhav/ros2_ws/src/build/actions_py/build/lib/actions_py/__init__.py -> /home/sambhav/ros2_ws/src/install/actions_py/lib/python3.10/site-packages/actions_py
[1.710s] copying /home/sambhav/ros2_ws/src/build/actions_py/build/lib/actions_py/move_robot_client.py -> /home/sambhav/ros2_ws/src/install/actions_py/lib/python3.10/site-packages/actions_py
[1.710s] copying /home/sambhav/ros2_ws/src/build/actions_py/build/lib/actions_py/count_until_server.py -> /home/sambhav/ros2_ws/src/install/actions_py/lib/python3.10/site-packages/actions_py
[1.710s] copying /home/sambhav/ros2_ws/src/build/actions_py/build/lib/actions_py/count_until_client.py -> /home/sambhav/ros2_ws/src/install/actions_py/lib/python3.10/site-packages/actions_py
[1.710s] copying /home/sambhav/ros2_ws/src/build/actions_py/build/lib/actions_py/move_robot_server.py -> /home/sambhav/ros2_ws/src/install/actions_py/lib/python3.10/site-packages/actions_py
[1.710s] byte-compiling /home/sambhav/ros2_ws/src/install/actions_py/lib/python3.10/site-packages/actions_py/__init__.py to __init__.cpython-310.pyc
[1.711s] byte-compiling /home/sambhav/ros2_ws/src/install/actions_py/lib/python3.10/site-packages/actions_py/move_robot_client.py to move_robot_client.cpython-310.pyc
[1.711s] byte-compiling /home/sambhav/ros2_ws/src/install/actions_py/lib/python3.10/site-packages/actions_py/count_until_server.py to count_until_server.cpython-310.pyc
[1.717s] byte-compiling /home/sambhav/ros2_ws/src/install/actions_py/lib/python3.10/site-packages/actions_py/count_until_client.py to count_until_client.cpython-310.pyc
[1.717s] byte-compiling /home/sambhav/ros2_ws/src/install/actions_py/lib/python3.10/site-packages/actions_py/move_robot_server.py to move_robot_server.cpython-310.pyc
[1.717s] running install_data
[1.717s] creating /home/sambhav/ros2_ws/src/install/actions_py/share/ament_index
[1.717s] creating /home/sambhav/ros2_ws/src/install/actions_py/share/ament_index/resource_index
[1.717s] creating /home/sambhav/ros2_ws/src/install/actions_py/share/ament_index/resource_index/packages
[1.718s] copying resource/actions_py -> /home/sambhav/ros2_ws/src/install/actions_py/share/ament_index/resource_index/packages
[1.718s] copying package.xml -> /home/sambhav/ros2_ws/src/install/actions_py/share/actions_py
[1.718s] running install_egg_info
[1.718s] Copying ../build/actions_py/actions_py.egg-info to /home/sambhav/ros2_ws/src/install/actions_py/lib/python3.10/site-packages/actions_py-0.0.0-py3.10.egg-info
[1.718s] running install_scripts
[1.734s] Installing count_until_client script to /home/sambhav/ros2_ws/src/install/actions_py/lib/actions_py
[1.734s] Installing count_until_server script to /home/sambhav/ros2_ws/src/install/actions_py/lib/actions_py
[1.735s] Installing move_robot_client script to /home/sambhav/ros2_ws/src/install/actions_py/lib/actions_py
[1.735s] Installing move_robot_server script to /home/sambhav/ros2_ws/src/install/actions_py/lib/actions_py
[1.735s] writing list of installed files to '/home/sambhav/ros2_ws/src/build/actions_py/install.log'
[1.768s] Invoked command in '/home/sambhav/ros2_ws/src/actions_py' returned '0': AMENT_PREFIX_PATH=/home/sambhav/ros2_ws/src/install/my_robot_interfaces:${AMENT_PREFIX_PATH} CMAKE_PREFIX_PATH=/home/sambhav/ros2_ws/src/install/my_robot_interfaces:${CMAKE_PREFIX_PATH} LD_LIBRARY_PATH=/home/sambhav/ros2_ws/src/install/my_robot_interfaces/lib:/home/sambhav/ros2_ws/install/my_robot_interfaces/lib:/home/sambhav/ros2_ws/install/example_interfaces/lib:/usr/lib/x86_64-linux-gnu/gazebo-11/plugins:/opt/ros/humble/opt/rviz_ogre_vendor/lib:/opt/ros/humble/lib/x86_64-linux-gnu:/opt/ros/humble/lib:/usr/share/gazebo-11/../../lib/x86_64-linux-gnu/gazebo-11/plugins:/usr/share/gazebo-11/../../lib/x86_64-linux-gnu/gazebo-11/plugins:/usr/share/gazebo-11/../../lib/x86_64-linux-gnu/gazebo-11/plugins PYTHONPATH=/home/sambhav/ros2_ws/src/build/actions_py/prefix_override:/home/sambhav/ros2_ws/src/install/actions_py/lib/python3.10/site-packages:/home/sambhav/ros2_ws/src/install/my_robot_interfaces/local/lib/python3.10/dist-packages:${PYTHONPATH} /usr/bin/python3 -W ignore:setup.py install is deprecated setup.py egg_info --egg-base ../build/actions_py build --build-base /home/sambhav/ros2_ws/src/build/actions_py/build install --record /home/sambhav/ros2_ws/src/build/actions_py/install.log --single-version-externally-managed install_data
