[0.513s] Invoking command in '/home/sambhav/ros2_ws/src/lifecycle_py': PYTHONPATH=/home/sambhav/ros2_ws/src/build/lifecycle_py/prefix_override:/home/sambhav/ros2_ws/src/install/lifecycle_py/lib/python3.10/site-packages:${PYTHONPATH} /usr/bin/python3 -W ignore:setup.py install is deprecated setup.py egg_info --egg-base ../build/lifecycle_py build --build-base /home/sambhav/ros2_ws/src/build/lifecycle_py/build install --record /home/sambhav/ros2_ws/src/build/lifecycle_py/install.log --single-version-externally-managed install_data
[0.711s] running egg_info
[0.711s] creating ../build/lifecycle_py/lifecycle_py.egg-info
[0.711s] writing ../build/lifecycle_py/lifecycle_py.egg-info/PKG-INFO
[0.711s] writing dependency_links to ../build/lifecycle_py/lifecycle_py.egg-info/dependency_links.txt
[0.711s] writing entry points to ../build/lifecycle_py/lifecycle_py.egg-info/entry_points.txt
[0.711s] writing requirements to ../build/lifecycle_py/lifecycle_py.egg-info/requires.txt
[0.712s] writing top-level names to ../build/lifecycle_py/lifecycle_py.egg-info/top_level.txt
[0.712s] writing manifest file '../build/lifecycle_py/lifecycle_py.egg-info/SOURCES.txt'
[0.713s] reading manifest file '../build/lifecycle_py/lifecycle_py.egg-info/SOURCES.txt'
[0.714s] writing manifest file '../build/lifecycle_py/lifecycle_py.egg-info/SOURCES.txt'
[0.714s] running build
[0.714s] running build_py
[0.714s] creating /home/sambhav/ros2_ws/src/build/lifecycle_py/build
[0.714s] creating /home/sambhav/ros2_ws/src/build/lifecycle_py/build/lib
[0.714s] creating /home/sambhav/ros2_ws/src/build/lifecycle_py/build/lib/lifecycle_py
[0.714s] copying lifecycle_py/__init__.py -> /home/sambhav/ros2_ws/src/build/lifecycle_py/build/lib/lifecycle_py
[0.714s] copying lifecycle_py/number_publisher.py -> /home/sambhav/ros2_ws/src/build/lifecycle_py/build/lib/lifecycle_py
[0.714s] copying lifecycle_py/lifecycle_node_manager.py -> /home/sambhav/ros2_ws/src/build/lifecycle_py/build/lib/lifecycle_py
[0.714s] running install
[0.714s] running install_lib
[0.715s] creating /home/sambhav/ros2_ws/src/install/lifecycle_py/lib/python3.10/site-packages/lifecycle_py
[0.715s] copying /home/sambhav/ros2_ws/src/build/lifecycle_py/build/lib/lifecycle_py/__init__.py -> /home/sambhav/ros2_ws/src/install/lifecycle_py/lib/python3.10/site-packages/lifecycle_py
[0.715s] copying /home/sambhav/ros2_ws/src/build/lifecycle_py/build/lib/lifecycle_py/number_publisher.py -> /home/sambhav/ros2_ws/src/install/lifecycle_py/lib/python3.10/site-packages/lifecycle_py
[0.715s] copying /home/sambhav/ros2_ws/src/build/lifecycle_py/build/lib/lifecycle_py/lifecycle_node_manager.py -> /home/sambhav/ros2_ws/src/install/lifecycle_py/lib/python3.10/site-packages/lifecycle_py
[0.715s] byte-compiling /home/sambhav/ros2_ws/src/install/lifecycle_py/lib/python3.10/site-packages/lifecycle_py/__init__.py to __init__.cpython-310.pyc
[0.715s] byte-compiling /home/sambhav/ros2_ws/src/install/lifecycle_py/lib/python3.10/site-packages/lifecycle_py/number_publisher.py to number_publisher.cpython-310.pyc
[0.716s] byte-compiling /home/sambhav/ros2_ws/src/install/lifecycle_py/lib/python3.10/site-packages/lifecycle_py/lifecycle_node_manager.py to lifecycle_node_manager.cpython-310.pyc
[0.716s] running install_data
[0.716s] creating /home/sambhav/ros2_ws/src/install/lifecycle_py/share/ament_index
[0.716s] creating /home/sambhav/ros2_ws/src/install/lifecycle_py/share/ament_index/resource_index
[0.716s] creating /home/sambhav/ros2_ws/src/install/lifecycle_py/share/ament_index/resource_index/packages
[0.716s] copying resource/lifecycle_py -> /home/sambhav/ros2_ws/src/install/lifecycle_py/share/ament_index/resource_index/packages
[0.716s] copying package.xml -> /home/sambhav/ros2_ws/src/install/lifecycle_py/share/lifecycle_py
[0.716s] running install_egg_info
[0.717s] Copying ../build/lifecycle_py/lifecycle_py.egg-info to /home/sambhav/ros2_ws/src/install/lifecycle_py/lib/python3.10/site-packages/lifecycle_py-0.0.0-py3.10.egg-info
[0.718s] running install_scripts
[0.732s] Installing lifecycle_node_manager script to /home/sambhav/ros2_ws/src/install/lifecycle_py/lib/lifecycle_py
[0.732s] Installing number_publisher script to /home/sambhav/ros2_ws/src/install/lifecycle_py/lib/lifecycle_py
[0.732s] writing list of installed files to '/home/sambhav/ros2_ws/src/build/lifecycle_py/install.log'
[0.755s] Invoked command in '/home/sambhav/ros2_ws/src/lifecycle_py' returned '0': PYTHONPATH=/home/sambhav/ros2_ws/src/build/lifecycle_py/prefix_override:/home/sambhav/ros2_ws/src/install/lifecycle_py/lib/python3.10/site-packages:${PYTHONPATH} /usr/bin/python3 -W ignore:setup.py install is deprecated setup.py egg_info --egg-base ../build/lifecycle_py build --build-base /home/sambhav/ros2_ws/src/build/lifecycle_py/build install --record /home/sambhav/ros2_ws/src/build/lifecycle_py/install.log --single-version-externally-managed install_data
