running egg_info
creating ../build/executors_py/executors_py.egg-info
writing ../build/executors_py/executors_py.egg-info/PKG-INFO
writing dependency_links to ../build/executors_py/executors_py.egg-info/dependency_links.txt
writing entry points to ../build/executors_py/executors_py.egg-info/entry_points.txt
writing requirements to ../build/executors_py/executors_py.egg-info/requires.txt
writing top-level names to ../build/executors_py/executors_py.egg-info/top_level.txt
writing manifest file '../build/executors_py/executors_py.egg-info/SOURCES.txt'
reading manifest file '../build/executors_py/executors_py.egg-info/SOURCES.txt'
writing manifest file '../build/executors_py/executors_py.egg-info/SOURCES.txt'
running build
running build_py
creating /home/sambhav/ros2_ws/src/build/executors_py/build
creating /home/sambhav/ros2_ws/src/build/executors_py/build/lib
creating /home/sambhav/ros2_ws/src/build/executors_py/build/lib/executors_py
copying executors_py/__init__.py -> /home/sambhav/ros2_ws/src/build/executors_py/build/lib/executors_py
copying executors_py/single_threaded_executor.py -> /home/sambhav/ros2_ws/src/build/executors_py/build/lib/executors_py
copying executors_py/number_publisher.py -> /home/sambhav/ros2_ws/src/build/executors_py/build/lib/executors_py
copying executors_py/multi_threaded_executor.py -> /home/sambhav/ros2_ws/src/build/executors_py/build/lib/executors_py
running install
running install_lib
creating /home/sambhav/ros2_ws/src/install/executors_py/lib/python3.10/site-packages/executors_py
copying /home/sambhav/ros2_ws/src/build/executors_py/build/lib/executors_py/__init__.py -> /home/sambhav/ros2_ws/src/install/executors_py/lib/python3.10/site-packages/executors_py
copying /home/sambhav/ros2_ws/src/build/executors_py/build/lib/executors_py/single_threaded_executor.py -> /home/sambhav/ros2_ws/src/install/executors_py/lib/python3.10/site-packages/executors_py
copying /home/sambhav/ros2_ws/src/build/executors_py/build/lib/executors_py/number_publisher.py -> /home/sambhav/ros2_ws/src/install/executors_py/lib/python3.10/site-packages/executors_py
copying /home/sambhav/ros2_ws/src/build/executors_py/build/lib/executors_py/multi_threaded_executor.py -> /home/sambhav/ros2_ws/src/install/executors_py/lib/python3.10/site-packages/executors_py
byte-compiling /home/sambhav/ros2_ws/src/install/executors_py/lib/python3.10/site-packages/executors_py/__init__.py to __init__.cpython-310.pyc
byte-compiling /home/sambhav/ros2_ws/src/install/executors_py/lib/python3.10/site-packages/executors_py/single_threaded_executor.py to single_threaded_executor.cpython-310.pyc
byte-compiling /home/sambhav/ros2_ws/src/install/executors_py/lib/python3.10/site-packages/executors_py/number_publisher.py to number_publisher.cpython-310.pyc
byte-compiling /home/sambhav/ros2_ws/src/install/executors_py/lib/python3.10/site-packages/executors_py/multi_threaded_executor.py to multi_threaded_executor.cpython-310.pyc
running install_data
creating /home/sambhav/ros2_ws/src/install/executors_py/share/ament_index
creating /home/sambhav/ros2_ws/src/install/executors_py/share/ament_index/resource_index
creating /home/sambhav/ros2_ws/src/install/executors_py/share/ament_index/resource_index/packages
copying resource/executors_py -> /home/sambhav/ros2_ws/src/install/executors_py/share/ament_index/resource_index/packages
copying package.xml -> /home/sambhav/ros2_ws/src/install/executors_py/share/executors_py
running install_egg_info
Copying ../build/executors_py/executors_py.egg-info to /home/sambhav/ros2_ws/src/install/executors_py/lib/python3.10/site-packages/executors_py-0.0.0-py3.10.egg-info
running install_scripts
Installing multi_threaded_executor script to /home/sambhav/ros2_ws/src/install/executors_py/lib/executors_py
Installing single_threaded_executor script to /home/sambhav/ros2_ws/src/install/executors_py/lib/executors_py
writing list of installed files to '/home/sambhav/ros2_ws/src/build/executors_py/install.log'
