[0.044s] Invoking command in '/home/sambhav/ros2_ws/build/my_robot_description': CMAKE_PREFIX_PATH=${CMAKE_PREFIX_PATH}:/home/sambhav/ros2_ws/install/turtlesim_catch_them_all:/home/sambhav/ros2_ws/install/my_py_pkg:/opt/ros/humble /usr/bin/cmake /home/sambhav/ros2_ws/src/my_robot_description -DCMAKE_INSTALL_PREFIX=/home/sambhav/ros2_ws/install/my_robot_description
[0.118s] -- The C compiler identification is GNU 11.4.0
[0.169s] -- The CXX compiler identification is GNU 11.4.0
[0.175s] -- Detecting C compiler ABI info
[0.222s] -- Detecting C compiler ABI info - done
[0.228s] -- Check for working C compiler: /usr/bin/cc - skipped
[0.228s] -- Detecting C compile features
[0.228s] -- Detecting C compile features - done
[0.231s] -- Detecting CXX compiler ABI info
[0.282s] -- Detecting CXX compiler ABI info - done
[0.287s] -- Check for working CXX compiler: /usr/bin/c++ - skipped
[0.287s] -- Detecting CXX compile features
[0.287s] -- Detecting CXX compile features - done
[0.290s] -- Found ament_cmake: 1.3.7 (/opt/ros/humble/share/ament_cmake/cmake)
[0.408s] -- Found Python3: /usr/bin/python3.10 (found version "3.10.12") found components: Interpreter 
[0.584s] -- Configuring done
[0.586s] -- Generating done
[0.586s] -- Build files have been written to: /home/sambhav/ros2_ws/build/my_robot_description
[0.589s] Invoked command in '/home/sambhav/ros2_ws/build/my_robot_description' returned '0': CMAKE_PREFIX_PATH=${CMAKE_PREFIX_PATH}:/home/sambhav/ros2_ws/install/turtlesim_catch_them_all:/home/sambhav/ros2_ws/install/my_py_pkg:/opt/ros/humble /usr/bin/cmake /home/sambhav/ros2_ws/src/my_robot_description -DCMAKE_INSTALL_PREFIX=/home/sambhav/ros2_ws/install/my_robot_description
[0.591s] Invoking command in '/home/sambhav/ros2_ws/build/my_robot_description': CMAKE_PREFIX_PATH=${CMAKE_PREFIX_PATH}:/home/sambhav/ros2_ws/install/turtlesim_catch_them_all:/home/sambhav/ros2_ws/install/my_py_pkg:/opt/ros/humble /usr/bin/cmake --build /home/sambhav/ros2_ws/build/my_robot_description -- -j8 -l8
[0.624s] Invoked command in '/home/sambhav/ros2_ws/build/my_robot_description' returned '0': CMAKE_PREFIX_PATH=${CMAKE_PREFIX_PATH}:/home/sambhav/ros2_ws/install/turtlesim_catch_them_all:/home/sambhav/ros2_ws/install/my_py_pkg:/opt/ros/humble /usr/bin/cmake --build /home/sambhav/ros2_ws/build/my_robot_description -- -j8 -l8
[0.664s] Invoking command in '/home/sambhav/ros2_ws/build/my_robot_description': CMAKE_PREFIX_PATH=${CMAKE_PREFIX_PATH}:/home/sambhav/ros2_ws/install/turtlesim_catch_them_all:/home/sambhav/ros2_ws/install/my_py_pkg:/opt/ros/humble /usr/bin/cmake --install /home/sambhav/ros2_ws/build/my_robot_description
[0.671s] -- Install configuration: ""
[0.671s] -- Installing: /home/sambhav/ros2_ws/install/my_robot_description/share/my_robot_description//urdf
[0.671s] -- Installing: /home/sambhav/ros2_ws/install/my_robot_description/share/my_robot_description//urdf/my_robot.urdf
[0.671s] -- Installing: /home/sambhav/ros2_ws/install/my_robot_description/share/ament_index/resource_index/package_run_dependencies/my_robot_description
[0.672s] -- Installing: /home/sambhav/ros2_ws/install/my_robot_description/share/ament_index/resource_index/parent_prefix_path/my_robot_description
[0.672s] -- Installing: /home/sambhav/ros2_ws/install/my_robot_description/share/my_robot_description/environment/ament_prefix_path.sh
[0.672s] -- Installing: /home/sambhav/ros2_ws/install/my_robot_description/share/my_robot_description/environment/ament_prefix_path.dsv
[0.672s] -- Installing: /home/sambhav/ros2_ws/install/my_robot_description/share/my_robot_description/environment/path.sh
[0.672s] -- Installing: /home/sambhav/ros2_ws/install/my_robot_description/share/my_robot_description/environment/path.dsv
[0.672s] -- Installing: /home/sambhav/ros2_ws/install/my_robot_description/share/my_robot_description/local_setup.bash
[0.672s] -- Installing: /home/sambhav/ros2_ws/install/my_robot_description/share/my_robot_description/local_setup.sh
[0.672s] -- Installing: /home/sambhav/ros2_ws/install/my_robot_description/share/my_robot_description/local_setup.zsh
[0.672s] -- Installing: /home/sambhav/ros2_ws/install/my_robot_description/share/my_robot_description/local_setup.dsv
[0.672s] -- Installing: /home/sambhav/ros2_ws/install/my_robot_description/share/my_robot_description/package.dsv
[0.672s] -- Installing: /home/sambhav/ros2_ws/install/my_robot_description/share/ament_index/resource_index/packages/my_robot_description
[0.673s] -- Installing: /home/sambhav/ros2_ws/install/my_robot_description/share/my_robot_description/cmake/my_robot_descriptionConfig.cmake
[0.673s] -- Installing: /home/sambhav/ros2_ws/install/my_robot_description/share/my_robot_description/cmake/my_robot_descriptionConfig-version.cmake
[0.673s] -- Installing: /home/sambhav/ros2_ws/install/my_robot_description/share/my_robot_description/package.xml
[0.675s] Invoked command in '/home/sambhav/ros2_ws/build/my_robot_description' returned '0': CMAKE_PREFIX_PATH=${CMAKE_PREFIX_PATH}:/home/sambhav/ros2_ws/install/turtlesim_catch_them_all:/home/sambhav/ros2_ws/install/my_py_pkg:/opt/ros/humble /usr/bin/cmake --install /home/sambhav/ros2_ws/build/my_robot_description
