[0.673s] Invoking command in '/home/sambhav/ros2_ws/src/turtlesim_catch_them_all': PYTHONPATH=/home/sambhav/ros2_ws/build/turtlesim_catch_them_all/prefix_override:/home/sambhav/ros2_ws/install/turtlesim_catch_them_all/lib/python3.10/site-packages:${PYTHONPATH} /usr/bin/python3 setup.py egg_info --egg-base ../../build/turtlesim_catch_them_all build --build-base /home/sambhav/ros2_ws/build/turtlesim_catch_them_all/build install --record /home/sambhav/ros2_ws/build/turtlesim_catch_them_all/install.log --single-version-externally-managed
[0.845s] running egg_info
[0.845s] creating ../../build/turtlesim_catch_them_all/turtlesim_catch_them_all.egg-info
[0.846s] writing ../../build/turtlesim_catch_them_all/turtlesim_catch_them_all.egg-info/PKG-INFO
[0.846s] writing dependency_links to ../../build/turtlesim_catch_them_all/turtlesim_catch_them_all.egg-info/dependency_links.txt
[0.846s] writing entry points to ../../build/turtlesim_catch_them_all/turtlesim_catch_them_all.egg-info/entry_points.txt
[0.846s] writing requirements to ../../build/turtlesim_catch_them_all/turtlesim_catch_them_all.egg-info/requires.txt
[0.846s] writing top-level names to ../../build/turtlesim_catch_them_all/turtlesim_catch_them_all.egg-info/top_level.txt
[0.847s] writing manifest file '../../build/turtlesim_catch_them_all/turtlesim_catch_them_all.egg-info/SOURCES.txt'
[0.848s] reading manifest file '../../build/turtlesim_catch_them_all/turtlesim_catch_them_all.egg-info/SOURCES.txt'
[0.849s] writing manifest file '../../build/turtlesim_catch_them_all/turtlesim_catch_them_all.egg-info/SOURCES.txt'
[0.849s] running build
[0.849s] running build_py
[0.849s] creating /home/sambhav/ros2_ws/build/turtlesim_catch_them_all/build
[0.849s] creating /home/sambhav/ros2_ws/build/turtlesim_catch_them_all/build/lib
[0.849s] creating /home/sambhav/ros2_ws/build/turtlesim_catch_them_all/build/lib/turtlesim_catch_them_all
[0.849s] copying turtlesim_catch_them_all/__init__.py -> /home/sambhav/ros2_ws/build/turtlesim_catch_them_all/build/lib/turtlesim_catch_them_all
[0.849s] copying turtlesim_catch_them_all/turtle_controller.py -> /home/sambhav/ros2_ws/build/turtlesim_catch_them_all/build/lib/turtlesim_catch_them_all
[0.849s] running install
[0.850s] running install_lib
[0.850s] creating /home/sambhav/ros2_ws/install/turtlesim_catch_them_all/lib/python3.10/site-packages/turtlesim_catch_them_all
[0.850s] copying /home/sambhav/ros2_ws/build/turtlesim_catch_them_all/build/lib/turtlesim_catch_them_all/__init__.py -> /home/sambhav/ros2_ws/install/turtlesim_catch_them_all/lib/python3.10/site-packages/turtlesim_catch_them_all
[0.850s] copying /home/sambhav/ros2_ws/build/turtlesim_catch_them_all/build/lib/turtlesim_catch_them_all/turtle_controller.py -> /home/sambhav/ros2_ws/install/turtlesim_catch_them_all/lib/python3.10/site-packages/turtlesim_catch_them_all
[0.851s] byte-compiling /home/sambhav/ros2_ws/install/turtlesim_catch_them_all/lib/python3.10/site-packages/turtlesim_catch_them_all/__init__.py to __init__.cpython-310.pyc
[0.851s] byte-compiling /home/sambhav/ros2_ws/install/turtlesim_catch_them_all/lib/python3.10/site-packages/turtlesim_catch_them_all/turtle_controller.py to turtle_controller.cpython-310.pyc
[0.851s] running install_data
[0.851s] Sorry: IndentationError: unexpected indent (turtle_controller.py, line 5)
[0.851s] creating /home/sambhav/ros2_ws/install/turtlesim_catch_them_all/share/ament_index
[0.851s] creating /home/sambhav/ros2_ws/install/turtlesim_catch_them_all/share/ament_index/resource_index
[0.852s] creating /home/sambhav/ros2_ws/install/turtlesim_catch_them_all/share/ament_index/resource_index/packages
[0.852s] copying resource/turtlesim_catch_them_all -> /home/sambhav/ros2_ws/install/turtlesim_catch_them_all/share/ament_index/resource_index/packages
[0.852s] copying package.xml -> /home/sambhav/ros2_ws/install/turtlesim_catch_them_all/share/turtlesim_catch_them_all
[0.852s] running install_egg_info
[0.853s] Copying ../../build/turtlesim_catch_them_all/turtlesim_catch_them_all.egg-info to /home/sambhav/ros2_ws/install/turtlesim_catch_them_all/lib/python3.10/site-packages/turtlesim_catch_them_all-0.0.0-py3.10.egg-info
[0.853s] running install_scripts
[0.868s] writing list of installed files to '/home/sambhav/ros2_ws/build/turtlesim_catch_them_all/install.log'
[0.904s] Invoked command in '/home/sambhav/ros2_ws/src/turtlesim_catch_them_all' returned '0': PYTHONPATH=/home/sambhav/ros2_ws/build/turtlesim_catch_them_all/prefix_override:/home/sambhav/ros2_ws/install/turtlesim_catch_them_all/lib/python3.10/site-packages:${PYTHONPATH} /usr/bin/python3 setup.py egg_info --egg-base ../../build/turtlesim_catch_them_all build --build-base /home/sambhav/ros2_ws/build/turtlesim_catch_them_all/build install --record /home/sambhav/ros2_ws/build/turtlesim_catch_them_all/install.log --single-version-externally-managed
