[0.534s] Invoking command in '/home/sambhav/ros2_ws/src/my_py_pkg': AMENT_PREFIX_PATH=/home/sambhav/ros2_ws/src/install/my_robot_interfaces:${AMENT_PREFIX_PATH} CMAKE_PREFIX_PATH=/home/sambhav/ros2_ws/src/install/my_robot_interfaces:${CMAKE_PREFIX_PATH} LD_LIBRARY_PATH=/home/sambhav/ros2_ws/src/install/my_robot_interfaces/lib:${LD_LIBRARY_PATH} PYTHONPATH=/home/sambhav/ros2_ws/src/build/my_py_pkg/prefix_override:/home/sambhav/ros2_ws/src/install/my_py_pkg/lib/python3.10/site-packages:/home/sambhav/ros2_ws/src/install/my_robot_interfaces/local/lib/python3.10/dist-packages:${PYTHONPATH} /usr/bin/python3 setup.py egg_info --egg-base ../build/my_py_pkg build --build-base /home/sambhav/ros2_ws/src/build/my_py_pkg/build install --record /home/sambhav/ros2_ws/src/build/my_py_pkg/install.log --single-version-externally-managed
[0.699s] running egg_info
[0.700s] writing ../build/my_py_pkg/my_py_pkg.egg-info/PKG-INFO
[0.700s] writing dependency_links to ../build/my_py_pkg/my_py_pkg.egg-info/dependency_links.txt
[0.700s] writing entry points to ../build/my_py_pkg/my_py_pkg.egg-info/entry_points.txt
[0.700s] writing requirements to ../build/my_py_pkg/my_py_pkg.egg-info/requires.txt
[0.700s] writing top-level names to ../build/my_py_pkg/my_py_pkg.egg-info/top_level.txt
[0.701s] reading manifest file '../build/my_py_pkg/my_py_pkg.egg-info/SOURCES.txt'
[0.702s] writing manifest file '../build/my_py_pkg/my_py_pkg.egg-info/SOURCES.txt'
[0.702s] running build
[0.702s] running build_py
[0.702s] running install
[0.702s] running install_lib
[0.703s] byte-compiling /home/sambhav/ros2_ws/src/install/my_py_pkg/lib/python3.10/site-packages/my_py_pkg/first_year_task.py to first_year_task.cpython-310.pyc
[0.704s] Sorry: IndentationError: unexpected indent (first_year_task.py, line 2)
[0.704s] byte-compiling /home/sambhav/ros2_ws/src/install/my_py_pkg/lib/python3.10/site-packages/my_py_pkg/turtle_controller_node.py to turtle_controller_node.cpython-310.pyc
[0.704s] running install_data
[0.704s] Sorry: IndentationError: unexpected indent (turtle_controller_node.py, line 2)
[0.704s] running install_egg_info
[0.705s] removing '/home/sambhav/ros2_ws/src/install/my_py_pkg/lib/python3.10/site-packages/my_py_pkg-0.0.0-py3.10.egg-info' (and everything under it)
[0.705s] Copying ../build/my_py_pkg/my_py_pkg.egg-info to /home/sambhav/ros2_ws/src/install/my_py_pkg/lib/python3.10/site-packages/my_py_pkg-0.0.0-py3.10.egg-info
[0.706s] running install_scripts
[0.718s] Installing add_two_ints_client script to /home/sambhav/ros2_ws/src/install/my_py_pkg/lib/my_py_pkg
[0.719s] Installing add_two_ints_client_no_oop script to /home/sambhav/ros2_ws/src/install/my_py_pkg/lib/my_py_pkg
[0.719s] Installing add_two_ints_server script to /home/sambhav/ros2_ws/src/install/my_py_pkg/lib/my_py_pkg
[0.719s] Installing battery_node script to /home/sambhav/ros2_ws/src/install/my_py_pkg/lib/my_py_pkg
[0.719s] Installing first_year_task script to /home/sambhav/ros2_ws/src/install/my_py_pkg/lib/my_py_pkg
[0.719s] Installing hw_status_publisher script to /home/sambhav/ros2_ws/src/install/my_py_pkg/lib/my_py_pkg
[0.719s] Installing led_panel_node script to /home/sambhav/ros2_ws/src/install/my_py_pkg/lib/my_py_pkg
[0.719s] Installing number_counter script to /home/sambhav/ros2_ws/src/install/my_py_pkg/lib/my_py_pkg
[0.719s] Installing number_publisher script to /home/sambhav/ros2_ws/src/install/my_py_pkg/lib/my_py_pkg
[0.719s] Installing py_node script to /home/sambhav/ros2_ws/src/install/my_py_pkg/lib/my_py_pkg
[0.719s] Installing robot_news_station script to /home/sambhav/ros2_ws/src/install/my_py_pkg/lib/my_py_pkg
[0.719s] Installing smartphone script to /home/sambhav/ros2_ws/src/install/my_py_pkg/lib/my_py_pkg
[0.719s] writing list of installed files to '/home/sambhav/ros2_ws/src/build/my_py_pkg/install.log'
[0.738s] Invoked command in '/home/sambhav/ros2_ws/src/my_py_pkg' returned '0': AMENT_PREFIX_PATH=/home/sambhav/ros2_ws/src/install/my_robot_interfaces:${AMENT_PREFIX_PATH} CMAKE_PREFIX_PATH=/home/sambhav/ros2_ws/src/install/my_robot_interfaces:${CMAKE_PREFIX_PATH} LD_LIBRARY_PATH=/home/sambhav/ros2_ws/src/install/my_robot_interfaces/lib:${LD_LIBRARY_PATH} PYTHONPATH=/home/sambhav/ros2_ws/src/build/my_py_pkg/prefix_override:/home/sambhav/ros2_ws/src/install/my_py_pkg/lib/python3.10/site-packages:/home/sambhav/ros2_ws/src/install/my_robot_interfaces/local/lib/python3.10/dist-packages:${PYTHONPATH} /usr/bin/python3 setup.py egg_info --egg-base ../build/my_py_pkg build --build-base /home/sambhav/ros2_ws/src/build/my_py_pkg/build install --record /home/sambhav/ros2_ws/src/build/my_py_pkg/install.log --single-version-externally-managed
