[0.046s] Invoking command in '/home/sambhav/ros2_ws/build/my_robot_description': CMAKE_PREFIX_PATH=${CMAKE_PREFIX_PATH}:/home/sambhav/ros2_ws/install/turtlesim_catch_them_all:/home/sambhav/ros2_ws/install/my_py_pkg:/opt/ros/humble /usr/bin/cmake --build /home/sambhav/ros2_ws/build/my_robot_description -- -j8 -l8
[0.061s] -- Found ament_cmake: 1.3.7 (/opt/ros/humble/share/ament_cmake/cmake)
[0.200s] -- Configuring done
[0.202s] -- Generating done
[0.202s] -- Build files have been written to: /home/sambhav/ros2_ws/build/my_robot_description
[0.217s] Invoked command in '/home/sambhav/ros2_ws/build/my_robot_description' returned '0': CMAKE_PREFIX_PATH=${CMAKE_PREFIX_PATH}:/home/sambhav/ros2_ws/install/turtlesim_catch_them_all:/home/sambhav/ros2_ws/install/my_py_pkg:/opt/ros/humble /usr/bin/cmake --build /home/sambhav/ros2_ws/build/my_robot_description -- -j8 -l8
[0.239s] Invoking command in '/home/sambhav/ros2_ws/build/my_robot_description': CMAKE_PREFIX_PATH=${CMAKE_PREFIX_PATH}:/home/sambhav/ros2_ws/install/turtlesim_catch_them_all:/home/sambhav/ros2_ws/install/my_py_pkg:/opt/ros/humble /usr/bin/cmake --install /home/sambhav/ros2_ws/build/my_robot_description
[0.244s] -- Install configuration: ""
[0.244s] -- Up-to-date: /home/sambhav/ros2_ws/install/my_robot_description/share/my_robot_description//urdf
[0.244s] -- Up-to-date: /home/sambhav/ros2_ws/install/my_robot_description/share/my_robot_description//urdf/my_robot.urdf
[0.244s] -- Installing: /home/sambhav/ros2_ws/install/my_robot_description/share/my_robot_description//launch
[0.244s] -- Installing: /home/sambhav/ros2_ws/install/my_robot_description/share/my_robot_description//launch/display.launch.xml
[0.244s] -- Up-to-date: /home/sambhav/ros2_ws/install/my_robot_description/share/ament_index/resource_index/package_run_dependencies/my_robot_description
[0.244s] -- Up-to-date: /home/sambhav/ros2_ws/install/my_robot_description/share/ament_index/resource_index/parent_prefix_path/my_robot_description
[0.244s] -- Up-to-date: /home/sambhav/ros2_ws/install/my_robot_description/share/my_robot_description/environment/ament_prefix_path.sh
[0.244s] -- Installing: /home/sambhav/ros2_ws/install/my_robot_description/share/my_robot_description/environment/ament_prefix_path.dsv
[0.244s] -- Up-to-date: /home/sambhav/ros2_ws/install/my_robot_description/share/my_robot_description/environment/path.sh
[0.244s] -- Installing: /home/sambhav/ros2_ws/install/my_robot_description/share/my_robot_description/environment/path.dsv
[0.244s] -- Up-to-date: /home/sambhav/ros2_ws/install/my_robot_description/share/my_robot_description/local_setup.bash
[0.244s] -- Up-to-date: /home/sambhav/ros2_ws/install/my_robot_description/share/my_robot_description/local_setup.sh
[0.244s] -- Up-to-date: /home/sambhav/ros2_ws/install/my_robot_description/share/my_robot_description/local_setup.zsh
[0.244s] -- Installing: /home/sambhav/ros2_ws/install/my_robot_description/share/my_robot_description/local_setup.dsv
[0.244s] -- Installing: /home/sambhav/ros2_ws/install/my_robot_description/share/my_robot_description/package.dsv
[0.244s] -- Up-to-date: /home/sambhav/ros2_ws/install/my_robot_description/share/ament_index/resource_index/packages/my_robot_description
[0.244s] -- Up-to-date: /home/sambhav/ros2_ws/install/my_robot_description/share/my_robot_description/cmake/my_robot_descriptionConfig.cmake
[0.245s] -- Up-to-date: /home/sambhav/ros2_ws/install/my_robot_description/share/my_robot_description/cmake/my_robot_descriptionConfig-version.cmake
[0.245s] -- Up-to-date: /home/sambhav/ros2_ws/install/my_robot_description/share/my_robot_description/package.xml
[0.246s] Invoked command in '/home/sambhav/ros2_ws/build/my_robot_description' returned '0': CMAKE_PREFIX_PATH=${CMAKE_PREFIX_PATH}:/home/sambhav/ros2_ws/install/turtlesim_catch_them_all:/home/sambhav/ros2_ws/install/my_py_pkg:/opt/ros/humble /usr/bin/cmake --install /home/sambhav/ros2_ws/build/my_robot_description
