[0.045s] Invoking command in '/home/sambhav/ros2_ws/build/my_robot_bringup': AMENT_PREFIX_PATH=/home/sambhav/ros2_ws/install/my_py_pkg:/home/sambhav/ros2_ws/install/my_robot_bringup:/home/sambhav/ros2_ws/install/my_robot_interfaces:/opt/ros/humble CMAKE_PREFIX_PATH=/home/sambhav/ros2_ws/install/my_robot_interfaces:/home/sambhav/ros2_ws/install/my_robot_bringup:/home/sambhav/ros2_ws/install/my_py_pkg:/opt/ros/humble /usr/bin/cmake --build /home/sambhav/ros2_ws/build/my_robot_bringup -- -j8 -l8
[0.073s] Invoked command in '/home/sambhav/ros2_ws/build/my_robot_bringup' returned '0': AMENT_PREFIX_PATH=/home/sambhav/ros2_ws/install/my_py_pkg:/home/sambhav/ros2_ws/install/my_robot_bringup:/home/sambhav/ros2_ws/install/my_robot_interfaces:/opt/ros/humble CMAKE_PREFIX_PATH=/home/sambhav/ros2_ws/install/my_robot_interfaces:/home/sambhav/ros2_ws/install/my_robot_bringup:/home/sambhav/ros2_ws/install/my_py_pkg:/opt/ros/humble /usr/bin/cmake --build /home/sambhav/ros2_ws/build/my_robot_bringup -- -j8 -l8
[0.091s] Invoking command in '/home/sambhav/ros2_ws/build/my_robot_bringup': AMENT_PREFIX_PATH=/home/sambhav/ros2_ws/install/my_py_pkg:/home/sambhav/ros2_ws/install/my_robot_bringup:/home/sambhav/ros2_ws/install/my_robot_interfaces:/opt/ros/humble CMAKE_PREFIX_PATH=/home/sambhav/ros2_ws/install/my_robot_interfaces:/home/sambhav/ros2_ws/install/my_robot_bringup:/home/sambhav/ros2_ws/install/my_py_pkg:/opt/ros/humble /usr/bin/cmake --install /home/sambhav/ros2_ws/build/my_robot_bringup
[0.096s] -- Install configuration: ""
[0.096s] -- Execute custom install script
[0.096s] -- Up-to-date symlink: /home/sambhav/ros2_ws/install/my_robot_bringup/share/my_robot_bringup/launch/number_app.launch.py
[0.096s] -- Up-to-date symlink: /home/sambhav/ros2_ws/install/my_robot_bringup/share/ament_index/resource_index/package_run_dependencies/my_robot_bringup
[0.097s] -- Up-to-date symlink: /home/sambhav/ros2_ws/install/my_robot_bringup/share/ament_index/resource_index/parent_prefix_path/my_robot_bringup
[0.097s] -- Up-to-date symlink: /home/sambhav/ros2_ws/install/my_robot_bringup/share/my_robot_bringup/environment/ament_prefix_path.sh
[0.097s] -- Up-to-date symlink: /home/sambhav/ros2_ws/install/my_robot_bringup/share/my_robot_bringup/environment/ament_prefix_path.dsv
[0.097s] -- Up-to-date symlink: /home/sambhav/ros2_ws/install/my_robot_bringup/share/my_robot_bringup/environment/path.sh
[0.097s] -- Up-to-date symlink: /home/sambhav/ros2_ws/install/my_robot_bringup/share/my_robot_bringup/environment/path.dsv
[0.097s] -- Up-to-date symlink: /home/sambhav/ros2_ws/install/my_robot_bringup/share/my_robot_bringup/local_setup.bash
[0.097s] -- Up-to-date symlink: /home/sambhav/ros2_ws/install/my_robot_bringup/share/my_robot_bringup/local_setup.sh
[0.097s] -- Up-to-date symlink: /home/sambhav/ros2_ws/install/my_robot_bringup/share/my_robot_bringup/local_setup.zsh
[0.097s] -- Up-to-date symlink: /home/sambhav/ros2_ws/install/my_robot_bringup/share/my_robot_bringup/local_setup.dsv
[0.097s] -- Symlinking: /home/sambhav/ros2_ws/install/my_robot_bringup/share/my_robot_bringup/package.dsv
[0.103s] -- Up-to-date symlink: /home/sambhav/ros2_ws/install/my_robot_bringup/share/ament_index/resource_index/packages/my_robot_bringup
[0.103s] -- Up-to-date symlink: /home/sambhav/ros2_ws/install/my_robot_bringup/share/my_robot_bringup/cmake/my_robot_bringupConfig.cmake
[0.104s] -- Up-to-date symlink: /home/sambhav/ros2_ws/install/my_robot_bringup/share/my_robot_bringup/cmake/my_robot_bringupConfig-version.cmake
[0.104s] -- Up-to-date symlink: /home/sambhav/ros2_ws/install/my_robot_bringup/share/my_robot_bringup/package.xml
[0.105s] Invoked command in '/home/sambhav/ros2_ws/build/my_robot_bringup' returned '0': AMENT_PREFIX_PATH=/home/sambhav/ros2_ws/install/my_py_pkg:/home/sambhav/ros2_ws/install/my_robot_bringup:/home/sambhav/ros2_ws/install/my_robot_interfaces:/opt/ros/humble CMAKE_PREFIX_PATH=/home/sambhav/ros2_ws/install/my_robot_interfaces:/home/sambhav/ros2_ws/install/my_robot_bringup:/home/sambhav/ros2_ws/install/my_py_pkg:/opt/ros/humble /usr/bin/cmake --install /home/sambhav/ros2_ws/build/my_robot_bringup
