[0.046s] Invoking command in '/home/sambhav/ros2_ws/src/build/my_robot_description': CMAKE_PREFIX_PATH=${CMAKE_PREFIX_PATH}:/home/sambhav/ros2_ws/install/turtlesim_catch_them_all:/home/sambhav/ros2_ws/install/my_py_pkg:/opt/ros/humble /usr/bin/cmake /home/sambhav/ros2_ws/src/my_robot_description -DCMAKE_INSTALL_PREFIX=/home/sambhav/ros2_ws/src/install/my_robot_description
[0.081s] -- The C compiler identification is GNU 11.4.0
[0.119s] -- The CXX compiler identification is GNU 11.4.0
[0.124s] -- Detecting C compiler ABI info
[0.171s] -- Detecting C compiler ABI info - done
[0.176s] -- Check for working C compiler: /usr/bin/cc - skipped
[0.176s] -- Detecting C compile features
[0.176s] -- Detecting C compile features - done
[0.178s] -- Detecting CXX compiler ABI info
[0.232s] -- Detecting CXX compiler ABI info - done
[0.237s] -- Check for working CXX compiler: /usr/bin/c++ - skipped
[0.237s] -- Detecting CXX compile features
[0.237s] -- Detecting CXX compile features - done
[0.239s] -- Found ament_cmake: 1.3.7 (/opt/ros/humble/share/ament_cmake/cmake)
[0.358s] -- Found Python3: /usr/bin/python3.10 (found version "3.10.12") found components: Interpreter 
[0.460s] -- Configuring done
[0.461s] -- Generating done
[0.461s] -- Build files have been written to: /home/sambhav/ros2_ws/src/build/my_robot_description
[0.464s] Invoked command in '/home/sambhav/ros2_ws/src/build/my_robot_description' returned '0': CMAKE_PREFIX_PATH=${CMAKE_PREFIX_PATH}:/home/sambhav/ros2_ws/install/turtlesim_catch_them_all:/home/sambhav/ros2_ws/install/my_py_pkg:/opt/ros/humble /usr/bin/cmake /home/sambhav/ros2_ws/src/my_robot_description -DCMAKE_INSTALL_PREFIX=/home/sambhav/ros2_ws/src/install/my_robot_description
[0.465s] Invoking command in '/home/sambhav/ros2_ws/src/build/my_robot_description': CMAKE_PREFIX_PATH=${CMAKE_PREFIX_PATH}:/home/sambhav/ros2_ws/install/turtlesim_catch_them_all:/home/sambhav/ros2_ws/install/my_py_pkg:/opt/ros/humble /usr/bin/cmake --build /home/sambhav/ros2_ws/src/build/my_robot_description -- -j8 -l8
[0.493s] Invoked command in '/home/sambhav/ros2_ws/src/build/my_robot_description' returned '0': CMAKE_PREFIX_PATH=${CMAKE_PREFIX_PATH}:/home/sambhav/ros2_ws/install/turtlesim_catch_them_all:/home/sambhav/ros2_ws/install/my_py_pkg:/opt/ros/humble /usr/bin/cmake --build /home/sambhav/ros2_ws/src/build/my_robot_description -- -j8 -l8
[0.515s] Invoking command in '/home/sambhav/ros2_ws/src/build/my_robot_description': CMAKE_PREFIX_PATH=${CMAKE_PREFIX_PATH}:/home/sambhav/ros2_ws/install/turtlesim_catch_them_all:/home/sambhav/ros2_ws/install/my_py_pkg:/opt/ros/humble /usr/bin/cmake --install /home/sambhav/ros2_ws/src/build/my_robot_description
[0.520s] -- Install configuration: ""
[0.520s] -- Installing: /home/sambhav/ros2_ws/src/install/my_robot_description/share/my_robot_description//urdf
[0.520s] -- Installing: /home/sambhav/ros2_ws/src/install/my_robot_description/share/my_robot_description//urdf/my_robot.urdf.xacro
[0.521s] -- Installing: /home/sambhav/ros2_ws/src/install/my_robot_description/share/my_robot_description//urdf/mobile_base.xacro
[0.521s] -- Installing: /home/sambhav/ros2_ws/src/install/my_robot_description/share/my_robot_description//urdf/common_properties.xacro
[0.521s] -- Installing: /home/sambhav/ros2_ws/src/install/my_robot_description/share/my_robot_description//launch
[0.521s] -- Installing: /home/sambhav/ros2_ws/src/install/my_robot_description/share/my_robot_description//launch/display.launch.py
[0.521s] -- Installing: /home/sambhav/ros2_ws/src/install/my_robot_description/share/my_robot_description//launch/display.launch.xml
[0.521s] -- Installing: /home/sambhav/ros2_ws/src/install/my_robot_description/share/my_robot_description//rviz
[0.521s] -- Installing: /home/sambhav/ros2_ws/src/install/my_robot_description/share/my_robot_description//rviz/urdf_config.rviz
[0.521s] -- Installing: /home/sambhav/ros2_ws/src/install/my_robot_description/share/ament_index/resource_index/package_run_dependencies/my_robot_description
[0.521s] -- Installing: /home/sambhav/ros2_ws/src/install/my_robot_description/share/ament_index/resource_index/parent_prefix_path/my_robot_description
[0.521s] -- Installing: /home/sambhav/ros2_ws/src/install/my_robot_description/share/my_robot_description/environment/ament_prefix_path.sh
[0.521s] -- Installing: /home/sambhav/ros2_ws/src/install/my_robot_description/share/my_robot_description/environment/ament_prefix_path.dsv
[0.521s] -- Installing: /home/sambhav/ros2_ws/src/install/my_robot_description/share/my_robot_description/environment/path.sh
[0.521s] -- Installing: /home/sambhav/ros2_ws/src/install/my_robot_description/share/my_robot_description/environment/path.dsv
[0.521s] -- Installing: /home/sambhav/ros2_ws/src/install/my_robot_description/share/my_robot_description/local_setup.bash
[0.521s] -- Installing: /home/sambhav/ros2_ws/src/install/my_robot_description/share/my_robot_description/local_setup.sh
[0.522s] -- Installing: /home/sambhav/ros2_ws/src/install/my_robot_description/share/my_robot_description/local_setup.zsh
[0.522s] -- Installing: /home/sambhav/ros2_ws/src/install/my_robot_description/share/my_robot_description/local_setup.dsv
[0.522s] -- Installing: /home/sambhav/ros2_ws/src/install/my_robot_description/share/my_robot_description/package.dsv
[0.522s] -- Installing: /home/sambhav/ros2_ws/src/install/my_robot_description/share/ament_index/resource_index/packages/my_robot_description
[0.522s] -- Installing: /home/sambhav/ros2_ws/src/install/my_robot_description/share/my_robot_description/cmake/my_robot_descriptionConfig.cmake
[0.522s] -- Installing: /home/sambhav/ros2_ws/src/install/my_robot_description/share/my_robot_description/cmake/my_robot_descriptionConfig-version.cmake
[0.522s] -- Installing: /home/sambhav/ros2_ws/src/install/my_robot_description/share/my_robot_description/package.xml
[0.523s] Invoked command in '/home/sambhav/ros2_ws/src/build/my_robot_description' returned '0': CMAKE_PREFIX_PATH=${CMAKE_PREFIX_PATH}:/home/sambhav/ros2_ws/install/turtlesim_catch_them_all:/home/sambhav/ros2_ws/install/my_py_pkg:/opt/ros/humble /usr/bin/cmake --install /home/sambhav/ros2_ws/src/build/my_robot_description
