[0.011s] Invoking command in '/home/sambhav/ros2_ws/build/example_interfaces': CMAKE_PREFIX_PATH=${CMAKE_PREFIX_PATH}:/home/sambhav/ros2_ws/install/turtlesim_catch_them_all:/home/sambhav/ros2_ws/install/my_py_pkg:/home/sambhav/my_swarm/install/bot1_controller:/opt/ros/humble /usr/bin/cmake --build /home/sambhav/ros2_ws/build/example_interfaces -- -j8 -l8
[0.059s] [  0%] Built target example_interfaces__cpp
[0.063s] [ 12%] Built target example_interfaces__rosidl_generator_c
[0.076s] [ 12%] Built target ament_cmake_python_copy_example_interfaces
[0.094s] [ 25%] Built target example_interfaces__rosidl_typesupport_introspection_c
[0.095s] [ 37%] Built target example_interfaces__rosidl_typesupport_cpp
[0.098s] [ 49%] Built target example_interfaces__rosidl_typesupport_c
[0.103s] [ 67%] Built target example_interfaces__rosidl_typesupport_fastrtps_c
[0.103s] [ 74%] Built target example_interfaces__rosidl_typesupport_fastrtps_cpp
[0.103s] [ 87%] Built target example_interfaces__rosidl_typesupport_introspection_cpp
[0.122s] [ 87%] Built target example_interfaces
[0.140s] [ 87%] Built target example_interfaces__py
[0.167s] [ 99%] Built target example_interfaces__rosidl_generator_py
[0.185s] [ 99%] Built target example_interfaces__rosidl_typesupport_fastrtps_c__pyext
[0.188s] [100%] Built target example_interfaces__rosidl_typesupport_c__pyext
[0.189s] [100%] Built target example_interfaces__rosidl_typesupport_introspection_c__pyext
[0.293s] running egg_info
[0.293s] writing example_interfaces.egg-info/PKG-INFO
[0.294s] writing dependency_links to example_interfaces.egg-info/dependency_links.txt
[0.294s] writing top-level names to example_interfaces.egg-info/top_level.txt
[0.296s] reading manifest file 'example_interfaces.egg-info/SOURCES.txt'
[0.296s] writing manifest file 'example_interfaces.egg-info/SOURCES.txt'
[0.318s] [100%] Built target ament_cmake_python_build_example_interfaces_egg
[0.327s] Invoked command in '/home/sambhav/ros2_ws/build/example_interfaces' returned '0': CMAKE_PREFIX_PATH=${CMAKE_PREFIX_PATH}:/home/sambhav/ros2_ws/install/turtlesim_catch_them_all:/home/sambhav/ros2_ws/install/my_py_pkg:/home/sambhav/my_swarm/install/bot1_controller:/opt/ros/humble /usr/bin/cmake --build /home/sambhav/ros2_ws/build/example_interfaces -- -j8 -l8
