[0.900s] Invoking command in '/home/sambhav/ros2_ws/src/actions_py': CMAKE_PREFIX_PATH=/home/sambhav/ros2_ws/install/my_robot_interfaces:/home/sambhav/ros2_ws/install/example_interfaces:/home/sambhav/ros2_ws/install/my_robot_bringup:/home/sambhav/ros2_ws/install/my_robot_description:/home/sambhav/my_swarm/install/swarm_description LD_LIBRARY_PATH=/home/sambhav/ros2_ws/install/my_robot_interfaces/lib:/home/sambhav/ros2_ws/install/example_interfaces/lib:/usr/lib/x86_64-linux-gnu/gazebo-11/plugins:/opt/ros/humble/opt/rviz_ogre_vendor/lib:/opt/ros/humble/lib/x86_64-linux-gnu:/opt/ros/humble/lib:/usr/share/gazebo-11/../../lib/x86_64-linux-gnu/gazebo-11/plugins:/usr/share/gazebo-11/../../lib/x86_64-linux-gnu/gazebo-11/plugins:/usr/share/gazebo-11/../../lib/x86_64-linux-gnu/gazebo-11/plugins:/usr/share/gazebo-11/../../lib/x86_64-linux-gnu/gazebo-11/plugins:/usr/share/gazebo-11/../../lib/x86_64-linux-gnu/gazebo-11/plugins:/usr/share/gazebo-11/../../lib/x86_64-linux-gnu/gazebo-11/plugins PYTHONPATH=/home/sambhav/ros2_ws/build/actions_py/prefix_override:/home/sambhav/ros2_ws/install/actions_py/lib/python3.10/site-packages:${PYTHONPATH} /usr/bin/python3 -W ignore:setup.py install is deprecated setup.py egg_info --egg-base ../../build/actions_py build --build-base /home/sambhav/ros2_ws/build/actions_py/build install --record /home/sambhav/ros2_ws/build/actions_py/install.log --single-version-externally-managed install_data
[1.089s] running egg_info
[1.090s] writing ../../build/actions_py/actions_py.egg-info/PKG-INFO
[1.090s] writing dependency_links to ../../build/actions_py/actions_py.egg-info/dependency_links.txt
[1.090s] writing entry points to ../../build/actions_py/actions_py.egg-info/entry_points.txt
[1.090s] writing requirements to ../../build/actions_py/actions_py.egg-info/requires.txt
[1.090s] writing top-level names to ../../build/actions_py/actions_py.egg-info/top_level.txt
[1.091s] reading manifest file '../../build/actions_py/actions_py.egg-info/SOURCES.txt'
[1.092s] writing manifest file '../../build/actions_py/actions_py.egg-info/SOURCES.txt'
[1.092s] running build
[1.092s] running build_py
[1.092s] copying actions_py/move_robot_server_copy.py -> /home/sambhav/ros2_ws/build/actions_py/build/lib/actions_py
[1.092s] running install
[1.093s] running install_lib
[1.093s] copying /home/sambhav/ros2_ws/build/actions_py/build/lib/actions_py/move_robot_server_copy.py -> /home/sambhav/ros2_ws/install/actions_py/lib/python3.10/site-packages/actions_py
[1.094s] byte-compiling /home/sambhav/ros2_ws/install/actions_py/lib/python3.10/site-packages/actions_py/move_robot_server_copy.py to move_robot_server_copy.cpython-310.pyc
[1.095s] running install_data
[1.095s] running install_egg_info
[1.096s] removing '/home/sambhav/ros2_ws/install/actions_py/lib/python3.10/site-packages/actions_py-0.0.0-py3.10.egg-info' (and everything under it)
[1.096s] Copying ../../build/actions_py/actions_py.egg-info to /home/sambhav/ros2_ws/install/actions_py/lib/python3.10/site-packages/actions_py-0.0.0-py3.10.egg-info
[1.097s] running install_scripts
[1.113s] Installing count_until_client script to /home/sambhav/ros2_ws/install/actions_py/lib/actions_py
[1.113s] Installing count_until_server script to /home/sambhav/ros2_ws/install/actions_py/lib/actions_py
[1.113s] Installing move_robot_client script to /home/sambhav/ros2_ws/install/actions_py/lib/actions_py
[1.113s] Installing move_robot_server script to /home/sambhav/ros2_ws/install/actions_py/lib/actions_py
[1.113s] Installing move_robot_server_copy script to /home/sambhav/ros2_ws/install/actions_py/lib/actions_py
[1.113s] writing list of installed files to '/home/sambhav/ros2_ws/build/actions_py/install.log'
[1.153s] Invoked command in '/home/sambhav/ros2_ws/src/actions_py' returned '0': CMAKE_PREFIX_PATH=/home/sambhav/ros2_ws/install/my_robot_interfaces:/home/sambhav/ros2_ws/install/example_interfaces:/home/sambhav/ros2_ws/install/my_robot_bringup:/home/sambhav/ros2_ws/install/my_robot_description:/home/sambhav/my_swarm/install/swarm_description LD_LIBRARY_PATH=/home/sambhav/ros2_ws/install/my_robot_interfaces/lib:/home/sambhav/ros2_ws/install/example_interfaces/lib:/usr/lib/x86_64-linux-gnu/gazebo-11/plugins:/opt/ros/humble/opt/rviz_ogre_vendor/lib:/opt/ros/humble/lib/x86_64-linux-gnu:/opt/ros/humble/lib:/usr/share/gazebo-11/../../lib/x86_64-linux-gnu/gazebo-11/plugins:/usr/share/gazebo-11/../../lib/x86_64-linux-gnu/gazebo-11/plugins:/usr/share/gazebo-11/../../lib/x86_64-linux-gnu/gazebo-11/plugins:/usr/share/gazebo-11/../../lib/x86_64-linux-gnu/gazebo-11/plugins:/usr/share/gazebo-11/../../lib/x86_64-linux-gnu/gazebo-11/plugins:/usr/share/gazebo-11/../../lib/x86_64-linux-gnu/gazebo-11/plugins PYTHONPATH=/home/sambhav/ros2_ws/build/actions_py/prefix_override:/home/sambhav/ros2_ws/install/actions_py/lib/python3.10/site-packages:${PYTHONPATH} /usr/bin/python3 -W ignore:setup.py install is deprecated setup.py egg_info --egg-base ../../build/actions_py build --build-base /home/sambhav/ros2_ws/build/actions_py/build install --record /home/sambhav/ros2_ws/build/actions_py/install.log --single-version-externally-managed install_data
