/home/sambhav/ros2_ws/src/install/action_py/lib/python3.10/site-packages/action_py/__init__.py
/home/sambhav/ros2_ws/src/install/action_py/lib/python3.10/site-packages/action_py/robot_movement_server.py
/home/sambhav/ros2_ws/src/install/action_py/lib/python3.10/site-packages/action_py/robot_movement_client.py
/home/sambhav/ros2_ws/src/install/action_py/lib/python3.10/site-packages/action_py/count_until_server.py
/home/sambhav/ros2_ws/src/install/action_py/lib/python3.10/site-packages/action_py/count_until_client.py
/home/sambhav/ros2_ws/src/install/action_py/lib/python3.10/site-packages/action_py/__pycache__/__init__.cpython-310.pyc
/home/sambhav/ros2_ws/src/install/action_py/lib/python3.10/site-packages/action_py/__pycache__/robot_movement_server.cpython-310.pyc
/home/sambhav/ros2_ws/src/install/action_py/lib/python3.10/site-packages/action_py/__pycache__/robot_movement_client.cpython-310.pyc
/home/sambhav/ros2_ws/src/install/action_py/lib/python3.10/site-packages/action_py/__pycache__/count_until_server.cpython-310.pyc
/home/sambhav/ros2_ws/src/install/action_py/lib/python3.10/site-packages/action_py/__pycache__/count_until_client.cpython-310.pyc
/home/sambhav/ros2_ws/src/install/action_py/share/ament_index/resource_index/packages/action_py
/home/sambhav/ros2_ws/src/install/action_py/share/action_py/package.xml
/home/sambhav/ros2_ws/src/install/action_py/lib/python3.10/site-packages/action_py-0.0.0-py3.10.egg-info/dependency_links.txt
/home/sambhav/ros2_ws/src/install/action_py/lib/python3.10/site-packages/action_py-0.0.0-py3.10.egg-info/PKG-INFO
/home/sambhav/ros2_ws/src/install/action_py/lib/python3.10/site-packages/action_py-0.0.0-py3.10.egg-info/SOURCES.txt
/home/sambhav/ros2_ws/src/install/action_py/lib/python3.10/site-packages/action_py-0.0.0-py3.10.egg-info/entry_points.txt
/home/sambhav/ros2_ws/src/install/action_py/lib/python3.10/site-packages/action_py-0.0.0-py3.10.egg-info/zip-safe
/home/sambhav/ros2_ws/src/install/action_py/lib/python3.10/site-packages/action_py-0.0.0-py3.10.egg-info/top_level.txt
/home/sambhav/ros2_ws/src/install/action_py/lib/python3.10/site-packages/action_py-0.0.0-py3.10.egg-info/requires.txt
/home/sambhav/ros2_ws/src/install/action_py/lib/action_py/count_until_client
/home/sambhav/ros2_ws/src/install/action_py/lib/action_py/count_until_server
/home/sambhav/ros2_ws/src/install/action_py/lib/action_py/robot_movement client
/home/sambhav/ros2_ws/src/install/action_py/lib/action_py/robot_movement_server
