[0.041s] Invoking command in '/home/sambhav/ros2_ws/build/my_robot_interfaces': CMAKE_PREFIX_PATH=${CMAKE_PREFIX_PATH}:/home/sambhav/ros2_ws/install/my_py_pkg:/opt/ros/humble /usr/bin/cmake --build /home/sambhav/ros2_ws/build/my_robot_interfaces -- -j8 -l8
[0.086s] -- Found ament_cmake: 1.3.7 (/opt/ros/humble/share/ament_cmake/cmake)
[0.190s] -- Found rosidl_default_generators: 1.2.0 (/opt/ros/humble/share/rosidl_default_generators/cmake)
[0.191s] -- Using all available rosidl_typesupport_c: rosidl_typesupport_fastrtps_c;rosidl_typesupport_introspection_c
[0.194s] -- Found rosidl_adapter: 3.1.5 (/opt/ros/humble/share/rosidl_adapter/cmake)
[0.219s] -- Using all available rosidl_typesupport_cpp: rosidl_typesupport_fastrtps_cpp;rosidl_typesupport_introspection_cpp
[0.241s] -- Found ament_lint_auto: 0.12.10 (/opt/ros/humble/share/ament_lint_auto/cmake)
[0.396s] [31mCMake Error at /opt/ros/humble/share/rosidl_adapter/cmake/rosidl_adapt_interfaces.cmake:59 (message):
[0.396s]   execute_process(/usr/bin/python3.10 -m rosidl_adapter --package-name
[0.397s]   my_robot_interfaces --arguments-file
[0.397s]   /home/sambhav/ros2_ws/build/my_robot_interfaces/rosidl_adapter__arguments__my_robot_interfaces.json
[0.397s]   --output-dir
[0.397s]   /home/sambhav/ros2_ws/build/my_robot_interfaces/rosidl_adapter/my_robot_interfaces
[0.397s]   --output-file
[0.397s]   /home/sambhav/ros2_ws/build/my_robot_interfaces/rosidl_adapter/my_robot_interfaces.idls)
[0.397s]   returned error code 1:
[0.397s] 
[0.397s]   Traceback (most recent call last):
[0.397s] 
[0.397s]     File "/usr/lib/python3.10/runpy.py", line 196, in _run_module_as_main
[0.397s]       return _run_code(code, main_globals, None,
[0.397s]     File "/usr/lib/python3.10/runpy.py", line 86, in _run_code
[0.397s]       exec(code, run_globals)
[0.397s]     File "/opt/ros/humble/local/lib/python3.10/dist-packages/rosidl_adapter/__main__.py", line 19, in <module>
[0.397s]       sys.exit(main())
[0.397s]     File "/opt/ros/humble/local/lib/python3.10/dist-packages/rosidl_adapter/main.py", line 53, in main
[0.397s]       abs_idl_file = convert_to_idl(
[0.397s]     File "/opt/ros/humble/local/lib/python3.10/dist-packages/rosidl_adapter/__init__.py", line 19, in convert_to_idl
[0.397s]       return convert_msg_to_idl(
[0.397s]     File "/opt/ros/humble/local/lib/python3.10/dist-packages/rosidl_adapter/msg/__init__.py", line 28, in convert_msg_to_idl
[0.397s]       msg = parse_message_string(package_name, input_file.stem, content)
[0.397s]     File "/opt/ros/humble/local/lib/python3.10/dist-packages/rosidl_adapter/parser.py", line 544, in parse_message_string
[0.397s]       msg = MessageSpecification(pkg_name, msg_name, fields, constants)
[0.397s]     File "/opt/ros/humble/local/lib/python3.10/dist-packages/rosidl_adapter/parser.py", line 388, in __init__
[0.397s]       self.base_type = BaseType(
[0.397s]     File "/opt/ros/humble/local/lib/python3.10/dist-packages/rosidl_adapter/parser.py", line 205, in __init__
[0.397s]       raise InvalidResourceName(
[0.398s] 
[0.398s]   rosidl_adapter.parser.InvalidResourceName: 'ledStateArray' is an invalid
[0.398s]   message name.  It should have the pattern '^[A-Z][A-Za-z0-9]*$'
[0.398s] 
[0.398s] Call Stack (most recent call first):
[0.398s]   /opt/ros/humble/share/rosidl_cmake/cmake/rosidl_generate_interfaces.cmake:130 (rosidl_adapt_interfaces)
[0.398s]   CMakeLists.txt:26 (rosidl_generate_interfaces)
[0.398s] 
[0.398s] [0m
[0.398s] -- Configuring incomplete, errors occurred!
[0.398s] See also "/home/sambhav/ros2_ws/build/my_robot_interfaces/CMakeFiles/CMakeOutput.log".
[0.401s] gmake: *** [Makefile:1179: cmake_check_build_system] Error 1
[0.402s] Invoked command in '/home/sambhav/ros2_ws/build/my_robot_interfaces' returned '2': CMAKE_PREFIX_PATH=${CMAKE_PREFIX_PATH}:/home/sambhav/ros2_ws/install/my_py_pkg:/opt/ros/humble /usr/bin/cmake --build /home/sambhav/ros2_ws/build/my_robot_interfaces -- -j8 -l8
